[ 2020-09-28T09:24:03+08:00 ] 127.0.0.1 127.0.0.1 POST /index.php/Admin/System/login_task.html
[ log ] tp.cn/index.php/Admin/System/login_task.html [运行时间：0.304017s][吞吐率：3.29req/s] [内存消耗：2,331.84kb] [文件加载：43]
[ info ] [ LANG ] E:\phpStudy\WWW\tp510\thinkphp\lang\zh-cn.php
[ info ] [ ROUTE ] array (
  'type' => 'module',
  'module' => 
  array (
    0 => 'Admin',
    1 => 'System',
    2 => 'login_task',
  ),
)
[ info ] [ HEADER ] array (
  'host' => 'tp.cn',
  'connection' => 'keep-alive',
  'content-length' => '23',
  'accept' => '*/*',
  'origin' => 'http://tp.cn',
  'x-requested-with' => 'XMLHttpRequest',
  'user-agent' => 'Mozilla/5.0 (Windows NT 6.1; Win64; x64) AppleWebKit/537.36 (KHTML, like Gecko) Chrome/75.0.3770.100 Safari/537.36',
  'content-type' => 'application/x-www-form-urlencoded; charset=UTF-8',
  'referer' => 'http://tp.cn/index.php/Admin/Index/index.html',
  'accept-encoding' => 'gzip, deflate',
  'accept-language' => 'zh-CN,zh;q=0.9',
  'cookie' => 'UM_distinctid=174475e42343ed-035a9ede8bfaa6-75296032-53f11-174475e423b600; CNZZDATA1275443667=538566398-1598925192-%7C1601028015; Hm_lvt_7fb90411d45975d31698b327c980e88b=1600767633,1600823776,1601015295,1601168544; CNZZDATA1275398921=72431111-1599537576-%7C1601179044; admin_type=1; workspaceParam=index%7CReport',
)
[ info ] [ PARAM ] array (
  'timestamp' => '1601256243000',
)
[ info ] [ LOG ] INIT File

---------------------------------------------------------------
[ 2020-09-28T09:24:03+08:00 ] 127.0.0.1 127.0.0.1 GET /Admin/Report/index
[ log ] tp.cn/Admin/Report/index [运行时间：0.070004s][吞吐率：14.28req/s] [内存消耗：2,126.12kb] [文件加载：43]
[ info ] [ LANG ] E:\phpStudy\WWW\tp510\thinkphp\lang\zh-cn.php
[ info ] [ ROUTE ] array (
  'type' => 'module',
  'module' => 
  array (
    0 => 'Admin',
    1 => 'Report',
    2 => 'index',
  ),
)
[ info ] [ HEADER ] array (
  'host' => 'tp.cn',
  'connection' => 'keep-alive',
  'upgrade-insecure-requests' => '1',
  'user-agent' => 'Mozilla/5.0 (Windows NT 6.1; Win64; x64) AppleWebKit/537.36 (KHTML, like Gecko) Chrome/75.0.3770.100 Safari/537.36',
  'accept' => 'text/html,application/xhtml+xml,application/xml;q=0.9,image/webp,image/apng,*/*;q=0.8,application/signed-exchange;v=b3',
  'referer' => 'http://tp.cn/index.php/Admin/Index/index.html',
  'accept-encoding' => 'gzip, deflate',
  'accept-language' => 'zh-CN,zh;q=0.9',
  'cookie' => 'UM_distinctid=174475e42343ed-035a9ede8bfaa6-75296032-53f11-174475e423b600; CNZZDATA1275443667=538566398-1598925192-%7C1601028015; Hm_lvt_7fb90411d45975d31698b327c980e88b=1600767633,1600823776,1601015295,1601168544; CNZZDATA1275398921=72431111-1599537576-%7C1601179044; admin_type=1; workspaceParam=index%7CReport; PHPSESSID=8tc44bbfi231etgvtbhplkcp11',
)
[ info ] [ PARAM ] array (
)
[ info ] [ LOG ] INIT File

---------------------------------------------------------------
[ 2020-09-28T09:24:06+08:00 ] 127.0.0.1 127.0.0.1 GET /
[ log ] tp.cn/ [运行时间：2.536145s][吞吐率：0.39req/s] [内存消耗：29,760.91kb] [文件加载：56]
[ info ] [ LANG ] E:\phpStudy\WWW\tp510\thinkphp\lang\zh-cn.php
[ info ] [ ROUTE ] array (
  'type' => 'module',
  'module' => 
  array (
    0 => '',
    1 => NULL,
    2 => NULL,
  ),
)
[ info ] [ HEADER ] array (
  'host' => 'tp.cn',
  'connection' => 'keep-alive',
  'upgrade-insecure-requests' => '1',
  'user-agent' => 'Mozilla/5.0 (Windows NT 6.1; Win64; x64) AppleWebKit/537.36 (KHTML, like Gecko) Chrome/75.0.3770.100 Safari/537.36',
  'accept' => 'text/html,application/xhtml+xml,application/xml;q=0.9,image/webp,image/apng,*/*;q=0.8,application/signed-exchange;v=b3',
  'referer' => 'http://tp.cn/index.php/Admin/Index/index.html',
  'accept-encoding' => 'gzip, deflate',
  'accept-language' => 'zh-CN,zh;q=0.9',
  'cookie' => 'UM_distinctid=174475e42343ed-035a9ede8bfaa6-75296032-53f11-174475e423b600; CNZZDATA1275443667=538566398-1598925192-%7C1601028015; Hm_lvt_7fb90411d45975d31698b327c980e88b=1600767633,1600823776,1601015295,1601168544; CNZZDATA1275398921=72431111-1599537576-%7C1601179044; admin_type=1; workspaceParam=index%7CReport; PHPSESSID=8tc44bbfi231etgvtbhplkcp11',
)
[ info ] [ PARAM ] array (
)
[ info ] [ DB ] INIT mysql
[ info ] [ CACHE ] INIT File
[ info ] [ RUN ] ylt\home\controller\Index->index[ E:\phpStudy\WWW\tp510\application\home\controller\Index.php ]
[ info ] [ VIEW ] ./application/home/view/index\index.html [ array (
  0 => 'action',
  1 => 'goods_category_tree',
  2 => 'scenario_category_tree',
  3 => 'controller',
  4 => 'search_url',
  5 => 'brand_list',
  6 => 'config',
  7 => 'arrry',
  8 => 'arr',
  9 => 'supplier',
  10 => 'images',
  11 => 'map_list',
  12 => 'purchase_count',
  13 => 'is_hot',
  14 => 'brands',
  15 => 'suppliers',
  16 => 'supplier_lists',
  17 => 'gifts',
  18 => 'supplier_id',
  19 => 'region_list',
) ]
[ info ] [ LOG ] INIT File

---------------------------------------------------------------
