[ 2020-09-28T09:24:06+08:00 ] [ sql ] [ DB ] CONNECT:[ UseTime:0.005000s ] mysql:dbname=ylt_tp;host=127.0.0.1;port=3306;charset=utf8
[ sql ] [ SQL ] SHOW COLUMNS FROM `ylt_config` [ RunTime:0.037003s ]
[ sql ] [ SQL ] SELECT * FROM `ylt_config` [ RunTime:0.005000s ]
[ sql ] [ SQL ] SHOW COLUMNS FROM `ylt_goods_category` [ RunTime:0.035002s ]
[ sql ] [ SQL ] SELECT * FROM `ylt_goods_category` WHERE  (  is_show = 1 and id!=921 and id!=1010 and id!=957 and id!=43 and id!=70 and id!=1011 ) ORDER BY sort_order [ RunTime:0.025002s ]
[ sql ] [ SQL ] SHOW COLUMNS FROM `ylt_scenario_category` [ RunTime:0.030002s ]
[ sql ] [ SQL ] SELECT * FROM `ylt_scenario_category` WHERE  (  is_show = 1 ) ORDER BY sort_order [ RunTime:0.023001s ]
[ sql ] [ SQL ] SHOW COLUMNS FROM `ylt_brand` [ RunTime:0.068004s ]
[ sql ] [ SQL ] SELECT `id`,`parent_cat_id`,`logo`,`is_hot` FROM `ylt_brand` WHERE  (  parent_cat_id>0 ) [ RunTime:0.008000s ]
[ sql ] [ SQL ] SHOW COLUMNS FROM `ylt_gifts_category` [ RunTime:0.042002s ]
[ sql ] [ SQL ] SELECT * FROM `ylt_gifts_category` ORDER BY sort_order DESC [ RunTime:0.002000s ]
[ sql ] [ SQL ] SHOW COLUMNS FROM `ylt_purchase` [ RunTime:0.033002s ]
[ sql ] [ SQL ] SELECT * FROM `ylt_purchase` WHERE  `status` = 1  AND `dead_time` > 1601256244 ORDER BY id desc LIMIT 0,20 [ RunTime:0.013001s ]
[ sql ] [ SQL ] SHOW COLUMNS FROM `ylt_supplier` [ RunTime:0.031002s ]
[ sql ] [ SQL ] SELECT `supplier_id` FROM `ylt_supplier` WHERE  (  is_designer=0 and status=1 ) ORDER BY add_time desc [ RunTime:0.031002s ]
[ sql ] [ SQL ] SHOW COLUMNS FROM `ylt_goods` [ RunTime:0.059003s ]
[ sql ] [ SQL ] SELECT `supplier_id` FROM `ylt_goods` WHERE  (  supplier_id in (849,1029,1028,1025,1022,1019,1016,1011,1014,1009,1007,994,990,981,983,977,686,976,962,973,969,831,964,960,963,957,947,946,945,939,933,930,927,929,925,906,924,921,1,905,913,909,898,881,873,866,862,861,858,857,682,843,841,829,833,828,773,826,821,817,804,802,797,791,775,762,770,765,769,751,745,721,725,749,744,738,737,736,723,720,715,714,710,709,707,708,702,699,701,692,693,689,687,685,656,652,648,649,644,643,641,638,637,633,619,630,629,628,584,622,615,618,614,575,612,606,605,609,607,608,602,600,599,598,596,592,591,549,581,578,577,567,576,573,571,569,568,566,565,559,564,562,560,556,551,548,554,552,550,539,546,536,531,543,544,541,542,540,538,535,534,530,528,525,515,523,519,522,516,517,295,459,500,507,511,510,475,492,509,493,508,488,504,494,498,497,491,495,462,480,445,485,484,482,477,476,473,451,446,474,471,470,460,464,458,455,456,454,453,452,449,450,448,436,444,442,440,431,437,435,429,432,427,424,423,418,96,417,410,416,409,400,401,384,397,388,387,381,376,366,328,378,372,364,363,362,359,354,353,350,351,348,349,347,346,107,342,338,339,336,327,324,307,303,302,300,299,297,296,291,289,287,283,285,286,284,265,281,271,273,280,279,275,272,267,269,268,263,261,260,259,255,224,257,256,254,156,251,244,248,247,226,246,245,237,243,230,240,241,234,235,233,232,222,228,212,225,227,223,188,221,217,215,186,206,213,199,211,187,209,208,207,205,203,201,200,198,197,194,195,193,190,192,191,177,185,179,183,181,180,175,174,170,168,169,167,166,165,162,157,158,159,160,152,155,153,151,150,143,149,52,147,146,144,136,141,132,139,140,137,135,134,131,130,129,127,121,126,124,122,115,120,119,117,98,92,114,103,110,93,108,105,104,101,89,99,90,97,88,95,87,73,78,77,76,75,74,72,71,70,69,68,66,65,64,63,62,61,60,59,58,57,56,55,54,53,51,49,48,47,46,45,44,43,42,41,39,40,38,36,33,31,29,27,24) and is_on_sale=1 and examine=1 and is_recommend=1 ) GROUP BY supplier_id ORDER BY supplier_id desc [ RunTime:0.425024s ]
[ sql ] [ SQL ] SELECT `supplier_id`,`supplier_name`,`logo` FROM `ylt_supplier` WHERE  (  supplier_id in (1022,929,913,905,881,873,858,857,773,770,762,749,745,723,720,715,709,708,707,699,686,656,652,649,638,637,630,629,619,618,615,614,612,608,607,606,605,600,596,592,591,578,577,573,571,569,568,567,562,560,559,556,552,551,548,546,542,540,539,536,534,525,523,517,516,510,508,507,500,498,497,494,493,491,488,484,482,480,477,476,475,474,464,462,460,456,453,452,450,449,444,440,437,435,429,423,418,416,410,409,401,400,397,387,381,372,366,364,363,359,351,350,348,346,342,338,336,324,307,302,300,299,297,295,286,285,281,275,273,271,265,263,261,259,257,255,254,246,245,243,240,235,234,233,230,227,223,222,213,212,209,207,206,205,200,199,197,195,194,191,186,185,183,180,177,167,165,162,159,158,157,149,147,146,143,140,139,136,135,134,130,127,122,120,119,115,114,110,107,105,104,103,95,93,90,89,88,87,74,69,65,48,47,46,45,43,41,27,24,1) )  AND (  is_designer=0 and status=1 and logo!='' ) ORDER BY add_time desc LIMIT 0,30 [ RunTime:0.005000s ]
[ sql ] [ SQL ] SELECT * FROM `ylt_supplier` WHERE  (  is_designer=0 and status=1 ) ORDER BY add_time desc LIMIT 0,30 [ RunTime:0.005000s ]
[ sql ] [ SQL ] SELECT `b`.`id`,`b`.`name`,`b`.`logo` FROM `ylt_brand` `b` INNER JOIN `ylt_goods` `g` ON `b`.`id`=`g`.`brand_id` WHERE  (  b.logo != '' and b.is_hot = 1 and g.examine = 1 and is_on_sale = 1  ) GROUP BY b.id ORDER BY rand() LIMIT 30 [ RunTime:0.031002s ]
[ sql ] [ SQL ] SELECT `goods_id`,`goods_name`,`goods_thumb`,`sales_sum`,`prom_type`,`shop_price` FROM `ylt_goods` WHERE  (  examine = 1 and is_recommend =1 and is_on_sale = 1 and is_designer = 0 ) ORDER BY sort LIMIT 0,8 [ RunTime:0.004000s ]
[ sql ] [ SQL ] SELECT * FROM `ylt_purchase` WHERE  (  status=1 )  AND `dead_time` > 1601256244 ORDER BY id desc LIMIT 0,8 [ RunTime:0.003000s ]
[ sql ] [ SQL ] SHOW COLUMNS FROM `ylt_purchase_list` [ RunTime:0.013000s ]
[ sql ] [ SQL ] SELECT COUNT(*) AS tp_count FROM `ylt_purchase_list` WHERE  (  purchase_id = 367 ) LIMIT 1 [ RunTime:0.002001s ]
[ sql ] [ SQL ] SELECT * FROM `ylt_purchase_list` WHERE  (  purchase_id = 367 ) [ RunTime:0.001000s ]
[ sql ] [ SQL ] SELECT COUNT(*) AS tp_count FROM `ylt_purchase_list` WHERE  (  purchase_id = 362 ) LIMIT 1 [ RunTime:0.002000s ]
[ sql ] [ SQL ] SELECT * FROM `ylt_purchase_list` WHERE  (  purchase_id = 362 ) [ RunTime:0.001000s ]
[ sql ] [ SQL ] SELECT COUNT(*) AS tp_count FROM `ylt_purchase_list` WHERE  (  purchase_id = 358 ) LIMIT 1 [ RunTime:0.001000s ]
[ sql ] [ SQL ] SELECT * FROM `ylt_purchase_list` WHERE  (  purchase_id = 358 ) [ RunTime:0.001000s ]
[ sql ] [ SQL ] SELECT COUNT(*) AS tp_count FROM `ylt_purchase` WHERE  (  status=1 ) LIMIT 1 [ RunTime:0.002000s ]
[ sql ] [ SQL ] SHOW COLUMNS FROM `ylt_region` [ RunTime:0.122007s ]
[ sql ] [ SQL ] SELECT * FROM `ylt_region` [ RunTime:0.197011s ]
[ sql ] [ SQL ] SHOW COLUMNS FROM `ylt_article` [ RunTime:0.033002s ]
[ sql ] [ SQL ] SELECT thumb as image,`title`,`article_id` FROM `ylt_article` WHERE  (  thumb != ' ' and is_open = 1 and is_ecommend = 1 ) ORDER BY publish_time desc LIMIT 2 [ RunTime:0.063003s ]
[ sql ] [ SQL ] SELECT publish_time as time,`title`,`article_id` FROM `ylt_article` WHERE  (  is_open = 1 ) ORDER BY publish_time desc LIMIT 2,8 [ RunTime:0.002000s ]
[ sql ] [ SQL ] SHOW COLUMNS FROM `ylt_supplier_user` [ RunTime:0.037002s ]
[ sql ] [ SQL ] SELECT * FROM `ylt_supplier_user` `u` LEFT JOIN `ylt_supplier` `s` ON `s`.`supplier_id`=`u`.`supplier_id` WHERE  `u`.`admin_id` IS NULL LIMIT 1 [ RunTime:0.002000s ]
[ sql ] [ SQL ] SHOW COLUMNS FROM `ylt_ad_position` [ RunTime:0.093005s ]
[ sql ] [ SQL ] SELECT `position_id`,`position_name`,`ad_width`,`ad_height` FROM `ylt_ad_position` [ RunTime:0.043002s ]
[ sql ] [ SQL ] SHOW COLUMNS FROM `ylt_ad` [ RunTime:0.025002s ]
[ sql ] [ SQL ] SELECT * FROM `ylt_ad` WHERE  (  pid =  43 and enabled = 1   ) ORDER BY orderby desc LIMIT 1 [ RunTime:0.018001s ]
[ sql ] [ SQL ] SELECT * FROM `ylt_ad` WHERE  (  pid =  43 and enabled = 1   ) ORDER BY orderby desc LIMIT 5 [ RunTime:0.002000s ]
[ sql ] [ SQL ] SELECT * FROM `ylt_ad` WHERE  (  ad_id = 179 and enabled = 1   ) ORDER BY orderby desc LIMIT 1 [ RunTime:0.003001s ]
[ sql ] [ SQL ] SELECT * FROM `ylt_ad` WHERE  (  ad_id = 178 and enabled = 1   ) ORDER BY orderby desc LIMIT 1 [ RunTime:0.004000s ]
[ sql ] [ SQL ] SELECT * FROM `ylt_ad` WHERE  (  ad_id = 180 and enabled = 1   ) ORDER BY orderby desc LIMIT 1 [ RunTime:0.002000s ]
[ sql ] [ SQL ] select * from `ylt_article_cat` where parent_id = 2 [ RunTime:0.051003s ]
[ sql ] [ SQL ] select * from `ylt_article` where cat_id = 1 and is_open=1 [ RunTime:0.003001s ]
[ sql ] [ SQL ] select * from `ylt_article` where cat_id = 7 and is_open=1 [ RunTime:0.002000s ]
[ sql ] [ SQL ] select * from `ylt_article` where cat_id = 87 and is_open=1 [ RunTime:0.002000s ]
[ sql ] [ SQL ] select * from `ylt_article` where cat_id = 89 and is_open=1 [ RunTime:0.003000s ]
[ sql ] [ SQL ] select * from `ylt_article` where cat_id = 90 and is_open=1 [ RunTime:0.004000s ]
[ sql ] [ SQL ] select * from `ylt_friend_link` where is_show = 1 order by orderby asc [ RunTime:0.094005s ]

---------------------------------------------------------------
