2017-12-29 08:48:23





array (
  0 => 
  array (
    'message' => 'MySQL Query Error',
  ),
  1 => 
  array (
    'sql' => 'SELECT GROUP_CONCAT(id) as ids from `ylt_tp`.`ylt_goods_category`  where parent_id in(  )  ',
  ),
  2 => 
  array (
    'error' => 'You have an error in your SQL syntax; check the manual that corresponds to your MySQL server version for the right syntax to use near \')\' at line 1',
  ),
  3 => 
  array (
    'errno' => 1064,
  ),
)

2017-12-29 08:48:27





array (
  0 => 
  array (
    'message' => 'MySQL Query Error',
  ),
  1 => 
  array (
    'sql' => 'SELECT GROUP_CONCAT(id) as ids from `ylt_tp`.`ylt_goods_category`  where parent_id in(  ) ',
  ),
  2 => 
  array (
    'error' => 'You have an error in your SQL syntax; check the manual that corresponds to your MySQL server version for the right syntax to use near \')\' at line 1',
  ),
  3 => 
  array (
    'errno' => 1064,
  ),
)

2017-12-29 08:48:29





array (
  0 => 
  array (
    'message' => 'MySQL Query Error',
  ),
  1 => 
  array (
    'sql' => 'SELECT GROUP_CONCAT(id) as ids from `ylt_tp`.`ylt_goods_category`  where parent_id in(  )  ',
  ),
  2 => 
  array (
    'error' => 'You have an error in your SQL syntax; check the manual that corresponds to your MySQL server version for the right syntax to use near \')\' at line 1',
  ),
  3 => 
  array (
    'errno' => 1064,
  ),
)

2017-12-29 08:48:33





array (
  0 => 
  array (
    'message' => 'MySQL Query Error',
  ),
  1 => 
  array (
    'sql' => 'SELECT GROUP_CONCAT(id) as ids from `ylt_tp`.`ylt_goods_category`  where parent_id in(  )  ',
  ),
  2 => 
  array (
    'error' => 'You have an error in your SQL syntax; check the manual that corresponds to your MySQL server version for the right syntax to use near \')\' at line 1',
  ),
  3 => 
  array (
    'errno' => 1064,
  ),
)

2017-12-29 08:48:39





array (
  0 => 
  array (
    'message' => 'MySQL Query Error',
  ),
  1 => 
  array (
    'sql' => 'SELECT GROUP_CONCAT(id) as ids from `ylt_tp`.`ylt_goods_category`  where parent_id in(  )  ',
  ),
  2 => 
  array (
    'error' => 'You have an error in your SQL syntax; check the manual that corresponds to your MySQL server version for the right syntax to use near \')\' at line 1',
  ),
  3 => 
  array (
    'errno' => 1064,
  ),
)

2017-12-29 08:49:15





array (
  0 => 
  array (
    'message' => 'MySQL Query Error',
  ),
  1 => 
  array (
    'sql' => 'SELECT GROUP_CONCAT(id) as ids from `ylt_tp`.`ylt_goods_category`  where parent_id in(  ) ',
  ),
  2 => 
  array (
    'error' => 'You have an error in your SQL syntax; check the manual that corresponds to your MySQL server version for the right syntax to use near \')\' at line 1',
  ),
  3 => 
  array (
    'errno' => 1064,
  ),
)

2017-12-29 09:59:10





array (
  0 => 
  array (
    'message' => 'MySQL Query Error',
  ),
  1 => 
  array (
    'sql' => 'SELECT GROUP_CONCAT(id) as ids from `ylt_tp`.`ylt_goods_category`  where parent_id in(  )  ',
  ),
  2 => 
  array (
    'error' => 'You have an error in your SQL syntax; check the manual that corresponds to your MySQL server version for the right syntax to use near \')\' at line 1',
  ),
  3 => 
  array (
    'errno' => 1064,
  ),
)

2017-12-29 14:59:49





array (
  0 => 
  array (
    'message' => 'MySQL Query Error',
  ),
  1 => 
  array (
    'sql' => 'SELECT GROUP_CONCAT(id) as ids from `ylt_tp`.`ylt_goods_category`  where parent_id in(  ) ',
  ),
  2 => 
  array (
    'error' => 'You have an error in your SQL syntax; check the manual that corresponds to your MySQL server version for the right syntax to use near \')\' at line 1',
  ),
  3 => 
  array (
    'errno' => 1064,
  ),
)

2017-12-29 15:00:05





array (
  0 => 
  array (
    'message' => 'MySQL Query Error',
  ),
  1 => 
  array (
    'sql' => 'SELECT GROUP_CONCAT(id) as ids from `ylt_tp`.`ylt_goods_category`  where parent_id in(  ) ',
  ),
  2 => 
  array (
    'error' => 'You have an error in your SQL syntax; check the manual that corresponds to your MySQL server version for the right syntax to use near \')\' at line 1',
  ),
  3 => 
  array (
    'errno' => 1064,
  ),
)

2017-12-29 15:02:25





array (
  0 => 
  array (
    'message' => 'MySQL Query Error',
  ),
  1 => 
  array (
    'sql' => 'SELECT GROUP_CONCAT(id) as ids from `ylt_tp`.`ylt_goods_category`  where parent_id in(  ) ',
  ),
  2 => 
  array (
    'error' => 'You have an error in your SQL syntax; check the manual that corresponds to your MySQL server version for the right syntax to use near \')\' at line 1',
  ),
  3 => 
  array (
    'errno' => 1064,
  ),
)

2017-12-29 15:02:54





array (
  0 => 
  array (
    'message' => 'MySQL Query Error',
  ),
  1 => 
  array (
    'sql' => 'select B.goods_id,B.supplier_id,A.id,A.cid,A.type,A.uid,A.order_id,A.use_time,A.send_time,B.money,B.condition,B.use_start_time,B.use_end_time,B.name as coupon_name from `ylt_tp`.`ylt_coupon_list` as A LEFT JOIN `ylt_tp`.`ylt_coupon` as B ON A.cid=B.id where  A.use_time =0 AND B.use_end_time>\'1514530974\'  AND B.use_start_time < 1514530974 AND A.uid=162621 order BY B.use_end_time  ',
  ),
  2 => 
  array (
    'error' => 'Unknown column \'B.goods_id\' in \'field list\'',
  ),
  3 => 
  array (
    'errno' => 1054,
  ),
)

2017-12-29 15:02:56





array (
  0 => 
  array (
    'message' => 'MySQL Query Error',
  ),
  1 => 
  array (
    'sql' => 'select B.goods_id,B.supplier_id,A.id,A.cid,A.type,A.uid,A.order_id,A.use_time,A.send_time,B.money,B.condition,B.use_start_time,B.use_end_time,B.name as coupon_name from `ylt_tp`.`ylt_coupon_list` as A LEFT JOIN `ylt_tp`.`ylt_coupon` as B ON A.cid=B.id where  A.use_time =0 AND B.use_end_time>\'1514530976\'  AND B.use_start_time < 1514530976 AND A.uid=162621 order BY B.use_end_time  ',
  ),
  2 => 
  array (
    'error' => 'Unknown column \'B.goods_id\' in \'field list\'',
  ),
  3 => 
  array (
    'errno' => 1054,
  ),
)

2017-12-29 15:02:56





array (
  0 => 
  array (
    'message' => 'MySQL Query Error',
  ),
  1 => 
  array (
    'sql' => 'select B.goods_id,B.supplier_id,A.id,A.cid,A.type,A.uid,A.order_id,A.use_time,A.send_time,B.money,B.condition,B.use_start_time,B.use_end_time,B.name as coupon_name from `ylt_tp`.`ylt_coupon_list` as A LEFT JOIN `ylt_tp`.`ylt_coupon` as B ON A.cid=B.id where  A.use_time =0 AND B.use_end_time>\'1514530976\'  AND B.use_start_time < 1514530976 AND A.uid=162621 order BY B.use_end_time  ',
  ),
  2 => 
  array (
    'error' => 'Unknown column \'B.goods_id\' in \'field list\'',
  ),
  3 => 
  array (
    'errno' => 1054,
  ),
)

2017-12-29 15:03:13





array (
  0 => 
  array (
    'message' => 'MySQL Query Error',
  ),
  1 => 
  array (
    'sql' => 'select B.goods_id,B.supplier_id,A.id,A.cid,A.type,A.uid,A.order_id,A.use_time,A.send_time,B.money,B.condition,B.use_start_time,B.use_end_time,B.name as coupon_name from `ylt_tp`.`ylt_coupon_list` as A LEFT JOIN `ylt_tp`.`ylt_coupon` as B ON A.cid=B.id where  A.use_time =0 AND B.use_end_time>\'1514530993\'  AND B.use_start_time < 1514530993 AND A.uid=162621 order BY B.use_end_time  ',
  ),
  2 => 
  array (
    'error' => 'Unknown column \'B.goods_id\' in \'field list\'',
  ),
  3 => 
  array (
    'errno' => 1054,
  ),
)

2017-12-29 15:03:13





array (
  0 => 
  array (
    'message' => 'MySQL Query Error',
  ),
  1 => 
  array (
    'sql' => 'select B.goods_id,B.supplier_id,A.id,A.cid,A.type,A.uid,A.order_id,A.use_time,A.send_time,B.money,B.condition,B.use_start_time,B.use_end_time,B.name as coupon_name from `ylt_tp`.`ylt_coupon_list` as A LEFT JOIN `ylt_tp`.`ylt_coupon` as B ON A.cid=B.id where  A.use_time =0 AND B.use_end_time>\'1514530993\'  AND B.use_start_time < 1514530993 AND A.uid=162621 order BY B.use_end_time  ',
  ),
  2 => 
  array (
    'error' => 'Unknown column \'B.goods_id\' in \'field list\'',
  ),
  3 => 
  array (
    'errno' => 1054,
  ),
)

2017-12-29 15:03:57





array (
  0 => 
  array (
    'message' => 'MySQL Query Error',
  ),
  1 => 
  array (
    'sql' => 'SELECT GROUP_CONCAT(id) as ids from `ylt_tp`.`ylt_goods_category`  where parent_id in(  ) ',
  ),
  2 => 
  array (
    'error' => 'You have an error in your SQL syntax; check the manual that corresponds to your MySQL server version for the right syntax to use near \')\' at line 1',
  ),
  3 => 
  array (
    'errno' => 1064,
  ),
)

2017-12-29 15:03:59





array (
  0 => 
  array (
    'message' => 'MySQL Query Error',
  ),
  1 => 
  array (
    'sql' => 'select * from `ylt_tp`.`ylt_coupon` where send_start_time<1514531039 AND send_end_time>1514531039 AND createnum>0 AND type=2 order by money desc',
  ),
  2 => 
  array (
    'error' => 'Table \'ylt_tp.ylt_coupon\' doesn\'t exist',
  ),
  3 => 
  array (
    'errno' => 1146,
  ),
)

2017-12-29 15:04:01





array (
  0 => 
  array (
    'message' => 'MySQL Query Error',
  ),
  1 => 
  array (
    'sql' => 'select * from `ylt_tp`.`ylt_coupon` where send_start_time<1514531041 AND send_end_time>1514531041 AND createnum>0 AND type=2 order by money desc',
  ),
  2 => 
  array (
    'error' => 'Table \'ylt_tp.ylt_coupon\' doesn\'t exist',
  ),
  3 => 
  array (
    'errno' => 1146,
  ),
)

2017-12-29 15:04:03





array (
  0 => 
  array (
    'message' => 'MySQL Query Error',
  ),
  1 => 
  array (
    'sql' => 'select * from `ylt_tp`.`ylt_coupon` where send_start_time<1514531043 AND send_end_time>1514531043 AND createnum>0 AND type=2 order by money desc',
  ),
  2 => 
  array (
    'error' => 'Table \'ylt_tp.ylt_coupon\' doesn\'t exist',
  ),
  3 => 
  array (
    'errno' => 1146,
  ),
)

2017-12-29 15:04:06





array (
  0 => 
  array (
    'message' => 'MySQL Query Error',
  ),
  1 => 
  array (
    'sql' => 'select * from `ylt_tp`.`ylt_coupon` where send_start_time<1514531046 AND send_end_time>1514531046 AND createnum>0 AND type=2 order by money desc',
  ),
  2 => 
  array (
    'error' => 'Table \'ylt_tp.ylt_coupon\' doesn\'t exist',
  ),
  3 => 
  array (
    'errno' => 1146,
  ),
)

2017-12-29 15:04:15





array (
  0 => 
  array (
    'message' => 'MySQL Query Error',
  ),
  1 => 
  array (
    'sql' => 'select * from `ylt_tp`.`ylt_coupon` where send_start_time<1514531055 AND send_end_time>1514531055 AND createnum>0 AND type=2 order by money desc',
  ),
  2 => 
  array (
    'error' => 'Table \'ylt_tp.ylt_coupon\' doesn\'t exist',
  ),
  3 => 
  array (
    'errno' => 1146,
  ),
)

2017-12-29 15:04:19





array (
  0 => 
  array (
    'message' => 'MySQL Query Error',
  ),
  1 => 
  array (
    'sql' => 'SELECT GROUP_CONCAT(id) as ids from `ylt_tp`.`ylt_goods_category`  where parent_id in(  ) ',
  ),
  2 => 
  array (
    'error' => 'You have an error in your SQL syntax; check the manual that corresponds to your MySQL server version for the right syntax to use near \')\' at line 1',
  ),
  3 => 
  array (
    'errno' => 1064,
  ),
)

2017-12-29 15:04:23





array (
  0 => 
  array (
    'message' => 'MySQL Query Error',
  ),
  1 => 
  array (
    'sql' => 'SELECT GROUP_CONCAT(id) as ids from `ylt_tp`.`ylt_goods_category`  where parent_id in(  ) ',
  ),
  2 => 
  array (
    'error' => 'You have an error in your SQL syntax; check the manual that corresponds to your MySQL server version for the right syntax to use near \')\' at line 1',
  ),
  3 => 
  array (
    'errno' => 1064,
  ),
)

2017-12-29 15:04:46





array (
  0 => 
  array (
    'message' => 'MySQL Query Error',
  ),
  1 => 
  array (
    'sql' => 'SELECT GROUP_CONCAT(id) as ids from `ylt_tp`.`ylt_goods_category`  where parent_id in(  ) ',
  ),
  2 => 
  array (
    'error' => 'You have an error in your SQL syntax; check the manual that corresponds to your MySQL server version for the right syntax to use near \')\' at line 1',
  ),
  3 => 
  array (
    'errno' => 1064,
  ),
)

2017-12-29 15:04:52





array (
  0 => 
  array (
    'message' => 'MySQL Query Error',
  ),
  1 => 
  array (
    'sql' => 'SELECT GROUP_CONCAT(id) as ids from `ylt_tp`.`ylt_goods_category`  where parent_id in(  ) ',
  ),
  2 => 
  array (
    'error' => 'You have an error in your SQL syntax; check the manual that corresponds to your MySQL server version for the right syntax to use near \')\' at line 1',
  ),
  3 => 
  array (
    'errno' => 1064,
  ),
)

2017-12-29 15:04:53





array (
  0 => 
  array (
    'message' => 'MySQL Query Error',
  ),
  1 => 
  array (
    'sql' => 'SELECT GROUP_CONCAT(id) as ids from `ylt_tp`.`ylt_goods_category`  where parent_id in(  ) ',
  ),
  2 => 
  array (
    'error' => 'You have an error in your SQL syntax; check the manual that corresponds to your MySQL server version for the right syntax to use near \')\' at line 1',
  ),
  3 => 
  array (
    'errno' => 1064,
  ),
)

2017-12-29 15:05:18





array (
  0 => 
  array (
    'message' => 'MySQL Query Error',
  ),
  1 => 
  array (
    'sql' => 'SELECT GROUP_CONCAT(id) as ids from `ylt_tp`.`ylt_goods_category`  where parent_id in(  ) ',
  ),
  2 => 
  array (
    'error' => 'You have an error in your SQL syntax; check the manual that corresponds to your MySQL server version for the right syntax to use near \')\' at line 1',
  ),
  3 => 
  array (
    'errno' => 1064,
  ),
)

2017-12-29 15:05:32





array (
  0 => 
  array (
    'message' => 'MySQL Query Error',
  ),
  1 => 
  array (
    'sql' => 'SELECT GROUP_CONCAT(id) as ids from `ylt_tp`.`ylt_goods_category`  where parent_id in(  ) ',
  ),
  2 => 
  array (
    'error' => 'You have an error in your SQL syntax; check the manual that corresponds to your MySQL server version for the right syntax to use near \')\' at line 1',
  ),
  3 => 
  array (
    'errno' => 1064,
  ),
)

2017-12-29 15:05:59





array (
  0 => 
  array (
    'message' => 'MySQL Query Error',
  ),
  1 => 
  array (
    'sql' => 'SELECT GROUP_CONCAT(id) as ids from `ylt_tp`.`ylt_goods_category`  where parent_id in(  ) ',
  ),
  2 => 
  array (
    'error' => 'You have an error in your SQL syntax; check the manual that corresponds to your MySQL server version for the right syntax to use near \')\' at line 1',
  ),
  3 => 
  array (
    'errno' => 1064,
  ),
)

2017-12-29 15:06:03





array (
  0 => 
  array (
    'message' => 'MySQL Query Error',
  ),
  1 => 
  array (
    'sql' => 'SELECT GROUP_CONCAT(id) as ids from `ylt_tp`.`ylt_goods_category`  where parent_id in(  ) ',
  ),
  2 => 
  array (
    'error' => 'You have an error in your SQL syntax; check the manual that corresponds to your MySQL server version for the right syntax to use near \')\' at line 1',
  ),
  3 => 
  array (
    'errno' => 1064,
  ),
)

2017-12-29 15:06:10





array (
  0 => 
  array (
    'message' => 'MySQL Query Error',
  ),
  1 => 
  array (
    'sql' => 'SELECT GROUP_CONCAT(id) as ids from `ylt_tp`.`ylt_goods_category`  where parent_id in(  ) ',
  ),
  2 => 
  array (
    'error' => 'You have an error in your SQL syntax; check the manual that corresponds to your MySQL server version for the right syntax to use near \')\' at line 1',
  ),
  3 => 
  array (
    'errno' => 1064,
  ),
)

2017-12-29 15:07:13





array (
  0 => 
  array (
    'message' => 'MySQL Query Error',
  ),
  1 => 
  array (
    'sql' => 'SELECT GROUP_CONCAT(id) as ids from `ylt_tp`.`ylt_goods_category`  where parent_id in(  ) ',
  ),
  2 => 
  array (
    'error' => 'You have an error in your SQL syntax; check the manual that corresponds to your MySQL server version for the right syntax to use near \')\' at line 1',
  ),
  3 => 
  array (
    'errno' => 1064,
  ),
)

2017-12-29 15:07:25





array (
  0 => 
  array (
    'message' => 'MySQL Query Error',
  ),
  1 => 
  array (
    'sql' => 'SELECT GROUP_CONCAT(id) as ids from `ylt_tp`.`ylt_goods_category`  where parent_id in(  ) ',
  ),
  2 => 
  array (
    'error' => 'You have an error in your SQL syntax; check the manual that corresponds to your MySQL server version for the right syntax to use near \')\' at line 1',
  ),
  3 => 
  array (
    'errno' => 1064,
  ),
)

2017-12-29 15:08:14





array (
  0 => 
  array (
    'message' => 'MySQL Query Error',
  ),
  1 => 
  array (
    'sql' => 'SELECT GROUP_CONCAT(id) as ids from `ylt_tp`.`ylt_goods_category`  where parent_id in(  ) ',
  ),
  2 => 
  array (
    'error' => 'You have an error in your SQL syntax; check the manual that corresponds to your MySQL server version for the right syntax to use near \')\' at line 1',
  ),
  3 => 
  array (
    'errno' => 1064,
  ),
)

2017-12-29 15:08:39





array (
  0 => 
  array (
    'message' => 'MySQL Query Error',
  ),
  1 => 
  array (
    'sql' => 'SELECT GROUP_CONCAT(id) as ids from `ylt_tp`.`ylt_goods_category`  where parent_id in(  ) ',
  ),
  2 => 
  array (
    'error' => 'You have an error in your SQL syntax; check the manual that corresponds to your MySQL server version for the right syntax to use near \')\' at line 1',
  ),
  3 => 
  array (
    'errno' => 1064,
  ),
)

2017-12-29 15:11:37





array (
  0 => 
  array (
    'message' => 'MySQL Query Error',
  ),
  1 => 
  array (
    'sql' => 'SELECT GROUP_CONCAT(id) as ids from `ylt_tp`.`ylt_goods_category`  where parent_id in(  ) ',
  ),
  2 => 
  array (
    'error' => 'You have an error in your SQL syntax; check the manual that corresponds to your MySQL server version for the right syntax to use near \')\' at line 1',
  ),
  3 => 
  array (
    'errno' => 1064,
  ),
)

2017-12-29 15:12:36





array (
  0 => 
  array (
    'message' => 'MySQL Query Error',
  ),
  1 => 
  array (
    'sql' => 'SELECT GROUP_CONCAT(id) as ids from `ylt_tp`.`ylt_goods_category`  where parent_id in(  ) ',
  ),
  2 => 
  array (
    'error' => 'You have an error in your SQL syntax; check the manual that corresponds to your MySQL server version for the right syntax to use near \')\' at line 1',
  ),
  3 => 
  array (
    'errno' => 1064,
  ),
)

2017-12-29 15:13:02





array (
  0 => 
  array (
    'message' => 'MySQL Query Error',
  ),
  1 => 
  array (
    'sql' => 'SELECT GROUP_CONCAT(id) as ids from `ylt_tp`.`ylt_goods_category`  where parent_id in(  ) ',
  ),
  2 => 
  array (
    'error' => 'You have an error in your SQL syntax; check the manual that corresponds to your MySQL server version for the right syntax to use near \')\' at line 1',
  ),
  3 => 
  array (
    'errno' => 1064,
  ),
)

2017-12-29 19:20:38





array (
  0 => 
  array (
    'message' => 'MySQL Query Error',
  ),
  1 => 
  array (
    'sql' => 'SELECT GROUP_CONCAT(id) as ids from `ylt_tp`.`ylt_goods_category`  where parent_id in(  )  ',
  ),
  2 => 
  array (
    'error' => 'You have an error in your SQL syntax; check the manual that corresponds to your MySQL server version for the right syntax to use near \')\' at line 1',
  ),
  3 => 
  array (
    'errno' => 1064,
  ),
)

2017-12-29 19:20:42





array (
  0 => 
  array (
    'message' => 'MySQL Query Error',
  ),
  1 => 
  array (
    'sql' => 'SELECT GROUP_CONCAT(id) as ids from `ylt_tp`.`ylt_goods_category`  where parent_id in(  )  ',
  ),
  2 => 
  array (
    'error' => 'You have an error in your SQL syntax; check the manual that corresponds to your MySQL server version for the right syntax to use near \')\' at line 1',
  ),
  3 => 
  array (
    'errno' => 1064,
  ),
)

2017-12-29 19:20:46





array (
  0 => 
  array (
    'message' => 'MySQL Query Error',
  ),
  1 => 
  array (
    'sql' => 'SELECT GROUP_CONCAT(id) as ids from `ylt_tp`.`ylt_goods_category`  where parent_id in(  )  ',
  ),
  2 => 
  array (
    'error' => 'You have an error in your SQL syntax; check the manual that corresponds to your MySQL server version for the right syntax to use near \')\' at line 1',
  ),
  3 => 
  array (
    'errno' => 1064,
  ),
)

2017-12-29 19:20:49





array (
  0 => 
  array (
    'message' => 'MySQL Query Error',
  ),
  1 => 
  array (
    'sql' => 'SELECT GROUP_CONCAT(id) as ids from `ylt_tp`.`ylt_goods_category`  where parent_id in(  )  ',
  ),
  2 => 
  array (
    'error' => 'You have an error in your SQL syntax; check the manual that corresponds to your MySQL server version for the right syntax to use near \')\' at line 1',
  ),
  3 => 
  array (
    'errno' => 1064,
  ),
)

2017-12-29 19:20:51





array (
  0 => 
  array (
    'message' => 'MySQL Query Error',
  ),
  1 => 
  array (
    'sql' => 'SELECT GROUP_CONCAT(id) as ids from `ylt_tp`.`ylt_goods_category`  where parent_id in(  )  ',
  ),
  2 => 
  array (
    'error' => 'You have an error in your SQL syntax; check the manual that corresponds to your MySQL server version for the right syntax to use near \')\' at line 1',
  ),
  3 => 
  array (
    'errno' => 1064,
  ),
)

2017-12-29 19:20:55





array (
  0 => 
  array (
    'message' => 'MySQL Query Error',
  ),
  1 => 
  array (
    'sql' => 'SELECT GROUP_CONCAT(id) as ids from `ylt_tp`.`ylt_goods_category`  where parent_id in(  )  ',
  ),
  2 => 
  array (
    'error' => 'You have an error in your SQL syntax; check the manual that corresponds to your MySQL server version for the right syntax to use near \')\' at line 1',
  ),
  3 => 
  array (
    'errno' => 1064,
  ),
)

2017-12-29 19:21:01





array (
  0 => 
  array (
    'message' => 'MySQL Query Error',
  ),
  1 => 
  array (
    'sql' => 'SELECT GROUP_CONCAT(id) as ids from `ylt_tp`.`ylt_goods_category`  where parent_id in(  )  ',
  ),
  2 => 
  array (
    'error' => 'You have an error in your SQL syntax; check the manual that corresponds to your MySQL server version for the right syntax to use near \')\' at line 1',
  ),
  3 => 
  array (
    'errno' => 1064,
  ),
)

2017-12-29 19:21:06





array (
  0 => 
  array (
    'message' => 'MySQL Query Error',
  ),
  1 => 
  array (
    'sql' => 'SELECT GROUP_CONCAT(id) as ids from `ylt_tp`.`ylt_goods_category`  where parent_id in(  )  ',
  ),
  2 => 
  array (
    'error' => 'You have an error in your SQL syntax; check the manual that corresponds to your MySQL server version for the right syntax to use near \')\' at line 1',
  ),
  3 => 
  array (
    'errno' => 1064,
  ),
)

2017-12-29 19:29:18





array (
  0 => 
  array (
    'message' => 'MySQL Query Error',
  ),
  1 => 
  array (
    'sql' => 'SELECT GROUP_CONCAT(id) as ids from `ylt_tp`.`ylt_goods_category`  where parent_id in(  )  ',
  ),
  2 => 
  array (
    'error' => 'You have an error in your SQL syntax; check the manual that corresponds to your MySQL server version for the right syntax to use near \')\' at line 1',
  ),
  3 => 
  array (
    'errno' => 1064,
  ),
)

2017-12-29 19:29:20





array (
  0 => 
  array (
    'message' => 'MySQL Query Error',
  ),
  1 => 
  array (
    'sql' => 'SELECT GROUP_CONCAT(id) as ids from `ylt_tp`.`ylt_goods_category`  where parent_id in(  )  ',
  ),
  2 => 
  array (
    'error' => 'You have an error in your SQL syntax; check the manual that corresponds to your MySQL server version for the right syntax to use near \')\' at line 1',
  ),
  3 => 
  array (
    'errno' => 1064,
  ),
)

2017-12-29 19:29:23





array (
  0 => 
  array (
    'message' => 'MySQL Query Error',
  ),
  1 => 
  array (
    'sql' => 'SELECT GROUP_CONCAT(id) as ids from `ylt_tp`.`ylt_goods_category`  where parent_id in(  )  ',
  ),
  2 => 
  array (
    'error' => 'You have an error in your SQL syntax; check the manual that corresponds to your MySQL server version for the right syntax to use near \')\' at line 1',
  ),
  3 => 
  array (
    'errno' => 1064,
  ),
)

2017-12-29 19:29:27





array (
  0 => 
  array (
    'message' => 'MySQL Query Error',
  ),
  1 => 
  array (
    'sql' => 'SELECT GROUP_CONCAT(id) as ids from `ylt_tp`.`ylt_goods_category`  where parent_id in(  )  ',
  ),
  2 => 
  array (
    'error' => 'You have an error in your SQL syntax; check the manual that corresponds to your MySQL server version for the right syntax to use near \')\' at line 1',
  ),
  3 => 
  array (
    'errno' => 1064,
  ),
)

2017-12-29 19:32:56





array (
  0 => 
  array (
    'message' => 'MySQL Query Error',
  ),
  1 => 
  array (
    'sql' => 'SELECT GROUP_CONCAT(id) as ids from `ylt_tp`.`ylt_goods_category`  where parent_id in(  )  ',
  ),
  2 => 
  array (
    'error' => 'You have an error in your SQL syntax; check the manual that corresponds to your MySQL server version for the right syntax to use near \')\' at line 1',
  ),
  3 => 
  array (
    'errno' => 1064,
  ),
)

2017-12-29 19:36:12





array (
  0 => 
  array (
    'message' => 'MySQL Query Error',
  ),
  1 => 
  array (
    'sql' => 'SELECT GROUP_CONCAT(id) as ids from `ylt_tp`.`ylt_goods_category`  where parent_id in(  )  ',
  ),
  2 => 
  array (
    'error' => 'You have an error in your SQL syntax; check the manual that corresponds to your MySQL server version for the right syntax to use near \')\' at line 1',
  ),
  3 => 
  array (
    'errno' => 1064,
  ),
)

2017-12-29 19:37:18





array (
  0 => 
  array (
    'message' => 'MySQL Query Error',
  ),
  1 => 
  array (
    'sql' => 'SELECT GROUP_CONCAT(id) as ids from `ylt_tp`.`ylt_goods_category`  where parent_id in(  )  ',
  ),
  2 => 
  array (
    'error' => 'You have an error in your SQL syntax; check the manual that corresponds to your MySQL server version for the right syntax to use near \')\' at line 1',
  ),
  3 => 
  array (
    'errno' => 1064,
  ),
)

2017-12-29 19:37:21





array (
  0 => 
  array (
    'message' => 'MySQL Query Error',
  ),
  1 => 
  array (
    'sql' => 'SELECT GROUP_CONCAT(id) as ids from `ylt_tp`.`ylt_goods_category`  where parent_id in(  )  ',
  ),
  2 => 
  array (
    'error' => 'You have an error in your SQL syntax; check the manual that corresponds to your MySQL server version for the right syntax to use near \')\' at line 1',
  ),
  3 => 
  array (
    'errno' => 1064,
  ),
)

2017-12-29 19:37:24





array (
  0 => 
  array (
    'message' => 'MySQL Query Error',
  ),
  1 => 
  array (
    'sql' => 'SELECT GROUP_CONCAT(id) as ids from `ylt_tp`.`ylt_goods_category`  where parent_id in(  )  ',
  ),
  2 => 
  array (
    'error' => 'You have an error in your SQL syntax; check the manual that corresponds to your MySQL server version for the right syntax to use near \')\' at line 1',
  ),
  3 => 
  array (
    'errno' => 1064,
  ),
)

2017-12-29 19:37:28





array (
  0 => 
  array (
    'message' => 'MySQL Query Error',
  ),
  1 => 
  array (
    'sql' => 'SELECT GROUP_CONCAT(id) as ids from `ylt_tp`.`ylt_goods_category`  where parent_id in(  )  ',
  ),
  2 => 
  array (
    'error' => 'You have an error in your SQL syntax; check the manual that corresponds to your MySQL server version for the right syntax to use near \')\' at line 1',
  ),
  3 => 
  array (
    'errno' => 1064,
  ),
)

2017-12-29 19:37:31





array (
  0 => 
  array (
    'message' => 'MySQL Query Error',
  ),
  1 => 
  array (
    'sql' => 'SELECT GROUP_CONCAT(id) as ids from `ylt_tp`.`ylt_goods_category`  where parent_id in(  )  ',
  ),
  2 => 
  array (
    'error' => 'You have an error in your SQL syntax; check the manual that corresponds to your MySQL server version for the right syntax to use near \')\' at line 1',
  ),
  3 => 
  array (
    'errno' => 1064,
  ),
)

2017-12-29 19:37:33





array (
  0 => 
  array (
    'message' => 'MySQL Query Error',
  ),
  1 => 
  array (
    'sql' => 'SELECT GROUP_CONCAT(id) as ids from `ylt_tp`.`ylt_goods_category`  where parent_id in(  )  ',
  ),
  2 => 
  array (
    'error' => 'You have an error in your SQL syntax; check the manual that corresponds to your MySQL server version for the right syntax to use near \')\' at line 1',
  ),
  3 => 
  array (
    'errno' => 1064,
  ),
)

2017-12-29 19:37:35





array (
  0 => 
  array (
    'message' => 'MySQL Query Error',
  ),
  1 => 
  array (
    'sql' => 'SELECT GROUP_CONCAT(id) as ids from `ylt_tp`.`ylt_goods_category`  where parent_id in(  )  ',
  ),
  2 => 
  array (
    'error' => 'You have an error in your SQL syntax; check the manual that corresponds to your MySQL server version for the right syntax to use near \')\' at line 1',
  ),
  3 => 
  array (
    'errno' => 1064,
  ),
)

2017-12-29 19:37:38





array (
  0 => 
  array (
    'message' => 'MySQL Query Error',
  ),
  1 => 
  array (
    'sql' => 'SELECT GROUP_CONCAT(id) as ids from `ylt_tp`.`ylt_goods_category`  where parent_id in(  )  ',
  ),
  2 => 
  array (
    'error' => 'You have an error in your SQL syntax; check the manual that corresponds to your MySQL server version for the right syntax to use near \')\' at line 1',
  ),
  3 => 
  array (
    'errno' => 1064,
  ),
)

2017-12-29 19:37:41





array (
  0 => 
  array (
    'message' => 'MySQL Query Error',
  ),
  1 => 
  array (
    'sql' => 'SELECT GROUP_CONCAT(id) as ids from `ylt_tp`.`ylt_goods_category`  where parent_id in(  )  ',
  ),
  2 => 
  array (
    'error' => 'You have an error in your SQL syntax; check the manual that corresponds to your MySQL server version for the right syntax to use near \')\' at line 1',
  ),
  3 => 
  array (
    'errno' => 1064,
  ),
)

2017-12-29 19:37:44





array (
  0 => 
  array (
    'message' => 'MySQL Query Error',
  ),
  1 => 
  array (
    'sql' => 'SELECT GROUP_CONCAT(id) as ids from `ylt_tp`.`ylt_goods_category`  where parent_id in(  )  ',
  ),
  2 => 
  array (
    'error' => 'You have an error in your SQL syntax; check the manual that corresponds to your MySQL server version for the right syntax to use near \')\' at line 1',
  ),
  3 => 
  array (
    'errno' => 1064,
  ),
)

2017-12-29 19:37:49





array (
  0 => 
  array (
    'message' => 'MySQL Query Error',
  ),
  1 => 
  array (
    'sql' => 'SELECT GROUP_CONCAT(id) as ids from `ylt_tp`.`ylt_goods_category`  where parent_id in(  )  ',
  ),
  2 => 
  array (
    'error' => 'You have an error in your SQL syntax; check the manual that corresponds to your MySQL server version for the right syntax to use near \')\' at line 1',
  ),
  3 => 
  array (
    'errno' => 1064,
  ),
)

2017-12-29 19:37:51





array (
  0 => 
  array (
    'message' => 'MySQL Query Error',
  ),
  1 => 
  array (
    'sql' => 'SELECT GROUP_CONCAT(id) as ids from `ylt_tp`.`ylt_goods_category`  where parent_id in(  )  ',
  ),
  2 => 
  array (
    'error' => 'You have an error in your SQL syntax; check the manual that corresponds to your MySQL server version for the right syntax to use near \')\' at line 1',
  ),
  3 => 
  array (
    'errno' => 1064,
  ),
)

2017-12-29 19:37:55





array (
  0 => 
  array (
    'message' => 'MySQL Query Error',
  ),
  1 => 
  array (
    'sql' => 'SELECT GROUP_CONCAT(id) as ids from `ylt_tp`.`ylt_goods_category`  where parent_id in(  )  ',
  ),
  2 => 
  array (
    'error' => 'You have an error in your SQL syntax; check the manual that corresponds to your MySQL server version for the right syntax to use near \')\' at line 1',
  ),
  3 => 
  array (
    'errno' => 1064,
  ),
)

2017-12-29 19:37:56





array (
  0 => 
  array (
    'message' => 'MySQL Query Error',
  ),
  1 => 
  array (
    'sql' => 'SELECT GROUP_CONCAT(id) as ids from `ylt_tp`.`ylt_goods_category`  where parent_id in(  )  ',
  ),
  2 => 
  array (
    'error' => 'You have an error in your SQL syntax; check the manual that corresponds to your MySQL server version for the right syntax to use near \')\' at line 1',
  ),
  3 => 
  array (
    'errno' => 1064,
  ),
)

2017-12-29 19:38:36





array (
  0 => 
  array (
    'message' => 'MySQL Query Error',
  ),
  1 => 
  array (
    'sql' => 'SELECT GROUP_CONCAT(id) as ids from `ylt_tp`.`ylt_goods_category`  where parent_id in(  )  ',
  ),
  2 => 
  array (
    'error' => 'You have an error in your SQL syntax; check the manual that corresponds to your MySQL server version for the right syntax to use near \')\' at line 1',
  ),
  3 => 
  array (
    'errno' => 1064,
  ),
)

2017-12-29 19:38:38





array (
  0 => 
  array (
    'message' => 'MySQL Query Error',
  ),
  1 => 
  array (
    'sql' => 'SELECT GROUP_CONCAT(id) as ids from `ylt_tp`.`ylt_goods_category`  where parent_id in(  )  ',
  ),
  2 => 
  array (
    'error' => 'You have an error in your SQL syntax; check the manual that corresponds to your MySQL server version for the right syntax to use near \')\' at line 1',
  ),
  3 => 
  array (
    'errno' => 1064,
  ),
)

2017-12-29 19:38:39





array (
  0 => 
  array (
    'message' => 'MySQL Query Error',
  ),
  1 => 
  array (
    'sql' => 'SELECT GROUP_CONCAT(id) as ids from `ylt_tp`.`ylt_goods_category`  where parent_id in(  )  ',
  ),
  2 => 
  array (
    'error' => 'You have an error in your SQL syntax; check the manual that corresponds to your MySQL server version for the right syntax to use near \')\' at line 1',
  ),
  3 => 
  array (
    'errno' => 1064,
  ),
)

2017-12-29 19:38:42





array (
  0 => 
  array (
    'message' => 'MySQL Query Error',
  ),
  1 => 
  array (
    'sql' => 'SELECT GROUP_CONCAT(id) as ids from `ylt_tp`.`ylt_goods_category`  where parent_id in(  )  ',
  ),
  2 => 
  array (
    'error' => 'You have an error in your SQL syntax; check the manual that corresponds to your MySQL server version for the right syntax to use near \')\' at line 1',
  ),
  3 => 
  array (
    'errno' => 1064,
  ),
)

2017-12-29 19:38:45





array (
  0 => 
  array (
    'message' => 'MySQL Query Error',
  ),
  1 => 
  array (
    'sql' => 'SELECT GROUP_CONCAT(id) as ids from `ylt_tp`.`ylt_goods_category`  where parent_id in(  )  ',
  ),
  2 => 
  array (
    'error' => 'You have an error in your SQL syntax; check the manual that corresponds to your MySQL server version for the right syntax to use near \')\' at line 1',
  ),
  3 => 
  array (
    'errno' => 1064,
  ),
)

2017-12-29 19:39:23





array (
  0 => 
  array (
    'message' => 'MySQL Query Error',
  ),
  1 => 
  array (
    'sql' => 'SELECT GROUP_CONCAT(id) as ids from `ylt_tp`.`ylt_goods_category`  where parent_id in(  )  ',
  ),
  2 => 
  array (
    'error' => 'You have an error in your SQL syntax; check the manual that corresponds to your MySQL server version for the right syntax to use near \')\' at line 1',
  ),
  3 => 
  array (
    'errno' => 1064,
  ),
)

2017-12-29 19:39:31





array (
  0 => 
  array (
    'message' => 'MySQL Query Error',
  ),
  1 => 
  array (
    'sql' => 'SELECT GROUP_CONCAT(id) as ids from `ylt_tp`.`ylt_goods_category`  where parent_id in(  )  ',
  ),
  2 => 
  array (
    'error' => 'You have an error in your SQL syntax; check the manual that corresponds to your MySQL server version for the right syntax to use near \')\' at line 1',
  ),
  3 => 
  array (
    'errno' => 1064,
  ),
)

2017-12-29 19:39:34





array (
  0 => 
  array (
    'message' => 'MySQL Query Error',
  ),
  1 => 
  array (
    'sql' => 'SELECT GROUP_CONCAT(id) as ids from `ylt_tp`.`ylt_goods_category`  where parent_id in(  )  ',
  ),
  2 => 
  array (
    'error' => 'You have an error in your SQL syntax; check the manual that corresponds to your MySQL server version for the right syntax to use near \')\' at line 1',
  ),
  3 => 
  array (
    'errno' => 1064,
  ),
)

2017-12-29 19:39:37





array (
  0 => 
  array (
    'message' => 'MySQL Query Error',
  ),
  1 => 
  array (
    'sql' => 'SELECT GROUP_CONCAT(id) as ids from `ylt_tp`.`ylt_goods_category`  where parent_id in(  )  ',
  ),
  2 => 
  array (
    'error' => 'You have an error in your SQL syntax; check the manual that corresponds to your MySQL server version for the right syntax to use near \')\' at line 1',
  ),
  3 => 
  array (
    'errno' => 1064,
  ),
)

2017-12-29 19:39:37





array (
  0 => 
  array (
    'message' => 'MySQL Query Error',
  ),
  1 => 
  array (
    'sql' => 'SELECT GROUP_CONCAT(id) as ids from `ylt_tp`.`ylt_goods_category`  where parent_id in(  )  ',
  ),
  2 => 
  array (
    'error' => 'You have an error in your SQL syntax; check the manual that corresponds to your MySQL server version for the right syntax to use near \')\' at line 1',
  ),
  3 => 
  array (
    'errno' => 1064,
  ),
)

2017-12-29 19:39:40





array (
  0 => 
  array (
    'message' => 'MySQL Query Error',
  ),
  1 => 
  array (
    'sql' => 'SELECT GROUP_CONCAT(id) as ids from `ylt_tp`.`ylt_goods_category`  where parent_id in(  )  ',
  ),
  2 => 
  array (
    'error' => 'You have an error in your SQL syntax; check the manual that corresponds to your MySQL server version for the right syntax to use near \')\' at line 1',
  ),
  3 => 
  array (
    'errno' => 1064,
  ),
)

2017-12-29 19:39:48





array (
  0 => 
  array (
    'message' => 'MySQL Query Error',
  ),
  1 => 
  array (
    'sql' => 'SELECT GROUP_CONCAT(id) as ids from `ylt_tp`.`ylt_goods_category`  where parent_id in(  )  ',
  ),
  2 => 
  array (
    'error' => 'You have an error in your SQL syntax; check the manual that corresponds to your MySQL server version for the right syntax to use near \')\' at line 1',
  ),
  3 => 
  array (
    'errno' => 1064,
  ),
)

2017-12-29 19:42:23





array (
  0 => 
  array (
    'message' => 'MySQL Query Error',
  ),
  1 => 
  array (
    'sql' => 'SELECT GROUP_CONCAT(id) as ids from `ylt_tp`.`ylt_goods_category`  where parent_id in(  )  ',
  ),
  2 => 
  array (
    'error' => 'You have an error in your SQL syntax; check the manual that corresponds to your MySQL server version for the right syntax to use near \')\' at line 1',
  ),
  3 => 
  array (
    'errno' => 1064,
  ),
)

2017-12-29 19:44:33





array (
  0 => 
  array (
    'message' => 'MySQL Query Error',
  ),
  1 => 
  array (
    'sql' => 'SELECT GROUP_CONCAT(id) as ids from `ylt_tp`.`ylt_goods_category`  where parent_id in(  )  ',
  ),
  2 => 
  array (
    'error' => 'You have an error in your SQL syntax; check the manual that corresponds to your MySQL server version for the right syntax to use near \')\' at line 1',
  ),
  3 => 
  array (
    'errno' => 1064,
  ),
)

2017-12-29 19:44:36





array (
  0 => 
  array (
    'message' => 'MySQL Query Error',
  ),
  1 => 
  array (
    'sql' => 'SELECT GROUP_CONCAT(id) as ids from `ylt_tp`.`ylt_goods_category`  where parent_id in(  )  ',
  ),
  2 => 
  array (
    'error' => 'You have an error in your SQL syntax; check the manual that corresponds to your MySQL server version for the right syntax to use near \')\' at line 1',
  ),
  3 => 
  array (
    'errno' => 1064,
  ),
)

2017-12-29 19:44:39





array (
  0 => 
  array (
    'message' => 'MySQL Query Error',
  ),
  1 => 
  array (
    'sql' => 'SELECT GROUP_CONCAT(id) as ids from `ylt_tp`.`ylt_goods_category`  where parent_id in(  )  ',
  ),
  2 => 
  array (
    'error' => 'You have an error in your SQL syntax; check the manual that corresponds to your MySQL server version for the right syntax to use near \')\' at line 1',
  ),
  3 => 
  array (
    'errno' => 1064,
  ),
)

2017-12-29 19:44:40





array (
  0 => 
  array (
    'message' => 'MySQL Query Error',
  ),
  1 => 
  array (
    'sql' => 'SELECT GROUP_CONCAT(id) as ids from `ylt_tp`.`ylt_goods_category`  where parent_id in(  )  ',
  ),
  2 => 
  array (
    'error' => 'You have an error in your SQL syntax; check the manual that corresponds to your MySQL server version for the right syntax to use near \')\' at line 1',
  ),
  3 => 
  array (
    'errno' => 1064,
  ),
)

2017-12-29 19:44:42





array (
  0 => 
  array (
    'message' => 'MySQL Query Error',
  ),
  1 => 
  array (
    'sql' => 'SELECT GROUP_CONCAT(id) as ids from `ylt_tp`.`ylt_goods_category`  where parent_id in(  )  ',
  ),
  2 => 
  array (
    'error' => 'You have an error in your SQL syntax; check the manual that corresponds to your MySQL server version for the right syntax to use near \')\' at line 1',
  ),
  3 => 
  array (
    'errno' => 1064,
  ),
)

2017-12-29 19:44:42





array (
  0 => 
  array (
    'message' => 'MySQL Query Error',
  ),
  1 => 
  array (
    'sql' => 'SELECT GROUP_CONCAT(id) as ids from `ylt_tp`.`ylt_goods_category`  where parent_id in(  )  ',
  ),
  2 => 
  array (
    'error' => 'You have an error in your SQL syntax; check the manual that corresponds to your MySQL server version for the right syntax to use near \')\' at line 1',
  ),
  3 => 
  array (
    'errno' => 1064,
  ),
)

2017-12-29 19:44:45





array (
  0 => 
  array (
    'message' => 'MySQL Query Error',
  ),
  1 => 
  array (
    'sql' => 'SELECT GROUP_CONCAT(id) as ids from `ylt_tp`.`ylt_goods_category`  where parent_id in(  )  ',
  ),
  2 => 
  array (
    'error' => 'You have an error in your SQL syntax; check the manual that corresponds to your MySQL server version for the right syntax to use near \')\' at line 1',
  ),
  3 => 
  array (
    'errno' => 1064,
  ),
)

2017-12-29 19:44:46





array (
  0 => 
  array (
    'message' => 'MySQL Query Error',
  ),
  1 => 
  array (
    'sql' => 'SELECT GROUP_CONCAT(id) as ids from `ylt_tp`.`ylt_goods_category`  where parent_id in(  )  ',
  ),
  2 => 
  array (
    'error' => 'You have an error in your SQL syntax; check the manual that corresponds to your MySQL server version for the right syntax to use near \')\' at line 1',
  ),
  3 => 
  array (
    'errno' => 1064,
  ),
)

2017-12-29 19:44:48





array (
  0 => 
  array (
    'message' => 'MySQL Query Error',
  ),
  1 => 
  array (
    'sql' => 'SELECT GROUP_CONCAT(id) as ids from `ylt_tp`.`ylt_goods_category`  where parent_id in(  )  ',
  ),
  2 => 
  array (
    'error' => 'You have an error in your SQL syntax; check the manual that corresponds to your MySQL server version for the right syntax to use near \')\' at line 1',
  ),
  3 => 
  array (
    'errno' => 1064,
  ),
)

2017-12-29 19:44:51





array (
  0 => 
  array (
    'message' => 'MySQL Query Error',
  ),
  1 => 
  array (
    'sql' => 'SELECT GROUP_CONCAT(id) as ids from `ylt_tp`.`ylt_goods_category`  where parent_id in(  )  ',
  ),
  2 => 
  array (
    'error' => 'You have an error in your SQL syntax; check the manual that corresponds to your MySQL server version for the right syntax to use near \')\' at line 1',
  ),
  3 => 
  array (
    'errno' => 1064,
  ),
)

2017-12-29 19:44:54





array (
  0 => 
  array (
    'message' => 'MySQL Query Error',
  ),
  1 => 
  array (
    'sql' => 'SELECT GROUP_CONCAT(id) as ids from `ylt_tp`.`ylt_goods_category`  where parent_id in(  )  ',
  ),
  2 => 
  array (
    'error' => 'You have an error in your SQL syntax; check the manual that corresponds to your MySQL server version for the right syntax to use near \')\' at line 1',
  ),
  3 => 
  array (
    'errno' => 1064,
  ),
)

2017-12-29 19:44:56





array (
  0 => 
  array (
    'message' => 'MySQL Query Error',
  ),
  1 => 
  array (
    'sql' => 'SELECT GROUP_CONCAT(id) as ids from `ylt_tp`.`ylt_goods_category`  where parent_id in(  )  ',
  ),
  2 => 
  array (
    'error' => 'You have an error in your SQL syntax; check the manual that corresponds to your MySQL server version for the right syntax to use near \')\' at line 1',
  ),
  3 => 
  array (
    'errno' => 1064,
  ),
)

2017-12-29 19:44:58





array (
  0 => 
  array (
    'message' => 'MySQL Query Error',
  ),
  1 => 
  array (
    'sql' => 'SELECT GROUP_CONCAT(id) as ids from `ylt_tp`.`ylt_goods_category`  where parent_id in(  )  ',
  ),
  2 => 
  array (
    'error' => 'You have an error in your SQL syntax; check the manual that corresponds to your MySQL server version for the right syntax to use near \')\' at line 1',
  ),
  3 => 
  array (
    'errno' => 1064,
  ),
)

2017-12-29 19:44:59





array (
  0 => 
  array (
    'message' => 'MySQL Query Error',
  ),
  1 => 
  array (
    'sql' => 'SELECT GROUP_CONCAT(id) as ids from `ylt_tp`.`ylt_goods_category`  where parent_id in(  )  ',
  ),
  2 => 
  array (
    'error' => 'You have an error in your SQL syntax; check the manual that corresponds to your MySQL server version for the right syntax to use near \')\' at line 1',
  ),
  3 => 
  array (
    'errno' => 1064,
  ),
)

2017-12-29 19:45:03





array (
  0 => 
  array (
    'message' => 'MySQL Query Error',
  ),
  1 => 
  array (
    'sql' => 'SELECT GROUP_CONCAT(id) as ids from `ylt_tp`.`ylt_goods_category`  where parent_id in(  )  ',
  ),
  2 => 
  array (
    'error' => 'You have an error in your SQL syntax; check the manual that corresponds to your MySQL server version for the right syntax to use near \')\' at line 1',
  ),
  3 => 
  array (
    'errno' => 1064,
  ),
)

2017-12-29 19:45:06





array (
  0 => 
  array (
    'message' => 'MySQL Query Error',
  ),
  1 => 
  array (
    'sql' => 'SELECT GROUP_CONCAT(id) as ids from `ylt_tp`.`ylt_goods_category`  where parent_id in(  )  ',
  ),
  2 => 
  array (
    'error' => 'You have an error in your SQL syntax; check the manual that corresponds to your MySQL server version for the right syntax to use near \')\' at line 1',
  ),
  3 => 
  array (
    'errno' => 1064,
  ),
)

2017-12-29 19:46:41





array (
  0 => 
  array (
    'message' => 'MySQL Query Error',
  ),
  1 => 
  array (
    'sql' => 'SELECT GROUP_CONCAT(id) as ids from `ylt_tp`.`ylt_goods_category`  where parent_id in(  )  ',
  ),
  2 => 
  array (
    'error' => 'You have an error in your SQL syntax; check the manual that corresponds to your MySQL server version for the right syntax to use near \')\' at line 1',
  ),
  3 => 
  array (
    'errno' => 1064,
  ),
)

2017-12-29 19:46:48





array (
  0 => 
  array (
    'message' => 'MySQL Query Error',
  ),
  1 => 
  array (
    'sql' => 'SELECT GROUP_CONCAT(id) as ids from `ylt_tp`.`ylt_goods_category`  where parent_id in(  )  ',
  ),
  2 => 
  array (
    'error' => 'You have an error in your SQL syntax; check the manual that corresponds to your MySQL server version for the right syntax to use near \')\' at line 1',
  ),
  3 => 
  array (
    'errno' => 1064,
  ),
)

2017-12-29 19:46:54





array (
  0 => 
  array (
    'message' => 'MySQL Query Error',
  ),
  1 => 
  array (
    'sql' => 'SELECT GROUP_CONCAT(id) as ids from `ylt_tp`.`ylt_goods_category`  where parent_id in(  )  ',
  ),
  2 => 
  array (
    'error' => 'You have an error in your SQL syntax; check the manual that corresponds to your MySQL server version for the right syntax to use near \')\' at line 1',
  ),
  3 => 
  array (
    'errno' => 1064,
  ),
)

2017-12-29 19:46:57





array (
  0 => 
  array (
    'message' => 'MySQL Query Error',
  ),
  1 => 
  array (
    'sql' => 'SELECT GROUP_CONCAT(id) as ids from `ylt_tp`.`ylt_goods_category`  where parent_id in(  )  ',
  ),
  2 => 
  array (
    'error' => 'You have an error in your SQL syntax; check the manual that corresponds to your MySQL server version for the right syntax to use near \')\' at line 1',
  ),
  3 => 
  array (
    'errno' => 1064,
  ),
)

2017-12-29 19:47:00





array (
  0 => 
  array (
    'message' => 'MySQL Query Error',
  ),
  1 => 
  array (
    'sql' => 'SELECT GROUP_CONCAT(id) as ids from `ylt_tp`.`ylt_goods_category`  where parent_id in(  )  ',
  ),
  2 => 
  array (
    'error' => 'You have an error in your SQL syntax; check the manual that corresponds to your MySQL server version for the right syntax to use near \')\' at line 1',
  ),
  3 => 
  array (
    'errno' => 1064,
  ),
)

2017-12-29 19:47:04





array (
  0 => 
  array (
    'message' => 'MySQL Query Error',
  ),
  1 => 
  array (
    'sql' => 'SELECT GROUP_CONCAT(id) as ids from `ylt_tp`.`ylt_goods_category`  where parent_id in(  )  ',
  ),
  2 => 
  array (
    'error' => 'You have an error in your SQL syntax; check the manual that corresponds to your MySQL server version for the right syntax to use near \')\' at line 1',
  ),
  3 => 
  array (
    'errno' => 1064,
  ),
)

2017-12-29 19:48:14





array (
  0 => 
  array (
    'message' => 'MySQL Query Error',
  ),
  1 => 
  array (
    'sql' => 'SELECT GROUP_CONCAT(id) as ids from `ylt_tp`.`ylt_goods_category`  where parent_id in(  )  ',
  ),
  2 => 
  array (
    'error' => 'You have an error in your SQL syntax; check the manual that corresponds to your MySQL server version for the right syntax to use near \')\' at line 1',
  ),
  3 => 
  array (
    'errno' => 1064,
  ),
)

2017-12-29 19:49:54





array (
  0 => 
  array (
    'message' => 'MySQL Query Error',
  ),
  1 => 
  array (
    'sql' => 'SELECT GROUP_CONCAT(id) as ids from `ylt_tp`.`ylt_goods_category`  where parent_id in(  )  ',
  ),
  2 => 
  array (
    'error' => 'You have an error in your SQL syntax; check the manual that corresponds to your MySQL server version for the right syntax to use near \')\' at line 1',
  ),
  3 => 
  array (
    'errno' => 1064,
  ),
)

2017-12-29 19:54:54





array (
  0 => 
  array (
    'message' => 'MySQL Query Error',
  ),
  1 => 
  array (
    'sql' => 'SELECT GROUP_CONCAT(id) as ids from `ylt_tp`.`ylt_goods_category`  where parent_id in(  )  ',
  ),
  2 => 
  array (
    'error' => 'You have an error in your SQL syntax; check the manual that corresponds to your MySQL server version for the right syntax to use near \')\' at line 1',
  ),
  3 => 
  array (
    'errno' => 1064,
  ),
)

2017-12-29 19:55:05





array (
  0 => 
  array (
    'message' => 'MySQL Query Error',
  ),
  1 => 
  array (
    'sql' => 'SELECT GROUP_CONCAT(id) as ids from `ylt_tp`.`ylt_goods_category`  where parent_id in(  )  ',
  ),
  2 => 
  array (
    'error' => 'You have an error in your SQL syntax; check the manual that corresponds to your MySQL server version for the right syntax to use near \')\' at line 1',
  ),
  3 => 
  array (
    'errno' => 1064,
  ),
)

2017-12-29 19:55:09





array (
  0 => 
  array (
    'message' => 'MySQL Query Error',
  ),
  1 => 
  array (
    'sql' => 'SELECT GROUP_CONCAT(id) as ids from `ylt_tp`.`ylt_goods_category`  where parent_id in(  )  ',
  ),
  2 => 
  array (
    'error' => 'You have an error in your SQL syntax; check the manual that corresponds to your MySQL server version for the right syntax to use near \')\' at line 1',
  ),
  3 => 
  array (
    'errno' => 1064,
  ),
)

2017-12-29 19:55:12





array (
  0 => 
  array (
    'message' => 'MySQL Query Error',
  ),
  1 => 
  array (
    'sql' => 'SELECT GROUP_CONCAT(id) as ids from `ylt_tp`.`ylt_goods_category`  where parent_id in(  )  ',
  ),
  2 => 
  array (
    'error' => 'You have an error in your SQL syntax; check the manual that corresponds to your MySQL server version for the right syntax to use near \')\' at line 1',
  ),
  3 => 
  array (
    'errno' => 1064,
  ),
)

2017-12-29 19:57:19





array (
  0 => 
  array (
    'message' => 'MySQL Query Error',
  ),
  1 => 
  array (
    'sql' => 'SELECT GROUP_CONCAT(id) as ids from `ylt_tp`.`ylt_goods_category`  where parent_id in(  )  ',
  ),
  2 => 
  array (
    'error' => 'You have an error in your SQL syntax; check the manual that corresponds to your MySQL server version for the right syntax to use near \')\' at line 1',
  ),
  3 => 
  array (
    'errno' => 1064,
  ),
)

2017-12-29 19:57:27





array (
  0 => 
  array (
    'message' => 'MySQL Query Error',
  ),
  1 => 
  array (
    'sql' => 'SELECT GROUP_CONCAT(id) as ids from `ylt_tp`.`ylt_goods_category`  where parent_id in(  )  ',
  ),
  2 => 
  array (
    'error' => 'You have an error in your SQL syntax; check the manual that corresponds to your MySQL server version for the right syntax to use near \')\' at line 1',
  ),
  3 => 
  array (
    'errno' => 1064,
  ),
)

