2019-04-20 08:57:23





array (
  0 => 
  array (
    'message' => 'MySQL Query Error',
  ),
  1 => 
  array (
    'sql' => 'INSERT INTO `ylt_tp`.`ylt_login_log`(`user_id`,`user_name`, `user_phone`,`log_ip`,`log_time`,`source`)
		VALUES(, "","", "113.91.148.117","1555721843","Android")',
  ),
  2 => 
  array (
    'error' => 'You have an error in your SQL syntax; check the manual that corresponds to your MySQL server version for the right syntax to use near \' "","", "113.91.148.117","1555721843","Android")\' at line 2',
  ),
  3 => 
  array (
    'errno' => 1064,
  ),
)

2019-04-20 08:58:16





array (
  0 => 
  array (
    'message' => 'MySQL Query Error',
  ),
  1 => 
  array (
    'sql' => 'SELECT name FROM `ylt_tp`.`ylt_activity_cate` where id=/mobile/Activity/discount/id/1.html',
  ),
  2 => 
  array (
    'error' => 'You have an error in your SQL syntax; check the manual that corresponds to your MySQL server version for the right syntax to use near \'/mobile/Activity/discount/id/1.html\' at line 1',
  ),
  3 => 
  array (
    'errno' => 1064,
  ),
)

2019-04-20 08:58:18





array (
  0 => 
  array (
    'message' => 'MySQL Query Error',
  ),
  1 => 
  array (
    'sql' => 'SELECT name FROM `ylt_tp`.`ylt_activity_cate` where id=/mobile/Activity/discount/id/1.html',
  ),
  2 => 
  array (
    'error' => 'You have an error in your SQL syntax; check the manual that corresponds to your MySQL server version for the right syntax to use near \'/mobile/Activity/discount/id/1.html\' at line 1',
  ),
  3 => 
  array (
    'errno' => 1064,
  ),
)

2019-04-20 08:58:26





array (
  0 => 
  array (
    'message' => 'MySQL Query Error',
  ),
  1 => 
  array (
    'sql' => 'SELECT name FROM `ylt_tp`.`ylt_activity_cate` where id=/mobile/Activity/discount/id/1.html',
  ),
  2 => 
  array (
    'error' => 'You have an error in your SQL syntax; check the manual that corresponds to your MySQL server version for the right syntax to use near \'/mobile/Activity/discount/id/1.html\' at line 1',
  ),
  3 => 
  array (
    'errno' => 1064,
  ),
)

2019-04-20 09:01:20





array (
  0 => 
  array (
    'message' => 'MySQL Query Error',
  ),
  1 => 
  array (
    'sql' => 'INSERT INTO `ylt_tp`.`ylt_login_log`(`user_id`,`user_name`, `user_phone`,`log_ip`,`log_time`,`source`)
		VALUES(, "","", "113.91.148.117","1555722080","Android")',
  ),
  2 => 
  array (
    'error' => 'You have an error in your SQL syntax; check the manual that corresponds to your MySQL server version for the right syntax to use near \' "","", "113.91.148.117","1555722080","Android")\' at line 2',
  ),
  3 => 
  array (
    'errno' => 1064,
  ),
)

2019-04-20 10:11:02





array (
  0 => 
  array (
    'message' => 'MySQL Query Error',
  ),
  1 => 
  array (
    'sql' => 'SELECT name FROM `ylt_tp`.`ylt_activity_cate` where id=/mobile/Activity/discount/id/1.html',
  ),
  2 => 
  array (
    'error' => 'You have an error in your SQL syntax; check the manual that corresponds to your MySQL server version for the right syntax to use near \'/mobile/Activity/discount/id/1.html\' at line 1',
  ),
  3 => 
  array (
    'errno' => 1064,
  ),
)

2019-04-20 10:14:56





array (
  0 => 
  array (
    'message' => 'MySQL Query Error',
  ),
  1 => 
  array (
    'sql' => 'SELECT name FROM `ylt_tp`.`ylt_activity_cate` where id=/mobile/Activity/discount/id/1.html',
  ),
  2 => 
  array (
    'error' => 'You have an error in your SQL syntax; check the manual that corresponds to your MySQL server version for the right syntax to use near \'/mobile/Activity/discount/id/1.html\' at line 1',
  ),
  3 => 
  array (
    'errno' => 1064,
  ),
)

2019-04-20 10:14:58





array (
  0 => 
  array (
    'message' => 'MySQL Query Error',
  ),
  1 => 
  array (
    'sql' => 'SELECT name FROM `ylt_tp`.`ylt_activity_cate` where id=/mobile/Activity/discount/id/1.html',
  ),
  2 => 
  array (
    'error' => 'You have an error in your SQL syntax; check the manual that corresponds to your MySQL server version for the right syntax to use near \'/mobile/Activity/discount/id/1.html\' at line 1',
  ),
  3 => 
  array (
    'errno' => 1064,
  ),
)

2019-04-20 10:15:35





array (
  0 => 
  array (
    'message' => 'MySQL Query Error',
  ),
  1 => 
  array (
    'sql' => 'SELECT name FROM `ylt_tp`.`ylt_activity_cate` where id=/mobile/Activity/discount/id/1.html',
  ),
  2 => 
  array (
    'error' => 'You have an error in your SQL syntax; check the manual that corresponds to your MySQL server version for the right syntax to use near \'/mobile/Activity/discount/id/1.html\' at line 1',
  ),
  3 => 
  array (
    'errno' => 1064,
  ),
)

2019-04-20 10:15:36





array (
  0 => 
  array (
    'message' => 'MySQL Query Error',
  ),
  1 => 
  array (
    'sql' => 'SELECT name FROM `ylt_tp`.`ylt_activity_cate` where id=/mobile/Activity/discount/id/1.html',
  ),
  2 => 
  array (
    'error' => 'You have an error in your SQL syntax; check the manual that corresponds to your MySQL server version for the right syntax to use near \'/mobile/Activity/discount/id/1.html\' at line 1',
  ),
  3 => 
  array (
    'errno' => 1064,
  ),
)

2019-04-20 10:15:43





array (
  0 => 
  array (
    'message' => 'MySQL Query Error',
  ),
  1 => 
  array (
    'sql' => 'SELECT name FROM `ylt_tp`.`ylt_activity_cate` where id=/mobile/Activity/discount/id/1.html',
  ),
  2 => 
  array (
    'error' => 'You have an error in your SQL syntax; check the manual that corresponds to your MySQL server version for the right syntax to use near \'/mobile/Activity/discount/id/1.html\' at line 1',
  ),
  3 => 
  array (
    'errno' => 1064,
  ),
)

2019-04-20 10:15:47





array (
  0 => 
  array (
    'message' => 'MySQL Query Error',
  ),
  1 => 
  array (
    'sql' => 'SELECT name FROM `ylt_tp`.`ylt_activity_cate` where id=/mobile/Activity/discount/id/1.html',
  ),
  2 => 
  array (
    'error' => 'You have an error in your SQL syntax; check the manual that corresponds to your MySQL server version for the right syntax to use near \'/mobile/Activity/discount/id/1.html\' at line 1',
  ),
  3 => 
  array (
    'errno' => 1064,
  ),
)

2019-04-20 10:15:52





array (
  0 => 
  array (
    'message' => 'MySQL Query Error',
  ),
  1 => 
  array (
    'sql' => 'SELECT name FROM `ylt_tp`.`ylt_activity_cate` where id=/mobile/Activity/discount/id/1.html',
  ),
  2 => 
  array (
    'error' => 'You have an error in your SQL syntax; check the manual that corresponds to your MySQL server version for the right syntax to use near \'/mobile/Activity/discount/id/1.html\' at line 1',
  ),
  3 => 
  array (
    'errno' => 1064,
  ),
)

2019-04-20 10:22:21





array (
  0 => 
  array (
    'message' => 'MySQL Query Error',
  ),
  1 => 
  array (
    'sql' => 'SELECT name FROM `ylt_tp`.`ylt_activity_cate` where id=/mobile/Activity/discount/id/1.html',
  ),
  2 => 
  array (
    'error' => 'You have an error in your SQL syntax; check the manual that corresponds to your MySQL server version for the right syntax to use near \'/mobile/Activity/discount/id/1.html\' at line 1',
  ),
  3 => 
  array (
    'errno' => 1064,
  ),
)

2019-04-20 10:22:25





array (
  0 => 
  array (
    'message' => 'MySQL Query Error',
  ),
  1 => 
  array (
    'sql' => 'SELECT name FROM `ylt_tp`.`ylt_activity_cate` where id=/mobile/Activity/discount/id/1.html',
  ),
  2 => 
  array (
    'error' => 'You have an error in your SQL syntax; check the manual that corresponds to your MySQL server version for the right syntax to use near \'/mobile/Activity/discount/id/1.html\' at line 1',
  ),
  3 => 
  array (
    'errno' => 1064,
  ),
)

2019-04-20 10:25:29





array (
  0 => 
  array (
    'message' => 'MySQL Query Error',
  ),
  1 => 
  array (
    'sql' => 'SELECT name FROM `ylt_tp`.`ylt_activity_cate` where id=/mobile/Activity/discount/id/1.html',
  ),
  2 => 
  array (
    'error' => 'You have an error in your SQL syntax; check the manual that corresponds to your MySQL server version for the right syntax to use near \'/mobile/Activity/discount/id/1.html\' at line 1',
  ),
  3 => 
  array (
    'errno' => 1064,
  ),
)

2019-04-20 10:25:39





array (
  0 => 
  array (
    'message' => 'MySQL Query Error',
  ),
  1 => 
  array (
    'sql' => 'SELECT name FROM `ylt_tp`.`ylt_activity_cate` where id=/mobile/Activity/discount/id/1.html',
  ),
  2 => 
  array (
    'error' => 'You have an error in your SQL syntax; check the manual that corresponds to your MySQL server version for the right syntax to use near \'/mobile/Activity/discount/id/1.html\' at line 1',
  ),
  3 => 
  array (
    'errno' => 1064,
  ),
)

2019-04-20 10:26:07





array (
  0 => 
  array (
    'message' => 'MySQL Query Error',
  ),
  1 => 
  array (
    'sql' => 'SELECT name FROM `ylt_tp`.`ylt_activity_cate` where id=/mobile/Activity/discount/id/1.html',
  ),
  2 => 
  array (
    'error' => 'You have an error in your SQL syntax; check the manual that corresponds to your MySQL server version for the right syntax to use near \'/mobile/Activity/discount/id/1.html\' at line 1',
  ),
  3 => 
  array (
    'errno' => 1064,
  ),
)

2019-04-20 10:26:12





array (
  0 => 
  array (
    'message' => 'MySQL Query Error',
  ),
  1 => 
  array (
    'sql' => 'SELECT name FROM `ylt_tp`.`ylt_activity_cate` where id=/mobile/Activity/discount/id/1.html',
  ),
  2 => 
  array (
    'error' => 'You have an error in your SQL syntax; check the manual that corresponds to your MySQL server version for the right syntax to use near \'/mobile/Activity/discount/id/1.html\' at line 1',
  ),
  3 => 
  array (
    'errno' => 1064,
  ),
)

2019-04-20 10:26:56





array (
  0 => 
  array (
    'message' => 'MySQL Query Error',
  ),
  1 => 
  array (
    'sql' => 'SELECT name FROM `ylt_tp`.`ylt_activity_cate` where id=/mobile/Activity/discount/id/1.html',
  ),
  2 => 
  array (
    'error' => 'You have an error in your SQL syntax; check the manual that corresponds to your MySQL server version for the right syntax to use near \'/mobile/Activity/discount/id/1.html\' at line 1',
  ),
  3 => 
  array (
    'errno' => 1064,
  ),
)

2019-04-20 10:53:30





array (
  0 => 
  array (
    'message' => 'MySQL Query Error',
  ),
  1 => 
  array (
    'sql' => 'SELECT name FROM `ylt_tp`.`ylt_activity_cate` where id=/mobile/Activity/discount/id/1.html',
  ),
  2 => 
  array (
    'error' => 'You have an error in your SQL syntax; check the manual that corresponds to your MySQL server version for the right syntax to use near \'/mobile/Activity/discount/id/1.html\' at line 1',
  ),
  3 => 
  array (
    'errno' => 1064,
  ),
)

2019-04-20 10:53:35





array (
  0 => 
  array (
    'message' => 'MySQL Query Error',
  ),
  1 => 
  array (
    'sql' => 'SELECT name FROM `ylt_tp`.`ylt_activity_cate` where id=/mobile/Activity/discount/id/1.html',
  ),
  2 => 
  array (
    'error' => 'You have an error in your SQL syntax; check the manual that corresponds to your MySQL server version for the right syntax to use near \'/mobile/Activity/discount/id/1.html\' at line 1',
  ),
  3 => 
  array (
    'errno' => 1064,
  ),
)

2019-04-20 16:20:01





array (
  0 => 
  array (
    'message' => 'MySQL Query Error',
  ),
  1 => 
  array (
    'sql' => 'SELECT name FROM `ylt_tp`.`ylt_activity_cate` where id=/mobile/Activity/discount/id/1.html',
  ),
  2 => 
  array (
    'error' => 'You have an error in your SQL syntax; check the manual that corresponds to your MySQL server version for the right syntax to use near \'/mobile/Activity/discount/id/1.html\' at line 1',
  ),
  3 => 
  array (
    'errno' => 1064,
  ),
)

