2017-10-15 16:49:13





array (
  0 => 
  array (
    'message' => 'MySQL Query Error',
  ),
  1 => 
  array (
    'sql' => ' update `ylt_tp`.`ylt_panic_buying` set order_num = order_num-1 , buy_num = order_num -1 where id = 92',
  ),
  2 => 
  array (
    'error' => 'BIGINT UNSIGNED value is out of range in \'(`ylt_tp`.`ylt_panic_buying`.`order_num` - 1)\'',
  ),
  3 => 
  array (
    'errno' => 1690,
  ),
)

2017-10-15 16:49:13





array (
  0 => 
  array (
    'message' => 'MySQL Query Error',
  ),
  1 => 
  array (
    'sql' => ' update `ylt_tp`.`ylt_panic_buying` set order_num = order_num-1 , buy_num = order_num -1 where id = 92',
  ),
  2 => 
  array (
    'error' => 'BIGINT UNSIGNED value is out of range in \'(`ylt_tp`.`ylt_panic_buying`.`order_num` - 1)\'',
  ),
  3 => 
  array (
    'errno' => 1690,
  ),
)

2017-10-15 18:32:37





array (
  0 => 
  array (
    'message' => 'MySQL Query Error',
  ),
  1 => 
  array (
    'sql' => ' update `ylt_tp`.`ylt_panic_buying` set order_num = order_num-1 , buy_num = order_num -1 where id = 94',
  ),
  2 => 
  array (
    'error' => 'BIGINT UNSIGNED value is out of range in \'(`ylt_tp`.`ylt_panic_buying`.`order_num` - 1)\'',
  ),
  3 => 
  array (
    'errno' => 1690,
  ),
)

2017-10-15 18:32:37





array (
  0 => 
  array (
    'message' => 'MySQL Query Error',
  ),
  1 => 
  array (
    'sql' => ' update `ylt_tp`.`ylt_panic_buying` set order_num = order_num-1 , buy_num = order_num -1 where id = 94',
  ),
  2 => 
  array (
    'error' => 'BIGINT UNSIGNED value is out of range in \'(`ylt_tp`.`ylt_panic_buying`.`order_num` - 1)\'',
  ),
  3 => 
  array (
    'errno' => 1690,
  ),
)

2017-10-15 18:32:37





array (
  0 => 
  array (
    'message' => 'MySQL Query Error',
  ),
  1 => 
  array (
    'sql' => ' update `ylt_tp`.`ylt_panic_buying` set order_num = order_num-1 , buy_num = order_num -1 where id = 94',
  ),
  2 => 
  array (
    'error' => 'BIGINT UNSIGNED value is out of range in \'(`ylt_tp`.`ylt_panic_buying`.`order_num` - 1)\'',
  ),
  3 => 
  array (
    'errno' => 1690,
  ),
)

2017-10-15 18:32:37





array (
  0 => 
  array (
    'message' => 'MySQL Query Error',
  ),
  1 => 
  array (
    'sql' => ' update `ylt_tp`.`ylt_panic_buying` set order_num = order_num-1 , buy_num = order_num -1 where id = 94',
  ),
  2 => 
  array (
    'error' => 'BIGINT UNSIGNED value is out of range in \'(`ylt_tp`.`ylt_panic_buying`.`order_num` - 1)\'',
  ),
  3 => 
  array (
    'errno' => 1690,
  ),
)

