2017-09-16 09:24:18





array (
  0 => 
  array (
    'message' => 'MySQL Query Error',
  ),
  1 => 
  array (
    'sql' => 'SELECT COUNT(collect_id) FROM `ylt_tp`.`ylt_supplier_collect`where supplier_id = ',
  ),
  2 => 
  array (
    'error' => 'You have an error in your SQL syntax; check the manual that corresponds to your MySQL server version for the right syntax to use near \'\' at line 1',
  ),
  3 => 
  array (
    'errno' => 1064,
  ),
)

2017-09-16 09:25:14





array (
  0 => 
  array (
    'message' => 'MySQL Query Error',
  ),
  1 => 
  array (
    'sql' => 'SELECT COUNT(collect_id) FROM `ylt_tp`.`ylt_supplier_collect`where supplier_id = ',
  ),
  2 => 
  array (
    'error' => 'You have an error in your SQL syntax; check the manual that corresponds to your MySQL server version for the right syntax to use near \'\' at line 1',
  ),
  3 => 
  array (
    'errno' => 1064,
  ),
)

2017-09-16 09:25:24





array (
  0 => 
  array (
    'message' => 'MySQL Query Error',
  ),
  1 => 
  array (
    'sql' => 'SELECT COUNT(collect_id) FROM `ylt_tp`.`ylt_supplier_collect`where supplier_id = ',
  ),
  2 => 
  array (
    'error' => 'You have an error in your SQL syntax; check the manual that corresponds to your MySQL server version for the right syntax to use near \'\' at line 1',
  ),
  3 => 
  array (
    'errno' => 1064,
  ),
)

2017-09-16 09:27:34





array (
  0 => 
  array (
    'message' => 'MySQL Query Error',
  ),
  1 => 
  array (
    'sql' => 'SELECT COUNT(collect_id) FROM `ylt_tp`.`ylt_supplier_collect`where supplier_id = ',
  ),
  2 => 
  array (
    'error' => 'You have an error in your SQL syntax; check the manual that corresponds to your MySQL server version for the right syntax to use near \'\' at line 1',
  ),
  3 => 
  array (
    'errno' => 1064,
  ),
)

2017-09-16 09:27:40





array (
  0 => 
  array (
    'message' => 'MySQL Query Error',
  ),
  1 => 
  array (
    'sql' => 'SELECT COUNT(collect_id) FROM `ylt_tp`.`ylt_supplier_collect`where supplier_id = ',
  ),
  2 => 
  array (
    'error' => 'You have an error in your SQL syntax; check the manual that corresponds to your MySQL server version for the right syntax to use near \'\' at line 1',
  ),
  3 => 
  array (
    'errno' => 1064,
  ),
)

2017-09-16 09:28:29





array (
  0 => 
  array (
    'message' => 'MySQL Query Error',
  ),
  1 => 
  array (
    'sql' => 'SELECT COUNT(collect_id) FROM `ylt_tp`.`ylt_supplier_collect`where supplier_id = ',
  ),
  2 => 
  array (
    'error' => 'You have an error in your SQL syntax; check the manual that corresponds to your MySQL server version for the right syntax to use near \'\' at line 1',
  ),
  3 => 
  array (
    'errno' => 1064,
  ),
)

2017-09-16 09:29:04





array (
  0 => 
  array (
    'message' => 'MySQL Query Error',
  ),
  1 => 
  array (
    'sql' => 'SELECT COUNT(collect_id) FROM `ylt_tp`.`ylt_supplier_collect`where supplier_id = ',
  ),
  2 => 
  array (
    'error' => 'You have an error in your SQL syntax; check the manual that corresponds to your MySQL server version for the right syntax to use near \'\' at line 1',
  ),
  3 => 
  array (
    'errno' => 1064,
  ),
)

2017-09-16 09:32:02





array (
  0 => 
  array (
    'message' => 'MySQL Query Error',
  ),
  1 => 
  array (
    'sql' => 'SELECT COUNT(collect_id) FROM `ylt_tp`.`ylt_supplier_collect`where supplier_id = ',
  ),
  2 => 
  array (
    'error' => 'You have an error in your SQL syntax; check the manual that corresponds to your MySQL server version for the right syntax to use near \'\' at line 1',
  ),
  3 => 
  array (
    'errno' => 1064,
  ),
)

2017-09-16 09:32:36





array (
  0 => 
  array (
    'message' => 'MySQL Query Error',
  ),
  1 => 
  array (
    'sql' => 'SELECT COUNT(collect_id) FROM `ylt_tp`.`ylt_supplier_collect`where supplier_id = ',
  ),
  2 => 
  array (
    'error' => 'You have an error in your SQL syntax; check the manual that corresponds to your MySQL server version for the right syntax to use near \'\' at line 1',
  ),
  3 => 
  array (
    'errno' => 1064,
  ),
)

2017-09-16 09:32:44





array (
  0 => 
  array (
    'message' => 'MySQL Query Error',
  ),
  1 => 
  array (
    'sql' => 'SELECT COUNT(collect_id) FROM `ylt_tp`.`ylt_supplier_collect`where supplier_id = ',
  ),
  2 => 
  array (
    'error' => 'You have an error in your SQL syntax; check the manual that corresponds to your MySQL server version for the right syntax to use near \'\' at line 1',
  ),
  3 => 
  array (
    'errno' => 1064,
  ),
)

2017-09-16 10:51:15





array (
  0 => 
  array (
    'message' => 'MySQL Query Error',
  ),
  1 => 
  array (
    'sql' => 'SELECT works_id,cat_name,works_name,works_img,collect_count,click_count	FROM `ylt_tp`.`ylt_works` where examine=1 and user_id =  and works_id !=  4 order by add_time desc limit 5 ',
  ),
  2 => 
  array (
    'error' => 'You have an error in your SQL syntax; check the manual that corresponds to your MySQL server version for the right syntax to use near \'and works_id !=  4 order by add_time desc limit 5\' at line 1',
  ),
  3 => 
  array (
    'errno' => 1064,
  ),
)

2017-09-16 10:51:17





array (
  0 => 
  array (
    'message' => 'MySQL Query Error',
  ),
  1 => 
  array (
    'sql' => 'SELECT works_id,cat_name,works_name,works_img,collect_count,click_count	FROM `ylt_tp`.`ylt_works` where examine=1 and user_id =  and works_id !=  4 order by add_time desc limit 5 ',
  ),
  2 => 
  array (
    'error' => 'You have an error in your SQL syntax; check the manual that corresponds to your MySQL server version for the right syntax to use near \'and works_id !=  4 order by add_time desc limit 5\' at line 1',
  ),
  3 => 
  array (
    'errno' => 1064,
  ),
)

2017-09-16 10:57:01





array (
  0 => 
  array (
    'message' => 'MySQL Query Error',
  ),
  1 => 
  array (
    'sql' => 'SELECT count(goods_id) as count from `ylt_tp`.`ylt_works`WHERE is_show=1 AND examine = 1  AND 1=1 AND (  works_name like \'%123213%\' OR keywords like \'%123213%\'  ) ',
  ),
  2 => 
  array (
    'error' => 'Unknown column \'goods_id\' in \'field list\'',
  ),
  3 => 
  array (
    'errno' => 1054,
  ),
)

2017-09-16 11:05:41





array (
  0 => 
  array (
    'message' => 'MySQL Query Error',
  ),
  1 => 
  array (
    'sql' => 'SELECT from  W.works_img,W.cat_name,W.collect_count,W.click_count,W.works_name,W.works_id,S.company_name,S.company_name,S.logo,S.supplier_name  `ylt_tp`.`ylt_works` as W left join `ylt_tp`.`ylt_supplier` as S on W.supplier_id = S.supplier_id WHERE is_show=1 AND examine = 1  AND 1=1 AND (  W.works_name like \'%asd%\' OR W.keywords like \'%asd%\' OR W.works_name like \'%长%\' OR W.keywords like \'%长%\' OR W.works_name like \'%名%\' OR W.keywords like \'%名%\'  )  order by add_time desc  LIMIT 0,20',
  ),
  2 => 
  array (
    'error' => 'You have an error in your SQL syntax; check the manual that corresponds to your MySQL server version for the right syntax to use near \'from  W.works_img,W.cat_name,W.collect_count,W.click_count,W.works_name,W.works_\' at line 1',
  ),
  3 => 
  array (
    'errno' => 1064,
  ),
)

2017-09-16 11:07:01





array (
  0 => 
  array (
    'message' => 'MySQL Query Error',
  ),
  1 => 
  array (
    'sql' => 'SELECT from  W.works_img,W.cat_name,W.collect_count,W.click_count,W.works_name,W.works_id,S.company_name,S.company_name,S.logo,S.supplier_name  `ylt_tp`.`ylt_works` as W left join `ylt_tp`.`ylt_supplier` as S on W.supplier_id = S.supplier_id WHERE W.is_show=1 AND W.examine = 1  AND 1=1 AND (  W.works_name like \'%asd%\' OR W.keywords like \'%asd%\' OR W.works_name like \'%长%\' OR W.keywords like \'%长%\' OR W.works_name like \'%名%\' OR W.keywords like \'%名%\'  )  order by W.add_time desc  LIMIT 0,20',
  ),
  2 => 
  array (
    'error' => 'You have an error in your SQL syntax; check the manual that corresponds to your MySQL server version for the right syntax to use near \'from  W.works_img,W.cat_name,W.collect_count,W.click_count,W.works_name,W.works_\' at line 1',
  ),
  3 => 
  array (
    'errno' => 1064,
  ),
)

2017-09-16 11:29:05





array (
  0 => 
  array (
    'message' => 'MySQL Query Error',
  ),
  1 => 
  array (
    'sql' => 'SELECT count(works_id) as count from `ylt_tp`.`ylt_works`WHERE W.is_show=1 AND W.examine = 1  AND 1=1 AND (  W.works_name like \'%asd%\' OR W.keywords like \'%asd%\' OR W.works_name like \'%长%\' OR W.keywords like \'%长%\' OR W.works_name like \'%名%\' OR W.keywords like \'%名%\'  ) ',
  ),
  2 => 
  array (
    'error' => 'Unknown column \'W.is_show\' in \'where clause\'',
  ),
  3 => 
  array (
    'errno' => 1054,
  ),
)

2017-09-16 15:17:39





array (
  0 => 
  array (
    'message' => 'MySQL Query Error',
  ),
  1 => 
  array (
    'sql' => 'SELECT works_id,cat_name,works_name,click_count,collect_count,works_img FROM  `ylt_tp`.`ylt_supplier` where is_show = 1 and examine = 1 order by add_time desc  LIMIT 0,20',
  ),
  2 => 
  array (
    'error' => 'Unknown column \'works_id\' in \'field list\'',
  ),
  3 => 
  array (
    'errno' => 1054,
  ),
)

2017-09-16 15:17:42





array (
  0 => 
  array (
    'message' => 'MySQL Query Error',
  ),
  1 => 
  array (
    'sql' => 'SELECT works_id,cat_name,works_name,click_count,collect_count,works_img FROM  `ylt_tp`.`ylt_supplier` where is_show = 1 and examine = 1 order by add_time desc  LIMIT 0,20',
  ),
  2 => 
  array (
    'error' => 'Unknown column \'works_id\' in \'field list\'',
  ),
  3 => 
  array (
    'errno' => 1054,
  ),
)

2017-09-16 15:23:04





array (
  0 => 
  array (
    'message' => 'MySQL Query Error',
  ),
  1 => 
  array (
    'sql' => 'SELECT works_id,cat_name,works_name,click_count,collect_count,works_img FROM  `ylt_tp`.`ylt_supplier` where is_show = 1 and examine = 1 order by add_time desc  LIMIT 0,20',
  ),
  2 => 
  array (
    'error' => 'Unknown column \'works_id\' in \'field list\'',
  ),
  3 => 
  array (
    'errno' => 1054,
  ),
)

