2019-01-18 10:27:18





array (
  0 => 
  array (
    'message' => 'MySQL Query Error',
  ),
  1 => 
  array (
    'sql' => 'select goods_id,prom_id,commission_price,is_designer,prom_type,cat_id,goods_sn,goods_name,brand_id,store_count,market_price,shop_price,supplier_id,add_time,goods_type,spec_type,goods_content,goods_remark,attribute,original_img,examine,is_on_sale,sales_sum,prom_id from `ylt_tp`.`ylt_goods` where goods_id=http://www.yilitong.com/mobile/Goods/goodsInfo/id/5046.html',
  ),
  2 => 
  array (
    'error' => 'You have an error in your SQL syntax; check the manual that corresponds to your MySQL server version for the right syntax to use near \'://www.yilitong.com/mobile/Goods/goodsInfo/id/5046.html\' at line 1',
  ),
  3 => 
  array (
    'errno' => 1064,
  ),
)

2019-01-18 10:27:28





array (
  0 => 
  array (
    'message' => 'MySQL Query Error',
  ),
  1 => 
  array (
    'sql' => 'select goods_id,prom_id,commission_price,is_designer,prom_type,cat_id,goods_sn,goods_name,brand_id,store_count,market_price,shop_price,supplier_id,add_time,goods_type,spec_type,goods_content,goods_remark,attribute,original_img,examine,is_on_sale,sales_sum,prom_id from `ylt_tp`.`ylt_goods` where goods_id=http://www.yilitong.com/mobile/Goods/goodsInfo/id/5046.html',
  ),
  2 => 
  array (
    'error' => 'You have an error in your SQL syntax; check the manual that corresponds to your MySQL server version for the right syntax to use near \'://www.yilitong.com/mobile/Goods/goodsInfo/id/5046.html\' at line 1',
  ),
  3 => 
  array (
    'errno' => 1064,
  ),
)

2019-01-18 10:27:56





array (
  0 => 
  array (
    'message' => 'MySQL Query Error',
  ),
  1 => 
  array (
    'sql' => 'select goods_id,prom_id,commission_price,is_designer,prom_type,cat_id,goods_sn,goods_name,brand_id,store_count,market_price,shop_price,supplier_id,add_time,goods_type,spec_type,goods_content,goods_remark,attribute,original_img,examine,is_on_sale,sales_sum,prom_id from `ylt_tp`.`ylt_goods` where goods_id=http://www.yilitong.com/mobile/Goods/goodsInfo/id/5046.html',
  ),
  2 => 
  array (
    'error' => 'You have an error in your SQL syntax; check the manual that corresponds to your MySQL server version for the right syntax to use near \'://www.yilitong.com/mobile/Goods/goodsInfo/id/5046.html\' at line 1',
  ),
  3 => 
  array (
    'errno' => 1064,
  ),
)

2019-01-18 10:32:36





array (
  0 => 
  array (
    'message' => 'MySQL Query Error',
  ),
  1 => 
  array (
    'sql' => 'select goods_id,prom_id,commission_price,is_designer,prom_type,cat_id,goods_sn,goods_name,brand_id,store_count,market_price,shop_price,supplier_id,add_time,goods_type,spec_type,goods_content,goods_remark,attribute,original_img,examine,is_on_sale,sales_sum,prom_id from `ylt_tp`.`ylt_goods` where goods_id=http://www.yilitong.com/mobile/Goods/goodsInfo/id/5046.html',
  ),
  2 => 
  array (
    'error' => 'You have an error in your SQL syntax; check the manual that corresponds to your MySQL server version for the right syntax to use near \'://www.yilitong.com/mobile/Goods/goodsInfo/id/5046.html\' at line 1',
  ),
  3 => 
  array (
    'errno' => 1064,
  ),
)

2019-01-18 10:33:51





array (
  0 => 
  array (
    'message' => 'MySQL Query Error',
  ),
  1 => 
  array (
    'sql' => 'select goods_id,prom_id,commission_price,is_designer,prom_type,cat_id,goods_sn,goods_name,brand_id,store_count,market_price,shop_price,supplier_id,add_time,goods_type,spec_type,goods_content,goods_remark,attribute,original_img,examine,is_on_sale,sales_sum,prom_id from `ylt_tp`.`ylt_goods` where goods_id=http://www.yilitong.com/mobile/Goods/goodsInfo/id/5046.html',
  ),
  2 => 
  array (
    'error' => 'You have an error in your SQL syntax; check the manual that corresponds to your MySQL server version for the right syntax to use near \'://www.yilitong.com/mobile/Goods/goodsInfo/id/5046.html\' at line 1',
  ),
  3 => 
  array (
    'errno' => 1064,
  ),
)

2019-01-18 14:32:29





array (
  0 => 
  array (
    'message' => 'MySQL Query Error',
  ),
  1 => 
  array (
    'sql' => 'select goods_id,prom_id,commission_price,is_designer,prom_type,cat_id,goods_sn,goods_name,brand_id,store_count,market_price,shop_price,supplier_id,add_time,goods_type,spec_type,goods_content,goods_remark,attribute,original_img,examine,is_on_sale,sales_sum,prom_id from `ylt_tp`.`ylt_goods` where goods_id=http://www.yilitong.com/mobile/Goods/goodsInfo/id/5046.html',
  ),
  2 => 
  array (
    'error' => 'You have an error in your SQL syntax; check the manual that corresponds to your MySQL server version for the right syntax to use near \'://www.yilitong.com/mobile/Goods/goodsInfo/id/5046.html\' at line 1',
  ),
  3 => 
  array (
    'errno' => 1064,
  ),
)

2019-01-18 17:05:33





array (
  0 => 
  array (
    'message' => 'MySQL Query Error',
  ),
  1 => 
  array (
    'sql' => 'select goods_id,prom_id,commission_price,is_designer,prom_type,cat_id,goods_sn,goods_name,brand_id,store_count,market_price,shop_price,supplier_id,add_time,goods_type,spec_type,goods_content,goods_remark,attribute,original_img,examine,is_on_sale,sales_sum,prom_id from `ylt_tp`.`ylt_goods` where goods_id=http://www.yilitong.com/mobile/Goods/goodsInfo/id/5046.html',
  ),
  2 => 
  array (
    'error' => 'You have an error in your SQL syntax; check the manual that corresponds to your MySQL server version for the right syntax to use near \'://www.yilitong.com/mobile/Goods/goodsInfo/id/5046.html\' at line 1',
  ),
  3 => 
  array (
    'errno' => 1064,
  ),
)

2019-01-18 17:05:35





array (
  0 => 
  array (
    'message' => 'MySQL Query Error',
  ),
  1 => 
  array (
    'sql' => 'select goods_id,prom_id,commission_price,is_designer,prom_type,cat_id,goods_sn,goods_name,brand_id,store_count,market_price,shop_price,supplier_id,add_time,goods_type,spec_type,goods_content,goods_remark,attribute,original_img,examine,is_on_sale,sales_sum,prom_id from `ylt_tp`.`ylt_goods` where goods_id=http://www.yilitong.com/mobile/Goods/goodsInfo/id/5046.html',
  ),
  2 => 
  array (
    'error' => 'You have an error in your SQL syntax; check the manual that corresponds to your MySQL server version for the right syntax to use near \'://www.yilitong.com/mobile/Goods/goodsInfo/id/5046.html\' at line 1',
  ),
  3 => 
  array (
    'errno' => 1064,
  ),
)

2019-01-18 17:05:35





array (
  0 => 
  array (
    'message' => 'MySQL Query Error',
  ),
  1 => 
  array (
    'sql' => 'select goods_id,prom_id,commission_price,is_designer,prom_type,cat_id,goods_sn,goods_name,brand_id,store_count,market_price,shop_price,supplier_id,add_time,goods_type,spec_type,goods_content,goods_remark,attribute,original_img,examine,is_on_sale,sales_sum,prom_id from `ylt_tp`.`ylt_goods` where goods_id=http://www.yilitong.com/mobile/Goods/goodsInfo/id/5046.html',
  ),
  2 => 
  array (
    'error' => 'You have an error in your SQL syntax; check the manual that corresponds to your MySQL server version for the right syntax to use near \'://www.yilitong.com/mobile/Goods/goodsInfo/id/5046.html\' at line 1',
  ),
  3 => 
  array (
    'errno' => 1064,
  ),
)

2019-01-18 17:05:36





array (
  0 => 
  array (
    'message' => 'MySQL Query Error',
  ),
  1 => 
  array (
    'sql' => 'select goods_id,prom_id,commission_price,is_designer,prom_type,cat_id,goods_sn,goods_name,brand_id,store_count,market_price,shop_price,supplier_id,add_time,goods_type,spec_type,goods_content,goods_remark,attribute,original_img,examine,is_on_sale,sales_sum,prom_id from `ylt_tp`.`ylt_goods` where goods_id=http://www.yilitong.com/mobile/Goods/goodsInfo/id/5046.html',
  ),
  2 => 
  array (
    'error' => 'You have an error in your SQL syntax; check the manual that corresponds to your MySQL server version for the right syntax to use near \'://www.yilitong.com/mobile/Goods/goodsInfo/id/5046.html\' at line 1',
  ),
  3 => 
  array (
    'errno' => 1064,
  ),
)

2019-01-18 17:05:36





array (
  0 => 
  array (
    'message' => 'MySQL Query Error',
  ),
  1 => 
  array (
    'sql' => 'select goods_id,prom_id,commission_price,is_designer,prom_type,cat_id,goods_sn,goods_name,brand_id,store_count,market_price,shop_price,supplier_id,add_time,goods_type,spec_type,goods_content,goods_remark,attribute,original_img,examine,is_on_sale,sales_sum,prom_id from `ylt_tp`.`ylt_goods` where goods_id=http://www.yilitong.com/mobile/Goods/goodsInfo/id/5046.html',
  ),
  2 => 
  array (
    'error' => 'You have an error in your SQL syntax; check the manual that corresponds to your MySQL server version for the right syntax to use near \'://www.yilitong.com/mobile/Goods/goodsInfo/id/5046.html\' at line 1',
  ),
  3 => 
  array (
    'errno' => 1064,
  ),
)

2019-01-18 17:05:37





array (
  0 => 
  array (
    'message' => 'MySQL Query Error',
  ),
  1 => 
  array (
    'sql' => 'select goods_id,prom_id,commission_price,is_designer,prom_type,cat_id,goods_sn,goods_name,brand_id,store_count,market_price,shop_price,supplier_id,add_time,goods_type,spec_type,goods_content,goods_remark,attribute,original_img,examine,is_on_sale,sales_sum,prom_id from `ylt_tp`.`ylt_goods` where goods_id=http://www.yilitong.com/mobile/Goods/goodsInfo/id/5046.html',
  ),
  2 => 
  array (
    'error' => 'You have an error in your SQL syntax; check the manual that corresponds to your MySQL server version for the right syntax to use near \'://www.yilitong.com/mobile/Goods/goodsInfo/id/5046.html\' at line 1',
  ),
  3 => 
  array (
    'errno' => 1064,
  ),
)

2019-01-18 17:05:39





array (
  0 => 
  array (
    'message' => 'MySQL Query Error',
  ),
  1 => 
  array (
    'sql' => 'select goods_id,prom_id,commission_price,is_designer,prom_type,cat_id,goods_sn,goods_name,brand_id,store_count,market_price,shop_price,supplier_id,add_time,goods_type,spec_type,goods_content,goods_remark,attribute,original_img,examine,is_on_sale,sales_sum,prom_id from `ylt_tp`.`ylt_goods` where goods_id=http://www.yilitong.com/mobile/Goods/goodsInfo/id/5046.html',
  ),
  2 => 
  array (
    'error' => 'You have an error in your SQL syntax; check the manual that corresponds to your MySQL server version for the right syntax to use near \'://www.yilitong.com/mobile/Goods/goodsInfo/id/5046.html\' at line 1',
  ),
  3 => 
  array (
    'errno' => 1064,
  ),
)

2019-01-18 17:05:45





array (
  0 => 
  array (
    'message' => 'MySQL Query Error',
  ),
  1 => 
  array (
    'sql' => 'select goods_id,prom_id,commission_price,is_designer,prom_type,cat_id,goods_sn,goods_name,brand_id,store_count,market_price,shop_price,supplier_id,add_time,goods_type,spec_type,goods_content,goods_remark,attribute,original_img,examine,is_on_sale,sales_sum,prom_id from `ylt_tp`.`ylt_goods` where goods_id=http://www.yilitong.com/mobile/Goods/goodsInfo/id/5046.html',
  ),
  2 => 
  array (
    'error' => 'You have an error in your SQL syntax; check the manual that corresponds to your MySQL server version for the right syntax to use near \'://www.yilitong.com/mobile/Goods/goodsInfo/id/5046.html\' at line 1',
  ),
  3 => 
  array (
    'errno' => 1064,
  ),
)

