2017-10-12 15:07:53





array (
  0 => 
  array (
    'message' => 'MySQL Query Error',
  ),
  1 => 
  array (
    'sql' => 'select type,prom_img,app_prom_img,_goods_ids from `ylt_tp`.`ylt_prom_goods` where start_time < 1507792073 and end_time > 1507792073',
  ),
  2 => 
  array (
    'error' => 'Unknown column \'_goods_ids\' in \'field list\'',
  ),
  3 => 
  array (
    'errno' => 1054,
  ),
)

2017-10-12 18:04:27





array (
  0 => 
  array (
    'message' => 'MySQL Query Error',
  ),
  1 => 
  array (
    'sql' => 'select goods_id,is_designer,cat_id,goods_sn,goods_name,brand_id,store_count,market_price,shop_price,supplier_id,add_time,goods_type,spec_type,goods_content,goods_remark,attribute,original_img,shipping_price,examine,is_on_sale,sales_sum,prom_id from `ylt_tp`.`ylt_goods` where goods_id=',
  ),
  2 => 
  array (
    'error' => 'You have an error in your SQL syntax; check the manual that corresponds to your MySQL server version for the right syntax to use near \'\' at line 1',
  ),
  3 => 
  array (
    'errno' => 1064,
  ),
)

