2017-09-21 10:16:06





array (
  0 => 
  array (
    'message' => 'MySQL Query Error',
  ),
  1 => 
  array (
    'sql' => 'select id from `ylt_tp`.`ylt_region` where name=\'?¡¤¡À??3???\'',
  ),
  2 => 
  array (
    'error' => 'Illegal mix of collations (gbk_chinese_ci,IMPLICIT) and (utf8_general_ci,COERCIBLE) for operation \'=\'',
  ),
  3 => 
  array (
    'errno' => 1267,
  ),
)

2017-09-21 10:34:36





array (
  0 => 
  array (
    'message' => 'MySQL Query Error',
  ),
  1 => 
  array (
    'sql' => 'insert into `ylt_tp`.`ylt_withrawals_log` (user_id,money_num,account,real_name,add_time) values (156552,100,\'16315@163.com\',\'å‘¨æ°ä¼¦\',1505961276)',
  ),
  2 => 
  array (
    'error' => 'Table \'ylt_tp.ylt_withrawals_log\' doesn\'t exist',
  ),
  3 => 
  array (
    'errno' => 1146,
  ),
)

2017-09-21 11:14:01





array (
  0 => 
  array (
    'message' => 'MySQL Query Error',
  ),
  1 => 
  array (
    'sql' => 'select logo,supplier_name,supplier_id from `ylt_tp`.`ylt_supplier` where user_id=156552 AND S.is_designer = 1 ',
  ),
  2 => 
  array (
    'error' => 'Unknown column \'S.is_designer\' in \'where clause\'',
  ),
  3 => 
  array (
    'errno' => 1054,
  ),
)

2017-09-21 16:52:14





array (
  0 => 
  array (
    'message' => 'MySQL Query Error',
  ),
  1 => 
  array (
    'sql' => 'select frozen_money,status,allow_time as sign_time,order_sn from`ylt_tp`.`ylt_account_log` where user_id = 156552 and allow_time>=1505983934 and allow_time==0 order by allow_time asc  LIMIT 0,10 ',
  ),
  2 => 
  array (
    'error' => 'You have an error in your SQL syntax; check the manual that corresponds to your MySQL server version for the right syntax to use near \'==0 order by allow_time asc  LIMIT 0,10\' at line 1',
  ),
  3 => 
  array (
    'errno' => 1064,
  ),
)

2017-09-21 17:14:07





array (
  0 => 
  array (
    'message' => 'MySQL Query Error',
  ),
  1 => 
  array (
    'sql' => 'UPDATE `ylt_tp`.`ylt_account_log` set allow_time = 1506590047 and sign_status = 1 WHERE  order_sn=2017092117110978006',
  ),
  2 => 
  array (
    'error' => 'Unknown column \'sign_status\' in \'field list\'',
  ),
  3 => 
  array (
    'errno' => 1054,
  ),
)

2017-09-21 17:36:31





array (
  0 => 
  array (
    'message' => 'MySQL Query Error',
  ),
  1 => 
  array (
    'sql' => 'select sum(frozen_money) from`ylt_tp`.`ylt_account_log` where user_id = 156552 and and ( allow_time>=1505986591 and status=0 ',
  ),
  2 => 
  array (
    'error' => 'You have an error in your SQL syntax; check the manual that corresponds to your MySQL server version for the right syntax to use near \'and ( allow_time>=1505986591 and status=0\' at line 1',
  ),
  3 => 
  array (
    'errno' => 1064,
  ),
)

2017-09-21 17:45:25





array (
  0 => 
  array (
    'message' => 'MySQL Query Error',
  ),
  1 => 
  array (
    'sql' => 'select order_sn,user_id,consignee,country,province,city,district,address,zipcode,mobile,shipping_price from `ylt_tp`.`ylt_order`  where order_id =  and pay_status = 1 and supplier_id =355',
  ),
  2 => 
  array (
    'error' => 'You have an error in your SQL syntax; check the manual that corresponds to your MySQL server version for the right syntax to use near \'and pay_status = 1 and supplier_id =355\' at line 1',
  ),
  3 => 
  array (
    'errno' => 1064,
  ),
)

2017-09-21 18:28:37





array (
  0 => 
  array (
    'message' => 'MySQL Query Error',
  ),
  1 => 
  array (
    'sql' => 'insert into `ylt_tp`.`ylt_account_log` (user_id,money_num,change_time,desc) values (156552,-10,1505989717,\'å‘¨æ°ä¼¦æçŽ°10å…ƒè‡³16315@163.com\')',
  ),
  2 => 
  array (
    'error' => 'You have an error in your SQL syntax; check the manual that corresponds to your MySQL server version for the right syntax to use near \'desc) values (156552,-10,1505989717,\'\\xE5\\x91\\xA8\\xE6\\x9D\\xB0\\xE4\\xBC\\xA6\\xE6\\x8\' at line 1',
  ),
  3 => 
  array (
    'errno' => 1064,
  ),
)

2017-09-21 18:28:55





array (
  0 => 
  array (
    'message' => 'MySQL Query Error',
  ),
  1 => 
  array (
    'sql' => 'insert into `ylt_tp`.`ylt_account_log` (user_id,money_num,change_time,desc) values (156552,-10,1505989735,\'å‘¨æ°ä¼¦æçŽ°10å…ƒè‡³16315@163.com\')',
  ),
  2 => 
  array (
    'error' => 'You have an error in your SQL syntax; check the manual that corresponds to your MySQL server version for the right syntax to use near \'desc) values (156552,-10,1505989735,\'\\xE5\\x91\\xA8\\xE6\\x9D\\xB0\\xE4\\xBC\\xA6\\xE6\\x8\' at line 1',
  ),
  3 => 
  array (
    'errno' => 1064,
  ),
)

2017-09-21 19:21:07





array (
  0 => 
  array (
    'message' => 'MySQL Query Error',
  ),
  1 => 
  array (
    'sql' => ' update `ylt_tp`.`ylt_users` set frozen_money - 0.01 , user_money + 0.01  where user_id=156552',
  ),
  2 => 
  array (
    'error' => 'You have an error in your SQL syntax; check the manual that corresponds to your MySQL server version for the right syntax to use near \'- 0.01 , user_money + 0.01  where user_id=156552\' at line 1',
  ),
  3 => 
  array (
    'errno' => 1064,
  ),
)

2017-09-21 19:58:40





array (
  0 => 
  array (
    'message' => 'MySQL Query Error',
  ),
  1 => 
  array (
    'sql' => 'select supplier_id from `ylt_tp`.`ylt_supplier` where user_id = and is_designer = 1',
  ),
  2 => 
  array (
    'error' => 'You have an error in your SQL syntax; check the manual that corresponds to your MySQL server version for the right syntax to use near \'and is_designer = 1\' at line 1',
  ),
  3 => 
  array (
    'errno' => 1064,
  ),
)

2017-09-21 19:58:40





array (
  0 => 
  array (
    'message' => 'MySQL Query Error',
  ),
  1 => 
  array (
    'sql' => 'select supplier_id from `ylt_tp`.`ylt_supplier` where user_id = and is_designer = 1',
  ),
  2 => 
  array (
    'error' => 'You have an error in your SQL syntax; check the manual that corresponds to your MySQL server version for the right syntax to use near \'and is_designer = 1\' at line 1',
  ),
  3 => 
  array (
    'errno' => 1064,
  ),
)

2017-09-21 19:58:40





array (
  0 => 
  array (
    'message' => 'MySQL Query Error',
  ),
  1 => 
  array (
    'sql' => 'select supplier_id from `ylt_tp`.`ylt_supplier` where user_id = and is_designer = 1',
  ),
  2 => 
  array (
    'error' => 'You have an error in your SQL syntax; check the manual that corresponds to your MySQL server version for the right syntax to use near \'and is_designer = 1\' at line 1',
  ),
  3 => 
  array (
    'errno' => 1064,
  ),
)

2017-09-21 19:58:40





array (
  0 => 
  array (
    'message' => 'MySQL Query Error',
  ),
  1 => 
  array (
    'sql' => 'select supplier_id from `ylt_tp`.`ylt_supplier` where user_id = and is_designer = 1',
  ),
  2 => 
  array (
    'error' => 'You have an error in your SQL syntax; check the manual that corresponds to your MySQL server version for the right syntax to use near \'and is_designer = 1\' at line 1',
  ),
  3 => 
  array (
    'errno' => 1064,
  ),
)

2017-09-21 19:58:40





array (
  0 => 
  array (
    'message' => 'MySQL Query Error',
  ),
  1 => 
  array (
    'sql' => 'select supplier_id from `ylt_tp`.`ylt_supplier` where user_id = and is_designer = 1',
  ),
  2 => 
  array (
    'error' => 'You have an error in your SQL syntax; check the manual that corresponds to your MySQL server version for the right syntax to use near \'and is_designer = 1\' at line 1',
  ),
  3 => 
  array (
    'errno' => 1064,
  ),
)

2017-09-21 19:58:45





array (
  0 => 
  array (
    'message' => 'MySQL Query Error',
  ),
  1 => 
  array (
    'sql' => 'select supplier_id from `ylt_tp`.`ylt_supplier` where user_id = and is_designer = 1',
  ),
  2 => 
  array (
    'error' => 'You have an error in your SQL syntax; check the manual that corresponds to your MySQL server version for the right syntax to use near \'and is_designer = 1\' at line 1',
  ),
  3 => 
  array (
    'errno' => 1064,
  ),
)

2017-09-21 19:58:45





array (
  0 => 
  array (
    'message' => 'MySQL Query Error',
  ),
  1 => 
  array (
    'sql' => 'select supplier_id from `ylt_tp`.`ylt_supplier` where user_id = and is_designer = 1',
  ),
  2 => 
  array (
    'error' => 'You have an error in your SQL syntax; check the manual that corresponds to your MySQL server version for the right syntax to use near \'and is_designer = 1\' at line 1',
  ),
  3 => 
  array (
    'errno' => 1064,
  ),
)

2017-09-21 19:58:45





array (
  0 => 
  array (
    'message' => 'MySQL Query Error',
  ),
  1 => 
  array (
    'sql' => 'select supplier_id from `ylt_tp`.`ylt_supplier` where user_id = and is_designer = 1',
  ),
  2 => 
  array (
    'error' => 'You have an error in your SQL syntax; check the manual that corresponds to your MySQL server version for the right syntax to use near \'and is_designer = 1\' at line 1',
  ),
  3 => 
  array (
    'errno' => 1064,
  ),
)

2017-09-21 19:58:45





array (
  0 => 
  array (
    'message' => 'MySQL Query Error',
  ),
  1 => 
  array (
    'sql' => 'select supplier_id from `ylt_tp`.`ylt_supplier` where user_id = and is_designer = 1',
  ),
  2 => 
  array (
    'error' => 'You have an error in your SQL syntax; check the manual that corresponds to your MySQL server version for the right syntax to use near \'and is_designer = 1\' at line 1',
  ),
  3 => 
  array (
    'errno' => 1064,
  ),
)

2017-09-21 19:58:45





array (
  0 => 
  array (
    'message' => 'MySQL Query Error',
  ),
  1 => 
  array (
    'sql' => 'select supplier_id from `ylt_tp`.`ylt_supplier` where user_id = and is_designer = 1',
  ),
  2 => 
  array (
    'error' => 'You have an error in your SQL syntax; check the manual that corresponds to your MySQL server version for the right syntax to use near \'and is_designer = 1\' at line 1',
  ),
  3 => 
  array (
    'errno' => 1064,
  ),
)

2017-09-21 19:58:48





array (
  0 => 
  array (
    'message' => 'MySQL Query Error',
  ),
  1 => 
  array (
    'sql' => 'select supplier_id from `ylt_tp`.`ylt_supplier` where user_id = and is_designer = 1',
  ),
  2 => 
  array (
    'error' => 'You have an error in your SQL syntax; check the manual that corresponds to your MySQL server version for the right syntax to use near \'and is_designer = 1\' at line 1',
  ),
  3 => 
  array (
    'errno' => 1064,
  ),
)

2017-09-21 19:58:52





array (
  0 => 
  array (
    'message' => 'MySQL Query Error',
  ),
  1 => 
  array (
    'sql' => 'select supplier_id from `ylt_tp`.`ylt_supplier` where user_id = and is_designer = 1',
  ),
  2 => 
  array (
    'error' => 'You have an error in your SQL syntax; check the manual that corresponds to your MySQL server version for the right syntax to use near \'and is_designer = 1\' at line 1',
  ),
  3 => 
  array (
    'errno' => 1064,
  ),
)

2017-09-21 19:58:52





array (
  0 => 
  array (
    'message' => 'MySQL Query Error',
  ),
  1 => 
  array (
    'sql' => 'select supplier_id from `ylt_tp`.`ylt_supplier` where user_id = and is_designer = 1',
  ),
  2 => 
  array (
    'error' => 'You have an error in your SQL syntax; check the manual that corresponds to your MySQL server version for the right syntax to use near \'and is_designer = 1\' at line 1',
  ),
  3 => 
  array (
    'errno' => 1064,
  ),
)

2017-09-21 19:58:52





array (
  0 => 
  array (
    'message' => 'MySQL Query Error',
  ),
  1 => 
  array (
    'sql' => 'select supplier_id from `ylt_tp`.`ylt_supplier` where user_id = and is_designer = 1',
  ),
  2 => 
  array (
    'error' => 'You have an error in your SQL syntax; check the manual that corresponds to your MySQL server version for the right syntax to use near \'and is_designer = 1\' at line 1',
  ),
  3 => 
  array (
    'errno' => 1064,
  ),
)

2017-09-21 19:58:52





array (
  0 => 
  array (
    'message' => 'MySQL Query Error',
  ),
  1 => 
  array (
    'sql' => 'select supplier_id from `ylt_tp`.`ylt_supplier` where user_id = and is_designer = 1',
  ),
  2 => 
  array (
    'error' => 'You have an error in your SQL syntax; check the manual that corresponds to your MySQL server version for the right syntax to use near \'and is_designer = 1\' at line 1',
  ),
  3 => 
  array (
    'errno' => 1064,
  ),
)

2017-09-21 19:58:52





array (
  0 => 
  array (
    'message' => 'MySQL Query Error',
  ),
  1 => 
  array (
    'sql' => 'select supplier_id from `ylt_tp`.`ylt_supplier` where user_id = and is_designer = 1',
  ),
  2 => 
  array (
    'error' => 'You have an error in your SQL syntax; check the manual that corresponds to your MySQL server version for the right syntax to use near \'and is_designer = 1\' at line 1',
  ),
  3 => 
  array (
    'errno' => 1064,
  ),
)

2017-09-21 21:18:01





array (
  0 => 
  array (
    'message' => 'MySQL Query Error',
  ),
  1 => 
  array (
    'sql' => 'select * from where `ylt_tp`.`ylt_back_goods` back_id = 144',
  ),
  2 => 
  array (
    'error' => 'You have an error in your SQL syntax; check the manual that corresponds to your MySQL server version for the right syntax to use near \'where `ylt_tp`.`ylt_back_goods` back_id = 144\' at line 1',
  ),
  3 => 
  array (
    'errno' => 1064,
  ),
)

2017-09-21 21:20:41





array (
  0 => 
  array (
    'message' => 'MySQL Query Error',
  ),
  1 => 
  array (
    'sql' => 'select B.goods_id,B.goods_name,B.money,G.original_img from  `ylt_tp`.`ylt_back_goods` as B left join `ylt_tp`.`ylt_back_goods` as G on B.goods_id = G.goods_id where B.back_id = 144',
  ),
  2 => 
  array (
    'error' => 'Unknown column \'G.original_img\' in \'field list\'',
  ),
  3 => 
  array (
    'errno' => 1054,
  ),
)

2017-09-21 21:20:41





array (
  0 => 
  array (
    'message' => 'MySQL Query Error',
  ),
  1 => 
  array (
    'sql' => 'select B.goods_id,B.goods_name,B.money,G.original_img from  `ylt_tp`.`ylt_back_goods` as B left join `ylt_tp`.`ylt_back_goods` as G on B.goods_id = G.goods_id where B.back_id = 144',
  ),
  2 => 
  array (
    'error' => 'Unknown column \'G.original_img\' in \'field list\'',
  ),
  3 => 
  array (
    'errno' => 1054,
  ),
)

2017-09-21 21:29:05





array (
  0 => 
  array (
    'message' => 'MySQL Query Error',
  ),
  1 => 
  array (
    'sql' => 'select B.goods_id,B.goods_name,B.money,G.original_img from  `ylt_tp`.`ylt_back_goods` as B left join `ylt_tp`.`ylt_goods` as G on B.goods_id = G.goods_id where B.back_id = ',
  ),
  2 => 
  array (
    'error' => 'You have an error in your SQL syntax; check the manual that corresponds to your MySQL server version for the right syntax to use near \'\' at line 1',
  ),
  3 => 
  array (
    'errno' => 1064,
  ),
)

2017-09-21 22:00:19





array (
  0 => 
  array (
    'message' => 'MySQL Query Error',
  ),
  1 => 
  array (
    'sql' => 'select * from `ylt_tp`.`ylt_back_order` where supplier_id =  and id =144',
  ),
  2 => 
  array (
    'error' => 'You have an error in your SQL syntax; check the manual that corresponds to your MySQL server version for the right syntax to use near \'and id =144\' at line 1',
  ),
  3 => 
  array (
    'errno' => 1064,
  ),
)

2017-09-21 22:00:54





array (
  0 => 
  array (
    'message' => 'MySQL Query Error',
  ),
  1 => 
  array (
    'sql' => 'select supplier_id from `ylt_tp`.`ylt_supplier` where user_id =  and is_designer = 1',
  ),
  2 => 
  array (
    'error' => 'You have an error in your SQL syntax; check the manual that corresponds to your MySQL server version for the right syntax to use near \'and is_designer = 1\' at line 1',
  ),
  3 => 
  array (
    'errno' => 1064,
  ),
)

2017-09-21 22:01:02





array (
  0 => 
  array (
    'message' => 'MySQL Query Error',
  ),
  1 => 
  array (
    'sql' => 'select supplier_id from `ylt_tp`.`ylt_supplier` where user_id =  and is_designer = 1',
  ),
  2 => 
  array (
    'error' => 'You have an error in your SQL syntax; check the manual that corresponds to your MySQL server version for the right syntax to use near \'and is_designer = 1\' at line 1',
  ),
  3 => 
  array (
    'errno' => 1064,
  ),
)

