2018-07-21 00:35:19





array (
  0 => 
  array (
    'message' => 'MySQL Query Error',
  ),
  1 => 
  array (
    'sql' => 'SELECT A.media_type,A.switch_time,A.ad_name,A.ad_link,A.ad_code as image FROM `ylt_tp`.`ylt_ad_position` as P left join `ylt_tp`.`ylt_ad` as A ON P.position_id=A.pid where A.enabled=1 AND P.position_id=12 AND P.is_open=1  AND A.start_time<= 1532104519 AND A.end_time>=1532104519 order by A.orderby DESC',
  ),
  2 => 
  array (
    'error' => 'Table \'ylt_tp.ylt_ad\' doesn\'t exist',
  ),
  3 => 
  array (
    'errno' => 1146,
  ),
)

2018-07-21 00:35:20





array (
  0 => 
  array (
    'message' => 'MySQL Query Error',
  ),
  1 => 
  array (
    'sql' => 'SELECT A.switch_time,A.ad_name,A.ad_link,A.ad_code,A.act_id,A.cate_id FROM `ylt_tp`.`ylt_ad_position` as P left join `ylt_tp`.`ylt_ad` as A ON P.position_id=A.pid where A.enabled=1 AND P.position_id=37 AND P.is_open=1 order by A.orderby DESC',
  ),
  2 => 
  array (
    'error' => 'Table \'ylt_tp.ylt_ad\' doesn\'t exist',
  ),
  3 => 
  array (
    'errno' => 1146,
  ),
)

2018-07-21 00:35:20





array (
  0 => 
  array (
    'message' => 'MySQL Query Error',
  ),
  1 => 
  array (
    'sql' => 'SELECT A.media_type,A.switch_time,A.ad_name,A.ad_link,A.ad_code as image FROM `ylt_tp`.`ylt_ad_position` as P left join `ylt_tp`.`ylt_ad` as A ON P.position_id=A.pid where A.enabled=1 AND P.position_id=12 AND P.is_open=1  AND A.start_time<= 1532104520 AND A.end_time>=1532104520 order by A.orderby DESC',
  ),
  2 => 
  array (
    'error' => 'Table \'ylt_tp.ylt_ad\' doesn\'t exist',
  ),
  3 => 
  array (
    'errno' => 1146,
  ),
)

2018-07-21 09:04:22





array (
  0 => 
  array (
    'message' => 'MySQL Query Error',
  ),
  1 => 
  array (
    'sql' => 'SELECT A.switch_time,A.ad_name,A.ad_link,A.ad_code,A.act_id,A.cate_id FROM `ylt_tp`.`ylt_ad_position` as P left join `ylt_tp`.`ylt_ad` as A ON P.position_id=A.pid where A.enabled=1 AND P.position_id=37 AND P.is_open=1 order by A.orderby DESC',
  ),
  2 => 
  array (
    'error' => 'Table \'ylt_tp.ylt_ad\' doesn\'t exist',
  ),
  3 => 
  array (
    'errno' => 1146,
  ),
)

2018-07-21 09:04:25





array (
  0 => 
  array (
    'message' => 'MySQL Query Error',
  ),
  1 => 
  array (
    'sql' => 'SELECT A.ad_name,A.ad_link,A.ad_code,A.act_id,A.cate_id FROM `ylt_tp`.`ylt_ad_position` as P left join `ylt_tp`.`ylt_ad` as A ON P.position_id=A.pid where A.enabled=1 AND P.position_id=38 AND P.is_open=1 order by A.orderby DESC',
  ),
  2 => 
  array (
    'error' => 'Table \'ylt_tp.ylt_ad\' doesn\'t exist',
  ),
  3 => 
  array (
    'errno' => 1146,
  ),
)

2018-07-21 13:02:22





array (
  0 => 
  array (
    'message' => 'MySQL Query Error',
  ),
  1 => 
  array (
    'sql' => 'SELECT A.media_type,A.switch_time,A.ad_name,A.ad_link,A.ad_code as image FROM `ylt_tp`.`ylt_ad_position` as P left join `ylt_tp`.`ylt_ad` as A ON P.position_id=A.pid where A.enabled=1 AND P.position_id=12 AND P.is_open=1  AND A.start_time<= 1532149342 AND A.end_time>=1532149342 order by A.orderby DESC',
  ),
  2 => 
  array (
    'error' => 'Table \'ylt_tp.ylt_ad\' doesn\'t exist',
  ),
  3 => 
  array (
    'errno' => 1146,
  ),
)

2018-07-21 13:02:22





array (
  0 => 
  array (
    'message' => 'MySQL Query Error',
  ),
  1 => 
  array (
    'sql' => 'SELECT A.switch_time,A.ad_name,A.ad_link,A.ad_code,A.act_id,A.cate_id FROM `ylt_tp`.`ylt_ad_position` as P left join `ylt_tp`.`ylt_ad` as A ON P.position_id=A.pid where A.enabled=1 AND P.position_id=37 AND P.is_open=1 order by A.orderby DESC',
  ),
  2 => 
  array (
    'error' => 'Table \'ylt_tp.ylt_ad\' doesn\'t exist',
  ),
  3 => 
  array (
    'errno' => 1146,
  ),
)

2018-07-21 13:02:22





array (
  0 => 
  array (
    'message' => 'MySQL Query Error',
  ),
  1 => 
  array (
    'sql' => 'SELECT A.media_type,A.switch_time,A.ad_name,A.ad_link,A.ad_code as image FROM `ylt_tp`.`ylt_ad_position` as P left join `ylt_tp`.`ylt_ad` as A ON P.position_id=A.pid where A.enabled=1 AND P.position_id=12 AND P.is_open=1  AND A.start_time<= 1532149342 AND A.end_time>=1532149342 order by A.orderby DESC',
  ),
  2 => 
  array (
    'error' => 'Table \'ylt_tp.ylt_ad\' doesn\'t exist',
  ),
  3 => 
  array (
    'errno' => 1146,
  ),
)

2018-07-21 13:15:42





array (
  0 => 
  array (
    'message' => 'MySQL Query Error',
  ),
  1 => 
  array (
    'sql' => 'SELECT A.switch_time,A.ad_name,A.ad_link,A.ad_code,A.act_id,A.cate_id FROM `ylt_tp`.`ylt_ad_position` as P left join `ylt_tp`.`ylt_ad` as A ON P.position_id=A.pid where A.enabled=1 AND P.position_id=37 AND P.is_open=1 order by A.orderby DESC',
  ),
  2 => 
  array (
    'error' => 'Table \'ylt_tp.ylt_ad\' doesn\'t exist',
  ),
  3 => 
  array (
    'errno' => 1146,
  ),
)

2018-07-21 14:04:50





array (
  0 => 
  array (
    'message' => 'MySQL Query Error',
  ),
  1 => 
  array (
    'sql' => 'SELECT A.switch_time,A.ad_name,A.ad_link,A.ad_code,A.act_id,A.cate_id FROM `ylt_tp`.`ylt_ad_position` as P left join `ylt_tp`.`ylt_ad` as A ON P.position_id=A.pid where A.enabled=1 AND P.position_id=37 AND P.is_open=1 order by A.orderby DESC',
  ),
  2 => 
  array (
    'error' => 'Table \'ylt_tp.ylt_ad\' doesn\'t exist',
  ),
  3 => 
  array (
    'errno' => 1146,
  ),
)

2018-07-21 14:04:54





array (
  0 => 
  array (
    'message' => 'MySQL Query Error',
  ),
  1 => 
  array (
    'sql' => 'SELECT A.media_type,A.switch_time,A.ad_name,A.ad_link,A.ad_code as image FROM `ylt_tp`.`ylt_ad_position` as P left join `ylt_tp`.`ylt_ad` as A ON P.position_id=A.pid where A.enabled=1 AND P.position_id=12 AND P.is_open=1  AND A.start_time<= 1532153094 AND A.end_time>=1532153094 order by A.orderby DESC',
  ),
  2 => 
  array (
    'error' => 'Table \'ylt_tp.ylt_ad\' doesn\'t exist',
  ),
  3 => 
  array (
    'errno' => 1146,
  ),
)

2018-07-21 14:05:09





array (
  0 => 
  array (
    'message' => 'MySQL Query Error',
  ),
  1 => 
  array (
    'sql' => 'SELECT A.switch_time,A.ad_name,A.ad_link,A.ad_code,A.act_id,A.cate_id FROM `ylt_tp`.`ylt_ad_position` as P left join `ylt_tp`.`ylt_ad` as A ON P.position_id=A.pid where A.enabled=1 AND P.position_id=37 AND P.is_open=1 order by A.orderby DESC',
  ),
  2 => 
  array (
    'error' => 'Table \'ylt_tp.ylt_ad\' doesn\'t exist',
  ),
  3 => 
  array (
    'errno' => 1146,
  ),
)

2018-07-21 14:05:12





array (
  0 => 
  array (
    'message' => 'MySQL Query Error',
  ),
  1 => 
  array (
    'sql' => 'SELECT A.media_type,A.switch_time,A.ad_name,A.ad_link,A.ad_code as image FROM `ylt_tp`.`ylt_ad_position` as P left join `ylt_tp`.`ylt_ad` as A ON P.position_id=A.pid where A.enabled=1 AND P.position_id=12 AND P.is_open=1  AND A.start_time<= 1532153112 AND A.end_time>=1532153112 order by A.orderby DESC',
  ),
  2 => 
  array (
    'error' => 'Table \'ylt_tp.ylt_ad\' doesn\'t exist',
  ),
  3 => 
  array (
    'errno' => 1146,
  ),
)

2018-07-21 14:36:58





array (
  0 => 
  array (
    'message' => 'MySQL Query Error',
  ),
  1 => 
  array (
    'sql' => 'SELECT A.media_type,A.switch_time,A.ad_name,A.ad_link,A.ad_code as image FROM `ylt_tp`.`ylt_ad_position` as P left join `ylt_tp`.`ylt_ad` as A ON P.position_id=A.pid where A.enabled=1 AND P.position_id=12 AND P.is_open=1  AND A.start_time<= 1532155018 AND A.end_time>=1532155018 order by A.orderby DESC',
  ),
  2 => 
  array (
    'error' => 'Table \'ylt_tp.ylt_ad\' doesn\'t exist',
  ),
  3 => 
  array (
    'errno' => 1146,
  ),
)

2018-07-21 14:36:58





array (
  0 => 
  array (
    'message' => 'MySQL Query Error',
  ),
  1 => 
  array (
    'sql' => 'SELECT A.switch_time,A.ad_name,A.ad_link,A.ad_code,A.act_id,A.cate_id FROM `ylt_tp`.`ylt_ad_position` as P left join `ylt_tp`.`ylt_ad` as A ON P.position_id=A.pid where A.enabled=1 AND P.position_id=37 AND P.is_open=1 order by A.orderby DESC',
  ),
  2 => 
  array (
    'error' => 'Table \'ylt_tp.ylt_ad\' doesn\'t exist',
  ),
  3 => 
  array (
    'errno' => 1146,
  ),
)

2018-07-21 14:36:58





array (
  0 => 
  array (
    'message' => 'MySQL Query Error',
  ),
  1 => 
  array (
    'sql' => 'SELECT A.media_type,A.switch_time,A.ad_name,A.ad_link,A.ad_code as image FROM `ylt_tp`.`ylt_ad_position` as P left join `ylt_tp`.`ylt_ad` as A ON P.position_id=A.pid where A.enabled=1 AND P.position_id=12 AND P.is_open=1  AND A.start_time<= 1532155018 AND A.end_time>=1532155018 order by A.orderby DESC',
  ),
  2 => 
  array (
    'error' => 'Table \'ylt_tp.ylt_ad\' doesn\'t exist',
  ),
  3 => 
  array (
    'errno' => 1146,
  ),
)

2018-07-21 14:37:03





array (
  0 => 
  array (
    'message' => 'MySQL Query Error',
  ),
  1 => 
  array (
    'sql' => 'SELECT A.media_type,A.switch_time,A.ad_name,A.ad_link,A.ad_code as image FROM `ylt_tp`.`ylt_ad_position` as P left join `ylt_tp`.`ylt_ad` as A ON P.position_id=A.pid where A.enabled=1 AND P.position_id=12 AND P.is_open=1  AND A.start_time<= 1532155023 AND A.end_time>=1532155023 order by A.orderby DESC',
  ),
  2 => 
  array (
    'error' => 'Table \'ylt_tp.ylt_ad\' doesn\'t exist',
  ),
  3 => 
  array (
    'errno' => 1146,
  ),
)

2018-07-21 16:35:58





array (
  0 => 
  array (
    'message' => 'MySQL Query Error',
  ),
  1 => 
  array (
    'sql' => 'SELECT A.media_type,A.switch_time,A.ad_name,A.ad_link,A.ad_code as image FROM `ylt_tp`.`ylt_ad_position` as P left join `ylt_tp`.`ylt_ad` as A ON P.position_id=A.pid where A.enabled=1 AND P.position_id=12 AND P.is_open=1  AND A.start_time<= 1532162158 AND A.end_time>=1532162158 order by A.orderby DESC',
  ),
  2 => 
  array (
    'error' => 'Table \'ylt_tp.ylt_ad\' doesn\'t exist',
  ),
  3 => 
  array (
    'errno' => 1146,
  ),
)

2018-07-21 16:35:58





array (
  0 => 
  array (
    'message' => 'MySQL Query Error',
  ),
  1 => 
  array (
    'sql' => 'SELECT A.switch_time,A.ad_name,A.ad_link,A.ad_code,A.act_id,A.cate_id FROM `ylt_tp`.`ylt_ad_position` as P left join `ylt_tp`.`ylt_ad` as A ON P.position_id=A.pid where A.enabled=1 AND P.position_id=37 AND P.is_open=1 order by A.orderby DESC',
  ),
  2 => 
  array (
    'error' => 'Table \'ylt_tp.ylt_ad\' doesn\'t exist',
  ),
  3 => 
  array (
    'errno' => 1146,
  ),
)

2018-07-21 16:35:58





array (
  0 => 
  array (
    'message' => 'MySQL Query Error',
  ),
  1 => 
  array (
    'sql' => 'SELECT A.media_type,A.switch_time,A.ad_name,A.ad_link,A.ad_code as image FROM `ylt_tp`.`ylt_ad_position` as P left join `ylt_tp`.`ylt_ad` as A ON P.position_id=A.pid where A.enabled=1 AND P.position_id=12 AND P.is_open=1  AND A.start_time<= 1532162158 AND A.end_time>=1532162158 order by A.orderby DESC',
  ),
  2 => 
  array (
    'error' => 'Table \'ylt_tp.ylt_ad\' doesn\'t exist',
  ),
  3 => 
  array (
    'errno' => 1146,
  ),
)

2018-07-21 16:36:13





array (
  0 => 
  array (
    'message' => 'MySQL Query Error',
  ),
  1 => 
  array (
    'sql' => 'SELECT A.media_type,A.switch_time,A.ad_name,A.ad_link,A.ad_code as image FROM `ylt_tp`.`ylt_ad_position` as P left join `ylt_tp`.`ylt_ad` as A ON P.position_id=A.pid where A.enabled=1 AND P.position_id=12 AND P.is_open=1  AND A.start_time<= 1532162173 AND A.end_time>=1532162173 order by A.orderby DESC',
  ),
  2 => 
  array (
    'error' => 'Table \'ylt_tp.ylt_ad\' doesn\'t exist',
  ),
  3 => 
  array (
    'errno' => 1146,
  ),
)

2018-07-21 16:51:45





array (
  0 => 
  array (
    'message' => 'MySQL Query Error',
  ),
  1 => 
  array (
    'sql' => 'SELECT A.media_type,A.switch_time,A.ad_name,A.ad_link,A.ad_code as image FROM `ylt_tp`.`ylt_ad_position` as P left join `ylt_tp`.`ylt_ad` as A ON P.position_id=A.pid where A.enabled=1 AND P.position_id=12 AND P.is_open=1  AND A.start_time<= 1532163105 AND A.end_time>=1532163105 order by A.orderby DESC',
  ),
  2 => 
  array (
    'error' => 'Table \'ylt_tp.ylt_ad\' doesn\'t exist',
  ),
  3 => 
  array (
    'errno' => 1146,
  ),
)

2018-07-21 21:17:39





array (
  0 => 
  array (
    'message' => 'MySQL Query Error',
  ),
  1 => 
  array (
    'sql' => 'SELECT A.switch_time,A.ad_name,A.ad_link,A.ad_code,A.act_id,A.cate_id FROM `ylt_tp`.`ylt_ad_position` as P left join `ylt_tp`.`ylt_ad` as A ON P.position_id=A.pid where A.enabled=1 AND P.position_id=37 AND P.is_open=1 order by A.orderby DESC',
  ),
  2 => 
  array (
    'error' => 'Table \'ylt_tp.ylt_ad\' doesn\'t exist',
  ),
  3 => 
  array (
    'errno' => 1146,
  ),
)

2018-07-21 21:17:42





array (
  0 => 
  array (
    'message' => 'MySQL Query Error',
  ),
  1 => 
  array (
    'sql' => 'SELECT A.media_type,A.switch_time,A.ad_name,A.ad_link,A.ad_code as image FROM `ylt_tp`.`ylt_ad_position` as P left join `ylt_tp`.`ylt_ad` as A ON P.position_id=A.pid where A.enabled=1 AND P.position_id=12 AND P.is_open=1  AND A.start_time<= 1532179062 AND A.end_time>=1532179062 order by A.orderby DESC',
  ),
  2 => 
  array (
    'error' => 'Table \'ylt_tp.ylt_ad\' doesn\'t exist',
  ),
  3 => 
  array (
    'errno' => 1146,
  ),
)

2018-07-21 21:17:50





array (
  0 => 
  array (
    'message' => 'MySQL Query Error',
  ),
  1 => 
  array (
    'sql' => 'SELECT A.switch_time,A.ad_name,A.ad_link,A.ad_code,A.act_id,A.cate_id FROM `ylt_tp`.`ylt_ad_position` as P left join `ylt_tp`.`ylt_ad` as A ON P.position_id=A.pid where A.enabled=1 AND P.position_id=37 AND P.is_open=1 order by A.orderby DESC',
  ),
  2 => 
  array (
    'error' => 'Table \'ylt_tp.ylt_ad\' doesn\'t exist',
  ),
  3 => 
  array (
    'errno' => 1146,
  ),
)

2018-07-21 21:17:53





array (
  0 => 
  array (
    'message' => 'MySQL Query Error',
  ),
  1 => 
  array (
    'sql' => 'SELECT A.media_type,A.switch_time,A.ad_name,A.ad_link,A.ad_code as image FROM `ylt_tp`.`ylt_ad_position` as P left join `ylt_tp`.`ylt_ad` as A ON P.position_id=A.pid where A.enabled=1 AND P.position_id=12 AND P.is_open=1  AND A.start_time<= 1532179073 AND A.end_time>=1532179073 order by A.orderby DESC',
  ),
  2 => 
  array (
    'error' => 'Table \'ylt_tp.ylt_ad\' doesn\'t exist',
  ),
  3 => 
  array (
    'errno' => 1146,
  ),
)

2018-07-21 21:18:00





array (
  0 => 
  array (
    'message' => 'MySQL Query Error',
  ),
  1 => 
  array (
    'sql' => 'SELECT A.switch_time,A.ad_name,A.ad_link,A.ad_code,A.act_id,A.cate_id FROM `ylt_tp`.`ylt_ad_position` as P left join `ylt_tp`.`ylt_ad` as A ON P.position_id=A.pid where A.enabled=1 AND P.position_id=37 AND P.is_open=1 order by A.orderby DESC',
  ),
  2 => 
  array (
    'error' => 'Table \'ylt_tp.ylt_ad\' doesn\'t exist',
  ),
  3 => 
  array (
    'errno' => 1146,
  ),
)

2018-07-21 21:18:03





array (
  0 => 
  array (
    'message' => 'MySQL Query Error',
  ),
  1 => 
  array (
    'sql' => 'SELECT A.media_type,A.switch_time,A.ad_name,A.ad_link,A.ad_code as image FROM `ylt_tp`.`ylt_ad_position` as P left join `ylt_tp`.`ylt_ad` as A ON P.position_id=A.pid where A.enabled=1 AND P.position_id=12 AND P.is_open=1  AND A.start_time<= 1532179083 AND A.end_time>=1532179083 order by A.orderby DESC',
  ),
  2 => 
  array (
    'error' => 'Table \'ylt_tp.ylt_ad\' doesn\'t exist',
  ),
  3 => 
  array (
    'errno' => 1146,
  ),
)

2018-07-21 21:18:11





array (
  0 => 
  array (
    'message' => 'MySQL Query Error',
  ),
  1 => 
  array (
    'sql' => 'SELECT A.switch_time,A.ad_name,A.ad_link,A.ad_code,A.act_id,A.cate_id FROM `ylt_tp`.`ylt_ad_position` as P left join `ylt_tp`.`ylt_ad` as A ON P.position_id=A.pid where A.enabled=1 AND P.position_id=37 AND P.is_open=1 order by A.orderby DESC',
  ),
  2 => 
  array (
    'error' => 'Table \'ylt_tp.ylt_ad\' doesn\'t exist',
  ),
  3 => 
  array (
    'errno' => 1146,
  ),
)

2018-07-21 21:18:14





array (
  0 => 
  array (
    'message' => 'MySQL Query Error',
  ),
  1 => 
  array (
    'sql' => 'SELECT A.media_type,A.switch_time,A.ad_name,A.ad_link,A.ad_code as image FROM `ylt_tp`.`ylt_ad_position` as P left join `ylt_tp`.`ylt_ad` as A ON P.position_id=A.pid where A.enabled=1 AND P.position_id=12 AND P.is_open=1  AND A.start_time<= 1532179094 AND A.end_time>=1532179094 order by A.orderby DESC',
  ),
  2 => 
  array (
    'error' => 'Table \'ylt_tp.ylt_ad\' doesn\'t exist',
  ),
  3 => 
  array (
    'errno' => 1146,
  ),
)

2018-07-21 21:19:04





array (
  0 => 
  array (
    'message' => 'MySQL Query Error',
  ),
  1 => 
  array (
    'sql' => 'SELECT A.switch_time,A.ad_name,A.ad_link,A.ad_code,A.act_id,A.cate_id FROM `ylt_tp`.`ylt_ad_position` as P left join `ylt_tp`.`ylt_ad` as A ON P.position_id=A.pid where A.enabled=1 AND P.position_id=37 AND P.is_open=1 order by A.orderby DESC',
  ),
  2 => 
  array (
    'error' => 'Table \'ylt_tp.ylt_ad\' doesn\'t exist',
  ),
  3 => 
  array (
    'errno' => 1146,
  ),
)

2018-07-21 21:19:08





array (
  0 => 
  array (
    'message' => 'MySQL Query Error',
  ),
  1 => 
  array (
    'sql' => 'SELECT A.media_type,A.switch_time,A.ad_name,A.ad_link,A.ad_code as image FROM `ylt_tp`.`ylt_ad_position` as P left join `ylt_tp`.`ylt_ad` as A ON P.position_id=A.pid where A.enabled=1 AND P.position_id=12 AND P.is_open=1  AND A.start_time<= 1532179148 AND A.end_time>=1532179148 order by A.orderby DESC',
  ),
  2 => 
  array (
    'error' => 'Table \'ylt_tp.ylt_ad\' doesn\'t exist',
  ),
  3 => 
  array (
    'errno' => 1146,
  ),
)

2018-07-21 21:19:21





array (
  0 => 
  array (
    'message' => 'MySQL Query Error',
  ),
  1 => 
  array (
    'sql' => 'SELECT A.switch_time,A.ad_name,A.ad_link,A.ad_code,A.act_id,A.cate_id FROM `ylt_tp`.`ylt_ad_position` as P left join `ylt_tp`.`ylt_ad` as A ON P.position_id=A.pid where A.enabled=1 AND P.position_id=37 AND P.is_open=1 order by A.orderby DESC',
  ),
  2 => 
  array (
    'error' => 'Table \'ylt_tp.ylt_ad\' doesn\'t exist',
  ),
  3 => 
  array (
    'errno' => 1146,
  ),
)

2018-07-21 21:19:25





array (
  0 => 
  array (
    'message' => 'MySQL Query Error',
  ),
  1 => 
  array (
    'sql' => 'SELECT A.media_type,A.switch_time,A.ad_name,A.ad_link,A.ad_code as image FROM `ylt_tp`.`ylt_ad_position` as P left join `ylt_tp`.`ylt_ad` as A ON P.position_id=A.pid where A.enabled=1 AND P.position_id=12 AND P.is_open=1  AND A.start_time<= 1532179165 AND A.end_time>=1532179165 order by A.orderby DESC',
  ),
  2 => 
  array (
    'error' => 'Table \'ylt_tp.ylt_ad\' doesn\'t exist',
  ),
  3 => 
  array (
    'errno' => 1146,
  ),
)

