2019-01-08 15:08:12





array (
  0 => 
  array (
    'message' => 'MySQL Query Error',
  ),
  1 => 
  array (
    'sql' => 'select goods_id,prom_id,commission_price,is_designer,prom_type,cat_id,goods_sn,goods_name,brand_id,store_count,market_price,shop_price,supplier_id,add_time,goods_type,spec_type,goods_content,goods_remark,attribute,original_img,examine,is_on_sale,sales_sum,prom_id from `ylt_tp`.`ylt_goods` where goods_id=http://www.yilitong.com/mobile/Goods/goodsInfo/id/5046.html',
  ),
  2 => 
  array (
    'error' => 'You have an error in your SQL syntax; check the manual that corresponds to your MySQL server version for the right syntax to use near \'://www.yilitong.com/mobile/Goods/goodsInfo/id/5046.html\' at line 1',
  ),
  3 => 
  array (
    'errno' => 1064,
  ),
)

2019-01-08 15:08:17





array (
  0 => 
  array (
    'message' => 'MySQL Query Error',
  ),
  1 => 
  array (
    'sql' => 'select goods_id,prom_id,commission_price,is_designer,prom_type,cat_id,goods_sn,goods_name,brand_id,store_count,market_price,shop_price,supplier_id,add_time,goods_type,spec_type,goods_content,goods_remark,attribute,original_img,examine,is_on_sale,sales_sum,prom_id from `ylt_tp`.`ylt_goods` where goods_id=http://www.yilitong.com/mobile/Activity/discount/id/1.html',
  ),
  2 => 
  array (
    'error' => 'You have an error in your SQL syntax; check the manual that corresponds to your MySQL server version for the right syntax to use near \'://www.yilitong.com/mobile/Activity/discount/id/1.html\' at line 1',
  ),
  3 => 
  array (
    'errno' => 1064,
  ),
)

2019-01-08 15:08:20





array (
  0 => 
  array (
    'message' => 'MySQL Query Error',
  ),
  1 => 
  array (
    'sql' => 'select goods_id,prom_id,commission_price,is_designer,prom_type,cat_id,goods_sn,goods_name,brand_id,store_count,market_price,shop_price,supplier_id,add_time,goods_type,spec_type,goods_content,goods_remark,attribute,original_img,examine,is_on_sale,sales_sum,prom_id from `ylt_tp`.`ylt_goods` where goods_id=http://www.yilitong.com/mobile/Goods/goodsInfo/id/5046.html',
  ),
  2 => 
  array (
    'error' => 'You have an error in your SQL syntax; check the manual that corresponds to your MySQL server version for the right syntax to use near \'://www.yilitong.com/mobile/Goods/goodsInfo/id/5046.html\' at line 1',
  ),
  3 => 
  array (
    'errno' => 1064,
  ),
)

2019-01-08 17:46:29





array (
  0 => 
  array (
    'message' => 'MySQL Query Error',
  ),
  1 => 
  array (
    'sql' => 'select goods_id,prom_id,commission_price,is_designer,prom_type,cat_id,goods_sn,goods_name,brand_id,store_count,market_price,shop_price,supplier_id,add_time,goods_type,spec_type,goods_content,goods_remark,attribute,original_img,examine,is_on_sale,sales_sum,prom_id from `ylt_tp`.`ylt_goods` where goods_id=http://www.yilitong.com/mobile/Goods/goodsInfo/id/5046.html',
  ),
  2 => 
  array (
    'error' => 'You have an error in your SQL syntax; check the manual that corresponds to your MySQL server version for the right syntax to use near \'://www.yilitong.com/mobile/Goods/goodsInfo/id/5046.html\' at line 1',
  ),
  3 => 
  array (
    'errno' => 1064,
  ),
)

2019-01-08 17:46:36





array (
  0 => 
  array (
    'message' => 'MySQL Query Error',
  ),
  1 => 
  array (
    'sql' => 'select goods_id,prom_id,commission_price,is_designer,prom_type,cat_id,goods_sn,goods_name,brand_id,store_count,market_price,shop_price,supplier_id,add_time,goods_type,spec_type,goods_content,goods_remark,attribute,original_img,examine,is_on_sale,sales_sum,prom_id from `ylt_tp`.`ylt_goods` where goods_id=http://www.yilitong.com/mobile/Goods/goodsInfo/id/5046.html',
  ),
  2 => 
  array (
    'error' => 'You have an error in your SQL syntax; check the manual that corresponds to your MySQL server version for the right syntax to use near \'://www.yilitong.com/mobile/Goods/goodsInfo/id/5046.html\' at line 1',
  ),
  3 => 
  array (
    'errno' => 1064,
  ),
)

2019-01-08 17:46:40





array (
  0 => 
  array (
    'message' => 'MySQL Query Error',
  ),
  1 => 
  array (
    'sql' => 'select goods_id,prom_id,commission_price,is_designer,prom_type,cat_id,goods_sn,goods_name,brand_id,store_count,market_price,shop_price,supplier_id,add_time,goods_type,spec_type,goods_content,goods_remark,attribute,original_img,examine,is_on_sale,sales_sum,prom_id from `ylt_tp`.`ylt_goods` where goods_id=http://www.yilitong.com/mobile/Goods/goodsInfo/id/5046.html',
  ),
  2 => 
  array (
    'error' => 'You have an error in your SQL syntax; check the manual that corresponds to your MySQL server version for the right syntax to use near \'://www.yilitong.com/mobile/Goods/goodsInfo/id/5046.html\' at line 1',
  ),
  3 => 
  array (
    'errno' => 1064,
  ),
)

2019-01-08 17:46:43





array (
  0 => 
  array (
    'message' => 'MySQL Query Error',
  ),
  1 => 
  array (
    'sql' => 'select goods_id,prom_id,commission_price,is_designer,prom_type,cat_id,goods_sn,goods_name,brand_id,store_count,market_price,shop_price,supplier_id,add_time,goods_type,spec_type,goods_content,goods_remark,attribute,original_img,examine,is_on_sale,sales_sum,prom_id from `ylt_tp`.`ylt_goods` where goods_id=http://www.yilitong.com/mobile/Goods/goodsInfo/id/5046.html',
  ),
  2 => 
  array (
    'error' => 'You have an error in your SQL syntax; check the manual that corresponds to your MySQL server version for the right syntax to use near \'://www.yilitong.com/mobile/Goods/goodsInfo/id/5046.html\' at line 1',
  ),
  3 => 
  array (
    'errno' => 1064,
  ),
)

2019-01-08 17:46:49





array (
  0 => 
  array (
    'message' => 'MySQL Query Error',
  ),
  1 => 
  array (
    'sql' => 'select goods_id,prom_id,commission_price,is_designer,prom_type,cat_id,goods_sn,goods_name,brand_id,store_count,market_price,shop_price,supplier_id,add_time,goods_type,spec_type,goods_content,goods_remark,attribute,original_img,examine,is_on_sale,sales_sum,prom_id from `ylt_tp`.`ylt_goods` where goods_id=http://www.yilitong.com/mobile/Activity/discount/id/1.html',
  ),
  2 => 
  array (
    'error' => 'You have an error in your SQL syntax; check the manual that corresponds to your MySQL server version for the right syntax to use near \'://www.yilitong.com/mobile/Activity/discount/id/1.html\' at line 1',
  ),
  3 => 
  array (
    'errno' => 1064,
  ),
)

