2017-08-16 11:34:37





array (
  0 => 
  array (
    'message' => 'MySQL Query Error',
  ),
  1 => 
  array (
    'sql' => 'select goods_id,cat_id,goods_sn,goods_name,brand_id,store_count,market_price,shop_price,supplier_id,add_time,goods_type,spec_type,goods_content,goods_remark,attribute,original_img,shipping_price,examine,is_on_sale,sales_sum from `ylt_tp`.`ylt_goods` where goods_id=http://yilitong.com/mobile/Goods/goodsInfo/id/2758.html',
  ),
  2 => 
  array (
    'error' => 'You have an error in your SQL syntax; check the manual that corresponds to your MySQL server version for the right syntax to use near \'://yilitong.com/mobile/Goods/goodsInfo/id/2758.html\' at line 1',
  ),
  3 => 
  array (
    'errno' => 1064,
  ),
)

2017-08-16 11:34:39





array (
  0 => 
  array (
    'message' => 'MySQL Query Error',
  ),
  1 => 
  array (
    'sql' => 'select goods_id,cat_id,goods_sn,goods_name,brand_id,store_count,market_price,shop_price,supplier_id,add_time,goods_type,spec_type,goods_content,goods_remark,attribute,original_img,shipping_price,examine,is_on_sale,sales_sum from `ylt_tp`.`ylt_goods` where goods_id=http://yilitong.com/mobile/Goods/goodsInfo/id/2758.html',
  ),
  2 => 
  array (
    'error' => 'You have an error in your SQL syntax; check the manual that corresponds to your MySQL server version for the right syntax to use near \'://yilitong.com/mobile/Goods/goodsInfo/id/2758.html\' at line 1',
  ),
  3 => 
  array (
    'errno' => 1064,
  ),
)

2017-08-16 11:34:39





array (
  0 => 
  array (
    'message' => 'MySQL Query Error',
  ),
  1 => 
  array (
    'sql' => 'select goods_id,cat_id,goods_sn,goods_name,brand_id,store_count,market_price,shop_price,supplier_id,add_time,goods_type,spec_type,goods_content,goods_remark,attribute,original_img,shipping_price,examine,is_on_sale,sales_sum from `ylt_tp`.`ylt_goods` where goods_id=http://yilitong.com/mobile/Goods/goodsInfo/id/2758.html',
  ),
  2 => 
  array (
    'error' => 'You have an error in your SQL syntax; check the manual that corresponds to your MySQL server version for the right syntax to use near \'://yilitong.com/mobile/Goods/goodsInfo/id/2758.html\' at line 1',
  ),
  3 => 
  array (
    'errno' => 1064,
  ),
)

2017-08-16 11:34:42





array (
  0 => 
  array (
    'message' => 'MySQL Query Error',
  ),
  1 => 
  array (
    'sql' => 'select goods_id,cat_id,goods_sn,goods_name,brand_id,store_count,market_price,shop_price,supplier_id,add_time,goods_type,spec_type,goods_content,goods_remark,attribute,original_img,shipping_price,examine,is_on_sale,sales_sum from `ylt_tp`.`ylt_goods` where goods_id=http://yilitong.com/mobile/Goods/goodsInfo/id/2758.html',
  ),
  2 => 
  array (
    'error' => 'You have an error in your SQL syntax; check the manual that corresponds to your MySQL server version for the right syntax to use near \'://yilitong.com/mobile/Goods/goodsInfo/id/2758.html\' at line 1',
  ),
  3 => 
  array (
    'errno' => 1064,
  ),
)

2017-08-16 11:34:42





array (
  0 => 
  array (
    'message' => 'MySQL Query Error',
  ),
  1 => 
  array (
    'sql' => 'select goods_id,cat_id,goods_sn,goods_name,brand_id,store_count,market_price,shop_price,supplier_id,add_time,goods_type,spec_type,goods_content,goods_remark,attribute,original_img,shipping_price,examine,is_on_sale,sales_sum from `ylt_tp`.`ylt_goods` where goods_id=http://yilitong.com/mobile/Goods/goodsInfo/id/2758.html',
  ),
  2 => 
  array (
    'error' => 'You have an error in your SQL syntax; check the manual that corresponds to your MySQL server version for the right syntax to use near \'://yilitong.com/mobile/Goods/goodsInfo/id/2758.html\' at line 1',
  ),
  3 => 
  array (
    'errno' => 1064,
  ),
)

2017-08-16 11:34:42





array (
  0 => 
  array (
    'message' => 'MySQL Query Error',
  ),
  1 => 
  array (
    'sql' => 'select goods_id,cat_id,goods_sn,goods_name,brand_id,store_count,market_price,shop_price,supplier_id,add_time,goods_type,spec_type,goods_content,goods_remark,attribute,original_img,shipping_price,examine,is_on_sale,sales_sum from `ylt_tp`.`ylt_goods` where goods_id=http://yilitong.com/mobile/Goods/goodsInfo/id/2758.html',
  ),
  2 => 
  array (
    'error' => 'You have an error in your SQL syntax; check the manual that corresponds to your MySQL server version for the right syntax to use near \'://yilitong.com/mobile/Goods/goodsInfo/id/2758.html\' at line 1',
  ),
  3 => 
  array (
    'errno' => 1064,
  ),
)

2017-08-16 11:34:43





array (
  0 => 
  array (
    'message' => 'MySQL Query Error',
  ),
  1 => 
  array (
    'sql' => 'select goods_id,cat_id,goods_sn,goods_name,brand_id,store_count,market_price,shop_price,supplier_id,add_time,goods_type,spec_type,goods_content,goods_remark,attribute,original_img,shipping_price,examine,is_on_sale,sales_sum from `ylt_tp`.`ylt_goods` where goods_id=http://yilitong.com/mobile/Goods/goodsInfo/id/2758.html',
  ),
  2 => 
  array (
    'error' => 'You have an error in your SQL syntax; check the manual that corresponds to your MySQL server version for the right syntax to use near \'://yilitong.com/mobile/Goods/goodsInfo/id/2758.html\' at line 1',
  ),
  3 => 
  array (
    'errno' => 1064,
  ),
)

2017-08-16 11:34:43





array (
  0 => 
  array (
    'message' => 'MySQL Query Error',
  ),
  1 => 
  array (
    'sql' => 'select goods_id,cat_id,goods_sn,goods_name,brand_id,store_count,market_price,shop_price,supplier_id,add_time,goods_type,spec_type,goods_content,goods_remark,attribute,original_img,shipping_price,examine,is_on_sale,sales_sum from `ylt_tp`.`ylt_goods` where goods_id=http://yilitong.com/mobile/Goods/goodsInfo/id/2758.html',
  ),
  2 => 
  array (
    'error' => 'You have an error in your SQL syntax; check the manual that corresponds to your MySQL server version for the right syntax to use near \'://yilitong.com/mobile/Goods/goodsInfo/id/2758.html\' at line 1',
  ),
  3 => 
  array (
    'errno' => 1064,
  ),
)

2017-08-16 11:34:43





array (
  0 => 
  array (
    'message' => 'MySQL Query Error',
  ),
  1 => 
  array (
    'sql' => 'select goods_id,cat_id,goods_sn,goods_name,brand_id,store_count,market_price,shop_price,supplier_id,add_time,goods_type,spec_type,goods_content,goods_remark,attribute,original_img,shipping_price,examine,is_on_sale,sales_sum from `ylt_tp`.`ylt_goods` where goods_id=http://yilitong.com/mobile/Goods/goodsInfo/id/2758.html',
  ),
  2 => 
  array (
    'error' => 'You have an error in your SQL syntax; check the manual that corresponds to your MySQL server version for the right syntax to use near \'://yilitong.com/mobile/Goods/goodsInfo/id/2758.html\' at line 1',
  ),
  3 => 
  array (
    'errno' => 1064,
  ),
)

2017-08-16 11:34:43





array (
  0 => 
  array (
    'message' => 'MySQL Query Error',
  ),
  1 => 
  array (
    'sql' => 'select goods_id,cat_id,goods_sn,goods_name,brand_id,store_count,market_price,shop_price,supplier_id,add_time,goods_type,spec_type,goods_content,goods_remark,attribute,original_img,shipping_price,examine,is_on_sale,sales_sum from `ylt_tp`.`ylt_goods` where goods_id=http://yilitong.com/mobile/Goods/goodsInfo/id/2758.html',
  ),
  2 => 
  array (
    'error' => 'You have an error in your SQL syntax; check the manual that corresponds to your MySQL server version for the right syntax to use near \'://yilitong.com/mobile/Goods/goodsInfo/id/2758.html\' at line 1',
  ),
  3 => 
  array (
    'errno' => 1064,
  ),
)

2017-08-16 11:34:45





array (
  0 => 
  array (
    'message' => 'MySQL Query Error',
  ),
  1 => 
  array (
    'sql' => 'select goods_id,cat_id,goods_sn,goods_name,brand_id,store_count,market_price,shop_price,supplier_id,add_time,goods_type,spec_type,goods_content,goods_remark,attribute,original_img,shipping_price,examine,is_on_sale,sales_sum from `ylt_tp`.`ylt_goods` where goods_id=http://yilitong.com/mobile/Goods/goodsInfo/id/2758.html',
  ),
  2 => 
  array (
    'error' => 'You have an error in your SQL syntax; check the manual that corresponds to your MySQL server version for the right syntax to use near \'://yilitong.com/mobile/Goods/goodsInfo/id/2758.html\' at line 1',
  ),
  3 => 
  array (
    'errno' => 1064,
  ),
)

2017-08-16 11:35:02





array (
  0 => 
  array (
    'message' => 'MySQL Query Error',
  ),
  1 => 
  array (
    'sql' => 'select goods_id,cat_id,goods_sn,goods_name,brand_id,store_count,market_price,shop_price,supplier_id,add_time,goods_type,spec_type,goods_content,goods_remark,attribute,original_img,shipping_price,examine,is_on_sale,sales_sum from `ylt_tp`.`ylt_goods` where goods_id=http://yilitong.com/mobile/Goods/goodsInfo/id/2758.html',
  ),
  2 => 
  array (
    'error' => 'You have an error in your SQL syntax; check the manual that corresponds to your MySQL server version for the right syntax to use near \'://yilitong.com/mobile/Goods/goodsInfo/id/2758.html\' at line 1',
  ),
  3 => 
  array (
    'errno' => 1064,
  ),
)

2017-08-16 11:35:04





array (
  0 => 
  array (
    'message' => 'MySQL Query Error',
  ),
  1 => 
  array (
    'sql' => 'select goods_id,cat_id,goods_sn,goods_name,brand_id,store_count,market_price,shop_price,supplier_id,add_time,goods_type,spec_type,goods_content,goods_remark,attribute,original_img,shipping_price,examine,is_on_sale,sales_sum from `ylt_tp`.`ylt_goods` where goods_id=http://yilitong.com/mobile/Goods/goodsInfo/id/2758.html',
  ),
  2 => 
  array (
    'error' => 'You have an error in your SQL syntax; check the manual that corresponds to your MySQL server version for the right syntax to use near \'://yilitong.com/mobile/Goods/goodsInfo/id/2758.html\' at line 1',
  ),
  3 => 
  array (
    'errno' => 1064,
  ),
)

2017-08-16 11:35:05





array (
  0 => 
  array (
    'message' => 'MySQL Query Error',
  ),
  1 => 
  array (
    'sql' => 'select goods_id,cat_id,goods_sn,goods_name,brand_id,store_count,market_price,shop_price,supplier_id,add_time,goods_type,spec_type,goods_content,goods_remark,attribute,original_img,shipping_price,examine,is_on_sale,sales_sum from `ylt_tp`.`ylt_goods` where goods_id=http://yilitong.com/mobile/Goods/goodsInfo/id/2758.html',
  ),
  2 => 
  array (
    'error' => 'You have an error in your SQL syntax; check the manual that corresponds to your MySQL server version for the right syntax to use near \'://yilitong.com/mobile/Goods/goodsInfo/id/2758.html\' at line 1',
  ),
  3 => 
  array (
    'errno' => 1064,
  ),
)

2017-08-16 11:35:21





array (
  0 => 
  array (
    'message' => 'MySQL Query Error',
  ),
  1 => 
  array (
    'sql' => 'select goods_id,cat_id,goods_sn,goods_name,brand_id,store_count,market_price,shop_price,supplier_id,add_time,goods_type,spec_type,goods_content,goods_remark,attribute,original_img,shipping_price,examine,is_on_sale,sales_sum from `ylt_tp`.`ylt_goods` where goods_id=http://yilitong.com/mobile/Goods/goodsInfo/id/2758.html',
  ),
  2 => 
  array (
    'error' => 'You have an error in your SQL syntax; check the manual that corresponds to your MySQL server version for the right syntax to use near \'://yilitong.com/mobile/Goods/goodsInfo/id/2758.html\' at line 1',
  ),
  3 => 
  array (
    'errno' => 1064,
  ),
)

2017-08-16 11:35:22





array (
  0 => 
  array (
    'message' => 'MySQL Query Error',
  ),
  1 => 
  array (
    'sql' => 'select goods_id,cat_id,goods_sn,goods_name,brand_id,store_count,market_price,shop_price,supplier_id,add_time,goods_type,spec_type,goods_content,goods_remark,attribute,original_img,shipping_price,examine,is_on_sale,sales_sum from `ylt_tp`.`ylt_goods` where goods_id=http://yilitong.com/mobile/Goods/goodsInfo/id/2758.html',
  ),
  2 => 
  array (
    'error' => 'You have an error in your SQL syntax; check the manual that corresponds to your MySQL server version for the right syntax to use near \'://yilitong.com/mobile/Goods/goodsInfo/id/2758.html\' at line 1',
  ),
  3 => 
  array (
    'errno' => 1064,
  ),
)

2017-08-16 11:35:23





array (
  0 => 
  array (
    'message' => 'MySQL Query Error',
  ),
  1 => 
  array (
    'sql' => 'select goods_id,cat_id,goods_sn,goods_name,brand_id,store_count,market_price,shop_price,supplier_id,add_time,goods_type,spec_type,goods_content,goods_remark,attribute,original_img,shipping_price,examine,is_on_sale,sales_sum from `ylt_tp`.`ylt_goods` where goods_id=http://yilitong.com/mobile/Goods/goodsInfo/id/2758.html',
  ),
  2 => 
  array (
    'error' => 'You have an error in your SQL syntax; check the manual that corresponds to your MySQL server version for the right syntax to use near \'://yilitong.com/mobile/Goods/goodsInfo/id/2758.html\' at line 1',
  ),
  3 => 
  array (
    'errno' => 1064,
  ),
)

2017-08-16 11:35:23





array (
  0 => 
  array (
    'message' => 'MySQL Query Error',
  ),
  1 => 
  array (
    'sql' => 'select goods_id,cat_id,goods_sn,goods_name,brand_id,store_count,market_price,shop_price,supplier_id,add_time,goods_type,spec_type,goods_content,goods_remark,attribute,original_img,shipping_price,examine,is_on_sale,sales_sum from `ylt_tp`.`ylt_goods` where goods_id=http://yilitong.com/mobile/Goods/goodsInfo/id/2758.html',
  ),
  2 => 
  array (
    'error' => 'You have an error in your SQL syntax; check the manual that corresponds to your MySQL server version for the right syntax to use near \'://yilitong.com/mobile/Goods/goodsInfo/id/2758.html\' at line 1',
  ),
  3 => 
  array (
    'errno' => 1064,
  ),
)

2017-08-16 11:36:47





array (
  0 => 
  array (
    'message' => 'MySQL Query Error',
  ),
  1 => 
  array (
    'sql' => 'select goods_id,cat_id,goods_sn,goods_name,brand_id,store_count,market_price,shop_price,supplier_id,add_time,goods_type,spec_type,goods_content,goods_remark,attribute,original_img,shipping_price,examine,is_on_sale,sales_sum from `ylt_tp`.`ylt_goods` where goods_id=http://yilitong.com/mobile/Goods/goodsInfo/id/2758.html',
  ),
  2 => 
  array (
    'error' => 'You have an error in your SQL syntax; check the manual that corresponds to your MySQL server version for the right syntax to use near \'://yilitong.com/mobile/Goods/goodsInfo/id/2758.html\' at line 1',
  ),
  3 => 
  array (
    'errno' => 1064,
  ),
)

2017-08-16 11:36:48





array (
  0 => 
  array (
    'message' => 'MySQL Query Error',
  ),
  1 => 
  array (
    'sql' => 'select goods_id,cat_id,goods_sn,goods_name,brand_id,store_count,market_price,shop_price,supplier_id,add_time,goods_type,spec_type,goods_content,goods_remark,attribute,original_img,shipping_price,examine,is_on_sale,sales_sum from `ylt_tp`.`ylt_goods` where goods_id=http://yilitong.com/mobile/Goods/goodsInfo/id/2758.html',
  ),
  2 => 
  array (
    'error' => 'You have an error in your SQL syntax; check the manual that corresponds to your MySQL server version for the right syntax to use near \'://yilitong.com/mobile/Goods/goodsInfo/id/2758.html\' at line 1',
  ),
  3 => 
  array (
    'errno' => 1064,
  ),
)

2017-08-16 11:36:50





array (
  0 => 
  array (
    'message' => 'MySQL Query Error',
  ),
  1 => 
  array (
    'sql' => 'select goods_id,cat_id,goods_sn,goods_name,brand_id,store_count,market_price,shop_price,supplier_id,add_time,goods_type,spec_type,goods_content,goods_remark,attribute,original_img,shipping_price,examine,is_on_sale,sales_sum from `ylt_tp`.`ylt_goods` where goods_id=http://yilitong.com/mobile/Goods/goodsInfo/id/2758.html',
  ),
  2 => 
  array (
    'error' => 'You have an error in your SQL syntax; check the manual that corresponds to your MySQL server version for the right syntax to use near \'://yilitong.com/mobile/Goods/goodsInfo/id/2758.html\' at line 1',
  ),
  3 => 
  array (
    'errno' => 1064,
  ),
)

2017-08-16 11:36:51





array (
  0 => 
  array (
    'message' => 'MySQL Query Error',
  ),
  1 => 
  array (
    'sql' => 'select goods_id,cat_id,goods_sn,goods_name,brand_id,store_count,market_price,shop_price,supplier_id,add_time,goods_type,spec_type,goods_content,goods_remark,attribute,original_img,shipping_price,examine,is_on_sale,sales_sum from `ylt_tp`.`ylt_goods` where goods_id=http://yilitong.com/mobile/Goods/goodsInfo/id/2758.html',
  ),
  2 => 
  array (
    'error' => 'You have an error in your SQL syntax; check the manual that corresponds to your MySQL server version for the right syntax to use near \'://yilitong.com/mobile/Goods/goodsInfo/id/2758.html\' at line 1',
  ),
  3 => 
  array (
    'errno' => 1064,
  ),
)

2017-08-16 11:36:56





array (
  0 => 
  array (
    'message' => 'MySQL Query Error',
  ),
  1 => 
  array (
    'sql' => 'select goods_id,cat_id,goods_sn,goods_name,brand_id,store_count,market_price,shop_price,supplier_id,add_time,goods_type,spec_type,goods_content,goods_remark,attribute,original_img,shipping_price,examine,is_on_sale,sales_sum from `ylt_tp`.`ylt_goods` where goods_id=http://yilitong.com/mobile/Goods/goodsInfo/id/2758.html',
  ),
  2 => 
  array (
    'error' => 'You have an error in your SQL syntax; check the manual that corresponds to your MySQL server version for the right syntax to use near \'://yilitong.com/mobile/Goods/goodsInfo/id/2758.html\' at line 1',
  ),
  3 => 
  array (
    'errno' => 1064,
  ),
)

2017-08-16 11:36:58





array (
  0 => 
  array (
    'message' => 'MySQL Query Error',
  ),
  1 => 
  array (
    'sql' => 'select goods_id,cat_id,goods_sn,goods_name,brand_id,store_count,market_price,shop_price,supplier_id,add_time,goods_type,spec_type,goods_content,goods_remark,attribute,original_img,shipping_price,examine,is_on_sale,sales_sum from `ylt_tp`.`ylt_goods` where goods_id=http://yilitong.com/mobile/Goods/goodsInfo/id/2758.html',
  ),
  2 => 
  array (
    'error' => 'You have an error in your SQL syntax; check the manual that corresponds to your MySQL server version for the right syntax to use near \'://yilitong.com/mobile/Goods/goodsInfo/id/2758.html\' at line 1',
  ),
  3 => 
  array (
    'errno' => 1064,
  ),
)

2017-08-16 11:36:59





array (
  0 => 
  array (
    'message' => 'MySQL Query Error',
  ),
  1 => 
  array (
    'sql' => 'select goods_id,cat_id,goods_sn,goods_name,brand_id,store_count,market_price,shop_price,supplier_id,add_time,goods_type,spec_type,goods_content,goods_remark,attribute,original_img,shipping_price,examine,is_on_sale,sales_sum from `ylt_tp`.`ylt_goods` where goods_id=http://yilitong.com/mobile/Goods/goodsInfo/id/2758.html',
  ),
  2 => 
  array (
    'error' => 'You have an error in your SQL syntax; check the manual that corresponds to your MySQL server version for the right syntax to use near \'://yilitong.com/mobile/Goods/goodsInfo/id/2758.html\' at line 1',
  ),
  3 => 
  array (
    'errno' => 1064,
  ),
)

2017-08-16 11:40:17





array (
  0 => 
  array (
    'message' => 'MySQL Query Error',
  ),
  1 => 
  array (
    'sql' => 'select goods_id,cat_id,goods_sn,goods_name,brand_id,store_count,market_price,shop_price,supplier_id,add_time,goods_type,spec_type,goods_content,goods_remark,attribute,original_img,shipping_price,examine,is_on_sale,sales_sum from `ylt_tp`.`ylt_goods` where goods_id=http://yilitong.com/mobile/Goods/goodsInfo/id/2758.html',
  ),
  2 => 
  array (
    'error' => 'You have an error in your SQL syntax; check the manual that corresponds to your MySQL server version for the right syntax to use near \'://yilitong.com/mobile/Goods/goodsInfo/id/2758.html\' at line 1',
  ),
  3 => 
  array (
    'errno' => 1064,
  ),
)

2017-08-16 11:40:24





array (
  0 => 
  array (
    'message' => 'MySQL Query Error',
  ),
  1 => 
  array (
    'sql' => 'select goods_id,cat_id,goods_sn,goods_name,brand_id,store_count,market_price,shop_price,supplier_id,add_time,goods_type,spec_type,goods_content,goods_remark,attribute,original_img,shipping_price,examine,is_on_sale,sales_sum from `ylt_tp`.`ylt_goods` where goods_id=http://yilitong.com/mobile/Goods/goodsInfo/id/2758.html',
  ),
  2 => 
  array (
    'error' => 'You have an error in your SQL syntax; check the manual that corresponds to your MySQL server version for the right syntax to use near \'://yilitong.com/mobile/Goods/goodsInfo/id/2758.html\' at line 1',
  ),
  3 => 
  array (
    'errno' => 1064,
  ),
)

2017-08-16 11:41:03





array (
  0 => 
  array (
    'message' => 'MySQL Query Error',
  ),
  1 => 
  array (
    'sql' => 'select goods_id,cat_id,goods_sn,goods_name,brand_id,store_count,market_price,shop_price,supplier_id,add_time,goods_type,spec_type,goods_content,goods_remark,attribute,original_img,shipping_price,examine,is_on_sale,sales_sum from `ylt_tp`.`ylt_goods` where goods_id=http://yilitong.com/mobile/Goods/goodsInfo/id/2758.html',
  ),
  2 => 
  array (
    'error' => 'You have an error in your SQL syntax; check the manual that corresponds to your MySQL server version for the right syntax to use near \'://yilitong.com/mobile/Goods/goodsInfo/id/2758.html\' at line 1',
  ),
  3 => 
  array (
    'errno' => 1064,
  ),
)

2017-08-16 11:41:57





array (
  0 => 
  array (
    'message' => 'MySQL Query Error',
  ),
  1 => 
  array (
    'sql' => 'select goods_id,cat_id,goods_sn,goods_name,brand_id,store_count,market_price,shop_price,supplier_id,add_time,goods_type,spec_type,goods_content,goods_remark,attribute,original_img,shipping_price,examine,is_on_sale,sales_sum from `ylt_tp`.`ylt_goods` where goods_id=http://yilitong.com/mobile/Goods/goodsInfo/id/2758.html',
  ),
  2 => 
  array (
    'error' => 'You have an error in your SQL syntax; check the manual that corresponds to your MySQL server version for the right syntax to use near \'://yilitong.com/mobile/Goods/goodsInfo/id/2758.html\' at line 1',
  ),
  3 => 
  array (
    'errno' => 1064,
  ),
)

2017-08-16 11:42:00





array (
  0 => 
  array (
    'message' => 'MySQL Query Error',
  ),
  1 => 
  array (
    'sql' => 'select goods_id,cat_id,goods_sn,goods_name,brand_id,store_count,market_price,shop_price,supplier_id,add_time,goods_type,spec_type,goods_content,goods_remark,attribute,original_img,shipping_price,examine,is_on_sale,sales_sum from `ylt_tp`.`ylt_goods` where goods_id=http://yilitong.com/mobile/Goods/goodsInfo/id/2758.html',
  ),
  2 => 
  array (
    'error' => 'You have an error in your SQL syntax; check the manual that corresponds to your MySQL server version for the right syntax to use near \'://yilitong.com/mobile/Goods/goodsInfo/id/2758.html\' at line 1',
  ),
  3 => 
  array (
    'errno' => 1064,
  ),
)

2017-08-16 11:42:01





array (
  0 => 
  array (
    'message' => 'MySQL Query Error',
  ),
  1 => 
  array (
    'sql' => 'select goods_id,cat_id,goods_sn,goods_name,brand_id,store_count,market_price,shop_price,supplier_id,add_time,goods_type,spec_type,goods_content,goods_remark,attribute,original_img,shipping_price,examine,is_on_sale,sales_sum from `ylt_tp`.`ylt_goods` where goods_id=http://yilitong.com/mobile/Goods/goodsInfo/id/2758.html',
  ),
  2 => 
  array (
    'error' => 'You have an error in your SQL syntax; check the manual that corresponds to your MySQL server version for the right syntax to use near \'://yilitong.com/mobile/Goods/goodsInfo/id/2758.html\' at line 1',
  ),
  3 => 
  array (
    'errno' => 1064,
  ),
)

2017-08-16 12:11:24





array (
  0 => 
  array (
    'message' => 'MySQL Query Error',
  ),
  1 => 
  array (
    'sql' => 'select goods_id,cat_id,goods_sn,goods_name,brand_id,store_count,market_price,shop_price,supplier_id,add_time,goods_type,spec_type,goods_content,goods_remark,attribute,original_img,shipping_price,examine,is_on_sale,sales_sum from `ylt_tp`.`ylt_goods` where goods_id=http://yilitong.com/mobile/Goods/goodsInfo/id/2758.html',
  ),
  2 => 
  array (
    'error' => 'You have an error in your SQL syntax; check the manual that corresponds to your MySQL server version for the right syntax to use near \'://yilitong.com/mobile/Goods/goodsInfo/id/2758.html\' at line 1',
  ),
  3 => 
  array (
    'errno' => 1064,
  ),
)

2017-08-16 13:25:43





array (
  0 => 
  array (
    'message' => 'MySQL Query Error',
  ),
  1 => 
  array (
    'sql' => 'select goods_id,cat_id,goods_sn,goods_name,brand_id,store_count,market_price,shop_price,supplier_id,add_time,goods_type,spec_type,goods_content,goods_remark,attribute,original_img,shipping_price,examine,is_on_sale,sales_sum from `ylt_tp`.`ylt_goods` where goods_id=http://yilitong.com/mobile/Goods/goodsInfo/id/2758.html',
  ),
  2 => 
  array (
    'error' => 'You have an error in your SQL syntax; check the manual that corresponds to your MySQL server version for the right syntax to use near \'://yilitong.com/mobile/Goods/goodsInfo/id/2758.html\' at line 1',
  ),
  3 => 
  array (
    'errno' => 1064,
  ),
)

2017-08-16 13:38:36





array (
  0 => 
  array (
    'message' => 'MySQL Query Error',
  ),
  1 => 
  array (
    'sql' => 'select goods_id,cat_id,goods_sn,goods_name,brand_id,store_count,market_price,shop_price,supplier_id,add_time,goods_type,spec_type,goods_content,goods_remark,attribute,original_img,shipping_price,examine,is_on_sale,sales_sum from `ylt_tp`.`ylt_goods` where goods_id=http://yilitong.com/mobile/Goods/goodsInfo/id/2758.html',
  ),
  2 => 
  array (
    'error' => 'You have an error in your SQL syntax; check the manual that corresponds to your MySQL server version for the right syntax to use near \'://yilitong.com/mobile/Goods/goodsInfo/id/2758.html\' at line 1',
  ),
  3 => 
  array (
    'errno' => 1064,
  ),
)

2017-08-16 13:39:14





array (
  0 => 
  array (
    'message' => 'MySQL Query Error',
  ),
  1 => 
  array (
    'sql' => 'select goods_id,cat_id,goods_sn,goods_name,brand_id,store_count,market_price,shop_price,supplier_id,add_time,goods_type,spec_type,goods_content,goods_remark,attribute,original_img,shipping_price,examine,is_on_sale,sales_sum from `ylt_tp`.`ylt_goods` where goods_id=http://yilitong.com/mobile/Goods/goodsInfo/id/2758.html',
  ),
  2 => 
  array (
    'error' => 'You have an error in your SQL syntax; check the manual that corresponds to your MySQL server version for the right syntax to use near \'://yilitong.com/mobile/Goods/goodsInfo/id/2758.html\' at line 1',
  ),
  3 => 
  array (
    'errno' => 1064,
  ),
)

2017-08-16 13:43:15





array (
  0 => 
  array (
    'message' => 'MySQL Query Error',
  ),
  1 => 
  array (
    'sql' => 'select goods_id,cat_id,goods_sn,goods_name,brand_id,store_count,market_price,shop_price,supplier_id,add_time,goods_type,spec_type,goods_content,goods_remark,attribute,original_img,shipping_price,examine,is_on_sale,sales_sum from `ylt_tp`.`ylt_goods` where goods_id=http://yilitong.com/mobile/Goods/goodsInfo/id/2758.html',
  ),
  2 => 
  array (
    'error' => 'You have an error in your SQL syntax; check the manual that corresponds to your MySQL server version for the right syntax to use near \'://yilitong.com/mobile/Goods/goodsInfo/id/2758.html\' at line 1',
  ),
  3 => 
  array (
    'errno' => 1064,
  ),
)

2017-08-16 14:20:33





array (
  0 => 
  array (
    'message' => 'MySQL Query Error',
  ),
  1 => 
  array (
    'sql' => 'select goods_id,cat_id,goods_sn,goods_name,brand_id,store_count,market_price,shop_price,supplier_id,add_time,goods_type,spec_type,goods_content,goods_remark,attribute,original_img,shipping_price,examine,is_on_sale,sales_sum from `ylt_tp`.`ylt_goods` where goods_id=http://yilitong.com/mobile/Goods/goodsInfo/id/2758.html',
  ),
  2 => 
  array (
    'error' => 'You have an error in your SQL syntax; check the manual that corresponds to your MySQL server version for the right syntax to use near \'://yilitong.com/mobile/Goods/goodsInfo/id/2758.html\' at line 1',
  ),
  3 => 
  array (
    'errno' => 1064,
  ),
)

2017-08-16 14:22:10





array (
  0 => 
  array (
    'message' => 'MySQL Query Error',
  ),
  1 => 
  array (
    'sql' => 'select goods_id,cat_id,goods_sn,goods_name,brand_id,store_count,market_price,shop_price,supplier_id,add_time,goods_type,spec_type,goods_content,goods_remark,attribute,original_img,shipping_price,examine,is_on_sale,sales_sum from `ylt_tp`.`ylt_goods` where goods_id=http://yilitong.com/mobile/Goods/goodsInfo/id/2758.html',
  ),
  2 => 
  array (
    'error' => 'You have an error in your SQL syntax; check the manual that corresponds to your MySQL server version for the right syntax to use near \'://yilitong.com/mobile/Goods/goodsInfo/id/2758.html\' at line 1',
  ),
  3 => 
  array (
    'errno' => 1064,
  ),
)

2017-08-16 14:24:38





array (
  0 => 
  array (
    'message' => 'MySQL Query Error',
  ),
  1 => 
  array (
    'sql' => 'select goods_id,cat_id,goods_sn,goods_name,brand_id,store_count,market_price,shop_price,supplier_id,add_time,goods_type,spec_type,goods_content,goods_remark,attribute,original_img,shipping_price,examine,is_on_sale,sales_sum from `ylt_tp`.`ylt_goods` where goods_id=http://yilitong.com/mobile/Goods/goodsInfo/id/2758.html',
  ),
  2 => 
  array (
    'error' => 'You have an error in your SQL syntax; check the manual that corresponds to your MySQL server version for the right syntax to use near \'://yilitong.com/mobile/Goods/goodsInfo/id/2758.html\' at line 1',
  ),
  3 => 
  array (
    'errno' => 1064,
  ),
)

2017-08-16 14:28:36





array (
  0 => 
  array (
    'message' => 'MySQL Query Error',
  ),
  1 => 
  array (
    'sql' => 'select goods_id,cat_id,goods_sn,goods_name,brand_id,store_count,market_price,shop_price,supplier_id,add_time,goods_type,spec_type,goods_content,goods_remark,attribute,original_img,shipping_price,examine,is_on_sale,sales_sum from `ylt_tp`.`ylt_goods` where goods_id=http://yilitong.com/mobile/Goods/goodsInfo/id/2758.html',
  ),
  2 => 
  array (
    'error' => 'You have an error in your SQL syntax; check the manual that corresponds to your MySQL server version for the right syntax to use near \'://yilitong.com/mobile/Goods/goodsInfo/id/2758.html\' at line 1',
  ),
  3 => 
  array (
    'errno' => 1064,
  ),
)

2017-08-16 15:05:48





array (
  0 => 
  array (
    'message' => 'MySQL Query Error',
  ),
  1 => 
  array (
    'sql' => 'select goods_id,cat_id,goods_sn,goods_name,brand_id,store_count,market_price,shop_price,supplier_id,add_time,goods_type,spec_type,goods_content,goods_remark,attribute,original_img,shipping_price,examine,is_on_sale,sales_sum from `ylt_tp`.`ylt_goods` where goods_id=http://yilitong.com/mobile/Goods/goodsInfo/id/2758.html',
  ),
  2 => 
  array (
    'error' => 'You have an error in your SQL syntax; check the manual that corresponds to your MySQL server version for the right syntax to use near \'://yilitong.com/mobile/Goods/goodsInfo/id/2758.html\' at line 1',
  ),
  3 => 
  array (
    'errno' => 1064,
  ),
)

2017-08-16 16:50:58





array (
  0 => 
  array (
    'message' => 'MySQL Query Error',
  ),
  1 => 
  array (
    'sql' => 'select goods_id,cat_id,goods_sn,goods_name,brand_id,store_count,market_price,shop_price,supplier_id,add_time,goods_type,spec_type,goods_content,goods_remark,attribute,original_img,shipping_price,examine,is_on_sale,sales_sum from `ylt_tp`.`ylt_goods` where goods_id=http://yilitong.com/mobile/Goods/goodsInfo/id/2758.html',
  ),
  2 => 
  array (
    'error' => 'You have an error in your SQL syntax; check the manual that corresponds to your MySQL server version for the right syntax to use near \'://yilitong.com/mobile/Goods/goodsInfo/id/2758.html\' at line 1',
  ),
  3 => 
  array (
    'errno' => 1064,
  ),
)

2017-08-16 16:53:39





array (
  0 => 
  array (
    'message' => 'MySQL Query Error',
  ),
  1 => 
  array (
    'sql' => 'select goods_id,cat_id,goods_sn,goods_name,brand_id,store_count,market_price,shop_price,supplier_id,add_time,goods_type,spec_type,goods_content,goods_remark,attribute,original_img,shipping_price,examine,is_on_sale,sales_sum from `ylt_tp`.`ylt_goods` where goods_id=http://yilitong.com/mobile/Goods/goodsInfo/id/2758.html',
  ),
  2 => 
  array (
    'error' => 'You have an error in your SQL syntax; check the manual that corresponds to your MySQL server version for the right syntax to use near \'://yilitong.com/mobile/Goods/goodsInfo/id/2758.html\' at line 1',
  ),
  3 => 
  array (
    'errno' => 1064,
  ),
)

2017-08-16 17:40:23





array (
  0 => 
  array (
    'message' => 'MySQL Query Error',
  ),
  1 => 
  array (
    'sql' => 'select goods_id,cat_id,goods_sn,goods_name,brand_id,store_count,market_price,shop_price,supplier_id,add_time,goods_type,spec_type,goods_content,goods_remark,attribute,original_img,shipping_price,examine,is_on_sale,sales_sum from `ylt_tp`.`ylt_goods` where goods_id=http://yilitong.com/mobile/Goods/goodsInfo/id/2758.html',
  ),
  2 => 
  array (
    'error' => 'You have an error in your SQL syntax; check the manual that corresponds to your MySQL server version for the right syntax to use near \'://yilitong.com/mobile/Goods/goodsInfo/id/2758.html\' at line 1',
  ),
  3 => 
  array (
    'errno' => 1064,
  ),
)

