2019-04-19 23:41:01





array (
  0 => 
  array (
    'message' => 'MySQL Query Error',
  ),
  1 => 
  array (
    'sql' => 'SELECT name FROM `ylt_tp`.`ylt_activity_cate` where id=/mobile/Activity/discount/id/1.html',
  ),
  2 => 
  array (
    'error' => 'You have an error in your SQL syntax; check the manual that corresponds to your MySQL server version for the right syntax to use near \'/mobile/Activity/discount/id/1.html\' at line 1',
  ),
  3 => 
  array (
    'errno' => 1064,
  ),
)

2019-04-19 23:41:07





array (
  0 => 
  array (
    'message' => 'MySQL Query Error',
  ),
  1 => 
  array (
    'sql' => 'SELECT name FROM `ylt_tp`.`ylt_activity_cate` where id=/mobile/Activity/discount/id/1.html',
  ),
  2 => 
  array (
    'error' => 'You have an error in your SQL syntax; check the manual that corresponds to your MySQL server version for the right syntax to use near \'/mobile/Activity/discount/id/1.html\' at line 1',
  ),
  3 => 
  array (
    'errno' => 1064,
  ),
)

2019-04-19 23:42:22





array (
  0 => 
  array (
    'message' => 'MySQL Query Error',
  ),
  1 => 
  array (
    'sql' => 'SELECT name FROM `ylt_tp`.`ylt_activity_cate` where id=/mobile/Activity/discount/id/1.html',
  ),
  2 => 
  array (
    'error' => 'You have an error in your SQL syntax; check the manual that corresponds to your MySQL server version for the right syntax to use near \'/mobile/Activity/discount/id/1.html\' at line 1',
  ),
  3 => 
  array (
    'errno' => 1064,
  ),
)

