2017-12-28 16:46:57





array (
  0 => 
  array (
    'message' => 'MySQL Query Error',
  ),
  1 => 
  array (
    'sql' => 'SELECT GROUP_CONCAT(id) as ids from `ylt_tp`.`ylt_goods_category`  where parent_id in(  ) ',
  ),
  2 => 
  array (
    'error' => 'You have an error in your SQL syntax; check the manual that corresponds to your MySQL server version for the right syntax to use near \')\' at line 1',
  ),
  3 => 
  array (
    'errno' => 1064,
  ),
)

2017-12-28 16:46:59





array (
  0 => 
  array (
    'message' => 'MySQL Query Error',
  ),
  1 => 
  array (
    'sql' => 'SELECT GROUP_CONCAT(id) as ids from `ylt_tp`.`ylt_goods_category`  where parent_id in(  ) ',
  ),
  2 => 
  array (
    'error' => 'You have an error in your SQL syntax; check the manual that corresponds to your MySQL server version for the right syntax to use near \')\' at line 1',
  ),
  3 => 
  array (
    'errno' => 1064,
  ),
)

2017-12-28 17:35:36





array (
  0 => 
  array (
    'message' => 'MySQL Query Error',
  ),
  1 => 
  array (
    'sql' => 'SELECT GROUP_CONCAT(id) as ids from `ylt_tp`.`ylt_goods_category`  where parent_id in(  ) ',
  ),
  2 => 
  array (
    'error' => 'You have an error in your SQL syntax; check the manual that corresponds to your MySQL server version for the right syntax to use near \')\' at line 1',
  ),
  3 => 
  array (
    'errno' => 1064,
  ),
)

2017-12-28 17:35:49





array (
  0 => 
  array (
    'message' => 'MySQL Query Error',
  ),
  1 => 
  array (
    'sql' => 'SELECT GROUP_CONCAT(id) as ids from `ylt_tp`.`ylt_goods_category`  where parent_id in(  ) ',
  ),
  2 => 
  array (
    'error' => 'You have an error in your SQL syntax; check the manual that corresponds to your MySQL server version for the right syntax to use near \')\' at line 1',
  ),
  3 => 
  array (
    'errno' => 1064,
  ),
)

2017-12-28 17:43:46





array (
  0 => 
  array (
    'message' => 'MySQL Query Error',
  ),
  1 => 
  array (
    'sql' => 'SELECT GROUP_CONCAT(id) as ids from `ylt_tp`.`ylt_goods_category`  where parent_id in(  ) ',
  ),
  2 => 
  array (
    'error' => 'You have an error in your SQL syntax; check the manual that corresponds to your MySQL server version for the right syntax to use near \')\' at line 1',
  ),
  3 => 
  array (
    'errno' => 1064,
  ),
)

2017-12-28 17:44:28





array (
  0 => 
  array (
    'message' => 'MySQL Query Error',
  ),
  1 => 
  array (
    'sql' => 'SELECT GROUP_CONCAT(id) as ids from `ylt_tp`.`ylt_goods_category`  where parent_id in(  ) ',
  ),
  2 => 
  array (
    'error' => 'You have an error in your SQL syntax; check the manual that corresponds to your MySQL server version for the right syntax to use near \')\' at line 1',
  ),
  3 => 
  array (
    'errno' => 1064,
  ),
)

2017-12-28 17:46:34





array (
  0 => 
  array (
    'message' => 'MySQL Query Error',
  ),
  1 => 
  array (
    'sql' => 'SELECT GROUP_CONCAT(id) as ids from `ylt_tp`.`ylt_goods_category`  where parent_id in(  ) ',
  ),
  2 => 
  array (
    'error' => 'You have an error in your SQL syntax; check the manual that corresponds to your MySQL server version for the right syntax to use near \')\' at line 1',
  ),
  3 => 
  array (
    'errno' => 1064,
  ),
)

2017-12-28 17:55:35





array (
  0 => 
  array (
    'message' => 'MySQL Query Error',
  ),
  1 => 
  array (
    'sql' => 'SELECT GROUP_CONCAT(id) as ids from `ylt_tp`.`ylt_goods_category`  where parent_id in(  )  ',
  ),
  2 => 
  array (
    'error' => 'You have an error in your SQL syntax; check the manual that corresponds to your MySQL server version for the right syntax to use near \')\' at line 1',
  ),
  3 => 
  array (
    'errno' => 1064,
  ),
)

2017-12-28 17:55:38





array (
  0 => 
  array (
    'message' => 'MySQL Query Error',
  ),
  1 => 
  array (
    'sql' => 'SELECT GROUP_CONCAT(id) as ids from `ylt_tp`.`ylt_goods_category`  where parent_id in(  )  ',
  ),
  2 => 
  array (
    'error' => 'You have an error in your SQL syntax; check the manual that corresponds to your MySQL server version for the right syntax to use near \')\' at line 1',
  ),
  3 => 
  array (
    'errno' => 1064,
  ),
)

2017-12-28 17:55:41





array (
  0 => 
  array (
    'message' => 'MySQL Query Error',
  ),
  1 => 
  array (
    'sql' => 'SELECT GROUP_CONCAT(id) as ids from `ylt_tp`.`ylt_goods_category`  where parent_id in(  )  ',
  ),
  2 => 
  array (
    'error' => 'You have an error in your SQL syntax; check the manual that corresponds to your MySQL server version for the right syntax to use near \')\' at line 1',
  ),
  3 => 
  array (
    'errno' => 1064,
  ),
)

2017-12-28 17:55:45





array (
  0 => 
  array (
    'message' => 'MySQL Query Error',
  ),
  1 => 
  array (
    'sql' => 'SELECT GROUP_CONCAT(id) as ids from `ylt_tp`.`ylt_goods_category`  where parent_id in(  )  ',
  ),
  2 => 
  array (
    'error' => 'You have an error in your SQL syntax; check the manual that corresponds to your MySQL server version for the right syntax to use near \')\' at line 1',
  ),
  3 => 
  array (
    'errno' => 1064,
  ),
)

2017-12-28 17:55:50





array (
  0 => 
  array (
    'message' => 'MySQL Query Error',
  ),
  1 => 
  array (
    'sql' => 'SELECT GROUP_CONCAT(id) as ids from `ylt_tp`.`ylt_goods_category`  where parent_id in(  )  ',
  ),
  2 => 
  array (
    'error' => 'You have an error in your SQL syntax; check the manual that corresponds to your MySQL server version for the right syntax to use near \')\' at line 1',
  ),
  3 => 
  array (
    'errno' => 1064,
  ),
)

2017-12-28 17:58:41





array (
  0 => 
  array (
    'message' => 'MySQL Query Error',
  ),
  1 => 
  array (
    'sql' => 'SELECT GROUP_CONCAT(id) as ids from `ylt_tp`.`ylt_goods_category`  where parent_id in(  ) ',
  ),
  2 => 
  array (
    'error' => 'You have an error in your SQL syntax; check the manual that corresponds to your MySQL server version for the right syntax to use near \')\' at line 1',
  ),
  3 => 
  array (
    'errno' => 1064,
  ),
)

2017-12-28 20:02:28





array (
  0 => 
  array (
    'message' => 'MySQL Query Error',
  ),
  1 => 
  array (
    'sql' => 'SELECT GROUP_CONCAT(id) as ids from `ylt_tp`.`ylt_goods_category`  where parent_id in(  )  ',
  ),
  2 => 
  array (
    'error' => 'You have an error in your SQL syntax; check the manual that corresponds to your MySQL server version for the right syntax to use near \')\' at line 1',
  ),
  3 => 
  array (
    'errno' => 1064,
  ),
)

2017-12-28 20:02:43





array (
  0 => 
  array (
    'message' => 'MySQL Query Error',
  ),
  1 => 
  array (
    'sql' => 'SELECT GROUP_CONCAT(id) as ids from `ylt_tp`.`ylt_goods_category`  where parent_id in(  )  ',
  ),
  2 => 
  array (
    'error' => 'You have an error in your SQL syntax; check the manual that corresponds to your MySQL server version for the right syntax to use near \')\' at line 1',
  ),
  3 => 
  array (
    'errno' => 1064,
  ),
)

2017-12-28 20:02:54





array (
  0 => 
  array (
    'message' => 'MySQL Query Error',
  ),
  1 => 
  array (
    'sql' => 'SELECT GROUP_CONCAT(id) as ids from `ylt_tp`.`ylt_goods_category`  where parent_id in(  )  ',
  ),
  2 => 
  array (
    'error' => 'You have an error in your SQL syntax; check the manual that corresponds to your MySQL server version for the right syntax to use near \')\' at line 1',
  ),
  3 => 
  array (
    'errno' => 1064,
  ),
)

2017-12-28 22:16:54





array (
  0 => 
  array (
    'message' => 'MySQL Query Error',
  ),
  1 => 
  array (
    'sql' => 'SELECT GROUP_CONCAT(id) as ids from `ylt_tp`.`ylt_goods_category`  where parent_id in(  )  ',
  ),
  2 => 
  array (
    'error' => 'You have an error in your SQL syntax; check the manual that corresponds to your MySQL server version for the right syntax to use near \')\' at line 1',
  ),
  3 => 
  array (
    'errno' => 1064,
  ),
)

2017-12-28 22:17:04





array (
  0 => 
  array (
    'message' => 'MySQL Query Error',
  ),
  1 => 
  array (
    'sql' => 'SELECT GROUP_CONCAT(id) as ids from `ylt_tp`.`ylt_goods_category`  where parent_id in(  )  ',
  ),
  2 => 
  array (
    'error' => 'You have an error in your SQL syntax; check the manual that corresponds to your MySQL server version for the right syntax to use near \')\' at line 1',
  ),
  3 => 
  array (
    'errno' => 1064,
  ),
)

2017-12-28 22:17:16





array (
  0 => 
  array (
    'message' => 'MySQL Query Error',
  ),
  1 => 
  array (
    'sql' => 'SELECT GROUP_CONCAT(id) as ids from `ylt_tp`.`ylt_goods_category`  where parent_id in(  )  ',
  ),
  2 => 
  array (
    'error' => 'You have an error in your SQL syntax; check the manual that corresponds to your MySQL server version for the right syntax to use near \')\' at line 1',
  ),
  3 => 
  array (
    'errno' => 1064,
  ),
)

2017-12-28 22:17:20





array (
  0 => 
  array (
    'message' => 'MySQL Query Error',
  ),
  1 => 
  array (
    'sql' => 'SELECT GROUP_CONCAT(id) as ids from `ylt_tp`.`ylt_goods_category`  where parent_id in(  )  ',
  ),
  2 => 
  array (
    'error' => 'You have an error in your SQL syntax; check the manual that corresponds to your MySQL server version for the right syntax to use near \')\' at line 1',
  ),
  3 => 
  array (
    'errno' => 1064,
  ),
)

2017-12-28 22:17:26





array (
  0 => 
  array (
    'message' => 'MySQL Query Error',
  ),
  1 => 
  array (
    'sql' => 'SELECT GROUP_CONCAT(id) as ids from `ylt_tp`.`ylt_goods_category`  where parent_id in(  )  ',
  ),
  2 => 
  array (
    'error' => 'You have an error in your SQL syntax; check the manual that corresponds to your MySQL server version for the right syntax to use near \')\' at line 1',
  ),
  3 => 
  array (
    'errno' => 1064,
  ),
)

2017-12-28 22:17:30





array (
  0 => 
  array (
    'message' => 'MySQL Query Error',
  ),
  1 => 
  array (
    'sql' => 'SELECT GROUP_CONCAT(id) as ids from `ylt_tp`.`ylt_goods_category`  where parent_id in(  )  ',
  ),
  2 => 
  array (
    'error' => 'You have an error in your SQL syntax; check the manual that corresponds to your MySQL server version for the right syntax to use near \')\' at line 1',
  ),
  3 => 
  array (
    'errno' => 1064,
  ),
)

2017-12-28 22:21:15





array (
  0 => 
  array (
    'message' => 'MySQL Query Error',
  ),
  1 => 
  array (
    'sql' => 'SELECT GROUP_CONCAT(id) as ids from `ylt_tp`.`ylt_goods_category`  where parent_id in(  ) ',
  ),
  2 => 
  array (
    'error' => 'You have an error in your SQL syntax; check the manual that corresponds to your MySQL server version for the right syntax to use near \')\' at line 1',
  ),
  3 => 
  array (
    'errno' => 1064,
  ),
)

