2018-03-02 16:01:11





array (
  0 => 
  array (
    'message' => 'MySQL Query Error',
  ),
  1 => 
  array (
    'sql' => 'select bank_id,user_id,bank_account_name,card_number,bank_name,is_default from `ylt_tp`.`ylt_bank_card` where user_id=163526 ',
  ),
  2 => 
  array (
    'error' => 'Table \'ylt_tp.ylt_bank_card\' doesn\'t exist',
  ),
  3 => 
  array (
    'errno' => 1146,
  ),
)

2018-03-02 16:01:16





array (
  0 => 
  array (
    'message' => 'MySQL Query Error',
  ),
  1 => 
  array (
    'sql' => 'select bank_id,user_id,bank_account_name,card_number,bank_name,is_default from `ylt_tp`.`ylt_bank_card` where user_id=163526 ',
  ),
  2 => 
  array (
    'error' => 'Table \'ylt_tp.ylt_bank_card\' doesn\'t exist',
  ),
  3 => 
  array (
    'errno' => 1146,
  ),
)

2018-03-02 16:02:26





array (
  0 => 
  array (
    'message' => 'MySQL Query Error',
  ),
  1 => 
  array (
    'sql' => 'select bank_id,user_id,bank_account_name,card_number,bank_name,is_default from `ylt_tp`.`ylt_bank_card` where user_id=163526 ',
  ),
  2 => 
  array (
    'error' => 'Table \'ylt_tp.ylt_bank_card\' doesn\'t exist',
  ),
  3 => 
  array (
    'errno' => 1146,
  ),
)

2018-03-02 19:44:31





array (
  0 => 
  array (
    'message' => 'MySQL Query Error',
  ),
  1 => 
  array (
    'sql' => 'select value FROM `ylt_tp`.`ylt_supplier_config` where supplier_id = 473 and name = \'phone\'',
  ),
  2 => 
  array (
    'error' => 'Table \'ylt_tp.ylt_supplier_config\' doesn\'t exist',
  ),
  3 => 
  array (
    'errno' => 1146,
  ),
)

2018-03-02 19:57:54





array (
  0 => 
  array (
    'message' => 'MySQL Query Error',
  ),
  1 => 
  array (
    'sql' => 'select value FROM `ylt_tp`.`ylt_supplier_config` where supplier_id = 526 and name = \'phone\'',
  ),
  2 => 
  array (
    'error' => 'Table \'ylt_tp.ylt_supplier_config\' doesn\'t exist',
  ),
  3 => 
  array (
    'errno' => 1146,
  ),
)

2018-03-02 20:34:27





array (
  0 => 
  array (
    'message' => 'MySQL Query Error',
  ),
  1 => 
  array (
    'sql' => 'select value FROM `ylt_tp`.`ylt_supplier_config` where supplier_id = 449 and name = \'phone\'',
  ),
  2 => 
  array (
    'error' => 'Table \'ylt_tp.ylt_supplier_config\' doesn\'t exist',
  ),
  3 => 
  array (
    'errno' => 1146,
  ),
)

2018-03-02 20:37:09





array (
  0 => 
  array (
    'message' => 'MySQL Query Error',
  ),
  1 => 
  array (
    'sql' => 'select value FROM `ylt_tp`.`ylt_supplier_config` where supplier_id = 551 and name = \'phone\'',
  ),
  2 => 
  array (
    'error' => 'Table \'ylt_tp.ylt_supplier_config\' doesn\'t exist',
  ),
  3 => 
  array (
    'errno' => 1146,
  ),
)

2018-03-02 20:37:16





array (
  0 => 
  array (
    'message' => 'MySQL Query Error',
  ),
  1 => 
  array (
    'sql' => 'select value FROM `ylt_tp`.`ylt_supplier_config` where supplier_id = 551 and name = \'phone\'',
  ),
  2 => 
  array (
    'error' => 'Table \'ylt_tp.ylt_supplier_config\' doesn\'t exist',
  ),
  3 => 
  array (
    'errno' => 1146,
  ),
)

2018-03-02 20:37:42





array (
  0 => 
  array (
    'message' => 'MySQL Query Error',
  ),
  1 => 
  array (
    'sql' => 'select value FROM `ylt_tp`.`ylt_supplier_config` where supplier_id = 103 and name = \'phone\'',
  ),
  2 => 
  array (
    'error' => 'Table \'ylt_tp.ylt_supplier_config\' doesn\'t exist',
  ),
  3 => 
  array (
    'errno' => 1146,
  ),
)

2018-03-02 20:37:46





array (
  0 => 
  array (
    'message' => 'MySQL Query Error',
  ),
  1 => 
  array (
    'sql' => 'select value FROM `ylt_tp`.`ylt_supplier_config` where supplier_id = 103 and name = \'phone\'',
  ),
  2 => 
  array (
    'error' => 'Table \'ylt_tp.ylt_supplier_config\' doesn\'t exist',
  ),
  3 => 
  array (
    'errno' => 1146,
  ),
)

2018-03-02 20:39:10





array (
  0 => 
  array (
    'message' => 'MySQL Query Error',
  ),
  1 => 
  array (
    'sql' => 'select value FROM `ylt_tp`.`ylt_supplier_config` where supplier_id = 41 and name = \'phone\'',
  ),
  2 => 
  array (
    'error' => 'Table \'ylt_tp.ylt_supplier_config\' doesn\'t exist',
  ),
  3 => 
  array (
    'errno' => 1146,
  ),
)

2018-03-02 23:09:04





array (
  0 => 
  array (
    'message' => 'MySQL Query Error',
  ),
  1 => 
  array (
    'sql' => 'SELECT value FROM `ylt_tp`.`ylt_supplier_config` where supplier_id =\'297\' and name=\'mobile\' ',
  ),
  2 => 
  array (
    'error' => 'Table \'ylt_tp.ylt_supplier_config\' doesn\'t exist',
  ),
  3 => 
  array (
    'errno' => 1146,
  ),
)

2018-03-02 23:10:04





array (
  0 => 
  array (
    'message' => 'MySQL Query Error',
  ),
  1 => 
  array (
    'sql' => 'select value FROM `ylt_tp`.`ylt_supplier_config` where supplier_id = 64 and name = \'phone\'',
  ),
  2 => 
  array (
    'error' => 'Table \'ylt_tp.ylt_supplier_config\' doesn\'t exist',
  ),
  3 => 
  array (
    'errno' => 1146,
  ),
)

2018-03-02 23:12:12





array (
  0 => 
  array (
    'message' => 'MySQL Query Error',
  ),
  1 => 
  array (
    'sql' => 'SELECT value FROM `ylt_tp`.`ylt_supplier_config` where supplier_id =\'162\' and name=\'mobile\' ',
  ),
  2 => 
  array (
    'error' => 'Table \'ylt_tp.ylt_supplier_config\' doesn\'t exist',
  ),
  3 => 
  array (
    'errno' => 1146,
  ),
)

2018-03-02 23:12:45





array (
  0 => 
  array (
    'message' => 'MySQL Query Error',
  ),
  1 => 
  array (
    'sql' => 'SELECT value FROM `ylt_tp`.`ylt_supplier_config` where supplier_id =\'519\' and name=\'mobile\' ',
  ),
  2 => 
  array (
    'error' => 'Table \'ylt_tp.ylt_supplier_config\' doesn\'t exist',
  ),
  3 => 
  array (
    'errno' => 1146,
  ),
)

