2018-07-23 10:22:45





array (
  0 => 
  array (
    'message' => 'MySQL Query Error',
  ),
  1 => 
  array (
    'sql' => 'SELECT A.media_type,A.switch_time,A.ad_name,A.ad_link,A.ad_code as image FROM `ylt_tp`.`ylt_ad_position` as P left join `ylt_tp`.`ylt_ad` as A ON P.position_id=A.pid where A.enabled=1 AND P.position_id=12 AND P.is_open=1  AND A.start_time<= 1532312565 AND A.end_time>=1532312565 order by A.orderby DESC',
  ),
  2 => 
  array (
    'error' => 'Table \'ylt_tp.ylt_ad\' doesn\'t exist',
  ),
  3 => 
  array (
    'errno' => 1146,
  ),
)

2018-07-23 10:22:45





array (
  0 => 
  array (
    'message' => 'MySQL Query Error',
  ),
  1 => 
  array (
    'sql' => 'SELECT A.switch_time,A.ad_name,A.ad_link,A.ad_code,A.act_id,A.cate_id FROM `ylt_tp`.`ylt_ad_position` as P left join `ylt_tp`.`ylt_ad` as A ON P.position_id=A.pid where A.enabled=1 AND P.position_id=37 AND P.is_open=1 order by A.orderby DESC',
  ),
  2 => 
  array (
    'error' => 'Table \'ylt_tp.ylt_ad\' doesn\'t exist',
  ),
  3 => 
  array (
    'errno' => 1146,
  ),
)

2018-07-23 10:22:45





array (
  0 => 
  array (
    'message' => 'MySQL Query Error',
  ),
  1 => 
  array (
    'sql' => 'SELECT A.media_type,A.switch_time,A.ad_name,A.ad_link,A.ad_code as image FROM `ylt_tp`.`ylt_ad_position` as P left join `ylt_tp`.`ylt_ad` as A ON P.position_id=A.pid where A.enabled=1 AND P.position_id=12 AND P.is_open=1  AND A.start_time<= 1532312565 AND A.end_time>=1532312565 order by A.orderby DESC',
  ),
  2 => 
  array (
    'error' => 'Table \'ylt_tp.ylt_ad\' doesn\'t exist',
  ),
  3 => 
  array (
    'errno' => 1146,
  ),
)

2018-07-23 11:35:55





array (
  0 => 
  array (
    'message' => 'MySQL Query Error',
  ),
  1 => 
  array (
    'sql' => 'SELECT A.media_type,A.switch_time,A.ad_name,A.ad_link,A.ad_code as image FROM `ylt_tp`.`ylt_ad_position` as P left join `ylt_tp`.`ylt_ad` as A ON P.position_id=A.pid where A.enabled=1 AND P.position_id=12 AND P.is_open=1  AND A.start_time<= 1532316955 AND A.end_time>=1532316955 order by A.orderby DESC',
  ),
  2 => 
  array (
    'error' => 'Table \'ylt_tp.ylt_ad\' doesn\'t exist',
  ),
  3 => 
  array (
    'errno' => 1146,
  ),
)

2018-07-23 11:35:55





array (
  0 => 
  array (
    'message' => 'MySQL Query Error',
  ),
  1 => 
  array (
    'sql' => 'SELECT A.switch_time,A.ad_name,A.ad_link,A.ad_code,A.act_id,A.cate_id FROM `ylt_tp`.`ylt_ad_position` as P left join `ylt_tp`.`ylt_ad` as A ON P.position_id=A.pid where A.enabled=1 AND P.position_id=37 AND P.is_open=1 order by A.orderby DESC',
  ),
  2 => 
  array (
    'error' => 'Table \'ylt_tp.ylt_ad\' doesn\'t exist',
  ),
  3 => 
  array (
    'errno' => 1146,
  ),
)

2018-07-23 11:35:55





array (
  0 => 
  array (
    'message' => 'MySQL Query Error',
  ),
  1 => 
  array (
    'sql' => 'SELECT A.media_type,A.switch_time,A.ad_name,A.ad_link,A.ad_code as image FROM `ylt_tp`.`ylt_ad_position` as P left join `ylt_tp`.`ylt_ad` as A ON P.position_id=A.pid where A.enabled=1 AND P.position_id=12 AND P.is_open=1  AND A.start_time<= 1532316955 AND A.end_time>=1532316955 order by A.orderby DESC',
  ),
  2 => 
  array (
    'error' => 'Table \'ylt_tp.ylt_ad\' doesn\'t exist',
  ),
  3 => 
  array (
    'errno' => 1146,
  ),
)

2018-07-23 12:13:11





array (
  0 => 
  array (
    'message' => 'MySQL Query Error',
  ),
  1 => 
  array (
    'sql' => 'SELECT A.media_type,A.switch_time,A.ad_name,A.ad_link,A.ad_code as image FROM `ylt_tp`.`ylt_ad_position` as P left join `ylt_tp`.`ylt_ad` as A ON P.position_id=A.pid where A.enabled=1 AND P.position_id=12 AND P.is_open=1  AND A.start_time<= 1532319191 AND A.end_time>=1532319191 order by A.orderby DESC',
  ),
  2 => 
  array (
    'error' => 'Table \'ylt_tp.ylt_ad\' doesn\'t exist',
  ),
  3 => 
  array (
    'errno' => 1146,
  ),
)

2018-07-23 12:13:11





array (
  0 => 
  array (
    'message' => 'MySQL Query Error',
  ),
  1 => 
  array (
    'sql' => 'SELECT A.switch_time,A.ad_name,A.ad_link,A.ad_code,A.act_id,A.cate_id FROM `ylt_tp`.`ylt_ad_position` as P left join `ylt_tp`.`ylt_ad` as A ON P.position_id=A.pid where A.enabled=1 AND P.position_id=37 AND P.is_open=1 order by A.orderby DESC',
  ),
  2 => 
  array (
    'error' => 'Table \'ylt_tp.ylt_ad\' doesn\'t exist',
  ),
  3 => 
  array (
    'errno' => 1146,
  ),
)

2018-07-23 12:13:11





array (
  0 => 
  array (
    'message' => 'MySQL Query Error',
  ),
  1 => 
  array (
    'sql' => 'SELECT A.media_type,A.switch_time,A.ad_name,A.ad_link,A.ad_code as image FROM `ylt_tp`.`ylt_ad_position` as P left join `ylt_tp`.`ylt_ad` as A ON P.position_id=A.pid where A.enabled=1 AND P.position_id=12 AND P.is_open=1  AND A.start_time<= 1532319191 AND A.end_time>=1532319191 order by A.orderby DESC',
  ),
  2 => 
  array (
    'error' => 'Table \'ylt_tp.ylt_ad\' doesn\'t exist',
  ),
  3 => 
  array (
    'errno' => 1146,
  ),
)

2018-07-23 12:25:59





array (
  0 => 
  array (
    'message' => 'MySQL Query Error',
  ),
  1 => 
  array (
    'sql' => 'SELECT A.media_type,A.switch_time,A.ad_name,A.ad_link,A.ad_code as image FROM `ylt_tp`.`ylt_ad_position` as P left join `ylt_tp`.`ylt_ad` as A ON P.position_id=A.pid where A.enabled=1 AND P.position_id=12 AND P.is_open=1  AND A.start_time<= 1532319959 AND A.end_time>=1532319959 order by A.orderby DESC',
  ),
  2 => 
  array (
    'error' => 'Table \'ylt_tp.ylt_ad\' doesn\'t exist',
  ),
  3 => 
  array (
    'errno' => 1146,
  ),
)

2018-07-23 12:25:59





array (
  0 => 
  array (
    'message' => 'MySQL Query Error',
  ),
  1 => 
  array (
    'sql' => 'SELECT A.media_type,A.switch_time,A.ad_name,A.ad_link,A.ad_code as image FROM `ylt_tp`.`ylt_ad_position` as P left join `ylt_tp`.`ylt_ad` as A ON P.position_id=A.pid where A.enabled=1 AND P.position_id=12 AND P.is_open=1  AND A.start_time<= 1532319959 AND A.end_time>=1532319959 order by A.orderby DESC',
  ),
  2 => 
  array (
    'error' => 'Table \'ylt_tp.ylt_ad\' doesn\'t exist',
  ),
  3 => 
  array (
    'errno' => 1146,
  ),
)

2018-07-23 12:35:19





array (
  0 => 
  array (
    'message' => 'MySQL Query Error',
  ),
  1 => 
  array (
    'sql' => 'SELECT A.switch_time,A.ad_name,A.ad_link,A.ad_code,A.act_id,A.cate_id FROM `ylt_tp`.`ylt_ad_position` as P left join `ylt_tp`.`ylt_ad` as A ON P.position_id=A.pid where A.enabled=1 AND P.position_id=37 AND P.is_open=1 order by A.orderby DESC',
  ),
  2 => 
  array (
    'error' => 'Table \'ylt_tp.ylt_ad\' doesn\'t exist',
  ),
  3 => 
  array (
    'errno' => 1146,
  ),
)

2018-07-23 12:35:23





array (
  0 => 
  array (
    'message' => 'MySQL Query Error',
  ),
  1 => 
  array (
    'sql' => 'SELECT A.ad_name,A.ad_link,A.ad_code,A.act_id,A.cate_id FROM `ylt_tp`.`ylt_ad_position` as P left join `ylt_tp`.`ylt_ad` as A ON P.position_id=A.pid where A.enabled=1 AND P.position_id=38 AND P.is_open=1 order by A.orderby DESC',
  ),
  2 => 
  array (
    'error' => 'Table \'ylt_tp.ylt_ad\' doesn\'t exist',
  ),
  3 => 
  array (
    'errno' => 1146,
  ),
)

2018-07-23 12:36:40





array (
  0 => 
  array (
    'message' => 'MySQL Query Error',
  ),
  1 => 
  array (
    'sql' => 'SELECT A.switch_time,A.ad_name,A.ad_link,A.ad_code,A.act_id,A.cate_id FROM `ylt_tp`.`ylt_ad_position` as P left join `ylt_tp`.`ylt_ad` as A ON P.position_id=A.pid where A.enabled=1 AND P.position_id=37 AND P.is_open=1 order by A.orderby DESC',
  ),
  2 => 
  array (
    'error' => 'Table \'ylt_tp.ylt_ad\' doesn\'t exist',
  ),
  3 => 
  array (
    'errno' => 1146,
  ),
)

2018-07-23 12:36:43





array (
  0 => 
  array (
    'message' => 'MySQL Query Error',
  ),
  1 => 
  array (
    'sql' => 'SELECT A.media_type,A.switch_time,A.ad_name,A.ad_link,A.ad_code as image FROM `ylt_tp`.`ylt_ad_position` as P left join `ylt_tp`.`ylt_ad` as A ON P.position_id=A.pid where A.enabled=1 AND P.position_id=12 AND P.is_open=1  AND A.start_time<= 1532320603 AND A.end_time>=1532320603 order by A.orderby DESC',
  ),
  2 => 
  array (
    'error' => 'Table \'ylt_tp.ylt_ad\' doesn\'t exist',
  ),
  3 => 
  array (
    'errno' => 1146,
  ),
)

2018-07-23 12:36:51





array (
  0 => 
  array (
    'message' => 'MySQL Query Error',
  ),
  1 => 
  array (
    'sql' => 'SELECT A.switch_time,A.ad_name,A.ad_link,A.ad_code,A.act_id,A.cate_id FROM `ylt_tp`.`ylt_ad_position` as P left join `ylt_tp`.`ylt_ad` as A ON P.position_id=A.pid where A.enabled=1 AND P.position_id=37 AND P.is_open=1 order by A.orderby DESC',
  ),
  2 => 
  array (
    'error' => 'Table \'ylt_tp.ylt_ad\' doesn\'t exist',
  ),
  3 => 
  array (
    'errno' => 1146,
  ),
)

2018-07-23 12:36:54





array (
  0 => 
  array (
    'message' => 'MySQL Query Error',
  ),
  1 => 
  array (
    'sql' => 'SELECT A.media_type,A.switch_time,A.ad_name,A.ad_link,A.ad_code as image FROM `ylt_tp`.`ylt_ad_position` as P left join `ylt_tp`.`ylt_ad` as A ON P.position_id=A.pid where A.enabled=1 AND P.position_id=12 AND P.is_open=1  AND A.start_time<= 1532320614 AND A.end_time>=1532320614 order by A.orderby DESC',
  ),
  2 => 
  array (
    'error' => 'Table \'ylt_tp.ylt_ad\' doesn\'t exist',
  ),
  3 => 
  array (
    'errno' => 1146,
  ),
)

2018-07-23 12:37:03





array (
  0 => 
  array (
    'message' => 'MySQL Query Error',
  ),
  1 => 
  array (
    'sql' => 'SELECT A.switch_time,A.ad_name,A.ad_link,A.ad_code,A.act_id,A.cate_id FROM `ylt_tp`.`ylt_ad_position` as P left join `ylt_tp`.`ylt_ad` as A ON P.position_id=A.pid where A.enabled=1 AND P.position_id=37 AND P.is_open=1 order by A.orderby DESC',
  ),
  2 => 
  array (
    'error' => 'Table \'ylt_tp.ylt_ad\' doesn\'t exist',
  ),
  3 => 
  array (
    'errno' => 1146,
  ),
)

2018-07-23 12:37:05





array (
  0 => 
  array (
    'message' => 'MySQL Query Error',
  ),
  1 => 
  array (
    'sql' => 'SELECT A.switch_time,A.ad_name,A.ad_link,A.ad_code,A.act_id,A.cate_id FROM `ylt_tp`.`ylt_ad_position` as P left join `ylt_tp`.`ylt_ad` as A ON P.position_id=A.pid where A.enabled=1 AND P.position_id=37 AND P.is_open=1 order by A.orderby DESC',
  ),
  2 => 
  array (
    'error' => 'Table \'ylt_tp.ylt_ad\' doesn\'t exist',
  ),
  3 => 
  array (
    'errno' => 1146,
  ),
)

2018-07-23 12:37:08





array (
  0 => 
  array (
    'message' => 'MySQL Query Error',
  ),
  1 => 
  array (
    'sql' => 'SELECT A.media_type,A.switch_time,A.ad_name,A.ad_link,A.ad_code as image FROM `ylt_tp`.`ylt_ad_position` as P left join `ylt_tp`.`ylt_ad` as A ON P.position_id=A.pid where A.enabled=1 AND P.position_id=12 AND P.is_open=1  AND A.start_time<= 1532320628 AND A.end_time>=1532320628 order by A.orderby DESC',
  ),
  2 => 
  array (
    'error' => 'Table \'ylt_tp.ylt_ad\' doesn\'t exist',
  ),
  3 => 
  array (
    'errno' => 1146,
  ),
)

2018-07-23 12:37:13





array (
  0 => 
  array (
    'message' => 'MySQL Query Error',
  ),
  1 => 
  array (
    'sql' => 'SELECT A.switch_time,A.ad_name,A.ad_link,A.ad_code,A.act_id,A.cate_id FROM `ylt_tp`.`ylt_ad_position` as P left join `ylt_tp`.`ylt_ad` as A ON P.position_id=A.pid where A.enabled=1 AND P.position_id=37 AND P.is_open=1 order by A.orderby DESC',
  ),
  2 => 
  array (
    'error' => 'Table \'ylt_tp.ylt_ad\' doesn\'t exist',
  ),
  3 => 
  array (
    'errno' => 1146,
  ),
)

2018-07-23 12:37:16





array (
  0 => 
  array (
    'message' => 'MySQL Query Error',
  ),
  1 => 
  array (
    'sql' => 'SELECT A.media_type,A.switch_time,A.ad_name,A.ad_link,A.ad_code as image FROM `ylt_tp`.`ylt_ad_position` as P left join `ylt_tp`.`ylt_ad` as A ON P.position_id=A.pid where A.enabled=1 AND P.position_id=12 AND P.is_open=1  AND A.start_time<= 1532320636 AND A.end_time>=1532320636 order by A.orderby DESC',
  ),
  2 => 
  array (
    'error' => 'Table \'ylt_tp.ylt_ad\' doesn\'t exist',
  ),
  3 => 
  array (
    'errno' => 1146,
  ),
)

2018-07-23 12:37:21





array (
  0 => 
  array (
    'message' => 'MySQL Query Error',
  ),
  1 => 
  array (
    'sql' => 'SELECT A.switch_time,A.ad_name,A.ad_link,A.ad_code,A.act_id,A.cate_id FROM `ylt_tp`.`ylt_ad_position` as P left join `ylt_tp`.`ylt_ad` as A ON P.position_id=A.pid where A.enabled=1 AND P.position_id=37 AND P.is_open=1 order by A.orderby DESC',
  ),
  2 => 
  array (
    'error' => 'Table \'ylt_tp.ylt_ad\' doesn\'t exist',
  ),
  3 => 
  array (
    'errno' => 1146,
  ),
)

2018-07-23 12:37:25





array (
  0 => 
  array (
    'message' => 'MySQL Query Error',
  ),
  1 => 
  array (
    'sql' => 'SELECT A.media_type,A.switch_time,A.ad_name,A.ad_link,A.ad_code as image FROM `ylt_tp`.`ylt_ad_position` as P left join `ylt_tp`.`ylt_ad` as A ON P.position_id=A.pid where A.enabled=1 AND P.position_id=12 AND P.is_open=1  AND A.start_time<= 1532320645 AND A.end_time>=1532320645 order by A.orderby DESC',
  ),
  2 => 
  array (
    'error' => 'Table \'ylt_tp.ylt_ad\' doesn\'t exist',
  ),
  3 => 
  array (
    'errno' => 1146,
  ),
)

2018-07-23 12:37:29





array (
  0 => 
  array (
    'message' => 'MySQL Query Error',
  ),
  1 => 
  array (
    'sql' => 'SELECT A.switch_time,A.ad_name,A.ad_link,A.ad_code,A.act_id,A.cate_id FROM `ylt_tp`.`ylt_ad_position` as P left join `ylt_tp`.`ylt_ad` as A ON P.position_id=A.pid where A.enabled=1 AND P.position_id=37 AND P.is_open=1 order by A.orderby DESC',
  ),
  2 => 
  array (
    'error' => 'Table \'ylt_tp.ylt_ad\' doesn\'t exist',
  ),
  3 => 
  array (
    'errno' => 1146,
  ),
)

2018-07-23 12:37:33





array (
  0 => 
  array (
    'message' => 'MySQL Query Error',
  ),
  1 => 
  array (
    'sql' => 'SELECT A.media_type,A.switch_time,A.ad_name,A.ad_link,A.ad_code as image FROM `ylt_tp`.`ylt_ad_position` as P left join `ylt_tp`.`ylt_ad` as A ON P.position_id=A.pid where A.enabled=1 AND P.position_id=12 AND P.is_open=1  AND A.start_time<= 1532320653 AND A.end_time>=1532320653 order by A.orderby DESC',
  ),
  2 => 
  array (
    'error' => 'Table \'ylt_tp.ylt_ad\' doesn\'t exist',
  ),
  3 => 
  array (
    'errno' => 1146,
  ),
)

2018-07-23 12:37:38





array (
  0 => 
  array (
    'message' => 'MySQL Query Error',
  ),
  1 => 
  array (
    'sql' => 'SELECT A.switch_time,A.ad_name,A.ad_link,A.ad_code,A.act_id,A.cate_id FROM `ylt_tp`.`ylt_ad_position` as P left join `ylt_tp`.`ylt_ad` as A ON P.position_id=A.pid where A.enabled=1 AND P.position_id=37 AND P.is_open=1 order by A.orderby DESC',
  ),
  2 => 
  array (
    'error' => 'Table \'ylt_tp.ylt_ad\' doesn\'t exist',
  ),
  3 => 
  array (
    'errno' => 1146,
  ),
)

2018-07-23 12:37:41





array (
  0 => 
  array (
    'message' => 'MySQL Query Error',
  ),
  1 => 
  array (
    'sql' => 'SELECT A.media_type,A.switch_time,A.ad_name,A.ad_link,A.ad_code as image FROM `ylt_tp`.`ylt_ad_position` as P left join `ylt_tp`.`ylt_ad` as A ON P.position_id=A.pid where A.enabled=1 AND P.position_id=12 AND P.is_open=1  AND A.start_time<= 1532320661 AND A.end_time>=1532320661 order by A.orderby DESC',
  ),
  2 => 
  array (
    'error' => 'Table \'ylt_tp.ylt_ad\' doesn\'t exist',
  ),
  3 => 
  array (
    'errno' => 1146,
  ),
)

2018-07-23 13:55:59





array (
  0 => 
  array (
    'message' => 'MySQL Query Error',
  ),
  1 => 
  array (
    'sql' => 'SELECT A.switch_time,A.ad_name,A.ad_link,A.ad_code,A.act_id,A.cate_id FROM `ylt_tp`.`ylt_ad_position` as P left join `ylt_tp`.`ylt_ad` as A ON P.position_id=A.pid where A.enabled=1 AND P.position_id=37 AND P.is_open=1 order by A.orderby DESC',
  ),
  2 => 
  array (
    'error' => 'Table \'ylt_tp.ylt_ad\' doesn\'t exist',
  ),
  3 => 
  array (
    'errno' => 1146,
  ),
)

2018-07-23 14:50:07





array (
  0 => 
  array (
    'message' => 'MySQL Query Error',
  ),
  1 => 
  array (
    'sql' => 'SELECT A.media_type,A.switch_time,A.ad_name,A.ad_link,A.ad_code as image FROM `ylt_tp`.`ylt_ad_position` as P left join `ylt_tp`.`ylt_ad` as A ON P.position_id=A.pid where A.enabled=1 AND P.position_id=12 AND P.is_open=1  AND A.start_time<= 1532328607 AND A.end_time>=1532328607 order by A.orderby DESC',
  ),
  2 => 
  array (
    'error' => 'Table \'ylt_tp.ylt_ad\' doesn\'t exist',
  ),
  3 => 
  array (
    'errno' => 1146,
  ),
)

2018-07-23 14:50:07





array (
  0 => 
  array (
    'message' => 'MySQL Query Error',
  ),
  1 => 
  array (
    'sql' => 'SELECT A.media_type,A.switch_time,A.ad_name,A.ad_link,A.ad_code as image FROM `ylt_tp`.`ylt_ad_position` as P left join `ylt_tp`.`ylt_ad` as A ON P.position_id=A.pid where A.enabled=1 AND P.position_id=12 AND P.is_open=1  AND A.start_time<= 1532328607 AND A.end_time>=1532328607 order by A.orderby DESC',
  ),
  2 => 
  array (
    'error' => 'Table \'ylt_tp.ylt_ad\' doesn\'t exist',
  ),
  3 => 
  array (
    'errno' => 1146,
  ),
)

2018-07-23 14:50:57





array (
  0 => 
  array (
    'message' => 'MySQL Query Error',
  ),
  1 => 
  array (
    'sql' => 'SELECT A.media_type,A.switch_time,A.ad_name,A.ad_link,A.ad_code as image FROM `ylt_tp`.`ylt_ad_position` as P left join `ylt_tp`.`ylt_ad` as A ON P.position_id=A.pid where A.enabled=1 AND P.position_id=12 AND P.is_open=1  AND A.start_time<= 1532328657 AND A.end_time>=1532328657 order by A.orderby DESC',
  ),
  2 => 
  array (
    'error' => 'Table \'ylt_tp.ylt_ad\' doesn\'t exist',
  ),
  3 => 
  array (
    'errno' => 1146,
  ),
)

2018-07-23 15:08:16





array (
  0 => 
  array (
    'message' => 'MySQL Query Error',
  ),
  1 => 
  array (
    'sql' => 'SELECT A.media_type,A.switch_time,A.ad_name,A.ad_link,A.ad_code as image FROM `ylt_tp`.`ylt_ad_position` as P left join `ylt_tp`.`ylt_ad` as A ON P.position_id=A.pid where A.enabled=1 AND P.position_id=12 AND P.is_open=1  AND A.start_time<= 1532329696 AND A.end_time>=1532329696 order by A.orderby DESC',
  ),
  2 => 
  array (
    'error' => 'Table \'ylt_tp.ylt_ad\' doesn\'t exist',
  ),
  3 => 
  array (
    'errno' => 1146,
  ),
)

2018-07-23 15:08:16





array (
  0 => 
  array (
    'message' => 'MySQL Query Error',
  ),
  1 => 
  array (
    'sql' => 'SELECT A.switch_time,A.ad_name,A.ad_link,A.ad_code,A.act_id,A.cate_id FROM `ylt_tp`.`ylt_ad_position` as P left join `ylt_tp`.`ylt_ad` as A ON P.position_id=A.pid where A.enabled=1 AND P.position_id=37 AND P.is_open=1 order by A.orderby DESC',
  ),
  2 => 
  array (
    'error' => 'Table \'ylt_tp.ylt_ad\' doesn\'t exist',
  ),
  3 => 
  array (
    'errno' => 1146,
  ),
)

2018-07-23 15:08:17





array (
  0 => 
  array (
    'message' => 'MySQL Query Error',
  ),
  1 => 
  array (
    'sql' => 'SELECT A.media_type,A.switch_time,A.ad_name,A.ad_link,A.ad_code as image FROM `ylt_tp`.`ylt_ad_position` as P left join `ylt_tp`.`ylt_ad` as A ON P.position_id=A.pid where A.enabled=1 AND P.position_id=12 AND P.is_open=1  AND A.start_time<= 1532329697 AND A.end_time>=1532329697 order by A.orderby DESC',
  ),
  2 => 
  array (
    'error' => 'Table \'ylt_tp.ylt_ad\' doesn\'t exist',
  ),
  3 => 
  array (
    'errno' => 1146,
  ),
)

2018-07-23 15:41:05





array (
  0 => 
  array (
    'message' => 'MySQL Query Error',
  ),
  1 => 
  array (
    'sql' => 'SELECT A.switch_time,A.ad_name,A.ad_link,A.ad_code,A.act_id,A.cate_id FROM `ylt_tp`.`ylt_ad_position` as P left join `ylt_tp`.`ylt_ad` as A ON P.position_id=A.pid where A.enabled=1 AND P.position_id=37 AND P.is_open=1 order by A.orderby DESC',
  ),
  2 => 
  array (
    'error' => 'Table \'ylt_tp.ylt_ad\' doesn\'t exist',
  ),
  3 => 
  array (
    'errno' => 1146,
  ),
)

2018-07-23 15:41:08





array (
  0 => 
  array (
    'message' => 'MySQL Query Error',
  ),
  1 => 
  array (
    'sql' => 'SELECT A.ad_name,A.ad_link,A.ad_code,A.act_id,A.cate_id FROM `ylt_tp`.`ylt_ad_position` as P left join `ylt_tp`.`ylt_ad` as A ON P.position_id=A.pid where A.enabled=1 AND P.position_id=38 AND P.is_open=1 order by A.orderby DESC',
  ),
  2 => 
  array (
    'error' => 'Table \'ylt_tp.ylt_ad\' doesn\'t exist',
  ),
  3 => 
  array (
    'errno' => 1146,
  ),
)

2018-07-23 15:59:12





array (
  0 => 
  array (
    'message' => 'MySQL Query Error',
  ),
  1 => 
  array (
    'sql' => 'SELECT A.switch_time,A.ad_name,A.ad_link,A.ad_code,A.act_id,A.cate_id FROM `ylt_tp`.`ylt_ad_position` as P left join `ylt_tp`.`ylt_ad` as A ON P.position_id=A.pid where A.enabled=1 AND P.position_id=37 AND P.is_open=1 order by A.orderby DESC',
  ),
  2 => 
  array (
    'error' => 'Table \'ylt_tp.ylt_ad\' doesn\'t exist',
  ),
  3 => 
  array (
    'errno' => 1146,
  ),
)

2018-07-23 15:59:16





array (
  0 => 
  array (
    'message' => 'MySQL Query Error',
  ),
  1 => 
  array (
    'sql' => 'SELECT A.media_type,A.switch_time,A.ad_name,A.ad_link,A.ad_code as image FROM `ylt_tp`.`ylt_ad_position` as P left join `ylt_tp`.`ylt_ad` as A ON P.position_id=A.pid where A.enabled=1 AND P.position_id=12 AND P.is_open=1  AND A.start_time<= 1532332756 AND A.end_time>=1532332756 order by A.orderby DESC',
  ),
  2 => 
  array (
    'error' => 'Table \'ylt_tp.ylt_ad\' doesn\'t exist',
  ),
  3 => 
  array (
    'errno' => 1146,
  ),
)

2018-07-23 15:59:23





array (
  0 => 
  array (
    'message' => 'MySQL Query Error',
  ),
  1 => 
  array (
    'sql' => 'SELECT A.switch_time,A.ad_name,A.ad_link,A.ad_code,A.act_id,A.cate_id FROM `ylt_tp`.`ylt_ad_position` as P left join `ylt_tp`.`ylt_ad` as A ON P.position_id=A.pid where A.enabled=1 AND P.position_id=37 AND P.is_open=1 order by A.orderby DESC',
  ),
  2 => 
  array (
    'error' => 'Table \'ylt_tp.ylt_ad\' doesn\'t exist',
  ),
  3 => 
  array (
    'errno' => 1146,
  ),
)

2018-07-23 15:59:26





array (
  0 => 
  array (
    'message' => 'MySQL Query Error',
  ),
  1 => 
  array (
    'sql' => 'SELECT A.media_type,A.switch_time,A.ad_name,A.ad_link,A.ad_code as image FROM `ylt_tp`.`ylt_ad_position` as P left join `ylt_tp`.`ylt_ad` as A ON P.position_id=A.pid where A.enabled=1 AND P.position_id=12 AND P.is_open=1  AND A.start_time<= 1532332766 AND A.end_time>=1532332766 order by A.orderby DESC',
  ),
  2 => 
  array (
    'error' => 'Table \'ylt_tp.ylt_ad\' doesn\'t exist',
  ),
  3 => 
  array (
    'errno' => 1146,
  ),
)

2018-07-23 15:59:33





array (
  0 => 
  array (
    'message' => 'MySQL Query Error',
  ),
  1 => 
  array (
    'sql' => 'SELECT A.switch_time,A.ad_name,A.ad_link,A.ad_code,A.act_id,A.cate_id FROM `ylt_tp`.`ylt_ad_position` as P left join `ylt_tp`.`ylt_ad` as A ON P.position_id=A.pid where A.enabled=1 AND P.position_id=37 AND P.is_open=1 order by A.orderby DESC',
  ),
  2 => 
  array (
    'error' => 'Table \'ylt_tp.ylt_ad\' doesn\'t exist',
  ),
  3 => 
  array (
    'errno' => 1146,
  ),
)

2018-07-23 15:59:37





array (
  0 => 
  array (
    'message' => 'MySQL Query Error',
  ),
  1 => 
  array (
    'sql' => 'SELECT A.media_type,A.switch_time,A.ad_name,A.ad_link,A.ad_code as image FROM `ylt_tp`.`ylt_ad_position` as P left join `ylt_tp`.`ylt_ad` as A ON P.position_id=A.pid where A.enabled=1 AND P.position_id=12 AND P.is_open=1  AND A.start_time<= 1532332777 AND A.end_time>=1532332777 order by A.orderby DESC',
  ),
  2 => 
  array (
    'error' => 'Table \'ylt_tp.ylt_ad\' doesn\'t exist',
  ),
  3 => 
  array (
    'errno' => 1146,
  ),
)

2018-07-23 15:59:43





array (
  0 => 
  array (
    'message' => 'MySQL Query Error',
  ),
  1 => 
  array (
    'sql' => 'SELECT A.switch_time,A.ad_name,A.ad_link,A.ad_code,A.act_id,A.cate_id FROM `ylt_tp`.`ylt_ad_position` as P left join `ylt_tp`.`ylt_ad` as A ON P.position_id=A.pid where A.enabled=1 AND P.position_id=37 AND P.is_open=1 order by A.orderby DESC',
  ),
  2 => 
  array (
    'error' => 'Table \'ylt_tp.ylt_ad\' doesn\'t exist',
  ),
  3 => 
  array (
    'errno' => 1146,
  ),
)

2018-07-23 15:59:47





array (
  0 => 
  array (
    'message' => 'MySQL Query Error',
  ),
  1 => 
  array (
    'sql' => 'SELECT A.media_type,A.switch_time,A.ad_name,A.ad_link,A.ad_code as image FROM `ylt_tp`.`ylt_ad_position` as P left join `ylt_tp`.`ylt_ad` as A ON P.position_id=A.pid where A.enabled=1 AND P.position_id=12 AND P.is_open=1  AND A.start_time<= 1532332787 AND A.end_time>=1532332787 order by A.orderby DESC',
  ),
  2 => 
  array (
    'error' => 'Table \'ylt_tp.ylt_ad\' doesn\'t exist',
  ),
  3 => 
  array (
    'errno' => 1146,
  ),
)

2018-07-23 15:59:51





array (
  0 => 
  array (
    'message' => 'MySQL Query Error',
  ),
  1 => 
  array (
    'sql' => 'SELECT A.switch_time,A.ad_name,A.ad_link,A.ad_code,A.act_id,A.cate_id FROM `ylt_tp`.`ylt_ad_position` as P left join `ylt_tp`.`ylt_ad` as A ON P.position_id=A.pid where A.enabled=1 AND P.position_id=37 AND P.is_open=1 order by A.orderby DESC',
  ),
  2 => 
  array (
    'error' => 'Table \'ylt_tp.ylt_ad\' doesn\'t exist',
  ),
  3 => 
  array (
    'errno' => 1146,
  ),
)

2018-07-23 15:59:55





array (
  0 => 
  array (
    'message' => 'MySQL Query Error',
  ),
  1 => 
  array (
    'sql' => 'SELECT A.media_type,A.switch_time,A.ad_name,A.ad_link,A.ad_code as image FROM `ylt_tp`.`ylt_ad_position` as P left join `ylt_tp`.`ylt_ad` as A ON P.position_id=A.pid where A.enabled=1 AND P.position_id=12 AND P.is_open=1  AND A.start_time<= 1532332795 AND A.end_time>=1532332795 order by A.orderby DESC',
  ),
  2 => 
  array (
    'error' => 'Table \'ylt_tp.ylt_ad\' doesn\'t exist',
  ),
  3 => 
  array (
    'errno' => 1146,
  ),
)

2018-07-23 16:39:52





array (
  0 => 
  array (
    'message' => 'MySQL Query Error',
  ),
  1 => 
  array (
    'sql' => 'SELECT A.media_type,A.switch_time,A.ad_name,A.ad_link,A.ad_code as image FROM `ylt_tp`.`ylt_ad_position` as P left join `ylt_tp`.`ylt_ad` as A ON P.position_id=A.pid where A.enabled=1 AND P.position_id=12 AND P.is_open=1  AND A.start_time<= 1532335192 AND A.end_time>=1532335192 order by A.orderby DESC',
  ),
  2 => 
  array (
    'error' => 'Table \'ylt_tp.ylt_ad\' doesn\'t exist',
  ),
  3 => 
  array (
    'errno' => 1146,
  ),
)

2018-07-23 16:39:52





array (
  0 => 
  array (
    'message' => 'MySQL Query Error',
  ),
  1 => 
  array (
    'sql' => 'SELECT A.switch_time,A.ad_name,A.ad_link,A.ad_code,A.act_id,A.cate_id FROM `ylt_tp`.`ylt_ad_position` as P left join `ylt_tp`.`ylt_ad` as A ON P.position_id=A.pid where A.enabled=1 AND P.position_id=37 AND P.is_open=1 order by A.orderby DESC',
  ),
  2 => 
  array (
    'error' => 'Table \'ylt_tp.ylt_ad\' doesn\'t exist',
  ),
  3 => 
  array (
    'errno' => 1146,
  ),
)

2018-07-23 16:39:53





array (
  0 => 
  array (
    'message' => 'MySQL Query Error',
  ),
  1 => 
  array (
    'sql' => 'SELECT A.media_type,A.switch_time,A.ad_name,A.ad_link,A.ad_code as image FROM `ylt_tp`.`ylt_ad_position` as P left join `ylt_tp`.`ylt_ad` as A ON P.position_id=A.pid where A.enabled=1 AND P.position_id=12 AND P.is_open=1  AND A.start_time<= 1532335193 AND A.end_time>=1532335193 order by A.orderby DESC',
  ),
  2 => 
  array (
    'error' => 'Table \'ylt_tp.ylt_ad\' doesn\'t exist',
  ),
  3 => 
  array (
    'errno' => 1146,
  ),
)

2018-07-23 18:39:22





array (
  0 => 
  array (
    'message' => 'MySQL Query Error',
  ),
  1 => 
  array (
    'sql' => 'SELECT A.media_type,A.switch_time,A.ad_name,A.ad_link,A.ad_code as image FROM `ylt_tp`.`ylt_ad_position` as P left join `ylt_tp`.`ylt_ad` as A ON P.position_id=A.pid where A.enabled=1 AND P.position_id=12 AND P.is_open=1  AND A.start_time<= 1532342362 AND A.end_time>=1532342362 order by A.orderby DESC',
  ),
  2 => 
  array (
    'error' => 'Table \'ylt_tp.ylt_ad\' doesn\'t exist',
  ),
  3 => 
  array (
    'errno' => 1146,
  ),
)

2018-07-23 18:39:22





array (
  0 => 
  array (
    'message' => 'MySQL Query Error',
  ),
  1 => 
  array (
    'sql' => 'SELECT A.switch_time,A.ad_name,A.ad_link,A.ad_code,A.act_id,A.cate_id FROM `ylt_tp`.`ylt_ad_position` as P left join `ylt_tp`.`ylt_ad` as A ON P.position_id=A.pid where A.enabled=1 AND P.position_id=37 AND P.is_open=1 order by A.orderby DESC',
  ),
  2 => 
  array (
    'error' => 'Table \'ylt_tp.ylt_ad\' doesn\'t exist',
  ),
  3 => 
  array (
    'errno' => 1146,
  ),
)

2018-07-23 18:39:23





array (
  0 => 
  array (
    'message' => 'MySQL Query Error',
  ),
  1 => 
  array (
    'sql' => 'SELECT A.media_type,A.switch_time,A.ad_name,A.ad_link,A.ad_code as image FROM `ylt_tp`.`ylt_ad_position` as P left join `ylt_tp`.`ylt_ad` as A ON P.position_id=A.pid where A.enabled=1 AND P.position_id=12 AND P.is_open=1  AND A.start_time<= 1532342363 AND A.end_time>=1532342363 order by A.orderby DESC',
  ),
  2 => 
  array (
    'error' => 'Table \'ylt_tp.ylt_ad\' doesn\'t exist',
  ),
  3 => 
  array (
    'errno' => 1146,
  ),
)

2018-07-23 20:19:20





array (
  0 => 
  array (
    'message' => 'MySQL Query Error',
  ),
  1 => 
  array (
    'sql' => 'SELECT A.media_type,A.switch_time,A.ad_name,A.ad_link,A.ad_code as image FROM `ylt_tp`.`ylt_ad_position` as P left join `ylt_tp`.`ylt_ad` as A ON P.position_id=A.pid where A.enabled=1 AND P.position_id=12 AND P.is_open=1  AND A.start_time<= 1532348360 AND A.end_time>=1532348360 order by A.orderby DESC',
  ),
  2 => 
  array (
    'error' => 'Table \'ylt_tp.ylt_ad\' doesn\'t exist',
  ),
  3 => 
  array (
    'errno' => 1146,
  ),
)

2018-07-23 20:19:20





array (
  0 => 
  array (
    'message' => 'MySQL Query Error',
  ),
  1 => 
  array (
    'sql' => 'SELECT A.switch_time,A.ad_name,A.ad_link,A.ad_code,A.act_id,A.cate_id FROM `ylt_tp`.`ylt_ad_position` as P left join `ylt_tp`.`ylt_ad` as A ON P.position_id=A.pid where A.enabled=1 AND P.position_id=37 AND P.is_open=1 order by A.orderby DESC',
  ),
  2 => 
  array (
    'error' => 'Table \'ylt_tp.ylt_ad\' doesn\'t exist',
  ),
  3 => 
  array (
    'errno' => 1146,
  ),
)

2018-07-23 20:19:20





array (
  0 => 
  array (
    'message' => 'MySQL Query Error',
  ),
  1 => 
  array (
    'sql' => 'SELECT A.media_type,A.switch_time,A.ad_name,A.ad_link,A.ad_code as image FROM `ylt_tp`.`ylt_ad_position` as P left join `ylt_tp`.`ylt_ad` as A ON P.position_id=A.pid where A.enabled=1 AND P.position_id=12 AND P.is_open=1  AND A.start_time<= 1532348360 AND A.end_time>=1532348360 order by A.orderby DESC',
  ),
  2 => 
  array (
    'error' => 'Table \'ylt_tp.ylt_ad\' doesn\'t exist',
  ),
  3 => 
  array (
    'errno' => 1146,
  ),
)

2018-07-23 20:19:25





array (
  0 => 
  array (
    'message' => 'MySQL Query Error',
  ),
  1 => 
  array (
    'sql' => 'SELECT A.media_type,A.switch_time,A.ad_name,A.ad_link,A.ad_code as image FROM `ylt_tp`.`ylt_ad_position` as P left join `ylt_tp`.`ylt_ad` as A ON P.position_id=A.pid where A.enabled=1 AND P.position_id=12 AND P.is_open=1  AND A.start_time<= 1532348365 AND A.end_time>=1532348365 order by A.orderby DESC',
  ),
  2 => 
  array (
    'error' => 'Table \'ylt_tp.ylt_ad\' doesn\'t exist',
  ),
  3 => 
  array (
    'errno' => 1146,
  ),
)

2018-07-23 20:19:26





array (
  0 => 
  array (
    'message' => 'MySQL Query Error',
  ),
  1 => 
  array (
    'sql' => 'SELECT A.media_type,A.switch_time,A.ad_name,A.ad_link,A.ad_code as image FROM `ylt_tp`.`ylt_ad_position` as P left join `ylt_tp`.`ylt_ad` as A ON P.position_id=A.pid where A.enabled=1 AND P.position_id=12 AND P.is_open=1  AND A.start_time<= 1532348366 AND A.end_time>=1532348366 order by A.orderby DESC',
  ),
  2 => 
  array (
    'error' => 'Table \'ylt_tp.ylt_ad\' doesn\'t exist',
  ),
  3 => 
  array (
    'errno' => 1146,
  ),
)

2018-07-23 20:19:26





array (
  0 => 
  array (
    'message' => 'MySQL Query Error',
  ),
  1 => 
  array (
    'sql' => 'SELECT A.switch_time,A.ad_name,A.ad_link,A.ad_code,A.act_id,A.cate_id FROM `ylt_tp`.`ylt_ad_position` as P left join `ylt_tp`.`ylt_ad` as A ON P.position_id=A.pid where A.enabled=1 AND P.position_id=37 AND P.is_open=1 order by A.orderby DESC',
  ),
  2 => 
  array (
    'error' => 'Table \'ylt_tp.ylt_ad\' doesn\'t exist',
  ),
  3 => 
  array (
    'errno' => 1146,
  ),
)

2018-07-23 20:19:34





array (
  0 => 
  array (
    'message' => 'MySQL Query Error',
  ),
  1 => 
  array (
    'sql' => 'SELECT A.media_type,A.switch_time,A.ad_name,A.ad_link,A.ad_code as image FROM `ylt_tp`.`ylt_ad_position` as P left join `ylt_tp`.`ylt_ad` as A ON P.position_id=A.pid where A.enabled=1 AND P.position_id=12 AND P.is_open=1  AND A.start_time<= 1532348374 AND A.end_time>=1532348374 order by A.orderby DESC',
  ),
  2 => 
  array (
    'error' => 'Table \'ylt_tp.ylt_ad\' doesn\'t exist',
  ),
  3 => 
  array (
    'errno' => 1146,
  ),
)

2018-07-23 20:19:53





array (
  0 => 
  array (
    'message' => 'MySQL Query Error',
  ),
  1 => 
  array (
    'sql' => 'SELECT A.media_type,A.switch_time,A.ad_name,A.ad_link,A.ad_code as image FROM `ylt_tp`.`ylt_ad_position` as P left join `ylt_tp`.`ylt_ad` as A ON P.position_id=A.pid where A.enabled=1 AND P.position_id=12 AND P.is_open=1  AND A.start_time<= 1532348393 AND A.end_time>=1532348393 order by A.orderby DESC',
  ),
  2 => 
  array (
    'error' => 'Table \'ylt_tp.ylt_ad\' doesn\'t exist',
  ),
  3 => 
  array (
    'errno' => 1146,
  ),
)

2018-07-23 20:20:34





array (
  0 => 
  array (
    'message' => 'MySQL Query Error',
  ),
  1 => 
  array (
    'sql' => 'SELECT A.media_type,A.switch_time,A.ad_name,A.ad_link,A.ad_code as image FROM `ylt_tp`.`ylt_ad_position` as P left join `ylt_tp`.`ylt_ad` as A ON P.position_id=A.pid where A.enabled=1 AND P.position_id=12 AND P.is_open=1  AND A.start_time<= 1532348434 AND A.end_time>=1532348434 order by A.orderby DESC',
  ),
  2 => 
  array (
    'error' => 'Table \'ylt_tp.ylt_ad\' doesn\'t exist',
  ),
  3 => 
  array (
    'errno' => 1146,
  ),
)

2018-07-23 20:20:36





array (
  0 => 
  array (
    'message' => 'MySQL Query Error',
  ),
  1 => 
  array (
    'sql' => 'SELECT A.media_type,A.switch_time,A.ad_name,A.ad_link,A.ad_code as image FROM `ylt_tp`.`ylt_ad_position` as P left join `ylt_tp`.`ylt_ad` as A ON P.position_id=A.pid where A.enabled=1 AND P.position_id=12 AND P.is_open=1  AND A.start_time<= 1532348436 AND A.end_time>=1532348436 order by A.orderby DESC',
  ),
  2 => 
  array (
    'error' => 'Table \'ylt_tp.ylt_ad\' doesn\'t exist',
  ),
  3 => 
  array (
    'errno' => 1146,
  ),
)

2018-07-23 20:25:41





array (
  0 => 
  array (
    'message' => 'MySQL Query Error',
  ),
  1 => 
  array (
    'sql' => 'SELECT A.media_type,A.switch_time,A.ad_name,A.ad_link,A.ad_code as image FROM `ylt_tp`.`ylt_ad_position` as P left join `ylt_tp`.`ylt_ad` as A ON P.position_id=A.pid where A.enabled=1 AND P.position_id=12 AND P.is_open=1  AND A.start_time<= 1532348741 AND A.end_time>=1532348741 order by A.orderby DESC',
  ),
  2 => 
  array (
    'error' => 'Table \'ylt_tp.ylt_ad\' doesn\'t exist',
  ),
  3 => 
  array (
    'errno' => 1146,
  ),
)

2018-07-23 20:25:58





array (
  0 => 
  array (
    'message' => 'MySQL Query Error',
  ),
  1 => 
  array (
    'sql' => 'SELECT A.media_type,A.switch_time,A.ad_name,A.ad_link,A.ad_code as image FROM `ylt_tp`.`ylt_ad_position` as P left join `ylt_tp`.`ylt_ad` as A ON P.position_id=A.pid where A.enabled=1 AND P.position_id=12 AND P.is_open=1  AND A.start_time<= 1532348758 AND A.end_time>=1532348758 order by A.orderby DESC',
  ),
  2 => 
  array (
    'error' => 'Table \'ylt_tp.ylt_ad\' doesn\'t exist',
  ),
  3 => 
  array (
    'errno' => 1146,
  ),
)

2018-07-23 20:26:01





array (
  0 => 
  array (
    'message' => 'MySQL Query Error',
  ),
  1 => 
  array (
    'sql' => 'SELECT A.media_type,A.switch_time,A.ad_name,A.ad_link,A.ad_code as image FROM `ylt_tp`.`ylt_ad_position` as P left join `ylt_tp`.`ylt_ad` as A ON P.position_id=A.pid where A.enabled=1 AND P.position_id=12 AND P.is_open=1  AND A.start_time<= 1532348761 AND A.end_time>=1532348761 order by A.orderby DESC',
  ),
  2 => 
  array (
    'error' => 'Table \'ylt_tp.ylt_ad\' doesn\'t exist',
  ),
  3 => 
  array (
    'errno' => 1146,
  ),
)

2018-07-23 20:26:07





array (
  0 => 
  array (
    'message' => 'MySQL Query Error',
  ),
  1 => 
  array (
    'sql' => 'SELECT A.media_type,A.switch_time,A.ad_name,A.ad_link,A.ad_code as image FROM `ylt_tp`.`ylt_ad_position` as P left join `ylt_tp`.`ylt_ad` as A ON P.position_id=A.pid where A.enabled=1 AND P.position_id=12 AND P.is_open=1  AND A.start_time<= 1532348767 AND A.end_time>=1532348767 order by A.orderby DESC',
  ),
  2 => 
  array (
    'error' => 'Table \'ylt_tp.ylt_ad\' doesn\'t exist',
  ),
  3 => 
  array (
    'errno' => 1146,
  ),
)

2018-07-23 20:26:08





array (
  0 => 
  array (
    'message' => 'MySQL Query Error',
  ),
  1 => 
  array (
    'sql' => 'SELECT A.media_type,A.switch_time,A.ad_name,A.ad_link,A.ad_code as image FROM `ylt_tp`.`ylt_ad_position` as P left join `ylt_tp`.`ylt_ad` as A ON P.position_id=A.pid where A.enabled=1 AND P.position_id=12 AND P.is_open=1  AND A.start_time<= 1532348768 AND A.end_time>=1532348768 order by A.orderby DESC',
  ),
  2 => 
  array (
    'error' => 'Table \'ylt_tp.ylt_ad\' doesn\'t exist',
  ),
  3 => 
  array (
    'errno' => 1146,
  ),
)

2018-07-23 21:30:38





array (
  0 => 
  array (
    'message' => 'MySQL Query Error',
  ),
  1 => 
  array (
    'sql' => 'SELECT A.media_type,A.switch_time,A.ad_name,A.ad_link,A.ad_code as image FROM `ylt_tp`.`ylt_ad_position` as P left join `ylt_tp`.`ylt_ad` as A ON P.position_id=A.pid where A.enabled=1 AND P.position_id=12 AND P.is_open=1  AND A.start_time<= 1532352638 AND A.end_time>=1532352638 order by A.orderby DESC',
  ),
  2 => 
  array (
    'error' => 'Table \'ylt_tp.ylt_ad\' doesn\'t exist',
  ),
  3 => 
  array (
    'errno' => 1146,
  ),
)

2018-07-23 21:30:43





array (
  0 => 
  array (
    'message' => 'MySQL Query Error',
  ),
  1 => 
  array (
    'sql' => 'SELECT A.media_type,A.switch_time,A.ad_name,A.ad_link,A.ad_code as image FROM `ylt_tp`.`ylt_ad_position` as P left join `ylt_tp`.`ylt_ad` as A ON P.position_id=A.pid where A.enabled=1 AND P.position_id=12 AND P.is_open=1  AND A.start_time<= 1532352643 AND A.end_time>=1532352643 order by A.orderby DESC',
  ),
  2 => 
  array (
    'error' => 'Table \'ylt_tp.ylt_ad\' doesn\'t exist',
  ),
  3 => 
  array (
    'errno' => 1146,
  ),
)

2018-07-23 22:04:14





array (
  0 => 
  array (
    'message' => 'MySQL Query Error',
  ),
  1 => 
  array (
    'sql' => 'SELECT A.switch_time,A.ad_name,A.ad_link,A.ad_code,A.act_id,A.cate_id FROM `ylt_tp`.`ylt_ad_position` as P left join `ylt_tp`.`ylt_ad` as A ON P.position_id=A.pid where A.enabled=1 AND P.position_id=37 AND P.is_open=1 order by A.orderby DESC',
  ),
  2 => 
  array (
    'error' => 'Table \'ylt_tp.ylt_ad\' doesn\'t exist',
  ),
  3 => 
  array (
    'errno' => 1146,
  ),
)

2018-07-23 22:13:24





array (
  0 => 
  array (
    'message' => 'MySQL Query Error',
  ),
  1 => 
  array (
    'sql' => 'SELECT A.media_type,A.switch_time,A.ad_name,A.ad_link,A.ad_code as image FROM `ylt_tp`.`ylt_ad_position` as P left join `ylt_tp`.`ylt_ad` as A ON P.position_id=A.pid where A.enabled=1 AND P.position_id=12 AND P.is_open=1  AND A.start_time<= 1532355204 AND A.end_time>=1532355204 order by A.orderby DESC',
  ),
  2 => 
  array (
    'error' => 'Table \'ylt_tp.ylt_ad\' doesn\'t exist',
  ),
  3 => 
  array (
    'errno' => 1146,
  ),
)

2018-07-23 22:13:51





array (
  0 => 
  array (
    'message' => 'MySQL Query Error',
  ),
  1 => 
  array (
    'sql' => 'SELECT A.media_type,A.switch_time,A.ad_name,A.ad_link,A.ad_code as image FROM `ylt_tp`.`ylt_ad_position` as P left join `ylt_tp`.`ylt_ad` as A ON P.position_id=A.pid where A.enabled=1 AND P.position_id=12 AND P.is_open=1  AND A.start_time<= 1532355231 AND A.end_time>=1532355231 order by A.orderby DESC',
  ),
  2 => 
  array (
    'error' => 'Table \'ylt_tp.ylt_ad\' doesn\'t exist',
  ),
  3 => 
  array (
    'errno' => 1146,
  ),
)

2018-07-23 23:31:49





array (
  0 => 
  array (
    'message' => 'MySQL Query Error',
  ),
  1 => 
  array (
    'sql' => 'SELECT A.media_type,A.switch_time,A.ad_name,A.ad_link,A.ad_code as image FROM `ylt_tp`.`ylt_ad_position` as P left join `ylt_tp`.`ylt_ad` as A ON P.position_id=A.pid where A.enabled=1 AND P.position_id=12 AND P.is_open=1  AND A.start_time<= 1532359909 AND A.end_time>=1532359909 order by A.orderby DESC',
  ),
  2 => 
  array (
    'error' => 'Table \'ylt_tp.ylt_ad\' doesn\'t exist',
  ),
  3 => 
  array (
    'errno' => 1146,
  ),
)

2018-07-23 23:43:24





array (
  0 => 
  array (
    'message' => 'MySQL Query Error',
  ),
  1 => 
  array (
    'sql' => 'SELECT A.switch_time,A.ad_name,A.ad_link,A.ad_code,A.act_id,A.cate_id FROM `ylt_tp`.`ylt_ad_position` as P left join `ylt_tp`.`ylt_ad` as A ON P.position_id=A.pid where A.enabled=1 AND P.position_id=37 AND P.is_open=1 order by A.orderby DESC',
  ),
  2 => 
  array (
    'error' => 'Table \'ylt_tp.ylt_ad\' doesn\'t exist',
  ),
  3 => 
  array (
    'errno' => 1146,
  ),
)

2018-07-23 23:43:27





array (
  0 => 
  array (
    'message' => 'MySQL Query Error',
  ),
  1 => 
  array (
    'sql' => 'SELECT A.ad_name,A.ad_link,A.ad_code,A.act_id,A.cate_id FROM `ylt_tp`.`ylt_ad_position` as P left join `ylt_tp`.`ylt_ad` as A ON P.position_id=A.pid where A.enabled=1 AND P.position_id=38 AND P.is_open=1 order by A.orderby DESC',
  ),
  2 => 
  array (
    'error' => 'Table \'ylt_tp.ylt_ad\' doesn\'t exist',
  ),
  3 => 
  array (
    'errno' => 1146,
  ),
)

2018-07-23 23:43:42





array (
  0 => 
  array (
    'message' => 'MySQL Query Error',
  ),
  1 => 
  array (
    'sql' => 'SELECT A.switch_time,A.ad_name,A.ad_link,A.ad_code,A.act_id,A.cate_id FROM `ylt_tp`.`ylt_ad_position` as P left join `ylt_tp`.`ylt_ad` as A ON P.position_id=A.pid where A.enabled=1 AND P.position_id=37 AND P.is_open=1 order by A.orderby DESC',
  ),
  2 => 
  array (
    'error' => 'Table \'ylt_tp.ylt_ad\' doesn\'t exist',
  ),
  3 => 
  array (
    'errno' => 1146,
  ),
)

2018-07-23 23:43:45





array (
  0 => 
  array (
    'message' => 'MySQL Query Error',
  ),
  1 => 
  array (
    'sql' => 'SELECT A.media_type,A.switch_time,A.ad_name,A.ad_link,A.ad_code as image FROM `ylt_tp`.`ylt_ad_position` as P left join `ylt_tp`.`ylt_ad` as A ON P.position_id=A.pid where A.enabled=1 AND P.position_id=12 AND P.is_open=1  AND A.start_time<= 1532360625 AND A.end_time>=1532360625 order by A.orderby DESC',
  ),
  2 => 
  array (
    'error' => 'Table \'ylt_tp.ylt_ad\' doesn\'t exist',
  ),
  3 => 
  array (
    'errno' => 1146,
  ),
)

2018-07-23 23:43:52





array (
  0 => 
  array (
    'message' => 'MySQL Query Error',
  ),
  1 => 
  array (
    'sql' => 'SELECT A.switch_time,A.ad_name,A.ad_link,A.ad_code,A.act_id,A.cate_id FROM `ylt_tp`.`ylt_ad_position` as P left join `ylt_tp`.`ylt_ad` as A ON P.position_id=A.pid where A.enabled=1 AND P.position_id=37 AND P.is_open=1 order by A.orderby DESC',
  ),
  2 => 
  array (
    'error' => 'Table \'ylt_tp.ylt_ad\' doesn\'t exist',
  ),
  3 => 
  array (
    'errno' => 1146,
  ),
)

2018-07-23 23:43:55





array (
  0 => 
  array (
    'message' => 'MySQL Query Error',
  ),
  1 => 
  array (
    'sql' => 'SELECT A.media_type,A.switch_time,A.ad_name,A.ad_link,A.ad_code as image FROM `ylt_tp`.`ylt_ad_position` as P left join `ylt_tp`.`ylt_ad` as A ON P.position_id=A.pid where A.enabled=1 AND P.position_id=12 AND P.is_open=1  AND A.start_time<= 1532360635 AND A.end_time>=1532360635 order by A.orderby DESC',
  ),
  2 => 
  array (
    'error' => 'Table \'ylt_tp.ylt_ad\' doesn\'t exist',
  ),
  3 => 
  array (
    'errno' => 1146,
  ),
)

2018-07-23 23:44:00





array (
  0 => 
  array (
    'message' => 'MySQL Query Error',
  ),
  1 => 
  array (
    'sql' => 'SELECT A.switch_time,A.ad_name,A.ad_link,A.ad_code,A.act_id,A.cate_id FROM `ylt_tp`.`ylt_ad_position` as P left join `ylt_tp`.`ylt_ad` as A ON P.position_id=A.pid where A.enabled=1 AND P.position_id=37 AND P.is_open=1 order by A.orderby DESC',
  ),
  2 => 
  array (
    'error' => 'Table \'ylt_tp.ylt_ad\' doesn\'t exist',
  ),
  3 => 
  array (
    'errno' => 1146,
  ),
)

2018-07-23 23:44:04





array (
  0 => 
  array (
    'message' => 'MySQL Query Error',
  ),
  1 => 
  array (
    'sql' => 'SELECT A.media_type,A.switch_time,A.ad_name,A.ad_link,A.ad_code as image FROM `ylt_tp`.`ylt_ad_position` as P left join `ylt_tp`.`ylt_ad` as A ON P.position_id=A.pid where A.enabled=1 AND P.position_id=12 AND P.is_open=1  AND A.start_time<= 1532360644 AND A.end_time>=1532360644 order by A.orderby DESC',
  ),
  2 => 
  array (
    'error' => 'Table \'ylt_tp.ylt_ad\' doesn\'t exist',
  ),
  3 => 
  array (
    'errno' => 1146,
  ),
)

2018-07-23 23:44:09





array (
  0 => 
  array (
    'message' => 'MySQL Query Error',
  ),
  1 => 
  array (
    'sql' => 'SELECT A.switch_time,A.ad_name,A.ad_link,A.ad_code,A.act_id,A.cate_id FROM `ylt_tp`.`ylt_ad_position` as P left join `ylt_tp`.`ylt_ad` as A ON P.position_id=A.pid where A.enabled=1 AND P.position_id=37 AND P.is_open=1 order by A.orderby DESC',
  ),
  2 => 
  array (
    'error' => 'Table \'ylt_tp.ylt_ad\' doesn\'t exist',
  ),
  3 => 
  array (
    'errno' => 1146,
  ),
)

2018-07-23 23:44:12





array (
  0 => 
  array (
    'message' => 'MySQL Query Error',
  ),
  1 => 
  array (
    'sql' => 'SELECT A.media_type,A.switch_time,A.ad_name,A.ad_link,A.ad_code as image FROM `ylt_tp`.`ylt_ad_position` as P left join `ylt_tp`.`ylt_ad` as A ON P.position_id=A.pid where A.enabled=1 AND P.position_id=12 AND P.is_open=1  AND A.start_time<= 1532360652 AND A.end_time>=1532360652 order by A.orderby DESC',
  ),
  2 => 
  array (
    'error' => 'Table \'ylt_tp.ylt_ad\' doesn\'t exist',
  ),
  3 => 
  array (
    'errno' => 1146,
  ),
)

2018-07-23 23:44:21





array (
  0 => 
  array (
    'message' => 'MySQL Query Error',
  ),
  1 => 
  array (
    'sql' => 'SELECT A.switch_time,A.ad_name,A.ad_link,A.ad_code,A.act_id,A.cate_id FROM `ylt_tp`.`ylt_ad_position` as P left join `ylt_tp`.`ylt_ad` as A ON P.position_id=A.pid where A.enabled=1 AND P.position_id=37 AND P.is_open=1 order by A.orderby DESC',
  ),
  2 => 
  array (
    'error' => 'Table \'ylt_tp.ylt_ad\' doesn\'t exist',
  ),
  3 => 
  array (
    'errno' => 1146,
  ),
)

2018-07-23 23:44:24





array (
  0 => 
  array (
    'message' => 'MySQL Query Error',
  ),
  1 => 
  array (
    'sql' => 'SELECT A.media_type,A.switch_time,A.ad_name,A.ad_link,A.ad_code as image FROM `ylt_tp`.`ylt_ad_position` as P left join `ylt_tp`.`ylt_ad` as A ON P.position_id=A.pid where A.enabled=1 AND P.position_id=12 AND P.is_open=1  AND A.start_time<= 1532360664 AND A.end_time>=1532360664 order by A.orderby DESC',
  ),
  2 => 
  array (
    'error' => 'Table \'ylt_tp.ylt_ad\' doesn\'t exist',
  ),
  3 => 
  array (
    'errno' => 1146,
  ),
)

