2017-09-13 11:15:21





array (
  0 => 
  array (
    'message' => 'MySQL Query Error',
  ),
  1 => 
  array (
    'sql' => 'select goods_id,cat_id,goods_sn,goods_name,brand_id,store_count,market_price,shop_price,supplier_id,add_time,goods_type,spec_type,goods_content,goods_remark,attribute,original_img,shipping_price,examine,is_on_sale,sales_sum from `ylt_tp`.`ylt_goods` where goods_id=',
  ),
  2 => 
  array (
    'error' => 'You have an error in your SQL syntax; check the manual that corresponds to your MySQL server version for the right syntax to use near \'\' at line 1',
  ),
  3 => 
  array (
    'errno' => 1064,
  ),
)

2017-09-13 11:15:30





array (
  0 => 
  array (
    'message' => 'MySQL Query Error',
  ),
  1 => 
  array (
    'sql' => 'select goods_id,cat_id,goods_sn,goods_name,brand_id,store_count,market_price,shop_price,supplier_id,add_time,goods_type,spec_type,goods_content,goods_remark,attribute,original_img,shipping_price,examine,is_on_sale,sales_sum from `ylt_tp`.`ylt_goods` where goods_id=',
  ),
  2 => 
  array (
    'error' => 'You have an error in your SQL syntax; check the manual that corresponds to your MySQL server version for the right syntax to use near \'\' at line 1',
  ),
  3 => 
  array (
    'errno' => 1064,
  ),
)

2017-09-13 11:16:01





array (
  0 => 
  array (
    'message' => 'MySQL Query Error',
  ),
  1 => 
  array (
    'sql' => 'select goods_id,cat_id,goods_sn,goods_name,brand_id,store_count,market_price,shop_price,supplier_id,add_time,goods_type,spec_type,goods_content,goods_remark,attribute,original_img,shipping_price,examine,is_on_sale,sales_sum from `ylt_tp`.`ylt_goods` where goods_id=',
  ),
  2 => 
  array (
    'error' => 'You have an error in your SQL syntax; check the manual that corresponds to your MySQL server version for the right syntax to use near \'\' at line 1',
  ),
  3 => 
  array (
    'errno' => 1064,
  ),
)

2017-09-13 11:18:50





array (
  0 => 
  array (
    'message' => 'MySQL Query Error',
  ),
  1 => 
  array (
    'sql' => 'select goods_id,cat_id,goods_sn,goods_name,brand_id,store_count,market_price,shop_price,supplier_id,add_time,goods_type,spec_type,goods_content,goods_remark,attribute,original_img,shipping_price,examine,is_on_sale,sales_sum from `ylt_tp`.`ylt_goods` where goods_id=',
  ),
  2 => 
  array (
    'error' => 'You have an error in your SQL syntax; check the manual that corresponds to your MySQL server version for the right syntax to use near \'\' at line 1',
  ),
  3 => 
  array (
    'errno' => 1064,
  ),
)

2017-09-13 17:46:57





array (
  0 => 
  array (
    'message' => 'MySQL Query Error',
  ),
  1 => 
  array (
    'sql' => ' select user_id,user_name,content from ylt_comment where goods_id = 3191  order by add_time desc limit 2',
  ),
  2 => 
  array (
    'error' => 'Unknown column \'user_name\' in \'field list\'',
  ),
  3 => 
  array (
    'errno' => 1054,
  ),
)

2017-09-13 17:47:12





array (
  0 => 
  array (
    'message' => 'MySQL Query Error',
  ),
  1 => 
  array (
    'sql' => ' select user_id,user_name,content from ylt_comment where goods_id = 3191  order by add_time desc limit 2',
  ),
  2 => 
  array (
    'error' => 'Unknown column \'user_name\' in \'field list\'',
  ),
  3 => 
  array (
    'errno' => 1054,
  ),
)

2017-09-13 17:47:26





array (
  0 => 
  array (
    'message' => 'MySQL Query Error',
  ),
  1 => 
  array (
    'sql' => ' select user_id,user_name,content from ylt_comment where goods_id = 3191  order by add_time desc limit 2',
  ),
  2 => 
  array (
    'error' => 'Unknown column \'user_name\' in \'field list\'',
  ),
  3 => 
  array (
    'errno' => 1054,
  ),
)

2017-09-13 17:47:43





array (
  0 => 
  array (
    'message' => 'MySQL Query Error',
  ),
  1 => 
  array (
    'sql' => ' select user_id,user_name,content from ylt_comment where goods_id = 3191  order by add_time desc limit 2',
  ),
  2 => 
  array (
    'error' => 'Unknown column \'user_name\' in \'field list\'',
  ),
  3 => 
  array (
    'errno' => 1054,
  ),
)

2017-09-13 17:48:26





array (
  0 => 
  array (
    'message' => 'MySQL Query Error',
  ),
  1 => 
  array (
    'sql' => ' select user_id,user_name,content from ylt_comment where goods_id = 3191  order by add_time desc limit 2',
  ),
  2 => 
  array (
    'error' => 'Unknown column \'user_name\' in \'field list\'',
  ),
  3 => 
  array (
    'errno' => 1054,
  ),
)

2017-09-13 17:51:18





array (
  0 => 
  array (
    'message' => 'MySQL Query Error',
  ),
  1 => 
  array (
    'sql' => ' select user_id,user_name,content from ylt_comment where goods_id = 3191  order by add_time desc limit 2',
  ),
  2 => 
  array (
    'error' => 'Unknown column \'user_name\' in \'field list\'',
  ),
  3 => 
  array (
    'errno' => 1054,
  ),
)

2017-09-13 17:52:16





array (
  0 => 
  array (
    'message' => 'MySQL Query Error',
  ),
  1 => 
  array (
    'sql' => ' select user_id,user_name,content from ylt_comment where goods_id = 3191  order by add_time desc limit 2',
  ),
  2 => 
  array (
    'error' => 'Unknown column \'user_name\' in \'field list\'',
  ),
  3 => 
  array (
    'errno' => 1054,
  ),
)

2017-09-13 17:52:22





array (
  0 => 
  array (
    'message' => 'MySQL Query Error',
  ),
  1 => 
  array (
    'sql' => ' select user_id,user_name,content from ylt_comment where goods_id = 3191  order by add_time desc limit 2',
  ),
  2 => 
  array (
    'error' => 'Unknown column \'user_name\' in \'field list\'',
  ),
  3 => 
  array (
    'errno' => 1054,
  ),
)

2017-09-13 17:53:50





array (
  0 => 
  array (
    'message' => 'MySQL Query Error',
  ),
  1 => 
  array (
    'sql' => 'select goods_id,is_designer,cat_id,goods_sn,goods_name,brand_id,store_count,market_price,shop_price,supplier_id,add_time,goods_type,spec_type,goods_content,goods_remark,attribute,original_img,shipping_price,examine,is_on_sale,sales_sum from `ylt_tp`.`ylt_goods` where goods_id=',
  ),
  2 => 
  array (
    'error' => 'You have an error in your SQL syntax; check the manual that corresponds to your MySQL server version for the right syntax to use near \'\' at line 1',
  ),
  3 => 
  array (
    'errno' => 1064,
  ),
)

2017-09-13 17:54:16





array (
  0 => 
  array (
    'message' => 'MySQL Query Error',
  ),
  1 => 
  array (
    'sql' => ' select user_id,user_name,content from ylt_comment where goods_id = 3191  order by add_time desc limit 2',
  ),
  2 => 
  array (
    'error' => 'Unknown column \'user_name\' in \'field list\'',
  ),
  3 => 
  array (
    'errno' => 1054,
  ),
)

2017-09-13 17:55:45





array (
  0 => 
  array (
    'message' => 'MySQL Query Error',
  ),
  1 => 
  array (
    'sql' => ' select user_id,user_name,content from ylt_comment where goods_id = 3191  order by add_time desc limit 2',
  ),
  2 => 
  array (
    'error' => 'Unknown column \'user_name\' in \'field list\'',
  ),
  3 => 
  array (
    'errno' => 1054,
  ),
)

2017-09-13 17:55:53





array (
  0 => 
  array (
    'message' => 'MySQL Query Error',
  ),
  1 => 
  array (
    'sql' => ' select user_id,user_name,content from ylt_comment where goods_id = 3191  order by add_time desc limit 2',
  ),
  2 => 
  array (
    'error' => 'Unknown column \'user_name\' in \'field list\'',
  ),
  3 => 
  array (
    'errno' => 1054,
  ),
)

2017-09-13 17:56:02





array (
  0 => 
  array (
    'message' => 'MySQL Query Error',
  ),
  1 => 
  array (
    'sql' => ' select user_id,user_name,content from ylt_comment where goods_id = 3191  order by add_time desc limit 2',
  ),
  2 => 
  array (
    'error' => 'Unknown column \'user_name\' in \'field list\'',
  ),
  3 => 
  array (
    'errno' => 1054,
  ),
)

2017-09-13 17:57:30





array (
  0 => 
  array (
    'message' => 'MySQL Query Error',
  ),
  1 => 
  array (
    'sql' => ' select user_id,user_name,content from ylt_comment where goods_id = 3191  order by add_time desc limit 2',
  ),
  2 => 
  array (
    'error' => 'Unknown column \'user_name\' in \'field list\'',
  ),
  3 => 
  array (
    'errno' => 1054,
  ),
)

2017-09-13 17:58:36





array (
  0 => 
  array (
    'message' => 'MySQL Query Error',
  ),
  1 => 
  array (
    'sql' => ' select user_id,user_name,content from ylt_comment where goods_id = 3191  order by add_time desc limit 2',
  ),
  2 => 
  array (
    'error' => 'Unknown column \'user_name\' in \'field list\'',
  ),
  3 => 
  array (
    'errno' => 1054,
  ),
)

2017-09-13 17:59:33





array (
  0 => 
  array (
    'message' => 'MySQL Query Error',
  ),
  1 => 
  array (
    'sql' => ' select user_id,user_name,content from `ylt_tp`.`ylt_supplier` where goods_id = 3191  order by add_time desc limit 2',
  ),
  2 => 
  array (
    'error' => 'Unknown column \'user_name\' in \'field list\'',
  ),
  3 => 
  array (
    'errno' => 1054,
  ),
)

2017-09-13 17:59:55





array (
  0 => 
  array (
    'message' => 'MySQL Query Error',
  ),
  1 => 
  array (
    'sql' => ' select user_id,user_name,content from `ylt_tp`.`ylt_comment` where goods_id = 3191  order by add_time desc limit 2',
  ),
  2 => 
  array (
    'error' => 'Unknown column \'user_name\' in \'field list\'',
  ),
  3 => 
  array (
    'errno' => 1054,
  ),
)

2017-09-13 18:00:29





array (
  0 => 
  array (
    'message' => 'MySQL Query Error',
  ),
  1 => 
  array (
    'sql' => ' select user_id,user_name,content from `ylt_tp`.`ylt_comment` where goods_id = 3191  order by add_time desc limit 2',
  ),
  2 => 
  array (
    'error' => 'Unknown column \'user_name\' in \'field list\'',
  ),
  3 => 
  array (
    'errno' => 1054,
  ),
)

