2017-09-28 09:23:38





array (
  0 => 
  array (
    'message' => 'MySQL Query Error',
  ),
  1 => 
  array (
    'sql' => 'select parent_user_id,parent_user_name,comment_id,user_id,user_name,head_pic,collect_count,add_time as time,content from `ylt_tp`.`ylt_works_comment` where works_id = UlBSWkxaWFReQVoUUF5JH1lQXk5WWVJcSVY and parent_id = 27 order by add_time desc  LIMIT 2130,10',
  ),
  2 => 
  array (
    'error' => 'Unknown column \'UlBSWkxaWFReQVoUUF5JH1lQXk5WWVJcSVY\' in \'where clause\'',
  ),
  3 => 
  array (
    'errno' => 1054,
  ),
)

2017-09-28 09:28:08





array (
  0 => 
  array (
    'message' => 'MySQL Query Error',
  ),
  1 => 
  array (
    'sql' => 'select parent_user_id,parent_user_name,comment_id,user_id,user_name,head_pic,collect_count,add_time as time,content from `ylt_tp`.`ylt_works_comment` where works_id = UlBSWkxaWFReQVoUUF5JH1lQXk5WWVJcSVY and parent_id = 27 order by add_time desc  LIMIT 1600,10',
  ),
  2 => 
  array (
    'error' => 'Unknown column \'UlBSWkxaWFReQVoUUF5JH1lQXk5WWVJcSVY\' in \'where clause\'',
  ),
  3 => 
  array (
    'errno' => 1054,
  ),
)

2017-09-28 09:28:16





array (
  0 => 
  array (
    'message' => 'MySQL Query Error',
  ),
  1 => 
  array (
    'sql' => 'select parent_user_id,parent_user_name,comment_id,user_id,user_name,head_pic,collect_count,add_time as time,content from `ylt_tp`.`ylt_works_comment` where works_id = UlBSWkxaWFReQVoUUF5JH1lQXk5WWVJcSVY and parent_id = 27 order by add_time desc  LIMIT 1590,10',
  ),
  2 => 
  array (
    'error' => 'Unknown column \'UlBSWkxaWFReQVoUUF5JH1lQXk5WWVJcSVY\' in \'where clause\'',
  ),
  3 => 
  array (
    'errno' => 1054,
  ),
)

2017-09-28 09:28:23





array (
  0 => 
  array (
    'message' => 'MySQL Query Error',
  ),
  1 => 
  array (
    'sql' => 'select parent_user_id,parent_user_name,comment_id,user_id,user_name,head_pic,collect_count,add_time as time,content from `ylt_tp`.`ylt_works_comment` where works_id = UlBSWkxaWFReQVoUUF5JH1lQXk5WWVJcSVY and parent_id = 27 order by add_time desc  LIMIT 1510,10',
  ),
  2 => 
  array (
    'error' => 'Unknown column \'UlBSWkxaWFReQVoUUF5JH1lQXk5WWVJcSVY\' in \'where clause\'',
  ),
  3 => 
  array (
    'errno' => 1054,
  ),
)

2017-09-28 09:31:51





array (
  0 => 
  array (
    'message' => 'MySQL Query Error',
  ),
  1 => 
  array (
    'sql' => 'select parent_user_id,parent_user_name,comment_id,user_id,user_name,head_pic,collect_count,add_time as time,content from `ylt_tp`.`ylt_works_comment` where works_id = UlBSWkxaWFReQVoUUF5JH1lQXk5WWVJcSVY and parent_id = 27 order by add_time desc  LIMIT 2130,10',
  ),
  2 => 
  array (
    'error' => 'Unknown column \'UlBSWkxaWFReQVoUUF5JH1lQXk5WWVJcSVY\' in \'where clause\'',
  ),
  3 => 
  array (
    'errno' => 1054,
  ),
)

2017-09-28 09:31:55





array (
  0 => 
  array (
    'message' => 'MySQL Query Error',
  ),
  1 => 
  array (
    'sql' => 'select parent_user_id,parent_user_name,comment_id,user_id,user_name,head_pic,collect_count,add_time as time,content from `ylt_tp`.`ylt_works_comment` where works_id = UlBSWkxaWFReQVoUUF5JH1lQXk5WWVJcSVY and parent_id = 27 order by add_time desc  LIMIT 1590,10',
  ),
  2 => 
  array (
    'error' => 'Unknown column \'UlBSWkxaWFReQVoUUF5JH1lQXk5WWVJcSVY\' in \'where clause\'',
  ),
  3 => 
  array (
    'errno' => 1054,
  ),
)

2017-09-28 09:55:22





array (
  0 => 
  array (
    'message' => 'MySQL Query Error',
  ),
  1 => 
  array (
    'sql' => 'select parent_user_id,parent_user_name,comment_id,user_id,user_name,head_pic,collect_count,add_time as time,content from `ylt_tp`.`ylt_works_comment` where works_id = UlBSWkxaWFReQVoUUF5JH1lQXk5WWVJcSVY and parent_id = 27 order by add_time desc  LIMIT 2250,10',
  ),
  2 => 
  array (
    'error' => 'Unknown column \'UlBSWkxaWFReQVoUUF5JH1lQXk5WWVJcSVY\' in \'where clause\'',
  ),
  3 => 
  array (
    'errno' => 1054,
  ),
)

2017-09-28 10:29:57





array (
  0 => 
  array (
    'message' => 'MySQL Query Error',
  ),
  1 => 
  array (
    'sql' => 'select parent_user_id,parent_user_name,comment_id,user_id,user_name,head_pic,collect_count,add_time as time,content from `ylt_tp`.`ylt_works_comment` where works_id = UlBSWkxaWFReQVoUUF5JH1lQXk5WWVJcSVY and parent_id = 27 order by add_time desc  LIMIT 1590,10',
  ),
  2 => 
  array (
    'error' => 'Unknown column \'UlBSWkxaWFReQVoUUF5JH1lQXk5WWVJcSVY\' in \'where clause\'',
  ),
  3 => 
  array (
    'errno' => 1054,
  ),
)

2017-09-28 11:17:00





array (
  0 => 
  array (
    'message' => 'MySQL Query Error',
  ),
  1 => 
  array (
    'sql' => 'select parent_user_id,parent_user_name,comment_id,user_id,user_name,head_pic,collect_count,add_time as time,content from `ylt_tp`.`ylt_works_comment` where works_id = UlBSWkxaWFReQVoUUF5JH1lQXk5WWVJcSVY and parent_id = 27 order by add_time desc  LIMIT 1490,10',
  ),
  2 => 
  array (
    'error' => 'Unknown column \'UlBSWkxaWFReQVoUUF5JH1lQXk5WWVJcSVY\' in \'where clause\'',
  ),
  3 => 
  array (
    'errno' => 1054,
  ),
)

2017-09-28 11:17:10





array (
  0 => 
  array (
    'message' => 'MySQL Query Error',
  ),
  1 => 
  array (
    'sql' => 'select parent_user_id,parent_user_name,comment_id,user_id,user_name,head_pic,collect_count,add_time as time,content from `ylt_tp`.`ylt_works_comment` where works_id = UlBSWkxaWFReQVoUUF5JH1lQXk5WWVJcSVY and parent_id = 27 order by add_time desc  LIMIT 1400,10',
  ),
  2 => 
  array (
    'error' => 'Unknown column \'UlBSWkxaWFReQVoUUF5JH1lQXk5WWVJcSVY\' in \'where clause\'',
  ),
  3 => 
  array (
    'errno' => 1054,
  ),
)

2017-09-28 11:17:57





array (
  0 => 
  array (
    'message' => 'MySQL Query Error',
  ),
  1 => 
  array (
    'sql' => 'select parent_user_id,parent_user_name,comment_id,user_id,user_name,head_pic,collect_count,add_time as time,content from `ylt_tp`.`ylt_works_comment` where works_id = UlBSWkxaWFReQVoUUF5JH1lQXk5WWVJcSVY and parent_id = 27 order by add_time desc  LIMIT 2280,10',
  ),
  2 => 
  array (
    'error' => 'Unknown column \'UlBSWkxaWFReQVoUUF5JH1lQXk5WWVJcSVY\' in \'where clause\'',
  ),
  3 => 
  array (
    'errno' => 1054,
  ),
)

2017-09-28 11:18:18





array (
  0 => 
  array (
    'message' => 'MySQL Query Error',
  ),
  1 => 
  array (
    'sql' => 'select parent_user_id,parent_user_name,comment_id,user_id,user_name,head_pic,collect_count,add_time as time,content from `ylt_tp`.`ylt_works_comment` where works_id = UlBSWkxaWFReQVoUUF5JH1lQXk5WWVJcSVY and parent_id = 27 order by add_time desc  LIMIT 2260,10',
  ),
  2 => 
  array (
    'error' => 'Unknown column \'UlBSWkxaWFReQVoUUF5JH1lQXk5WWVJcSVY\' in \'where clause\'',
  ),
  3 => 
  array (
    'errno' => 1054,
  ),
)

2017-09-28 13:34:49





array (
  0 => 
  array (
    'message' => 'MySQL Query Error',
  ),
  1 => 
  array (
    'sql' => 'select parent_user_id,parent_user_name,comment_id,user_id,user_name,head_pic,collect_count,add_time as time,content from `ylt_tp`.`ylt_works_comment` where works_id = UlBSWkxaWFReQVoUUF5JH1lQXk5WX1BWQVc and parent_id = 27 order by add_time desc  LIMIT 2260,10',
  ),
  2 => 
  array (
    'error' => 'Unknown column \'UlBSWkxaWFReQVoUUF5JH1lQXk5WX1BWQVc\' in \'where clause\'',
  ),
  3 => 
  array (
    'errno' => 1054,
  ),
)

2017-09-28 13:35:12





array (
  0 => 
  array (
    'message' => 'MySQL Query Error',
  ),
  1 => 
  array (
    'sql' => 'select parent_user_id,parent_user_name,comment_id,user_id,user_name,head_pic,collect_count,add_time as time,content from `ylt_tp`.`ylt_works_comment` where works_id = UlBSWkxaWFReQVoUUF5JH1lQXk5WX1BWQVc and parent_id = 27 order by add_time desc  LIMIT 2260,10',
  ),
  2 => 
  array (
    'error' => 'Unknown column \'UlBSWkxaWFReQVoUUF5JH1lQXk5WX1BWQVc\' in \'where clause\'',
  ),
  3 => 
  array (
    'errno' => 1054,
  ),
)

2017-09-28 13:35:21





array (
  0 => 
  array (
    'message' => 'MySQL Query Error',
  ),
  1 => 
  array (
    'sql' => 'select parent_user_id,parent_user_name,comment_id,user_id,user_name,head_pic,collect_count,add_time as time,content from `ylt_tp`.`ylt_works_comment` where works_id = UlBSWkxaWFReQVoUUF5JH1lQXk5WX1BWQVc and parent_id = 27 order by add_time desc  LIMIT 2260,10',
  ),
  2 => 
  array (
    'error' => 'Unknown column \'UlBSWkxaWFReQVoUUF5JH1lQXk5WX1BWQVc\' in \'where clause\'',
  ),
  3 => 
  array (
    'errno' => 1054,
  ),
)

2017-09-28 13:35:44





array (
  0 => 
  array (
    'message' => 'MySQL Query Error',
  ),
  1 => 
  array (
    'sql' => 'select parent_user_id,parent_user_name,comment_id,user_id,user_name,head_pic,collect_count,add_time as time,content from `ylt_tp`.`ylt_works_comment` where works_id = UlBSWkxaWFReQVoUUF5JH1lQXk5WX1BWQVc and parent_id = 27 order by add_time desc  LIMIT 2130,10',
  ),
  2 => 
  array (
    'error' => 'Unknown column \'UlBSWkxaWFReQVoUUF5JH1lQXk5WX1BWQVc\' in \'where clause\'',
  ),
  3 => 
  array (
    'errno' => 1054,
  ),
)

2017-09-28 13:36:10





array (
  0 => 
  array (
    'message' => 'MySQL Query Error',
  ),
  1 => 
  array (
    'sql' => 'select parent_user_id,parent_user_name,comment_id,user_id,user_name,head_pic,collect_count,add_time as time,content from `ylt_tp`.`ylt_works_comment` where works_id = UlBSWkxaWFReQVoUUF5JH1lQXk5WX1BWQVc and parent_id = 27 order by add_time desc  LIMIT 1490,10',
  ),
  2 => 
  array (
    'error' => 'Unknown column \'UlBSWkxaWFReQVoUUF5JH1lQXk5WX1BWQVc\' in \'where clause\'',
  ),
  3 => 
  array (
    'errno' => 1054,
  ),
)

2017-09-28 13:36:17





array (
  0 => 
  array (
    'message' => 'MySQL Query Error',
  ),
  1 => 
  array (
    'sql' => 'select parent_user_id,parent_user_name,comment_id,user_id,user_name,head_pic,collect_count,add_time as time,content from `ylt_tp`.`ylt_works_comment` where works_id = UlBSWkxaWFReQVoUUF5JH1lQXk5WX1BWQVc and parent_id = 27 order by add_time desc  LIMIT 1380,10',
  ),
  2 => 
  array (
    'error' => 'Unknown column \'UlBSWkxaWFReQVoUUF5JH1lQXk5WX1BWQVc\' in \'where clause\'',
  ),
  3 => 
  array (
    'errno' => 1054,
  ),
)

2017-09-28 13:36:56





array (
  0 => 
  array (
    'message' => 'MySQL Query Error',
  ),
  1 => 
  array (
    'sql' => 'select parent_user_id,parent_user_name,comment_id,user_id,user_name,head_pic,collect_count,add_time as time,content from `ylt_tp`.`ylt_works_comment` where works_id = UlBSWkxaWFReQVoUUF5JH1lQXk5WX1BWQVc and parent_id = 27 order by add_time desc  LIMIT 1370,10',
  ),
  2 => 
  array (
    'error' => 'Unknown column \'UlBSWkxaWFReQVoUUF5JH1lQXk5WX1BWQVc\' in \'where clause\'',
  ),
  3 => 
  array (
    'errno' => 1054,
  ),
)

2017-09-28 13:44:03





array (
  0 => 
  array (
    'message' => 'MySQL Query Error',
  ),
  1 => 
  array (
    'sql' => 'select parent_user_id,parent_user_name,comment_id,user_id,user_name,head_pic,collect_count,add_time as time,content from `ylt_tp`.`ylt_works_comment` where works_id = UlBSWkxaWFReQVoUUF5JH1lQXk5WX1BWQVc and parent_id = 27 order by add_time desc  LIMIT 2280,10',
  ),
  2 => 
  array (
    'error' => 'Unknown column \'UlBSWkxaWFReQVoUUF5JH1lQXk5WX1BWQVc\' in \'where clause\'',
  ),
  3 => 
  array (
    'errno' => 1054,
  ),
)

2017-09-28 13:44:37





array (
  0 => 
  array (
    'message' => 'MySQL Query Error',
  ),
  1 => 
  array (
    'sql' => 'select parent_user_id,parent_user_name,comment_id,user_id,user_name,head_pic,collect_count,add_time as time,content from `ylt_tp`.`ylt_works_comment` where works_id = UlBSWkxaWFReQVoUUF5JH1lQXk5WX1BWQVc and parent_id = 27 order by add_time desc  LIMIT 2280,10',
  ),
  2 => 
  array (
    'error' => 'Unknown column \'UlBSWkxaWFReQVoUUF5JH1lQXk5WX1BWQVc\' in \'where clause\'',
  ),
  3 => 
  array (
    'errno' => 1054,
  ),
)

2017-09-28 13:45:20





array (
  0 => 
  array (
    'message' => 'MySQL Query Error',
  ),
  1 => 
  array (
    'sql' => 'select parent_user_id,parent_user_name,comment_id,user_id,user_name,head_pic,collect_count,add_time as time,content from `ylt_tp`.`ylt_works_comment` where works_id = UlBSWkxaWFReQVoUUF5JH1lQXk5WX1BWQVc and parent_id = 27 order by add_time desc  LIMIT 2280,10',
  ),
  2 => 
  array (
    'error' => 'Unknown column \'UlBSWkxaWFReQVoUUF5JH1lQXk5WX1BWQVc\' in \'where clause\'',
  ),
  3 => 
  array (
    'errno' => 1054,
  ),
)

2017-09-28 13:45:34





array (
  0 => 
  array (
    'message' => 'MySQL Query Error',
  ),
  1 => 
  array (
    'sql' => 'select parent_user_id,parent_user_name,comment_id,user_id,user_name,head_pic,collect_count,add_time as time,content from `ylt_tp`.`ylt_works_comment` where works_id = UlBSWkxaWFReQVoUUF5JH1lQXk5WX1BWQVc and parent_id = 27 order by add_time desc  LIMIT 2250,10',
  ),
  2 => 
  array (
    'error' => 'Unknown column \'UlBSWkxaWFReQVoUUF5JH1lQXk5WX1BWQVc\' in \'where clause\'',
  ),
  3 => 
  array (
    'errno' => 1054,
  ),
)

2017-09-28 13:45:47





array (
  0 => 
  array (
    'message' => 'MySQL Query Error',
  ),
  1 => 
  array (
    'sql' => 'select parent_user_id,parent_user_name,comment_id,user_id,user_name,head_pic,collect_count,add_time as time,content from `ylt_tp`.`ylt_works_comment` where works_id = UlBSWkxaWFReQVoUUF5JH1lQXk5WX1BWQVc and parent_id = 27 order by add_time desc  LIMIT 2280,10',
  ),
  2 => 
  array (
    'error' => 'Unknown column \'UlBSWkxaWFReQVoUUF5JH1lQXk5WX1BWQVc\' in \'where clause\'',
  ),
  3 => 
  array (
    'errno' => 1054,
  ),
)

2017-09-28 13:51:16





array (
  0 => 
  array (
    'message' => 'MySQL Query Error',
  ),
  1 => 
  array (
    'sql' => 'select parent_user_id,parent_user_name,comment_id,user_id,user_name,head_pic,collect_count,add_time as time,content from `ylt_tp`.`ylt_works_comment` where works_id = UlBSWkxaWFReQVoUUF5JH1lQXk5WX1BWQVc and parent_id = 27 order by add_time desc  LIMIT 2270,10',
  ),
  2 => 
  array (
    'error' => 'Unknown column \'UlBSWkxaWFReQVoUUF5JH1lQXk5WX1BWQVc\' in \'where clause\'',
  ),
  3 => 
  array (
    'errno' => 1054,
  ),
)

2017-09-28 13:51:21





array (
  0 => 
  array (
    'message' => 'MySQL Query Error',
  ),
  1 => 
  array (
    'sql' => 'select parent_user_id,parent_user_name,comment_id,user_id,user_name,head_pic,collect_count,add_time as time,content from `ylt_tp`.`ylt_works_comment` where works_id = UlBSWkxaWFReQVoUUF5JH1lQXk5WX1BWQVc and parent_id = 27 order by add_time desc  LIMIT 2270,10',
  ),
  2 => 
  array (
    'error' => 'Unknown column \'UlBSWkxaWFReQVoUUF5JH1lQXk5WX1BWQVc\' in \'where clause\'',
  ),
  3 => 
  array (
    'errno' => 1054,
  ),
)

2017-09-28 13:51:42





array (
  0 => 
  array (
    'message' => 'MySQL Query Error',
  ),
  1 => 
  array (
    'sql' => 'select parent_user_id,parent_user_name,comment_id,user_id,user_name,head_pic,collect_count,add_time as time,content from `ylt_tp`.`ylt_works_comment` where works_id = UlBSWkxaWFReQVoUUF5JH1lQXk5WX1BWQVc and parent_id = 27 order by add_time desc  LIMIT 2270,10',
  ),
  2 => 
  array (
    'error' => 'Unknown column \'UlBSWkxaWFReQVoUUF5JH1lQXk5WX1BWQVc\' in \'where clause\'',
  ),
  3 => 
  array (
    'errno' => 1054,
  ),
)

2017-09-28 13:52:13





array (
  0 => 
  array (
    'message' => 'MySQL Query Error',
  ),
  1 => 
  array (
    'sql' => 'select parent_user_id,parent_user_name,comment_id,user_id,user_name,head_pic,collect_count,add_time as time,content from `ylt_tp`.`ylt_works_comment` where works_id = UlBSWkxaWFReQVoUUF5JH1lQXk5WX1BWQVc and parent_id = 27 order by add_time desc  LIMIT 2270,10',
  ),
  2 => 
  array (
    'error' => 'Unknown column \'UlBSWkxaWFReQVoUUF5JH1lQXk5WX1BWQVc\' in \'where clause\'',
  ),
  3 => 
  array (
    'errno' => 1054,
  ),
)

2017-09-28 13:53:13





array (
  0 => 
  array (
    'message' => 'MySQL Query Error',
  ),
  1 => 
  array (
    'sql' => 'select parent_user_id,parent_user_name,comment_id,user_id,user_name,head_pic,collect_count,add_time as time,content from `ylt_tp`.`ylt_works_comment` where works_id = UlBSWkxaWFReQVoUUF5JH1lQXk5WX1BWQVc and parent_id = 27 order by add_time desc  LIMIT 1170,10',
  ),
  2 => 
  array (
    'error' => 'Unknown column \'UlBSWkxaWFReQVoUUF5JH1lQXk5WX1BWQVc\' in \'where clause\'',
  ),
  3 => 
  array (
    'errno' => 1054,
  ),
)

2017-09-28 13:53:20





array (
  0 => 
  array (
    'message' => 'MySQL Query Error',
  ),
  1 => 
  array (
    'sql' => 'select parent_user_id,parent_user_name,comment_id,user_id,user_name,head_pic,collect_count,add_time as time,content from `ylt_tp`.`ylt_works_comment` where works_id = UlBSWkxaWFReQVoUUF5JH1lQXk5WX1BWQVc and parent_id = 27 order by add_time desc  LIMIT 1170,10',
  ),
  2 => 
  array (
    'error' => 'Unknown column \'UlBSWkxaWFReQVoUUF5JH1lQXk5WX1BWQVc\' in \'where clause\'',
  ),
  3 => 
  array (
    'errno' => 1054,
  ),
)

2017-09-28 13:58:50





array (
  0 => 
  array (
    'message' => 'MySQL Query Error',
  ),
  1 => 
  array (
    'sql' => 'select parent_user_id,parent_user_name,comment_id,user_id,user_name,head_pic,collect_count,add_time as time,content from `ylt_tp`.`ylt_works_comment` where works_id = UlBSWkxaWFReQVoUUF5JH1lQXk5WX1BWQVc and parent_id = 27 order by add_time desc  LIMIT 2270,10',
  ),
  2 => 
  array (
    'error' => 'Unknown column \'UlBSWkxaWFReQVoUUF5JH1lQXk5WX1BWQVc\' in \'where clause\'',
  ),
  3 => 
  array (
    'errno' => 1054,
  ),
)

2017-09-28 17:33:41





array (
  0 => 
  array (
    'message' => 'MySQL Query Error',
  ),
  1 => 
  array (
    'sql' => 'select invoice_no，shipping_price from `ylt_tp`.`ylt_shipping_order` where order_id = 5304',
  ),
  2 => 
  array (
    'error' => 'You have an error in your SQL syntax; check the manual that corresponds to your MySQL server version for the right syntax to use near \'\\xEF\\xBC\\x8Cshipping_price from `ylt_tp`.`ylt_shipping_order` where order_id = 5\' at line 1',
  ),
  3 => 
  array (
    'errno' => 1064,
  ),
)

2017-09-28 17:33:55





array (
  0 => 
  array (
    'message' => 'MySQL Query Error',
  ),
  1 => 
  array (
    'sql' => 'select invoice_no，shipping_price from `ylt_tp`.`ylt_shipping_order` where order_id = 5304',
  ),
  2 => 
  array (
    'error' => 'You have an error in your SQL syntax; check the manual that corresponds to your MySQL server version for the right syntax to use near \'\\xEF\\xBC\\x8Cshipping_price from `ylt_tp`.`ylt_shipping_order` where order_id = 5\' at line 1',
  ),
  3 => 
  array (
    'errno' => 1064,
  ),
)

2017-09-28 18:42:33





array (
  0 => 
  array (
    'message' => 'MySQL Query Error',
  ),
  1 => 
  array (
    'sql' => 'select A.order_id,A.order_status,A.pay_status,A.add_time,B.prom_type,B.prom_id from `ylt_tp`.`ylt_order` as A LEFT JOIN `ylt_tp`.`ylt_order_goods` as B ON A.order_id=B.order_id where A.supplier_id= AND A.order_status=0 AND A.pay_status=0',
  ),
  2 => 
  array (
    'error' => 'You have an error in your SQL syntax; check the manual that corresponds to your MySQL server version for the right syntax to use near \'AND A.order_status=0 AND A.pay_status=0\' at line 1',
  ),
  3 => 
  array (
    'errno' => 1064,
  ),
)

2017-09-28 18:42:33





array (
  0 => 
  array (
    'message' => 'MySQL Query Error',
  ),
  1 => 
  array (
    'sql' => 'select A.order_id,A.order_status,A.pay_status,A.add_time,B.prom_type,B.prom_id from `ylt_tp`.`ylt_order` as A LEFT JOIN `ylt_tp`.`ylt_order_goods` as B ON A.order_id=B.order_id where A.supplier_id= AND A.order_status=0 AND A.pay_status=0',
  ),
  2 => 
  array (
    'error' => 'You have an error in your SQL syntax; check the manual that corresponds to your MySQL server version for the right syntax to use near \'AND A.order_status=0 AND A.pay_status=0\' at line 1',
  ),
  3 => 
  array (
    'errno' => 1064,
  ),
)

2017-09-28 18:42:33





array (
  0 => 
  array (
    'message' => 'MySQL Query Error',
  ),
  1 => 
  array (
    'sql' => 'select A.order_id,A.order_status,A.pay_status,A.add_time,B.prom_type,B.prom_id from `ylt_tp`.`ylt_order` as A LEFT JOIN `ylt_tp`.`ylt_order_goods` as B ON A.order_id=B.order_id where A.supplier_id= AND A.order_status=0 AND A.pay_status=0',
  ),
  2 => 
  array (
    'error' => 'You have an error in your SQL syntax; check the manual that corresponds to your MySQL server version for the right syntax to use near \'AND A.order_status=0 AND A.pay_status=0\' at line 1',
  ),
  3 => 
  array (
    'errno' => 1064,
  ),
)

2017-09-28 18:42:33





array (
  0 => 
  array (
    'message' => 'MySQL Query Error',
  ),
  1 => 
  array (
    'sql' => 'select A.order_id,A.order_status,A.pay_status,A.add_time,B.prom_type,B.prom_id from `ylt_tp`.`ylt_order` as A LEFT JOIN `ylt_tp`.`ylt_order_goods` as B ON A.order_id=B.order_id where A.supplier_id= AND A.order_status=0 AND A.pay_status=0',
  ),
  2 => 
  array (
    'error' => 'You have an error in your SQL syntax; check the manual that corresponds to your MySQL server version for the right syntax to use near \'AND A.order_status=0 AND A.pay_status=0\' at line 1',
  ),
  3 => 
  array (
    'errno' => 1064,
  ),
)

2017-09-28 18:42:33





array (
  0 => 
  array (
    'message' => 'MySQL Query Error',
  ),
  1 => 
  array (
    'sql' => 'select A.order_id,A.order_status,A.pay_status,A.add_time,B.prom_type,B.prom_id from `ylt_tp`.`ylt_order` as A LEFT JOIN `ylt_tp`.`ylt_order_goods` as B ON A.order_id=B.order_id where A.supplier_id= AND A.order_status=0 AND A.pay_status=0',
  ),
  2 => 
  array (
    'error' => 'You have an error in your SQL syntax; check the manual that corresponds to your MySQL server version for the right syntax to use near \'AND A.order_status=0 AND A.pay_status=0\' at line 1',
  ),
  3 => 
  array (
    'errno' => 1064,
  ),
)

2017-09-28 18:42:33





array (
  0 => 
  array (
    'message' => 'MySQL Query Error',
  ),
  1 => 
  array (
    'sql' => 'select A.order_id,A.order_status,A.pay_status,A.add_time,B.prom_type,B.prom_id from `ylt_tp`.`ylt_order` as A LEFT JOIN `ylt_tp`.`ylt_order_goods` as B ON A.order_id=B.order_id where A.supplier_id= AND A.order_status=0 AND A.pay_status=0',
  ),
  2 => 
  array (
    'error' => 'You have an error in your SQL syntax; check the manual that corresponds to your MySQL server version for the right syntax to use near \'AND A.order_status=0 AND A.pay_status=0\' at line 1',
  ),
  3 => 
  array (
    'errno' => 1064,
  ),
)

2017-09-28 18:42:33





array (
  0 => 
  array (
    'message' => 'MySQL Query Error',
  ),
  1 => 
  array (
    'sql' => 'select A.order_id,A.order_status,A.pay_status,A.add_time,B.prom_type,B.prom_id from `ylt_tp`.`ylt_order` as A LEFT JOIN `ylt_tp`.`ylt_order_goods` as B ON A.order_id=B.order_id where A.supplier_id= AND A.order_status=0 AND A.pay_status=0',
  ),
  2 => 
  array (
    'error' => 'You have an error in your SQL syntax; check the manual that corresponds to your MySQL server version for the right syntax to use near \'AND A.order_status=0 AND A.pay_status=0\' at line 1',
  ),
  3 => 
  array (
    'errno' => 1064,
  ),
)

2017-09-28 18:42:33





array (
  0 => 
  array (
    'message' => 'MySQL Query Error',
  ),
  1 => 
  array (
    'sql' => 'select A.order_id,A.order_status,A.pay_status,A.add_time,B.prom_type,B.prom_id from `ylt_tp`.`ylt_order` as A LEFT JOIN `ylt_tp`.`ylt_order_goods` as B ON A.order_id=B.order_id where A.supplier_id= AND A.order_status=0 AND A.pay_status=0',
  ),
  2 => 
  array (
    'error' => 'You have an error in your SQL syntax; check the manual that corresponds to your MySQL server version for the right syntax to use near \'AND A.order_status=0 AND A.pay_status=0\' at line 1',
  ),
  3 => 
  array (
    'errno' => 1064,
  ),
)

2017-09-28 18:42:33





array (
  0 => 
  array (
    'message' => 'MySQL Query Error',
  ),
  1 => 
  array (
    'sql' => 'select A.order_id,A.order_status,A.pay_status,A.add_time,B.prom_type,B.prom_id from `ylt_tp`.`ylt_order` as A LEFT JOIN `ylt_tp`.`ylt_order_goods` as B ON A.order_id=B.order_id where A.supplier_id= AND A.order_status=0 AND A.pay_status=0',
  ),
  2 => 
  array (
    'error' => 'You have an error in your SQL syntax; check the manual that corresponds to your MySQL server version for the right syntax to use near \'AND A.order_status=0 AND A.pay_status=0\' at line 1',
  ),
  3 => 
  array (
    'errno' => 1064,
  ),
)

2017-09-28 18:42:33





array (
  0 => 
  array (
    'message' => 'MySQL Query Error',
  ),
  1 => 
  array (
    'sql' => 'select A.order_id,A.order_status,A.pay_status,A.add_time,B.prom_type,B.prom_id from `ylt_tp`.`ylt_order` as A LEFT JOIN `ylt_tp`.`ylt_order_goods` as B ON A.order_id=B.order_id where A.supplier_id= AND A.order_status=0 AND A.pay_status=0',
  ),
  2 => 
  array (
    'error' => 'You have an error in your SQL syntax; check the manual that corresponds to your MySQL server version for the right syntax to use near \'AND A.order_status=0 AND A.pay_status=0\' at line 1',
  ),
  3 => 
  array (
    'errno' => 1064,
  ),
)

2017-09-28 18:42:34





array (
  0 => 
  array (
    'message' => 'MySQL Query Error',
  ),
  1 => 
  array (
    'sql' => 'select A.order_id,A.order_status,A.pay_status,A.add_time,B.prom_type,B.prom_id from `ylt_tp`.`ylt_order` as A LEFT JOIN `ylt_tp`.`ylt_order_goods` as B ON A.order_id=B.order_id where A.supplier_id= AND A.order_status=0 AND A.pay_status=0',
  ),
  2 => 
  array (
    'error' => 'You have an error in your SQL syntax; check the manual that corresponds to your MySQL server version for the right syntax to use near \'AND A.order_status=0 AND A.pay_status=0\' at line 1',
  ),
  3 => 
  array (
    'errno' => 1064,
  ),
)

2017-09-28 18:42:44





array (
  0 => 
  array (
    'message' => 'MySQL Query Error',
  ),
  1 => 
  array (
    'sql' => 'select A.order_id,A.order_status,A.pay_status,A.add_time,B.prom_type,B.prom_id from `ylt_tp`.`ylt_order` as A LEFT JOIN `ylt_tp`.`ylt_order_goods` as B ON A.order_id=B.order_id where A.supplier_id= AND A.order_status=0 AND A.pay_status=0',
  ),
  2 => 
  array (
    'error' => 'You have an error in your SQL syntax; check the manual that corresponds to your MySQL server version for the right syntax to use near \'AND A.order_status=0 AND A.pay_status=0\' at line 1',
  ),
  3 => 
  array (
    'errno' => 1064,
  ),
)

2017-09-28 18:42:44





array (
  0 => 
  array (
    'message' => 'MySQL Query Error',
  ),
  1 => 
  array (
    'sql' => 'select A.order_id,A.order_status,A.pay_status,A.add_time,B.prom_type,B.prom_id from `ylt_tp`.`ylt_order` as A LEFT JOIN `ylt_tp`.`ylt_order_goods` as B ON A.order_id=B.order_id where A.supplier_id= AND A.order_status=0 AND A.pay_status=0',
  ),
  2 => 
  array (
    'error' => 'You have an error in your SQL syntax; check the manual that corresponds to your MySQL server version for the right syntax to use near \'AND A.order_status=0 AND A.pay_status=0\' at line 1',
  ),
  3 => 
  array (
    'errno' => 1064,
  ),
)

2017-09-28 18:42:44





array (
  0 => 
  array (
    'message' => 'MySQL Query Error',
  ),
  1 => 
  array (
    'sql' => 'select A.order_id,A.order_status,A.pay_status,A.add_time,B.prom_type,B.prom_id from `ylt_tp`.`ylt_order` as A LEFT JOIN `ylt_tp`.`ylt_order_goods` as B ON A.order_id=B.order_id where A.supplier_id= AND A.order_status=0 AND A.pay_status=0',
  ),
  2 => 
  array (
    'error' => 'You have an error in your SQL syntax; check the manual that corresponds to your MySQL server version for the right syntax to use near \'AND A.order_status=0 AND A.pay_status=0\' at line 1',
  ),
  3 => 
  array (
    'errno' => 1064,
  ),
)

2017-09-28 18:42:44





array (
  0 => 
  array (
    'message' => 'MySQL Query Error',
  ),
  1 => 
  array (
    'sql' => 'select A.order_id,A.order_status,A.pay_status,A.add_time,B.prom_type,B.prom_id from `ylt_tp`.`ylt_order` as A LEFT JOIN `ylt_tp`.`ylt_order_goods` as B ON A.order_id=B.order_id where A.supplier_id= AND A.order_status=0 AND A.pay_status=0',
  ),
  2 => 
  array (
    'error' => 'You have an error in your SQL syntax; check the manual that corresponds to your MySQL server version for the right syntax to use near \'AND A.order_status=0 AND A.pay_status=0\' at line 1',
  ),
  3 => 
  array (
    'errno' => 1064,
  ),
)

2017-09-28 18:42:44





array (
  0 => 
  array (
    'message' => 'MySQL Query Error',
  ),
  1 => 
  array (
    'sql' => 'select A.order_id,A.order_status,A.pay_status,A.add_time,B.prom_type,B.prom_id from `ylt_tp`.`ylt_order` as A LEFT JOIN `ylt_tp`.`ylt_order_goods` as B ON A.order_id=B.order_id where A.supplier_id= AND A.order_status=0 AND A.pay_status=0',
  ),
  2 => 
  array (
    'error' => 'You have an error in your SQL syntax; check the manual that corresponds to your MySQL server version for the right syntax to use near \'AND A.order_status=0 AND A.pay_status=0\' at line 1',
  ),
  3 => 
  array (
    'errno' => 1064,
  ),
)

2017-09-28 18:42:44





array (
  0 => 
  array (
    'message' => 'MySQL Query Error',
  ),
  1 => 
  array (
    'sql' => 'select A.order_id,A.order_status,A.pay_status,A.add_time,B.prom_type,B.prom_id from `ylt_tp`.`ylt_order` as A LEFT JOIN `ylt_tp`.`ylt_order_goods` as B ON A.order_id=B.order_id where A.supplier_id= AND A.order_status=0 AND A.pay_status=0',
  ),
  2 => 
  array (
    'error' => 'You have an error in your SQL syntax; check the manual that corresponds to your MySQL server version for the right syntax to use near \'AND A.order_status=0 AND A.pay_status=0\' at line 1',
  ),
  3 => 
  array (
    'errno' => 1064,
  ),
)

2017-09-28 18:42:44





array (
  0 => 
  array (
    'message' => 'MySQL Query Error',
  ),
  1 => 
  array (
    'sql' => 'select A.order_id,A.order_status,A.pay_status,A.add_time,B.prom_type,B.prom_id from `ylt_tp`.`ylt_order` as A LEFT JOIN `ylt_tp`.`ylt_order_goods` as B ON A.order_id=B.order_id where A.supplier_id= AND A.order_status=0 AND A.pay_status=0',
  ),
  2 => 
  array (
    'error' => 'You have an error in your SQL syntax; check the manual that corresponds to your MySQL server version for the right syntax to use near \'AND A.order_status=0 AND A.pay_status=0\' at line 1',
  ),
  3 => 
  array (
    'errno' => 1064,
  ),
)

2017-09-28 18:42:44





array (
  0 => 
  array (
    'message' => 'MySQL Query Error',
  ),
  1 => 
  array (
    'sql' => 'select A.order_id,A.order_status,A.pay_status,A.add_time,B.prom_type,B.prom_id from `ylt_tp`.`ylt_order` as A LEFT JOIN `ylt_tp`.`ylt_order_goods` as B ON A.order_id=B.order_id where A.supplier_id= AND A.order_status=0 AND A.pay_status=0',
  ),
  2 => 
  array (
    'error' => 'You have an error in your SQL syntax; check the manual that corresponds to your MySQL server version for the right syntax to use near \'AND A.order_status=0 AND A.pay_status=0\' at line 1',
  ),
  3 => 
  array (
    'errno' => 1064,
  ),
)

2017-09-28 18:42:44





array (
  0 => 
  array (
    'message' => 'MySQL Query Error',
  ),
  1 => 
  array (
    'sql' => 'select A.order_id,A.order_status,A.pay_status,A.add_time,B.prom_type,B.prom_id from `ylt_tp`.`ylt_order` as A LEFT JOIN `ylt_tp`.`ylt_order_goods` as B ON A.order_id=B.order_id where A.supplier_id= AND A.order_status=0 AND A.pay_status=0',
  ),
  2 => 
  array (
    'error' => 'You have an error in your SQL syntax; check the manual that corresponds to your MySQL server version for the right syntax to use near \'AND A.order_status=0 AND A.pay_status=0\' at line 1',
  ),
  3 => 
  array (
    'errno' => 1064,
  ),
)

2017-09-28 18:42:44





array (
  0 => 
  array (
    'message' => 'MySQL Query Error',
  ),
  1 => 
  array (
    'sql' => 'select A.order_id,A.order_status,A.pay_status,A.add_time,B.prom_type,B.prom_id from `ylt_tp`.`ylt_order` as A LEFT JOIN `ylt_tp`.`ylt_order_goods` as B ON A.order_id=B.order_id where A.supplier_id= AND A.order_status=0 AND A.pay_status=0',
  ),
  2 => 
  array (
    'error' => 'You have an error in your SQL syntax; check the manual that corresponds to your MySQL server version for the right syntax to use near \'AND A.order_status=0 AND A.pay_status=0\' at line 1',
  ),
  3 => 
  array (
    'errno' => 1064,
  ),
)

2017-09-28 18:42:45





array (
  0 => 
  array (
    'message' => 'MySQL Query Error',
  ),
  1 => 
  array (
    'sql' => 'select A.order_id,A.order_status,A.pay_status,A.add_time,B.prom_type,B.prom_id from `ylt_tp`.`ylt_order` as A LEFT JOIN `ylt_tp`.`ylt_order_goods` as B ON A.order_id=B.order_id where A.supplier_id= AND A.order_status=0 AND A.pay_status=0',
  ),
  2 => 
  array (
    'error' => 'You have an error in your SQL syntax; check the manual that corresponds to your MySQL server version for the right syntax to use near \'AND A.order_status=0 AND A.pay_status=0\' at line 1',
  ),
  3 => 
  array (
    'errno' => 1064,
  ),
)

2017-09-28 18:45:31





array (
  0 => 
  array (
    'message' => 'MySQL Query Error',
  ),
  1 => 
  array (
    'sql' => 'select goods_id,examine,goods_thumb,goods_name,shop_price,sales_sum from `ylt_tp`.`ylt_goods` where supplier_id = and is_on_sale = 1 and is_designer=1 and examine = 1 order by goods_id desc   LIMIT 0,10',
  ),
  2 => 
  array (
    'error' => 'You have an error in your SQL syntax; check the manual that corresponds to your MySQL server version for the right syntax to use near \'and is_on_sale = 1 and is_designer=1 and examine = 1 order by goods_id desc   LI\' at line 1',
  ),
  3 => 
  array (
    'errno' => 1064,
  ),
)

2017-09-28 18:45:31





array (
  0 => 
  array (
    'message' => 'MySQL Query Error',
  ),
  1 => 
  array (
    'sql' => 'select goods_id,examine,goods_thumb,goods_name,shop_price,sales_sum from `ylt_tp`.`ylt_goods` where supplier_id = and is_on_sale = 1 and is_designer=1 and examine = 1 order by goods_id desc   LIMIT 0,10',
  ),
  2 => 
  array (
    'error' => 'You have an error in your SQL syntax; check the manual that corresponds to your MySQL server version for the right syntax to use near \'and is_on_sale = 1 and is_designer=1 and examine = 1 order by goods_id desc   LI\' at line 1',
  ),
  3 => 
  array (
    'errno' => 1064,
  ),
)

