2018-03-24 14:35:13





array (
  0 => 
  array (
    'message' => 'MySQL Query Error',
  ),
  1 => 
  array (
    'sql' => 'SELECT log_id,content,add_time,is_read FROM `ylt_tp`.`ylt_system_information` WHERE  user_id = 163694 ORDER BY `log_id`  LIMIT 0,10',
  ),
  2 => 
  array (
    'error' => 'Table \'ylt_tp.ylt_system_information\' doesn\'t exist',
  ),
  3 => 
  array (
    'errno' => 1146,
  ),
)

2018-03-24 14:35:30





array (
  0 => 
  array (
    'message' => 'MySQL Query Error',
  ),
  1 => 
  array (
    'sql' => 'SELECT log_id,content,add_time,is_read FROM `ylt_tp`.`ylt_system_information` WHERE  user_id = 163694 ORDER BY `log_id`  LIMIT 0,10',
  ),
  2 => 
  array (
    'error' => 'Table \'ylt_tp.ylt_system_information\' doesn\'t exist',
  ),
  3 => 
  array (
    'errno' => 1146,
  ),
)

