2017-09-15 11:25:06





array (
  0 => 
  array (
    'message' => 'MySQL Query Error',
  ),
  1 => 
  array (
    'sql' => 'select supplier_id from `ylt_tp`.`ylt_goods` where user_id =156552 and is_designer = 1',
  ),
  2 => 
  array (
    'error' => 'Unknown column \'user_id\' in \'where clause\'',
  ),
  3 => 
  array (
    'errno' => 1054,
  ),
)

2017-09-15 11:26:10





array (
  0 => 
  array (
    'message' => 'MySQL Query Error',
  ),
  1 => 
  array (
    'sql' => 'select goods_thumb,goods_name,shop_price,sales_num from `ylt_tp`.`ylt_goods` where supplier_id =355 and is_on_sale = 1 and is_designer=1 and examine = 1 order by goods_id desc   LIMIT 0,20',
  ),
  2 => 
  array (
    'error' => 'Unknown column \'sales_num\' in \'field list\'',
  ),
  3 => 
  array (
    'errno' => 1054,
  ),
)

2017-09-15 17:15:44





array (
  0 => 
  array (
    'message' => 'MySQL Query Error',
  ),
  1 => 
  array (
    'sql' => 'select designer_name,works_name,cat_name,user_id,works_content,supplier_id from `ylt_tp`.`ylt_works` where works_id=',
  ),
  2 => 
  array (
    'error' => 'You have an error in your SQL syntax; check the manual that corresponds to your MySQL server version for the right syntax to use near \'\' at line 1',
  ),
  3 => 
  array (
    'errno' => 1064,
  ),
)

2017-09-15 19:16:13





array (
  0 => 
  array (
    'message' => 'MySQL Query Error',
  ),
  1 => 
  array (
    'sql' => 'SELECT COUNT(collect_id) FROM `ylt_tp`.`ylt_supplier_collect`where supplier_id = ',
  ),
  2 => 
  array (
    'error' => 'You have an error in your SQL syntax; check the manual that corresponds to your MySQL server version for the right syntax to use near \'\' at line 1',
  ),
  3 => 
  array (
    'errno' => 1064,
  ),
)

2017-09-15 19:17:25





array (
  0 => 
  array (
    'message' => 'MySQL Query Error',
  ),
  1 => 
  array (
    'sql' => 'SELECT COUNT(collect_id) FROM `ylt_tp`.`ylt_supplier_collect`where supplier_id = ',
  ),
  2 => 
  array (
    'error' => 'You have an error in your SQL syntax; check the manual that corresponds to your MySQL server version for the right syntax to use near \'\' at line 1',
  ),
  3 => 
  array (
    'errno' => 1064,
  ),
)

2017-09-15 19:24:17





array (
  0 => 
  array (
    'message' => 'MySQL Query Error',
  ),
  1 => 
  array (
    'sql' => 'SELECT COUNT(collect_id) FROM `ylt_tp`.`ylt_supplier_collect`where supplier_id = ',
  ),
  2 => 
  array (
    'error' => 'You have an error in your SQL syntax; check the manual that corresponds to your MySQL server version for the right syntax to use near \'\' at line 1',
  ),
  3 => 
  array (
    'errno' => 1064,
  ),
)

2017-09-15 19:33:04





array (
  0 => 
  array (
    'message' => 'MySQL Query Error',
  ),
  1 => 
  array (
    'sql' => 'SELECT COUNT(collect_id) FROM `ylt_tp`.`ylt_supplier_collect`where supplier_id = ',
  ),
  2 => 
  array (
    'error' => 'You have an error in your SQL syntax; check the manual that corresponds to your MySQL server version for the right syntax to use near \'\' at line 1',
  ),
  3 => 
  array (
    'errno' => 1064,
  ),
)

2017-09-15 19:34:23





array (
  0 => 
  array (
    'message' => 'MySQL Query Error',
  ),
  1 => 
  array (
    'sql' => 'SELECT COUNT(collect_id) FROM `ylt_tp`.`ylt_supplier_collect`where supplier_id = ',
  ),
  2 => 
  array (
    'error' => 'You have an error in your SQL syntax; check the manual that corresponds to your MySQL server version for the right syntax to use near \'\' at line 1',
  ),
  3 => 
  array (
    'errno' => 1064,
  ),
)

2017-09-15 19:34:52





array (
  0 => 
  array (
    'message' => 'MySQL Query Error',
  ),
  1 => 
  array (
    'sql' => 'SELECT COUNT(collect_id) FROM `ylt_tp`.`ylt_supplier_collect`where supplier_id = ',
  ),
  2 => 
  array (
    'error' => 'You have an error in your SQL syntax; check the manual that corresponds to your MySQL server version for the right syntax to use near \'\' at line 1',
  ),
  3 => 
  array (
    'errno' => 1064,
  ),
)

2017-09-15 19:34:54





array (
  0 => 
  array (
    'message' => 'MySQL Query Error',
  ),
  1 => 
  array (
    'sql' => 'SELECT COUNT(collect_id) FROM `ylt_tp`.`ylt_supplier_collect`where supplier_id = ',
  ),
  2 => 
  array (
    'error' => 'You have an error in your SQL syntax; check the manual that corresponds to your MySQL server version for the right syntax to use near \'\' at line 1',
  ),
  3 => 
  array (
    'errno' => 1064,
  ),
)

2017-09-15 19:36:27





array (
  0 => 
  array (
    'message' => 'MySQL Query Error',
  ),
  1 => 
  array (
    'sql' => 'SELECT COUNT(collect_id) FROM `ylt_tp`.`ylt_supplier_collect`where supplier_id = ',
  ),
  2 => 
  array (
    'error' => 'You have an error in your SQL syntax; check the manual that corresponds to your MySQL server version for the right syntax to use near \'\' at line 1',
  ),
  3 => 
  array (
    'errno' => 1064,
  ),
)

2017-09-15 19:38:47





array (
  0 => 
  array (
    'message' => 'MySQL Query Error',
  ),
  1 => 
  array (
    'sql' => 'SELECT COUNT(collect_id) FROM `ylt_tp`.`ylt_supplier_collect`where supplier_id = ',
  ),
  2 => 
  array (
    'error' => 'You have an error in your SQL syntax; check the manual that corresponds to your MySQL server version for the right syntax to use near \'\' at line 1',
  ),
  3 => 
  array (
    'errno' => 1064,
  ),
)

2017-09-15 19:44:14





array (
  0 => 
  array (
    'message' => 'MySQL Query Error',
  ),
  1 => 
  array (
    'sql' => 'SELECT COUNT(collect_id) FROM `ylt_tp`.`ylt_supplier_collect`where supplier_id = ',
  ),
  2 => 
  array (
    'error' => 'You have an error in your SQL syntax; check the manual that corresponds to your MySQL server version for the right syntax to use near \'\' at line 1',
  ),
  3 => 
  array (
    'errno' => 1064,
  ),
)

2017-09-15 19:46:44





array (
  0 => 
  array (
    'message' => 'MySQL Query Error',
  ),
  1 => 
  array (
    'sql' => 'SELECT COUNT(collect_id) FROM `ylt_tp`.`ylt_supplier_collect`where supplier_id = ',
  ),
  2 => 
  array (
    'error' => 'You have an error in your SQL syntax; check the manual that corresponds to your MySQL server version for the right syntax to use near \'\' at line 1',
  ),
  3 => 
  array (
    'errno' => 1064,
  ),
)

2017-09-15 19:54:57





array (
  0 => 
  array (
    'message' => 'MySQL Query Error',
  ),
  1 => 
  array (
    'sql' => 'SELECT COUNT(collect_id) FROM `ylt_tp`.`ylt_supplier_collect`where supplier_id = ',
  ),
  2 => 
  array (
    'error' => 'You have an error in your SQL syntax; check the manual that corresponds to your MySQL server version for the right syntax to use near \'\' at line 1',
  ),
  3 => 
  array (
    'errno' => 1064,
  ),
)

2017-09-15 19:54:58





array (
  0 => 
  array (
    'message' => 'MySQL Query Error',
  ),
  1 => 
  array (
    'sql' => 'SELECT COUNT(collect_id) FROM `ylt_tp`.`ylt_supplier_collect`where supplier_id = ',
  ),
  2 => 
  array (
    'error' => 'You have an error in your SQL syntax; check the manual that corresponds to your MySQL server version for the right syntax to use near \'\' at line 1',
  ),
  3 => 
  array (
    'errno' => 1064,
  ),
)

