2018-03-03 08:57:49





array (
  0 => 
  array (
    'message' => 'MySQL Query Error',
  ),
  1 => 
  array (
    'sql' => 'select value FROM `ylt_tp`.`ylt_supplier_config` where supplier_id = 41 and name = \'phone\'',
  ),
  2 => 
  array (
    'error' => 'Table \'ylt_tp.ylt_supplier_config\' doesn\'t exist',
  ),
  3 => 
  array (
    'errno' => 1146,
  ),
)

2018-03-03 08:57:54





array (
  0 => 
  array (
    'message' => 'MySQL Query Error',
  ),
  1 => 
  array (
    'sql' => 'select value FROM `ylt_tp`.`ylt_supplier_config` where supplier_id = 41 and name = \'phone\'',
  ),
  2 => 
  array (
    'error' => 'Table \'ylt_tp.ylt_supplier_config\' doesn\'t exist',
  ),
  3 => 
  array (
    'errno' => 1146,
  ),
)

2018-03-03 08:57:58





array (
  0 => 
  array (
    'message' => 'MySQL Query Error',
  ),
  1 => 
  array (
    'sql' => 'select value FROM `ylt_tp`.`ylt_supplier_config` where supplier_id = 41 and name = \'phone\'',
  ),
  2 => 
  array (
    'error' => 'Table \'ylt_tp.ylt_supplier_config\' doesn\'t exist',
  ),
  3 => 
  array (
    'errno' => 1146,
  ),
)

2018-03-03 08:58:25





array (
  0 => 
  array (
    'message' => 'MySQL Query Error',
  ),
  1 => 
  array (
    'sql' => 'select value FROM `ylt_tp`.`ylt_supplier_config` where supplier_id = 41 and name = \'phone\'',
  ),
  2 => 
  array (
    'error' => 'Table \'ylt_tp.ylt_supplier_config\' doesn\'t exist',
  ),
  3 => 
  array (
    'errno' => 1146,
  ),
)

2018-03-03 08:58:26





array (
  0 => 
  array (
    'message' => 'MySQL Query Error',
  ),
  1 => 
  array (
    'sql' => 'select value FROM `ylt_tp`.`ylt_supplier_config` where supplier_id = 41 and name = \'phone\'',
  ),
  2 => 
  array (
    'error' => 'Table \'ylt_tp.ylt_supplier_config\' doesn\'t exist',
  ),
  3 => 
  array (
    'errno' => 1146,
  ),
)

2018-03-03 09:10:50





array (
  0 => 
  array (
    'message' => 'MySQL Query Error',
  ),
  1 => 
  array (
    'sql' => 'select value FROM `ylt_tp`.`ylt_supplier_config` where supplier_id = 41 and name = \'phone\'',
  ),
  2 => 
  array (
    'error' => 'Table \'ylt_tp.ylt_supplier_config\' doesn\'t exist',
  ),
  3 => 
  array (
    'errno' => 1146,
  ),
)

2018-03-03 09:10:52





array (
  0 => 
  array (
    'message' => 'MySQL Query Error',
  ),
  1 => 
  array (
    'sql' => 'select value FROM `ylt_tp`.`ylt_supplier_config` where supplier_id = 41 and name = \'phone\'',
  ),
  2 => 
  array (
    'error' => 'Table \'ylt_tp.ylt_supplier_config\' doesn\'t exist',
  ),
  3 => 
  array (
    'errno' => 1146,
  ),
)

2018-03-03 09:10:55





array (
  0 => 
  array (
    'message' => 'MySQL Query Error',
  ),
  1 => 
  array (
    'sql' => 'select value FROM `ylt_tp`.`ylt_supplier_config` where supplier_id = 41 and name = \'phone\'',
  ),
  2 => 
  array (
    'error' => 'Table \'ylt_tp.ylt_supplier_config\' doesn\'t exist',
  ),
  3 => 
  array (
    'errno' => 1146,
  ),
)

2018-03-03 09:10:58





array (
  0 => 
  array (
    'message' => 'MySQL Query Error',
  ),
  1 => 
  array (
    'sql' => 'select value FROM `ylt_tp`.`ylt_supplier_config` where supplier_id = 41 and name = \'phone\'',
  ),
  2 => 
  array (
    'error' => 'Table \'ylt_tp.ylt_supplier_config\' doesn\'t exist',
  ),
  3 => 
  array (
    'errno' => 1146,
  ),
)

2018-03-03 09:11:12





array (
  0 => 
  array (
    'message' => 'MySQL Query Error',
  ),
  1 => 
  array (
    'sql' => 'select value FROM `ylt_tp`.`ylt_supplier_config` where supplier_id = 41 and name = \'phone\'',
  ),
  2 => 
  array (
    'error' => 'Table \'ylt_tp.ylt_supplier_config\' doesn\'t exist',
  ),
  3 => 
  array (
    'errno' => 1146,
  ),
)

2018-03-03 09:11:17





array (
  0 => 
  array (
    'message' => 'MySQL Query Error',
  ),
  1 => 
  array (
    'sql' => 'select value FROM `ylt_tp`.`ylt_supplier_config` where supplier_id = 41 and name = \'phone\'',
  ),
  2 => 
  array (
    'error' => 'Table \'ylt_tp.ylt_supplier_config\' doesn\'t exist',
  ),
  3 => 
  array (
    'errno' => 1146,
  ),
)

2018-03-03 09:11:22





array (
  0 => 
  array (
    'message' => 'MySQL Query Error',
  ),
  1 => 
  array (
    'sql' => 'select value FROM `ylt_tp`.`ylt_supplier_config` where supplier_id = 533 and name = \'phone\'',
  ),
  2 => 
  array (
    'error' => 'Table \'ylt_tp.ylt_supplier_config\' doesn\'t exist',
  ),
  3 => 
  array (
    'errno' => 1146,
  ),
)

2018-03-03 09:11:28





array (
  0 => 
  array (
    'message' => 'MySQL Query Error',
  ),
  1 => 
  array (
    'sql' => 'select value FROM `ylt_tp`.`ylt_supplier_config` where supplier_id = 191 and name = \'phone\'',
  ),
  2 => 
  array (
    'error' => 'Table \'ylt_tp.ylt_supplier_config\' doesn\'t exist',
  ),
  3 => 
  array (
    'errno' => 1146,
  ),
)

2018-03-03 09:11:34





array (
  0 => 
  array (
    'message' => 'MySQL Query Error',
  ),
  1 => 
  array (
    'sql' => 'select value FROM `ylt_tp`.`ylt_supplier_config` where supplier_id = 103 and name = \'phone\'',
  ),
  2 => 
  array (
    'error' => 'Table \'ylt_tp.ylt_supplier_config\' doesn\'t exist',
  ),
  3 => 
  array (
    'errno' => 1146,
  ),
)

2018-03-03 09:15:16





array (
  0 => 
  array (
    'message' => 'MySQL Query Error',
  ),
  1 => 
  array (
    'sql' => 'select value FROM `ylt_tp`.`ylt_supplier_config` where supplier_id = 348 and name = \'phone\'',
  ),
  2 => 
  array (
    'error' => 'Table \'ylt_tp.ylt_supplier_config\' doesn\'t exist',
  ),
  3 => 
  array (
    'errno' => 1146,
  ),
)

2018-03-03 09:15:31





array (
  0 => 
  array (
    'message' => 'MySQL Query Error',
  ),
  1 => 
  array (
    'sql' => 'select value FROM `ylt_tp`.`ylt_supplier_config` where supplier_id = 41 and name = \'phone\'',
  ),
  2 => 
  array (
    'error' => 'Table \'ylt_tp.ylt_supplier_config\' doesn\'t exist',
  ),
  3 => 
  array (
    'errno' => 1146,
  ),
)

2018-03-03 09:15:31





array (
  0 => 
  array (
    'message' => 'MySQL Query Error',
  ),
  1 => 
  array (
    'sql' => 'select value FROM `ylt_tp`.`ylt_supplier_config` where supplier_id = 348 and name = \'phone\'',
  ),
  2 => 
  array (
    'error' => 'Table \'ylt_tp.ylt_supplier_config\' doesn\'t exist',
  ),
  3 => 
  array (
    'errno' => 1146,
  ),
)

2018-03-03 09:15:36





array (
  0 => 
  array (
    'message' => 'MySQL Query Error',
  ),
  1 => 
  array (
    'sql' => 'select value FROM `ylt_tp`.`ylt_supplier_config` where supplier_id = 473 and name = \'phone\'',
  ),
  2 => 
  array (
    'error' => 'Table \'ylt_tp.ylt_supplier_config\' doesn\'t exist',
  ),
  3 => 
  array (
    'errno' => 1146,
  ),
)

2018-03-03 09:15:39





array (
  0 => 
  array (
    'message' => 'MySQL Query Error',
  ),
  1 => 
  array (
    'sql' => 'select value FROM `ylt_tp`.`ylt_supplier_config` where supplier_id = 135 and name = \'phone\'',
  ),
  2 => 
  array (
    'error' => 'Table \'ylt_tp.ylt_supplier_config\' doesn\'t exist',
  ),
  3 => 
  array (
    'errno' => 1146,
  ),
)

2018-03-03 09:15:42





array (
  0 => 
  array (
    'message' => 'MySQL Query Error',
  ),
  1 => 
  array (
    'sql' => 'select value FROM `ylt_tp`.`ylt_supplier_config` where supplier_id = 552 and name = \'phone\'',
  ),
  2 => 
  array (
    'error' => 'Table \'ylt_tp.ylt_supplier_config\' doesn\'t exist',
  ),
  3 => 
  array (
    'errno' => 1146,
  ),
)

2018-03-03 09:15:48





array (
  0 => 
  array (
    'message' => 'MySQL Query Error',
  ),
  1 => 
  array (
    'sql' => 'select value FROM `ylt_tp`.`ylt_supplier_config` where supplier_id = 348 and name = \'phone\'',
  ),
  2 => 
  array (
    'error' => 'Table \'ylt_tp.ylt_supplier_config\' doesn\'t exist',
  ),
  3 => 
  array (
    'errno' => 1146,
  ),
)

2018-03-03 09:15:53





array (
  0 => 
  array (
    'message' => 'MySQL Query Error',
  ),
  1 => 
  array (
    'sql' => 'SELECT value FROM `ylt_tp`.`ylt_supplier_config` where supplier_id =\'29\' and name=\'mobile\' ',
  ),
  2 => 
  array (
    'error' => 'Table \'ylt_tp.ylt_supplier_config\' doesn\'t exist',
  ),
  3 => 
  array (
    'errno' => 1146,
  ),
)

2018-03-03 09:15:57





array (
  0 => 
  array (
    'message' => 'MySQL Query Error',
  ),
  1 => 
  array (
    'sql' => 'select value FROM `ylt_tp`.`ylt_supplier_config` where supplier_id = 206 and name = \'phone\'',
  ),
  2 => 
  array (
    'error' => 'Table \'ylt_tp.ylt_supplier_config\' doesn\'t exist',
  ),
  3 => 
  array (
    'errno' => 1146,
  ),
)

2018-03-03 09:15:58





array (
  0 => 
  array (
    'message' => 'MySQL Query Error',
  ),
  1 => 
  array (
    'sql' => 'select value FROM `ylt_tp`.`ylt_supplier_config` where supplier_id = 206 and name = \'phone\'',
  ),
  2 => 
  array (
    'error' => 'Table \'ylt_tp.ylt_supplier_config\' doesn\'t exist',
  ),
  3 => 
  array (
    'errno' => 1146,
  ),
)

2018-03-03 09:16:04





array (
  0 => 
  array (
    'message' => 'MySQL Query Error',
  ),
  1 => 
  array (
    'sql' => 'select value FROM `ylt_tp`.`ylt_supplier_config` where supplier_id = 552 and name = \'phone\'',
  ),
  2 => 
  array (
    'error' => 'Table \'ylt_tp.ylt_supplier_config\' doesn\'t exist',
  ),
  3 => 
  array (
    'errno' => 1146,
  ),
)

2018-03-03 09:16:05





array (
  0 => 
  array (
    'message' => 'MySQL Query Error',
  ),
  1 => 
  array (
    'sql' => 'select value FROM `ylt_tp`.`ylt_supplier_config` where supplier_id = 552 and name = \'phone\'',
  ),
  2 => 
  array (
    'error' => 'Table \'ylt_tp.ylt_supplier_config\' doesn\'t exist',
  ),
  3 => 
  array (
    'errno' => 1146,
  ),
)

2018-03-03 09:16:25





array (
  0 => 
  array (
    'message' => 'MySQL Query Error',
  ),
  1 => 
  array (
    'sql' => 'select value FROM `ylt_tp`.`ylt_supplier_config` where supplier_id = 122 and name = \'phone\'',
  ),
  2 => 
  array (
    'error' => 'Table \'ylt_tp.ylt_supplier_config\' doesn\'t exist',
  ),
  3 => 
  array (
    'errno' => 1146,
  ),
)

2018-03-03 09:16:29





array (
  0 => 
  array (
    'message' => 'MySQL Query Error',
  ),
  1 => 
  array (
    'sql' => 'select value FROM `ylt_tp`.`ylt_supplier_config` where supplier_id = 122 and name = \'phone\'',
  ),
  2 => 
  array (
    'error' => 'Table \'ylt_tp.ylt_supplier_config\' doesn\'t exist',
  ),
  3 => 
  array (
    'errno' => 1146,
  ),
)

2018-03-03 09:16:50





array (
  0 => 
  array (
    'message' => 'MySQL Query Error',
  ),
  1 => 
  array (
    'sql' => 'select value FROM `ylt_tp`.`ylt_supplier_config` where supplier_id = 552 and name = \'phone\'',
  ),
  2 => 
  array (
    'error' => 'Table \'ylt_tp.ylt_supplier_config\' doesn\'t exist',
  ),
  3 => 
  array (
    'errno' => 1146,
  ),
)

2018-03-03 09:17:12





array (
  0 => 
  array (
    'message' => 'MySQL Query Error',
  ),
  1 => 
  array (
    'sql' => 'select value FROM `ylt_tp`.`ylt_supplier_config` where supplier_id = 592 and name = \'phone\'',
  ),
  2 => 
  array (
    'error' => 'Table \'ylt_tp.ylt_supplier_config\' doesn\'t exist',
  ),
  3 => 
  array (
    'errno' => 1146,
  ),
)

2018-03-03 09:17:23





array (
  0 => 
  array (
    'message' => 'MySQL Query Error',
  ),
  1 => 
  array (
    'sql' => 'select value FROM `ylt_tp`.`ylt_supplier_config` where supplier_id = 122 and name = \'phone\'',
  ),
  2 => 
  array (
    'error' => 'Table \'ylt_tp.ylt_supplier_config\' doesn\'t exist',
  ),
  3 => 
  array (
    'errno' => 1146,
  ),
)

2018-03-03 09:17:30





array (
  0 => 
  array (
    'message' => 'MySQL Query Error',
  ),
  1 => 
  array (
    'sql' => 'select value FROM `ylt_tp`.`ylt_supplier_config` where supplier_id = 470 and name = \'phone\'',
  ),
  2 => 
  array (
    'error' => 'Table \'ylt_tp.ylt_supplier_config\' doesn\'t exist',
  ),
  3 => 
  array (
    'errno' => 1146,
  ),
)

2018-03-03 09:18:23





array (
  0 => 
  array (
    'message' => 'MySQL Query Error',
  ),
  1 => 
  array (
    'sql' => 'select value FROM `ylt_tp`.`ylt_supplier_config` where supplier_id = 41 and name = \'phone\'',
  ),
  2 => 
  array (
    'error' => 'Table \'ylt_tp.ylt_supplier_config\' doesn\'t exist',
  ),
  3 => 
  array (
    'errno' => 1146,
  ),
)

2018-03-03 09:18:46





array (
  0 => 
  array (
    'message' => 'MySQL Query Error',
  ),
  1 => 
  array (
    'sql' => 'select value FROM `ylt_tp`.`ylt_supplier_config` where supplier_id = 533 and name = \'phone\'',
  ),
  2 => 
  array (
    'error' => 'Table \'ylt_tp.ylt_supplier_config\' doesn\'t exist',
  ),
  3 => 
  array (
    'errno' => 1146,
  ),
)

2018-03-03 09:19:05





array (
  0 => 
  array (
    'message' => 'MySQL Query Error',
  ),
  1 => 
  array (
    'sql' => 'select value FROM `ylt_tp`.`ylt_supplier_config` where supplier_id = 470 and name = \'phone\'',
  ),
  2 => 
  array (
    'error' => 'Table \'ylt_tp.ylt_supplier_config\' doesn\'t exist',
  ),
  3 => 
  array (
    'errno' => 1146,
  ),
)

2018-03-03 09:20:09





array (
  0 => 
  array (
    'message' => 'MySQL Query Error',
  ),
  1 => 
  array (
    'sql' => 'select value FROM `ylt_tp`.`ylt_supplier_config` where supplier_id = 552 and name = \'phone\'',
  ),
  2 => 
  array (
    'error' => 'Table \'ylt_tp.ylt_supplier_config\' doesn\'t exist',
  ),
  3 => 
  array (
    'errno' => 1146,
  ),
)

2018-03-03 09:20:13





array (
  0 => 
  array (
    'message' => 'MySQL Query Error',
  ),
  1 => 
  array (
    'sql' => 'select value FROM `ylt_tp`.`ylt_supplier_config` where supplier_id = 470 and name = \'phone\'',
  ),
  2 => 
  array (
    'error' => 'Table \'ylt_tp.ylt_supplier_config\' doesn\'t exist',
  ),
  3 => 
  array (
    'errno' => 1146,
  ),
)

2018-03-03 09:20:16





array (
  0 => 
  array (
    'message' => 'MySQL Query Error',
  ),
  1 => 
  array (
    'sql' => 'select value FROM `ylt_tp`.`ylt_supplier_config` where supplier_id = 583 and name = \'phone\'',
  ),
  2 => 
  array (
    'error' => 'Table \'ylt_tp.ylt_supplier_config\' doesn\'t exist',
  ),
  3 => 
  array (
    'errno' => 1146,
  ),
)

2018-03-03 09:20:20





array (
  0 => 
  array (
    'message' => 'MySQL Query Error',
  ),
  1 => 
  array (
    'sql' => 'SELECT value FROM `ylt_tp`.`ylt_supplier_config` where supplier_id =\'41\' and name=\'mobile\' ',
  ),
  2 => 
  array (
    'error' => 'Table \'ylt_tp.ylt_supplier_config\' doesn\'t exist',
  ),
  3 => 
  array (
    'errno' => 1146,
  ),
)

2018-03-03 09:20:20





array (
  0 => 
  array (
    'message' => 'MySQL Query Error',
  ),
  1 => 
  array (
    'sql' => 'SELECT value FROM `ylt_tp`.`ylt_supplier_config` where supplier_id =\'41\' and name=\'mobile\' ',
  ),
  2 => 
  array (
    'error' => 'Table \'ylt_tp.ylt_supplier_config\' doesn\'t exist',
  ),
  3 => 
  array (
    'errno' => 1146,
  ),
)

2018-03-03 09:20:25





array (
  0 => 
  array (
    'message' => 'MySQL Query Error',
  ),
  1 => 
  array (
    'sql' => 'select value FROM `ylt_tp`.`ylt_supplier_config` where supplier_id = 41 and name = \'phone\'',
  ),
  2 => 
  array (
    'error' => 'Table \'ylt_tp.ylt_supplier_config\' doesn\'t exist',
  ),
  3 => 
  array (
    'errno' => 1146,
  ),
)

2018-03-03 09:20:58





array (
  0 => 
  array (
    'message' => 'MySQL Query Error',
  ),
  1 => 
  array (
    'sql' => 'select value FROM `ylt_tp`.`ylt_supplier_config` where supplier_id = 583 and name = \'phone\'',
  ),
  2 => 
  array (
    'error' => 'Table \'ylt_tp.ylt_supplier_config\' doesn\'t exist',
  ),
  3 => 
  array (
    'errno' => 1146,
  ),
)

2018-03-03 09:21:03





array (
  0 => 
  array (
    'message' => 'MySQL Query Error',
  ),
  1 => 
  array (
    'sql' => 'select value FROM `ylt_tp`.`ylt_supplier_config` where supplier_id = 533 and name = \'phone\'',
  ),
  2 => 
  array (
    'error' => 'Table \'ylt_tp.ylt_supplier_config\' doesn\'t exist',
  ),
  3 => 
  array (
    'errno' => 1146,
  ),
)

2018-03-03 09:21:34





array (
  0 => 
  array (
    'message' => 'MySQL Query Error',
  ),
  1 => 
  array (
    'sql' => 'select value FROM `ylt_tp`.`ylt_supplier_config` where supplier_id = 473 and name = \'phone\'',
  ),
  2 => 
  array (
    'error' => 'Table \'ylt_tp.ylt_supplier_config\' doesn\'t exist',
  ),
  3 => 
  array (
    'errno' => 1146,
  ),
)

2018-03-03 09:21:47





array (
  0 => 
  array (
    'message' => 'MySQL Query Error',
  ),
  1 => 
  array (
    'sql' => 'select value FROM `ylt_tp`.`ylt_supplier_config` where supplier_id = 583 and name = \'phone\'',
  ),
  2 => 
  array (
    'error' => 'Table \'ylt_tp.ylt_supplier_config\' doesn\'t exist',
  ),
  3 => 
  array (
    'errno' => 1146,
  ),
)

2018-03-03 09:21:49





array (
  0 => 
  array (
    'message' => 'MySQL Query Error',
  ),
  1 => 
  array (
    'sql' => 'select value FROM `ylt_tp`.`ylt_supplier_config` where supplier_id = 636 and name = \'phone\'',
  ),
  2 => 
  array (
    'error' => 'Table \'ylt_tp.ylt_supplier_config\' doesn\'t exist',
  ),
  3 => 
  array (
    'errno' => 1146,
  ),
)

2018-03-03 09:21:57





array (
  0 => 
  array (
    'message' => 'MySQL Query Error',
  ),
  1 => 
  array (
    'sql' => 'select value FROM `ylt_tp`.`ylt_supplier_config` where supplier_id = 592 and name = \'phone\'',
  ),
  2 => 
  array (
    'error' => 'Table \'ylt_tp.ylt_supplier_config\' doesn\'t exist',
  ),
  3 => 
  array (
    'errno' => 1146,
  ),
)

2018-03-03 09:24:26





array (
  0 => 
  array (
    'message' => 'MySQL Query Error',
  ),
  1 => 
  array (
    'sql' => 'select value FROM `ylt_tp`.`ylt_supplier_config` where supplier_id = 592 and name = \'phone\'',
  ),
  2 => 
  array (
    'error' => 'Table \'ylt_tp.ylt_supplier_config\' doesn\'t exist',
  ),
  3 => 
  array (
    'errno' => 1146,
  ),
)

2018-03-03 09:24:29





array (
  0 => 
  array (
    'message' => 'MySQL Query Error',
  ),
  1 => 
  array (
    'sql' => 'select value FROM `ylt_tp`.`ylt_supplier_config` where supplier_id = 592 and name = \'phone\'',
  ),
  2 => 
  array (
    'error' => 'Table \'ylt_tp.ylt_supplier_config\' doesn\'t exist',
  ),
  3 => 
  array (
    'errno' => 1146,
  ),
)

2018-03-03 09:24:32





array (
  0 => 
  array (
    'message' => 'MySQL Query Error',
  ),
  1 => 
  array (
    'sql' => 'select value FROM `ylt_tp`.`ylt_supplier_config` where supplier_id = 592 and name = \'phone\'',
  ),
  2 => 
  array (
    'error' => 'Table \'ylt_tp.ylt_supplier_config\' doesn\'t exist',
  ),
  3 => 
  array (
    'errno' => 1146,
  ),
)

2018-03-03 09:24:34





array (
  0 => 
  array (
    'message' => 'MySQL Query Error',
  ),
  1 => 
  array (
    'sql' => 'select value FROM `ylt_tp`.`ylt_supplier_config` where supplier_id = 583 and name = \'phone\'',
  ),
  2 => 
  array (
    'error' => 'Table \'ylt_tp.ylt_supplier_config\' doesn\'t exist',
  ),
  3 => 
  array (
    'errno' => 1146,
  ),
)

2018-03-03 09:24:38





array (
  0 => 
  array (
    'message' => 'MySQL Query Error',
  ),
  1 => 
  array (
    'sql' => 'select value FROM `ylt_tp`.`ylt_supplier_config` where supplier_id = 583 and name = \'phone\'',
  ),
  2 => 
  array (
    'error' => 'Table \'ylt_tp.ylt_supplier_config\' doesn\'t exist',
  ),
  3 => 
  array (
    'errno' => 1146,
  ),
)

2018-03-03 09:24:42





array (
  0 => 
  array (
    'message' => 'MySQL Query Error',
  ),
  1 => 
  array (
    'sql' => 'select value FROM `ylt_tp`.`ylt_supplier_config` where supplier_id = 348 and name = \'phone\'',
  ),
  2 => 
  array (
    'error' => 'Table \'ylt_tp.ylt_supplier_config\' doesn\'t exist',
  ),
  3 => 
  array (
    'errno' => 1146,
  ),
)

2018-03-03 09:24:45





array (
  0 => 
  array (
    'message' => 'MySQL Query Error',
  ),
  1 => 
  array (
    'sql' => 'select value FROM `ylt_tp`.`ylt_supplier_config` where supplier_id = 122 and name = \'phone\'',
  ),
  2 => 
  array (
    'error' => 'Table \'ylt_tp.ylt_supplier_config\' doesn\'t exist',
  ),
  3 => 
  array (
    'errno' => 1146,
  ),
)

2018-03-03 09:24:47





array (
  0 => 
  array (
    'message' => 'MySQL Query Error',
  ),
  1 => 
  array (
    'sql' => 'select value FROM `ylt_tp`.`ylt_supplier_config` where supplier_id = 533 and name = \'phone\'',
  ),
  2 => 
  array (
    'error' => 'Table \'ylt_tp.ylt_supplier_config\' doesn\'t exist',
  ),
  3 => 
  array (
    'errno' => 1146,
  ),
)

2018-03-03 09:24:51





array (
  0 => 
  array (
    'message' => 'MySQL Query Error',
  ),
  1 => 
  array (
    'sql' => 'select value FROM `ylt_tp`.`ylt_supplier_config` where supplier_id = 191 and name = \'phone\'',
  ),
  2 => 
  array (
    'error' => 'Table \'ylt_tp.ylt_supplier_config\' doesn\'t exist',
  ),
  3 => 
  array (
    'errno' => 1146,
  ),
)

2018-03-03 09:38:09





array (
  0 => 
  array (
    'message' => 'MySQL Query Error',
  ),
  1 => 
  array (
    'sql' => 'select value FROM `ylt_tp`.`ylt_supplier_config` where supplier_id = 41 and name = \'phone\'',
  ),
  2 => 
  array (
    'error' => 'Table \'ylt_tp.ylt_supplier_config\' doesn\'t exist',
  ),
  3 => 
  array (
    'errno' => 1146,
  ),
)

2018-03-03 09:38:11





array (
  0 => 
  array (
    'message' => 'MySQL Query Error',
  ),
  1 => 
  array (
    'sql' => 'select value FROM `ylt_tp`.`ylt_supplier_config` where supplier_id = 41 and name = \'phone\'',
  ),
  2 => 
  array (
    'error' => 'Table \'ylt_tp.ylt_supplier_config\' doesn\'t exist',
  ),
  3 => 
  array (
    'errno' => 1146,
  ),
)

2018-03-03 09:38:14





array (
  0 => 
  array (
    'message' => 'MySQL Query Error',
  ),
  1 => 
  array (
    'sql' => 'select value FROM `ylt_tp`.`ylt_supplier_config` where supplier_id = 41 and name = \'phone\'',
  ),
  2 => 
  array (
    'error' => 'Table \'ylt_tp.ylt_supplier_config\' doesn\'t exist',
  ),
  3 => 
  array (
    'errno' => 1146,
  ),
)

2018-03-03 09:38:20





array (
  0 => 
  array (
    'message' => 'MySQL Query Error',
  ),
  1 => 
  array (
    'sql' => 'select value FROM `ylt_tp`.`ylt_supplier_config` where supplier_id = 41 and name = \'phone\'',
  ),
  2 => 
  array (
    'error' => 'Table \'ylt_tp.ylt_supplier_config\' doesn\'t exist',
  ),
  3 => 
  array (
    'errno' => 1146,
  ),
)

2018-03-03 09:38:26





array (
  0 => 
  array (
    'message' => 'MySQL Query Error',
  ),
  1 => 
  array (
    'sql' => 'select value FROM `ylt_tp`.`ylt_supplier_config` where supplier_id = 234 and name = \'phone\'',
  ),
  2 => 
  array (
    'error' => 'Table \'ylt_tp.ylt_supplier_config\' doesn\'t exist',
  ),
  3 => 
  array (
    'errno' => 1146,
  ),
)

2018-03-03 09:50:56





array (
  0 => 
  array (
    'message' => 'MySQL Query Error',
  ),
  1 => 
  array (
    'sql' => 'select value FROM `ylt_tp`.`ylt_supplier_config` where supplier_id = 275 and name = \'phone\'',
  ),
  2 => 
  array (
    'error' => 'Table \'ylt_tp.ylt_supplier_config\' doesn\'t exist',
  ),
  3 => 
  array (
    'errno' => 1146,
  ),
)

2018-03-03 09:50:57





array (
  0 => 
  array (
    'message' => 'MySQL Query Error',
  ),
  1 => 
  array (
    'sql' => 'select value FROM `ylt_tp`.`ylt_supplier_config` where supplier_id = 346 and name = \'phone\'',
  ),
  2 => 
  array (
    'error' => 'Table \'ylt_tp.ylt_supplier_config\' doesn\'t exist',
  ),
  3 => 
  array (
    'errno' => 1146,
  ),
)

2018-03-03 09:51:00





array (
  0 => 
  array (
    'message' => 'MySQL Query Error',
  ),
  1 => 
  array (
    'sql' => 'select value FROM `ylt_tp`.`ylt_supplier_config` where supplier_id = 473 and name = \'phone\'',
  ),
  2 => 
  array (
    'error' => 'Table \'ylt_tp.ylt_supplier_config\' doesn\'t exist',
  ),
  3 => 
  array (
    'errno' => 1146,
  ),
)

2018-03-03 09:51:07





array (
  0 => 
  array (
    'message' => 'MySQL Query Error',
  ),
  1 => 
  array (
    'sql' => 'select value FROM `ylt_tp`.`ylt_supplier_config` where supplier_id = 551 and name = \'phone\'',
  ),
  2 => 
  array (
    'error' => 'Table \'ylt_tp.ylt_supplier_config\' doesn\'t exist',
  ),
  3 => 
  array (
    'errno' => 1146,
  ),
)

2018-03-03 09:51:16





array (
  0 => 
  array (
    'message' => 'MySQL Query Error',
  ),
  1 => 
  array (
    'sql' => 'select value FROM `ylt_tp`.`ylt_supplier_config` where supplier_id = 564 and name = \'phone\'',
  ),
  2 => 
  array (
    'error' => 'Table \'ylt_tp.ylt_supplier_config\' doesn\'t exist',
  ),
  3 => 
  array (
    'errno' => 1146,
  ),
)

2018-03-03 09:51:31





array (
  0 => 
  array (
    'message' => 'MySQL Query Error',
  ),
  1 => 
  array (
    'sql' => 'select value FROM `ylt_tp`.`ylt_supplier_config` where supplier_id = 473 and name = \'phone\'',
  ),
  2 => 
  array (
    'error' => 'Table \'ylt_tp.ylt_supplier_config\' doesn\'t exist',
  ),
  3 => 
  array (
    'errno' => 1146,
  ),
)

2018-03-03 09:52:02





array (
  0 => 
  array (
    'message' => 'MySQL Query Error',
  ),
  1 => 
  array (
    'sql' => 'select value FROM `ylt_tp`.`ylt_supplier_config` where supplier_id = 583 and name = \'phone\'',
  ),
  2 => 
  array (
    'error' => 'Table \'ylt_tp.ylt_supplier_config\' doesn\'t exist',
  ),
  3 => 
  array (
    'errno' => 1146,
  ),
)

2018-03-03 09:52:05





array (
  0 => 
  array (
    'message' => 'MySQL Query Error',
  ),
  1 => 
  array (
    'sql' => 'select value FROM `ylt_tp`.`ylt_supplier_config` where supplier_id = 525 and name = \'phone\'',
  ),
  2 => 
  array (
    'error' => 'Table \'ylt_tp.ylt_supplier_config\' doesn\'t exist',
  ),
  3 => 
  array (
    'errno' => 1146,
  ),
)

2018-03-03 09:54:01





array (
  0 => 
  array (
    'message' => 'MySQL Query Error',
  ),
  1 => 
  array (
    'sql' => 'select value FROM `ylt_tp`.`ylt_supplier_config` where supplier_id = 551 and name = \'phone\'',
  ),
  2 => 
  array (
    'error' => 'Table \'ylt_tp.ylt_supplier_config\' doesn\'t exist',
  ),
  3 => 
  array (
    'errno' => 1146,
  ),
)

2018-03-03 09:54:12





array (
  0 => 
  array (
    'message' => 'MySQL Query Error',
  ),
  1 => 
  array (
    'sql' => 'select value FROM `ylt_tp`.`ylt_supplier_config` where supplier_id = 551 and name = \'phone\'',
  ),
  2 => 
  array (
    'error' => 'Table \'ylt_tp.ylt_supplier_config\' doesn\'t exist',
  ),
  3 => 
  array (
    'errno' => 1146,
  ),
)

2018-03-03 09:54:22





array (
  0 => 
  array (
    'message' => 'MySQL Query Error',
  ),
  1 => 
  array (
    'sql' => 'select value FROM `ylt_tp`.`ylt_supplier_config` where supplier_id = 551 and name = \'phone\'',
  ),
  2 => 
  array (
    'error' => 'Table \'ylt_tp.ylt_supplier_config\' doesn\'t exist',
  ),
  3 => 
  array (
    'errno' => 1146,
  ),
)

2018-03-03 09:54:32





array (
  0 => 
  array (
    'message' => 'MySQL Query Error',
  ),
  1 => 
  array (
    'sql' => 'select value FROM `ylt_tp`.`ylt_supplier_config` where supplier_id = 551 and name = \'phone\'',
  ),
  2 => 
  array (
    'error' => 'Table \'ylt_tp.ylt_supplier_config\' doesn\'t exist',
  ),
  3 => 
  array (
    'errno' => 1146,
  ),
)

2018-03-03 09:54:40





array (
  0 => 
  array (
    'message' => 'MySQL Query Error',
  ),
  1 => 
  array (
    'sql' => 'select value FROM `ylt_tp`.`ylt_supplier_config` where supplier_id = 551 and name = \'phone\'',
  ),
  2 => 
  array (
    'error' => 'Table \'ylt_tp.ylt_supplier_config\' doesn\'t exist',
  ),
  3 => 
  array (
    'errno' => 1146,
  ),
)

2018-03-03 09:54:51





array (
  0 => 
  array (
    'message' => 'MySQL Query Error',
  ),
  1 => 
  array (
    'sql' => 'select value FROM `ylt_tp`.`ylt_supplier_config` where supplier_id = 551 and name = \'phone\'',
  ),
  2 => 
  array (
    'error' => 'Table \'ylt_tp.ylt_supplier_config\' doesn\'t exist',
  ),
  3 => 
  array (
    'errno' => 1146,
  ),
)

2018-03-03 09:54:59





array (
  0 => 
  array (
    'message' => 'MySQL Query Error',
  ),
  1 => 
  array (
    'sql' => 'select value FROM `ylt_tp`.`ylt_supplier_config` where supplier_id = 551 and name = \'phone\'',
  ),
  2 => 
  array (
    'error' => 'Table \'ylt_tp.ylt_supplier_config\' doesn\'t exist',
  ),
  3 => 
  array (
    'errno' => 1146,
  ),
)

