2019-06-19 14:33:40





array (
  0 => 
  array (
    'message' => 'MySQL Query Error',
  ),
  1 => 
  array (
    'sql' => 'INSERT INTO `ylt_tp`.`ylt_login_log`(`user_id`,`user_name`, `user_phone`,`log_ip`,`log_time`,`source`)
		VALUES(, "","", "183.39.57.146","1560926020","IOS")',
  ),
  2 => 
  array (
    'error' => 'You have an error in your SQL syntax; check the manual that corresponds to your MySQL server version for the right syntax to use near \' "","", "183.39.57.146","1560926020","IOS")\' at line 2',
  ),
  3 => 
  array (
    'errno' => 1064,
  ),
)

