2017-09-19 10:33:48





array (
  0 => 
  array (
    'message' => 'MySQL Query Error',
  ),
  1 => 
  array (
    'sql' => 'select user_name,head_pic from `ylt_tp`.`ylt_supplier` where user_id = 156552',
  ),
  2 => 
  array (
    'error' => 'Unknown column \'user_name\' in \'field list\'',
  ),
  3 => 
  array (
    'errno' => 1054,
  ),
)

2017-09-19 10:34:31





array (
  0 => 
  array (
    'message' => 'MySQL Query Error',
  ),
  1 => 
  array (
    'sql' => 'select user_name,head_pic from `ylt_tp`.`ylt_users` where user_id = 156552',
  ),
  2 => 
  array (
    'error' => 'Unknown column \'user_name\' in \'field list\'',
  ),
  3 => 
  array (
    'errno' => 1054,
  ),
)

2017-09-19 11:41:23





array (
  0 => 
  array (
    'message' => 'MySQL Query Error',
  ),
  1 => 
  array (
    'sql' => 'select add_time,content from `ylt_tp`.`ylt_works_comment` where user_id = 156552 and works_id =1 ordey by id desc',
  ),
  2 => 
  array (
    'error' => 'You have an error in your SQL syntax; check the manual that corresponds to your MySQL server version for the right syntax to use near \'ordey by id desc\' at line 1',
  ),
  3 => 
  array (
    'errno' => 1064,
  ),
)

2017-09-19 11:43:20





array (
  0 => 
  array (
    'message' => 'MySQL Query Error',
  ),
  1 => 
  array (
    'sql' => 'select add_time,content from `ylt_tp`.`ylt_works_comment` where user_id = 156552 and works_id =1 ordey by id desc',
  ),
  2 => 
  array (
    'error' => 'You have an error in your SQL syntax; check the manual that corresponds to your MySQL server version for the right syntax to use near \'ordey by id desc\' at line 1',
  ),
  3 => 
  array (
    'errno' => 1064,
  ),
)

2017-09-19 11:43:59





array (
  0 => 
  array (
    'message' => 'MySQL Query Error',
  ),
  1 => 
  array (
    'sql' => 'select add_time,content from `ylt_tp`.`ylt_works_comment` where user_id = 156552 and works_id =1 ordey by id desc',
  ),
  2 => 
  array (
    'error' => 'You have an error in your SQL syntax; check the manual that corresponds to your MySQL server version for the right syntax to use near \'ordey by id desc\' at line 1',
  ),
  3 => 
  array (
    'errno' => 1064,
  ),
)

2017-09-19 15:51:07





array (
  0 => 
  array (
    'message' => 'MySQL Query Error',
  ),
  1 => 
  array (
    'sql' => 'select count(id)  from `ylt_tp`.`ylt_works_comment` where works_id = 1 and parent_id =  ',
  ),
  2 => 
  array (
    'error' => 'You have an error in your SQL syntax; check the manual that corresponds to your MySQL server version for the right syntax to use near \'\' at line 1',
  ),
  3 => 
  array (
    'errno' => 1064,
  ),
)

2017-09-19 16:33:33





array (
  0 => 
  array (
    'message' => 'MySQL Query Error',
  ),
  1 => 
  array (
    'sql' => 'selectcount(id) from `ylt_tp`.`ylt_works_comment` where works_id = 1 and parent_id = 2',
  ),
  2 => 
  array (
    'error' => 'You have an error in your SQL syntax; check the manual that corresponds to your MySQL server version for the right syntax to use near \'selectcount(id) from `ylt_tp`.`ylt_works_comment` where works_id = 1 and parent_\' at line 1',
  ),
  3 => 
  array (
    'errno' => 1064,
  ),
)

2017-09-19 16:33:36





array (
  0 => 
  array (
    'message' => 'MySQL Query Error',
  ),
  1 => 
  array (
    'sql' => 'selectcount(id) from `ylt_tp`.`ylt_works_comment` where works_id = 1 and parent_id = 2',
  ),
  2 => 
  array (
    'error' => 'You have an error in your SQL syntax; check the manual that corresponds to your MySQL server version for the right syntax to use near \'selectcount(id) from `ylt_tp`.`ylt_works_comment` where works_id = 1 and parent_\' at line 1',
  ),
  3 => 
  array (
    'errno' => 1064,
  ),
)

2017-09-19 16:49:33





array (
  0 => 
  array (
    'message' => 'MySQL Query Error',
  ),
  1 => 
  array (
    'sql' => 'select id  from `ylt_tp`.`ylt_works_comment_collect` where user_id = 156552 comment_id =6',
  ),
  2 => 
  array (
    'error' => 'You have an error in your SQL syntax; check the manual that corresponds to your MySQL server version for the right syntax to use near \'comment_id =6\' at line 1',
  ),
  3 => 
  array (
    'errno' => 1064,
  ),
)

2017-09-19 16:54:37





array (
  0 => 
  array (
    'message' => 'MySQL Query Error',
  ),
  1 => 
  array (
    'sql' => 'select id  from `ylt_tp`.`ylt_works_comment_collect` where user_id =  and comment_id =2',
  ),
  2 => 
  array (
    'error' => 'You have an error in your SQL syntax; check the manual that corresponds to your MySQL server version for the right syntax to use near \'and comment_id =2\' at line 1',
  ),
  3 => 
  array (
    'errno' => 1064,
  ),
)

2017-09-19 20:52:15





array (
  0 => 
  array (
    'message' => 'MySQL Query Error',
  ),
  1 => 
  array (
    'sql' => 'select count(comment_id)  from `ylt_tp`.`ylt_works_comment` where works_id = 1 and parent_id =  ',
  ),
  2 => 
  array (
    'error' => 'You have an error in your SQL syntax; check the manual that corresponds to your MySQL server version for the right syntax to use near \'\' at line 1',
  ),
  3 => 
  array (
    'errno' => 1064,
  ),
)

2017-09-19 20:52:25





array (
  0 => 
  array (
    'message' => 'MySQL Query Error',
  ),
  1 => 
  array (
    'sql' => 'select count(comment_id)  from `ylt_tp`.`ylt_works_comment` where works_id = 1 and parent_id =  ',
  ),
  2 => 
  array (
    'error' => 'You have an error in your SQL syntax; check the manual that corresponds to your MySQL server version for the right syntax to use near \'\' at line 1',
  ),
  3 => 
  array (
    'errno' => 1064,
  ),
)

2017-09-19 20:53:41





array (
  0 => 
  array (
    'message' => 'MySQL Query Error',
  ),
  1 => 
  array (
    'sql' => 'select comment_id,user_id,user_name,head_pic,collect_count,add_time as time,content from `ylt_tp`.`ylt_works_comment` where id = 2 ',
  ),
  2 => 
  array (
    'error' => 'Unknown column \'id\' in \'where clause\'',
  ),
  3 => 
  array (
    'errno' => 1054,
  ),
)

2017-09-19 20:54:05





array (
  0 => 
  array (
    'message' => 'MySQL Query Error',
  ),
  1 => 
  array (
    'sql' => 'select comment_id,user_id,user_name,head_pic,collect_count,add_time as time,content from `ylt_tp`.`ylt_works_comment` where id = 2 ',
  ),
  2 => 
  array (
    'error' => 'Unknown column \'id\' in \'where clause\'',
  ),
  3 => 
  array (
    'errno' => 1054,
  ),
)

2017-09-19 20:55:07





array (
  0 => 
  array (
    'message' => 'MySQL Query Error',
  ),
  1 => 
  array (
    'sql' => 'select count(comment_id)  from `ylt_tp`.`ylt_works_comment` where works_id = 1 and parent_id =  ',
  ),
  2 => 
  array (
    'error' => 'You have an error in your SQL syntax; check the manual that corresponds to your MySQL server version for the right syntax to use near \'\' at line 1',
  ),
  3 => 
  array (
    'errno' => 1064,
  ),
)

2017-09-19 20:55:50





array (
  0 => 
  array (
    'message' => 'MySQL Query Error',
  ),
  1 => 
  array (
    'sql' => 'select comment_id,user_id,user_name,head_pic,collect_count,add_time as time,content from `ylt_tp`.`ylt_works_comment` where id = 2 ',
  ),
  2 => 
  array (
    'error' => 'Unknown column \'id\' in \'where clause\'',
  ),
  3 => 
  array (
    'errno' => 1054,
  ),
)

2017-09-19 20:56:38





array (
  0 => 
  array (
    'message' => 'MySQL Query Error',
  ),
  1 => 
  array (
    'sql' => 'select comment_id,user_id,user_name,head_pic,collect_count,add_time as time,content from `ylt_tp`.`ylt_works_comment` where id = 2 ',
  ),
  2 => 
  array (
    'error' => 'Unknown column \'id\' in \'where clause\'',
  ),
  3 => 
  array (
    'errno' => 1054,
  ),
)

2017-09-19 20:56:39





array (
  0 => 
  array (
    'message' => 'MySQL Query Error',
  ),
  1 => 
  array (
    'sql' => 'select comment_id,user_id,user_name,head_pic,collect_count,add_time as time,content from `ylt_tp`.`ylt_works_comment` where id = 2 ',
  ),
  2 => 
  array (
    'error' => 'Unknown column \'id\' in \'where clause\'',
  ),
  3 => 
  array (
    'errno' => 1054,
  ),
)

2017-09-19 20:56:40





array (
  0 => 
  array (
    'message' => 'MySQL Query Error',
  ),
  1 => 
  array (
    'sql' => 'select comment_id,user_id,user_name,head_pic,collect_count,add_time as time,content from `ylt_tp`.`ylt_works_comment` where id = 2 ',
  ),
  2 => 
  array (
    'error' => 'Unknown column \'id\' in \'where clause\'',
  ),
  3 => 
  array (
    'errno' => 1054,
  ),
)

2017-09-19 20:56:51





array (
  0 => 
  array (
    'message' => 'MySQL Query Error',
  ),
  1 => 
  array (
    'sql' => 'select comment_id,user_id,user_name,head_pic,collect_count,add_time as time,content from `ylt_tp`.`ylt_works_comment` where id = 2 ',
  ),
  2 => 
  array (
    'error' => 'Unknown column \'id\' in \'where clause\'',
  ),
  3 => 
  array (
    'errno' => 1054,
  ),
)

2017-09-19 21:52:39





array (
  0 => 
  array (
    'message' => 'MySQL Query Error',
  ),
  1 => 
  array (
    'sql' => 'select add_time,content from `ylt_tp`.`ylt_works_comment` where user_id = 156552 and works_id =1 order by id desc',
  ),
  2 => 
  array (
    'error' => 'Unknown column \'id\' in \'order clause\'',
  ),
  3 => 
  array (
    'errno' => 1054,
  ),
)

2017-09-19 21:54:17





array (
  0 => 
  array (
    'message' => 'MySQL Query Error',
  ),
  1 => 
  array (
    'sql' => 'select add_time,content from `ylt_tp`.`ylt_works_comment` where user_id = 156552 and works_id =1 order by id desc',
  ),
  2 => 
  array (
    'error' => 'Unknown column \'id\' in \'order clause\'',
  ),
  3 => 
  array (
    'errno' => 1054,
  ),
)

2017-09-19 21:54:27





array (
  0 => 
  array (
    'message' => 'MySQL Query Error',
  ),
  1 => 
  array (
    'sql' => 'select add_time,content from `ylt_tp`.`ylt_works_comment` where user_id = 156552 and works_id =1 order by id desc',
  ),
  2 => 
  array (
    'error' => 'Unknown column \'id\' in \'order clause\'',
  ),
  3 => 
  array (
    'errno' => 1054,
  ),
)

2017-09-19 21:55:19





array (
  0 => 
  array (
    'message' => 'MySQL Query Error',
  ),
  1 => 
  array (
    'sql' => 'select add_time,content from `ylt_tp`.`ylt_works_comment` where user_id = 156552 and works_id =1 order by id desc',
  ),
  2 => 
  array (
    'error' => 'Unknown column \'id\' in \'order clause\'',
  ),
  3 => 
  array (
    'errno' => 1054,
  ),
)

2017-09-19 21:55:49





array (
  0 => 
  array (
    'message' => 'MySQL Query Error',
  ),
  1 => 
  array (
    'sql' => 'select add_time,content from `ylt_tp`.`ylt_works_comment` where user_id = 156552 and works_id =1 order by id desc',
  ),
  2 => 
  array (
    'error' => 'Unknown column \'id\' in \'order clause\'',
  ),
  3 => 
  array (
    'errno' => 1054,
  ),
)

