2018-02-01 10:30:48





array (
  0 => 
  array (
    'message' => 'MySQL Query Error',
  ),
  1 => 
  array (
    'sql' => 'INSERT INTO `ylt_tp`.`ylt_login_log`(`user_id`,`user_name`, `user_phone`,`log_ip`,`log_time`,`source`)
		VALUES(, "","", "14.154.178.147","1517452248","Android")',
  ),
  2 => 
  array (
    'error' => 'You have an error in your SQL syntax; check the manual that corresponds to your MySQL server version for the right syntax to use near \' "","", "14.154.178.147","1517452248","Android")\' at line 2',
  ),
  3 => 
  array (
    'errno' => 1064,
  ),
)

