2018-09-29 15:04:32





array (
  0 => 
  array (
    'message' => 'MySQL Query Error',
  ),
  1 => 
  array (
    'sql' => 'select is_designer from `ylt_tp`.`ylt_supplier` where supplier_id= ',
  ),
  2 => 
  array (
    'error' => 'You have an error in your SQL syntax; check the manual that corresponds to your MySQL server version for the right syntax to use near \'\' at line 1',
  ),
  3 => 
  array (
    'errno' => 1064,
  ),
)

2018-09-29 15:04:42





array (
  0 => 
  array (
    'message' => 'MySQL Query Error',
  ),
  1 => 
  array (
    'sql' => 'select is_designer from `ylt_tp`.`ylt_supplier` where supplier_id= ',
  ),
  2 => 
  array (
    'error' => 'You have an error in your SQL syntax; check the manual that corresponds to your MySQL server version for the right syntax to use near \'\' at line 1',
  ),
  3 => 
  array (
    'errno' => 1064,
  ),
)

2018-09-29 15:04:53





array (
  0 => 
  array (
    'message' => 'MySQL Query Error',
  ),
  1 => 
  array (
    'sql' => 'select is_designer from `ylt_tp`.`ylt_supplier` where supplier_id= ',
  ),
  2 => 
  array (
    'error' => 'You have an error in your SQL syntax; check the manual that corresponds to your MySQL server version for the right syntax to use near \'\' at line 1',
  ),
  3 => 
  array (
    'errno' => 1064,
  ),
)

2018-09-29 15:05:03





array (
  0 => 
  array (
    'message' => 'MySQL Query Error',
  ),
  1 => 
  array (
    'sql' => 'select is_designer from `ylt_tp`.`ylt_supplier` where supplier_id= ',
  ),
  2 => 
  array (
    'error' => 'You have an error in your SQL syntax; check the manual that corresponds to your MySQL server version for the right syntax to use near \'\' at line 1',
  ),
  3 => 
  array (
    'errno' => 1064,
  ),
)

2018-09-29 15:06:02





array (
  0 => 
  array (
    'message' => 'MySQL Query Error',
  ),
  1 => 
  array (
    'sql' => 'select is_designer from `ylt_tp`.`ylt_supplier` where supplier_id= ',
  ),
  2 => 
  array (
    'error' => 'You have an error in your SQL syntax; check the manual that corresponds to your MySQL server version for the right syntax to use near \'\' at line 1',
  ),
  3 => 
  array (
    'errno' => 1064,
  ),
)

2018-09-29 15:06:07





array (
  0 => 
  array (
    'message' => 'MySQL Query Error',
  ),
  1 => 
  array (
    'sql' => 'select is_designer from `ylt_tp`.`ylt_supplier` where supplier_id= ',
  ),
  2 => 
  array (
    'error' => 'You have an error in your SQL syntax; check the manual that corresponds to your MySQL server version for the right syntax to use near \'\' at line 1',
  ),
  3 => 
  array (
    'errno' => 1064,
  ),
)

2018-09-29 15:06:31





array (
  0 => 
  array (
    'message' => 'MySQL Query Error',
  ),
  1 => 
  array (
    'sql' => 'select is_designer from `ylt_tp`.`ylt_supplier` where supplier_id= ',
  ),
  2 => 
  array (
    'error' => 'You have an error in your SQL syntax; check the manual that corresponds to your MySQL server version for the right syntax to use near \'\' at line 1',
  ),
  3 => 
  array (
    'errno' => 1064,
  ),
)

2018-09-29 15:06:32





array (
  0 => 
  array (
    'message' => 'MySQL Query Error',
  ),
  1 => 
  array (
    'sql' => 'select is_designer from `ylt_tp`.`ylt_supplier` where supplier_id= ',
  ),
  2 => 
  array (
    'error' => 'You have an error in your SQL syntax; check the manual that corresponds to your MySQL server version for the right syntax to use near \'\' at line 1',
  ),
  3 => 
  array (
    'errno' => 1064,
  ),
)

2018-09-29 15:18:16





array (
  0 => 
  array (
    'message' => 'MySQL Query Error',
  ),
  1 => 
  array (
    'sql' => 'select GROUP_CONCAT(A.id) from `ylt_tp`.`ylt_cart` as A left join `ylt_tp`.`ylt_goods` as B ON A.goods_id=B.goods_id where B.examine=1 AND A.user_id=164211 AND A.id in (\\"10562,10563\\")',
  ),
  2 => 
  array (
    'error' => 'You have an error in your SQL syntax; check the manual that corresponds to your MySQL server version for the right syntax to use near \'\\"10562,10563\\")\' at line 1',
  ),
  3 => 
  array (
    'errno' => 1064,
  ),
)

2018-09-29 15:18:23





array (
  0 => 
  array (
    'message' => 'MySQL Query Error',
  ),
  1 => 
  array (
    'sql' => 'select is_designer from `ylt_tp`.`ylt_supplier` where supplier_id= ',
  ),
  2 => 
  array (
    'error' => 'You have an error in your SQL syntax; check the manual that corresponds to your MySQL server version for the right syntax to use near \'\' at line 1',
  ),
  3 => 
  array (
    'errno' => 1064,
  ),
)

2018-09-29 15:18:32





array (
  0 => 
  array (
    'message' => 'MySQL Query Error',
  ),
  1 => 
  array (
    'sql' => 'select GROUP_CONCAT(A.id) from `ylt_tp`.`ylt_cart` as A left join `ylt_tp`.`ylt_goods` as B ON A.goods_id=B.goods_id where B.examine=1 AND A.user_id=164211 AND A.id in (\\"10562,10563\\")',
  ),
  2 => 
  array (
    'error' => 'You have an error in your SQL syntax; check the manual that corresponds to your MySQL server version for the right syntax to use near \'\\"10562,10563\\")\' at line 1',
  ),
  3 => 
  array (
    'errno' => 1064,
  ),
)

2018-09-29 15:21:24





array (
  0 => 
  array (
    'message' => 'MySQL Query Error',
  ),
  1 => 
  array (
    'sql' => 'select GROUP_CONCAT(A.id) from `ylt_tp`.`ylt_cart` as A left join `ylt_tp`.`ylt_goods` as B ON A.goods_id=B.goods_id where B.examine=1 AND A.user_id=164211 AND A.id in (\\"10562,10563\\")',
  ),
  2 => 
  array (
    'error' => 'You have an error in your SQL syntax; check the manual that corresponds to your MySQL server version for the right syntax to use near \'\\"10562,10563\\")\' at line 1',
  ),
  3 => 
  array (
    'errno' => 1064,
  ),
)

2018-09-29 15:21:26





array (
  0 => 
  array (
    'message' => 'MySQL Query Error',
  ),
  1 => 
  array (
    'sql' => 'select GROUP_CONCAT(A.id) from `ylt_tp`.`ylt_cart` as A left join `ylt_tp`.`ylt_goods` as B ON A.goods_id=B.goods_id where B.examine=1 AND A.user_id=164211 AND A.id in (\\"10562,10563\\")',
  ),
  2 => 
  array (
    'error' => 'You have an error in your SQL syntax; check the manual that corresponds to your MySQL server version for the right syntax to use near \'\\"10562,10563\\")\' at line 1',
  ),
  3 => 
  array (
    'errno' => 1064,
  ),
)

2018-09-29 15:21:26





array (
  0 => 
  array (
    'message' => 'MySQL Query Error',
  ),
  1 => 
  array (
    'sql' => 'select GROUP_CONCAT(A.id) from `ylt_tp`.`ylt_cart` as A left join `ylt_tp`.`ylt_goods` as B ON A.goods_id=B.goods_id where B.examine=1 AND A.user_id=164211 AND A.id in (\\"10562,10563\\")',
  ),
  2 => 
  array (
    'error' => 'You have an error in your SQL syntax; check the manual that corresponds to your MySQL server version for the right syntax to use near \'\\"10562,10563\\")\' at line 1',
  ),
  3 => 
  array (
    'errno' => 1064,
  ),
)

2018-09-29 15:22:42





array (
  0 => 
  array (
    'message' => 'MySQL Query Error',
  ),
  1 => 
  array (
    'sql' => 'select GROUP_CONCAT(A.id) from `ylt_tp`.`ylt_cart` as A left join `ylt_tp`.`ylt_goods` as B ON A.goods_id=B.goods_id where B.examine=1 AND A.user_id=164211 AND A.id in (\\"10562,10563\\")',
  ),
  2 => 
  array (
    'error' => 'You have an error in your SQL syntax; check the manual that corresponds to your MySQL server version for the right syntax to use near \'\\"10562,10563\\")\' at line 1',
  ),
  3 => 
  array (
    'errno' => 1064,
  ),
)

2018-09-29 15:22:42





array (
  0 => 
  array (
    'message' => 'MySQL Query Error',
  ),
  1 => 
  array (
    'sql' => 'select GROUP_CONCAT(A.id) from `ylt_tp`.`ylt_cart` as A left join `ylt_tp`.`ylt_goods` as B ON A.goods_id=B.goods_id where B.examine=1 AND A.user_id=164211 AND A.id in (\\"10562,10563\\")',
  ),
  2 => 
  array (
    'error' => 'You have an error in your SQL syntax; check the manual that corresponds to your MySQL server version for the right syntax to use near \'\\"10562,10563\\")\' at line 1',
  ),
  3 => 
  array (
    'errno' => 1064,
  ),
)

2018-09-29 15:22:43





array (
  0 => 
  array (
    'message' => 'MySQL Query Error',
  ),
  1 => 
  array (
    'sql' => 'select GROUP_CONCAT(A.id) from `ylt_tp`.`ylt_cart` as A left join `ylt_tp`.`ylt_goods` as B ON A.goods_id=B.goods_id where B.examine=1 AND A.user_id=164211 AND A.id in (\\"10562,10563\\")',
  ),
  2 => 
  array (
    'error' => 'You have an error in your SQL syntax; check the manual that corresponds to your MySQL server version for the right syntax to use near \'\\"10562,10563\\")\' at line 1',
  ),
  3 => 
  array (
    'errno' => 1064,
  ),
)

2018-09-29 15:24:29





array (
  0 => 
  array (
    'message' => 'MySQL Query Error',
  ),
  1 => 
  array (
    'sql' => 'select is_designer from `ylt_tp`.`ylt_supplier` where supplier_id= ',
  ),
  2 => 
  array (
    'error' => 'You have an error in your SQL syntax; check the manual that corresponds to your MySQL server version for the right syntax to use near \'\' at line 1',
  ),
  3 => 
  array (
    'errno' => 1064,
  ),
)

2018-09-29 15:26:24





array (
  0 => 
  array (
    'message' => 'MySQL Query Error',
  ),
  1 => 
  array (
    'sql' => 'select is_designer from `ylt_tp`.`ylt_supplier` where supplier_id= ',
  ),
  2 => 
  array (
    'error' => 'You have an error in your SQL syntax; check the manual that corresponds to your MySQL server version for the right syntax to use near \'\' at line 1',
  ),
  3 => 
  array (
    'errno' => 1064,
  ),
)

2018-09-29 15:26:25





array (
  0 => 
  array (
    'message' => 'MySQL Query Error',
  ),
  1 => 
  array (
    'sql' => 'select is_designer from `ylt_tp`.`ylt_supplier` where supplier_id= ',
  ),
  2 => 
  array (
    'error' => 'You have an error in your SQL syntax; check the manual that corresponds to your MySQL server version for the right syntax to use near \'\' at line 1',
  ),
  3 => 
  array (
    'errno' => 1064,
  ),
)

2018-09-29 15:26:33





array (
  0 => 
  array (
    'message' => 'MySQL Query Error',
  ),
  1 => 
  array (
    'sql' => 'select is_designer from `ylt_tp`.`ylt_supplier` where supplier_id= ',
  ),
  2 => 
  array (
    'error' => 'You have an error in your SQL syntax; check the manual that corresponds to your MySQL server version for the right syntax to use near \'\' at line 1',
  ),
  3 => 
  array (
    'errno' => 1064,
  ),
)

2018-09-29 15:26:34





array (
  0 => 
  array (
    'message' => 'MySQL Query Error',
  ),
  1 => 
  array (
    'sql' => 'select is_designer from `ylt_tp`.`ylt_supplier` where supplier_id= ',
  ),
  2 => 
  array (
    'error' => 'You have an error in your SQL syntax; check the manual that corresponds to your MySQL server version for the right syntax to use near \'\' at line 1',
  ),
  3 => 
  array (
    'errno' => 1064,
  ),
)

2018-09-29 15:28:45





array (
  0 => 
  array (
    'message' => 'MySQL Query Error',
  ),
  1 => 
  array (
    'sql' => 'select is_designer from `ylt_tp`.`ylt_supplier` where supplier_id= ',
  ),
  2 => 
  array (
    'error' => 'You have an error in your SQL syntax; check the manual that corresponds to your MySQL server version for the right syntax to use near \'\' at line 1',
  ),
  3 => 
  array (
    'errno' => 1064,
  ),
)

2018-09-29 15:38:02





array (
  0 => 
  array (
    'message' => 'MySQL Query Error',
  ),
  1 => 
  array (
    'sql' => 'select is_designer from `ylt_tp`.`ylt_supplier` where supplier_id= ',
  ),
  2 => 
  array (
    'error' => 'You have an error in your SQL syntax; check the manual that corresponds to your MySQL server version for the right syntax to use near \'\' at line 1',
  ),
  3 => 
  array (
    'errno' => 1064,
  ),
)

2018-09-29 15:38:03





array (
  0 => 
  array (
    'message' => 'MySQL Query Error',
  ),
  1 => 
  array (
    'sql' => 'select is_designer from `ylt_tp`.`ylt_supplier` where supplier_id= ',
  ),
  2 => 
  array (
    'error' => 'You have an error in your SQL syntax; check the manual that corresponds to your MySQL server version for the right syntax to use near \'\' at line 1',
  ),
  3 => 
  array (
    'errno' => 1064,
  ),
)

2018-09-29 15:38:24





array (
  0 => 
  array (
    'message' => 'MySQL Query Error',
  ),
  1 => 
  array (
    'sql' => 'select is_designer from `ylt_tp`.`ylt_supplier` where supplier_id= ',
  ),
  2 => 
  array (
    'error' => 'You have an error in your SQL syntax; check the manual that corresponds to your MySQL server version for the right syntax to use near \'\' at line 1',
  ),
  3 => 
  array (
    'errno' => 1064,
  ),
)

2018-09-29 15:39:56





array (
  0 => 
  array (
    'message' => 'MySQL Query Error',
  ),
  1 => 
  array (
    'sql' => 'select is_designer from `ylt_tp`.`ylt_supplier` where supplier_id= ',
  ),
  2 => 
  array (
    'error' => 'You have an error in your SQL syntax; check the manual that corresponds to your MySQL server version for the right syntax to use near \'\' at line 1',
  ),
  3 => 
  array (
    'errno' => 1064,
  ),
)

2018-09-29 15:39:58





array (
  0 => 
  array (
    'message' => 'MySQL Query Error',
  ),
  1 => 
  array (
    'sql' => 'select is_designer from `ylt_tp`.`ylt_supplier` where supplier_id= ',
  ),
  2 => 
  array (
    'error' => 'You have an error in your SQL syntax; check the manual that corresponds to your MySQL server version for the right syntax to use near \'\' at line 1',
  ),
  3 => 
  array (
    'errno' => 1064,
  ),
)

2018-09-29 15:39:58





array (
  0 => 
  array (
    'message' => 'MySQL Query Error',
  ),
  1 => 
  array (
    'sql' => 'select is_designer from `ylt_tp`.`ylt_supplier` where supplier_id= ',
  ),
  2 => 
  array (
    'error' => 'You have an error in your SQL syntax; check the manual that corresponds to your MySQL server version for the right syntax to use near \'\' at line 1',
  ),
  3 => 
  array (
    'errno' => 1064,
  ),
)

2018-09-29 15:39:58





array (
  0 => 
  array (
    'message' => 'MySQL Query Error',
  ),
  1 => 
  array (
    'sql' => 'select is_designer from `ylt_tp`.`ylt_supplier` where supplier_id= ',
  ),
  2 => 
  array (
    'error' => 'You have an error in your SQL syntax; check the manual that corresponds to your MySQL server version for the right syntax to use near \'\' at line 1',
  ),
  3 => 
  array (
    'errno' => 1064,
  ),
)

2018-09-29 15:39:59





array (
  0 => 
  array (
    'message' => 'MySQL Query Error',
  ),
  1 => 
  array (
    'sql' => 'select is_designer from `ylt_tp`.`ylt_supplier` where supplier_id= ',
  ),
  2 => 
  array (
    'error' => 'You have an error in your SQL syntax; check the manual that corresponds to your MySQL server version for the right syntax to use near \'\' at line 1',
  ),
  3 => 
  array (
    'errno' => 1064,
  ),
)

2018-09-29 15:39:59





array (
  0 => 
  array (
    'message' => 'MySQL Query Error',
  ),
  1 => 
  array (
    'sql' => 'select is_designer from `ylt_tp`.`ylt_supplier` where supplier_id= ',
  ),
  2 => 
  array (
    'error' => 'You have an error in your SQL syntax; check the manual that corresponds to your MySQL server version for the right syntax to use near \'\' at line 1',
  ),
  3 => 
  array (
    'errno' => 1064,
  ),
)

2018-09-29 15:39:59





array (
  0 => 
  array (
    'message' => 'MySQL Query Error',
  ),
  1 => 
  array (
    'sql' => 'select is_designer from `ylt_tp`.`ylt_supplier` where supplier_id= ',
  ),
  2 => 
  array (
    'error' => 'You have an error in your SQL syntax; check the manual that corresponds to your MySQL server version for the right syntax to use near \'\' at line 1',
  ),
  3 => 
  array (
    'errno' => 1064,
  ),
)

2018-09-29 15:39:59





array (
  0 => 
  array (
    'message' => 'MySQL Query Error',
  ),
  1 => 
  array (
    'sql' => 'select is_designer from `ylt_tp`.`ylt_supplier` where supplier_id= ',
  ),
  2 => 
  array (
    'error' => 'You have an error in your SQL syntax; check the manual that corresponds to your MySQL server version for the right syntax to use near \'\' at line 1',
  ),
  3 => 
  array (
    'errno' => 1064,
  ),
)

2018-09-29 15:39:59





array (
  0 => 
  array (
    'message' => 'MySQL Query Error',
  ),
  1 => 
  array (
    'sql' => 'select is_designer from `ylt_tp`.`ylt_supplier` where supplier_id= ',
  ),
  2 => 
  array (
    'error' => 'You have an error in your SQL syntax; check the manual that corresponds to your MySQL server version for the right syntax to use near \'\' at line 1',
  ),
  3 => 
  array (
    'errno' => 1064,
  ),
)

2018-09-29 15:40:00





array (
  0 => 
  array (
    'message' => 'MySQL Query Error',
  ),
  1 => 
  array (
    'sql' => 'select is_designer from `ylt_tp`.`ylt_supplier` where supplier_id= ',
  ),
  2 => 
  array (
    'error' => 'You have an error in your SQL syntax; check the manual that corresponds to your MySQL server version for the right syntax to use near \'\' at line 1',
  ),
  3 => 
  array (
    'errno' => 1064,
  ),
)

2018-09-29 15:40:00





array (
  0 => 
  array (
    'message' => 'MySQL Query Error',
  ),
  1 => 
  array (
    'sql' => 'select is_designer from `ylt_tp`.`ylt_supplier` where supplier_id= ',
  ),
  2 => 
  array (
    'error' => 'You have an error in your SQL syntax; check the manual that corresponds to your MySQL server version for the right syntax to use near \'\' at line 1',
  ),
  3 => 
  array (
    'errno' => 1064,
  ),
)

2018-09-29 15:40:15





array (
  0 => 
  array (
    'message' => 'MySQL Query Error',
  ),
  1 => 
  array (
    'sql' => 'select is_designer from `ylt_tp`.`ylt_supplier` where supplier_id= ',
  ),
  2 => 
  array (
    'error' => 'You have an error in your SQL syntax; check the manual that corresponds to your MySQL server version for the right syntax to use near \'\' at line 1',
  ),
  3 => 
  array (
    'errno' => 1064,
  ),
)

2018-09-29 15:40:16





array (
  0 => 
  array (
    'message' => 'MySQL Query Error',
  ),
  1 => 
  array (
    'sql' => 'select is_designer from `ylt_tp`.`ylt_supplier` where supplier_id= ',
  ),
  2 => 
  array (
    'error' => 'You have an error in your SQL syntax; check the manual that corresponds to your MySQL server version for the right syntax to use near \'\' at line 1',
  ),
  3 => 
  array (
    'errno' => 1064,
  ),
)

2018-09-29 15:40:17





array (
  0 => 
  array (
    'message' => 'MySQL Query Error',
  ),
  1 => 
  array (
    'sql' => 'select is_designer from `ylt_tp`.`ylt_supplier` where supplier_id= ',
  ),
  2 => 
  array (
    'error' => 'You have an error in your SQL syntax; check the manual that corresponds to your MySQL server version for the right syntax to use near \'\' at line 1',
  ),
  3 => 
  array (
    'errno' => 1064,
  ),
)

2018-09-29 15:40:17





array (
  0 => 
  array (
    'message' => 'MySQL Query Error',
  ),
  1 => 
  array (
    'sql' => 'select is_designer from `ylt_tp`.`ylt_supplier` where supplier_id= ',
  ),
  2 => 
  array (
    'error' => 'You have an error in your SQL syntax; check the manual that corresponds to your MySQL server version for the right syntax to use near \'\' at line 1',
  ),
  3 => 
  array (
    'errno' => 1064,
  ),
)

2018-09-29 15:40:17





array (
  0 => 
  array (
    'message' => 'MySQL Query Error',
  ),
  1 => 
  array (
    'sql' => 'select is_designer from `ylt_tp`.`ylt_supplier` where supplier_id= ',
  ),
  2 => 
  array (
    'error' => 'You have an error in your SQL syntax; check the manual that corresponds to your MySQL server version for the right syntax to use near \'\' at line 1',
  ),
  3 => 
  array (
    'errno' => 1064,
  ),
)

2018-09-29 15:40:17





array (
  0 => 
  array (
    'message' => 'MySQL Query Error',
  ),
  1 => 
  array (
    'sql' => 'select is_designer from `ylt_tp`.`ylt_supplier` where supplier_id= ',
  ),
  2 => 
  array (
    'error' => 'You have an error in your SQL syntax; check the manual that corresponds to your MySQL server version for the right syntax to use near \'\' at line 1',
  ),
  3 => 
  array (
    'errno' => 1064,
  ),
)

2018-09-29 15:40:17





array (
  0 => 
  array (
    'message' => 'MySQL Query Error',
  ),
  1 => 
  array (
    'sql' => 'select is_designer from `ylt_tp`.`ylt_supplier` where supplier_id= ',
  ),
  2 => 
  array (
    'error' => 'You have an error in your SQL syntax; check the manual that corresponds to your MySQL server version for the right syntax to use near \'\' at line 1',
  ),
  3 => 
  array (
    'errno' => 1064,
  ),
)

