2019-07-29 15:03:35





array (
  0 => 
  array (
    'message' => 'MySQL Query Error',
  ),
  1 => 
  array (
    'sql' => 'select name from `ylt_tp`.`ylt_region` where id=广东省',
  ),
  2 => 
  array (
    'error' => 'You have an error in your SQL syntax; check the manual that corresponds to your MySQL server version for the right syntax to use near \'\\xE5\\xB9\\xBF\\xE4\\xB8\\x9C\\xE7\\x9C\\x81\' at line 1',
  ),
  3 => 
  array (
    'errno' => 1064,
  ),
)

2019-07-29 15:04:08





array (
  0 => 
  array (
    'message' => 'MySQL Query Error',
  ),
  1 => 
  array (
    'sql' => 'select name from `ylt_tp`.`ylt_region` where id=广东省',
  ),
  2 => 
  array (
    'error' => 'You have an error in your SQL syntax; check the manual that corresponds to your MySQL server version for the right syntax to use near \'\\xE5\\xB9\\xBF\\xE4\\xB8\\x9C\\xE7\\x9C\\x81\' at line 1',
  ),
  3 => 
  array (
    'errno' => 1064,
  ),
)

2019-07-29 15:04:16





array (
  0 => 
  array (
    'message' => 'MySQL Query Error',
  ),
  1 => 
  array (
    'sql' => 'select name from `ylt_tp`.`ylt_region` where id=广东省',
  ),
  2 => 
  array (
    'error' => 'You have an error in your SQL syntax; check the manual that corresponds to your MySQL server version for the right syntax to use near \'\\xE5\\xB9\\xBF\\xE4\\xB8\\x9C\\xE7\\x9C\\x81\' at line 1',
  ),
  3 => 
  array (
    'errno' => 1064,
  ),
)

