2017-09-26 09:14:18





array (
  0 => 
  array (
    'message' => 'MySQL Query Error',
  ),
  1 => 
  array (
    'sql' => 'select parent_user_id,parent_user_name,comment_id,user_id,user_name,head_pic,collect_count,add_time as time,content from `ylt_tp`.`ylt_works_comment` where works_id = UltRX0hbX1dWT1EUVFtOVl1XEklWWFNdSlpRUlg and parent_id = 27 order by add_time desc  LIMIT 700,10',
  ),
  2 => 
  array (
    'error' => 'Unknown column \'UltRX0hbX1dWT1EUVFtOVl1XEklWWFNdSlpRUlg\' in \'where clause\'',
  ),
  3 => 
  array (
    'errno' => 1054,
  ),
)

2017-09-26 09:32:13





array (
  0 => 
  array (
    'message' => 'MySQL Query Error',
  ),
  1 => 
  array (
    'sql' => 'select parent_user_id,parent_user_name,comment_id,user_id,user_name,head_pic,collect_count,add_time as time,content from `ylt_tp`.`ylt_works_comment` where works_id = UltRX0hbX1dWT1EUVFtOVl1XEklWWFNdSlpRUlg and parent_id = 27 order by add_time desc  LIMIT 700,10',
  ),
  2 => 
  array (
    'error' => 'Unknown column \'UltRX0hbX1dWT1EUVFtOVl1XEklWWFNdSlpRUlg\' in \'where clause\'',
  ),
  3 => 
  array (
    'errno' => 1054,
  ),
)

2017-09-26 09:56:05





array (
  0 => 
  array (
    'message' => 'MySQL Query Error',
  ),
  1 => 
  array (
    'sql' => 'select parent_user_id,parent_user_name,comment_id,user_id,user_name,head_pic,collect_count,add_time as time,content from `ylt_tp`.`ylt_works_comment` where works_id = UltRX0hbX1dWT1EUVFtOVl1XEklWWFNdSlpRUlg and parent_id = 27 order by add_time desc  LIMIT 450,10',
  ),
  2 => 
  array (
    'error' => 'Unknown column \'UltRX0hbX1dWT1EUVFtOVl1XEklWWFNdSlpRUlg\' in \'where clause\'',
  ),
  3 => 
  array (
    'errno' => 1054,
  ),
)

2017-09-26 10:11:55





array (
  0 => 
  array (
    'message' => 'MySQL Query Error',
  ),
  1 => 
  array (
    'sql' => 'select parent_user_id,parent_user_name,comment_id,user_id,user_name,head_pic,collect_count,add_time as time,content from `ylt_tp`.`ylt_works_comment` where works_id = UltRX0hbX1dWT1EUVFtOVl1XEklWWFNdSlpRUlg and parent_id = 27 order by add_time desc  LIMIT 700,10',
  ),
  2 => 
  array (
    'error' => 'Unknown column \'UltRX0hbX1dWT1EUVFtOVl1XEklWWFNdSlpRUlg\' in \'where clause\'',
  ),
  3 => 
  array (
    'errno' => 1054,
  ),
)

2017-09-26 10:26:18





array (
  0 => 
  array (
    'message' => 'MySQL Query Error',
  ),
  1 => 
  array (
    'sql' => 'select parent_user_id,parent_user_name,comment_id,user_id,user_name,head_pic,collect_count,add_time as time,content from `ylt_tp`.`ylt_works_comment` where works_id = UltRX0hbX1dWT1EUVFtOVl1XEklWWFNdSlpRUlg and parent_id = 26 order by add_time desc  LIMIT 580,10',
  ),
  2 => 
  array (
    'error' => 'Unknown column \'UltRX0hbX1dWT1EUVFtOVl1XEklWWFNdSlpRUlg\' in \'where clause\'',
  ),
  3 => 
  array (
    'errno' => 1054,
  ),
)

2017-09-26 10:36:04





array (
  0 => 
  array (
    'message' => 'MySQL Query Error',
  ),
  1 => 
  array (
    'sql' => 'select parent_user_id,parent_user_name,comment_id,user_id,user_name,head_pic,collect_count,add_time as time,content from `ylt_tp`.`ylt_works_comment` where works_id = UltRX0hbX1dWT1EUVFtOVl1XEklWWFNdSlpRUlg and parent_id = 27 order by add_time desc  LIMIT 880,10',
  ),
  2 => 
  array (
    'error' => 'Unknown column \'UltRX0hbX1dWT1EUVFtOVl1XEklWWFNdSlpRUlg\' in \'where clause\'',
  ),
  3 => 
  array (
    'errno' => 1054,
  ),
)

2017-09-26 10:36:12





array (
  0 => 
  array (
    'message' => 'MySQL Query Error',
  ),
  1 => 
  array (
    'sql' => 'select parent_user_id,parent_user_name,comment_id,user_id,user_name,head_pic,collect_count,add_time as time,content from `ylt_tp`.`ylt_works_comment` where works_id = UltRX0hbX1dWT1EUVFtOVl1XEklWWFNdSlpRUlg and parent_id = 27 order by add_time desc  LIMIT 700,10',
  ),
  2 => 
  array (
    'error' => 'Unknown column \'UltRX0hbX1dWT1EUVFtOVl1XEklWWFNdSlpRUlg\' in \'where clause\'',
  ),
  3 => 
  array (
    'errno' => 1054,
  ),
)

2017-09-26 10:36:27





array (
  0 => 
  array (
    'message' => 'MySQL Query Error',
  ),
  1 => 
  array (
    'sql' => 'select parent_user_id,parent_user_name,comment_id,user_id,user_name,head_pic,collect_count,add_time as time,content from `ylt_tp`.`ylt_works_comment` where works_id = UltRX0hbX1dWT1EUVFtOVl1XEklWWFNdSlpRUlg and parent_id = 27 order by add_time desc  LIMIT 870,10',
  ),
  2 => 
  array (
    'error' => 'Unknown column \'UltRX0hbX1dWT1EUVFtOVl1XEklWWFNdSlpRUlg\' in \'where clause\'',
  ),
  3 => 
  array (
    'errno' => 1054,
  ),
)

2017-09-26 10:37:09





array (
  0 => 
  array (
    'message' => 'MySQL Query Error',
  ),
  1 => 
  array (
    'sql' => 'select parent_user_id,parent_user_name,comment_id,user_id,user_name,head_pic,collect_count,add_time as time,content from `ylt_tp`.`ylt_works_comment` where works_id = UltRX0hbX1dWT1EUVFtOVl1XEklWWFNdSlpRUlg and parent_id = 27 order by add_time desc  LIMIT 880,10',
  ),
  2 => 
  array (
    'error' => 'Unknown column \'UltRX0hbX1dWT1EUVFtOVl1XEklWWFNdSlpRUlg\' in \'where clause\'',
  ),
  3 => 
  array (
    'errno' => 1054,
  ),
)

2017-09-26 10:37:13





array (
  0 => 
  array (
    'message' => 'MySQL Query Error',
  ),
  1 => 
  array (
    'sql' => 'select parent_user_id,parent_user_name,comment_id,user_id,user_name,head_pic,collect_count,add_time as time,content from `ylt_tp`.`ylt_works_comment` where works_id = UltRX0hbX1dWT1EUVFtOVl1XEklWWFNdSlpRUlg and parent_id = 27 order by add_time desc  LIMIT 870,10',
  ),
  2 => 
  array (
    'error' => 'Unknown column \'UltRX0hbX1dWT1EUVFtOVl1XEklWWFNdSlpRUlg\' in \'where clause\'',
  ),
  3 => 
  array (
    'errno' => 1054,
  ),
)

2017-09-26 10:40:36





array (
  0 => 
  array (
    'message' => 'MySQL Query Error',
  ),
  1 => 
  array (
    'sql' => 'select parent_user_id,parent_user_name,comment_id,user_id,user_name,head_pic,collect_count,add_time as time,content from `ylt_tp`.`ylt_works_comment` where works_id = UltRX0hbX1dWT1EUVFtOVl1XEklWWFNdSlpRUlg and parent_id = 27 order by add_time desc  LIMIT 880,10',
  ),
  2 => 
  array (
    'error' => 'Unknown column \'UltRX0hbX1dWT1EUVFtOVl1XEklWWFNdSlpRUlg\' in \'where clause\'',
  ),
  3 => 
  array (
    'errno' => 1054,
  ),
)

2017-09-26 10:40:41





array (
  0 => 
  array (
    'message' => 'MySQL Query Error',
  ),
  1 => 
  array (
    'sql' => 'select parent_user_id,parent_user_name,comment_id,user_id,user_name,head_pic,collect_count,add_time as time,content from `ylt_tp`.`ylt_works_comment` where works_id = UltRX0hbX1dWT1EUVFtOVl1XEklWWFNdSlpRUlg and parent_id = 27 order by add_time desc  LIMIT 870,10',
  ),
  2 => 
  array (
    'error' => 'Unknown column \'UltRX0hbX1dWT1EUVFtOVl1XEklWWFNdSlpRUlg\' in \'where clause\'',
  ),
  3 => 
  array (
    'errno' => 1054,
  ),
)

2017-09-26 10:44:13





array (
  0 => 
  array (
    'message' => 'MySQL Query Error',
  ),
  1 => 
  array (
    'sql' => 'select parent_user_id,parent_user_name,comment_id,user_id,user_name,head_pic,collect_count,add_time as time,content from `ylt_tp`.`ylt_works_comment` where works_id = UltRX0hbX1dWT1EUVFtOVl1XEklWWFNdSlpRUlg and parent_id = 27 order by add_time desc  LIMIT 870,10',
  ),
  2 => 
  array (
    'error' => 'Unknown column \'UltRX0hbX1dWT1EUVFtOVl1XEklWWFNdSlpRUlg\' in \'where clause\'',
  ),
  3 => 
  array (
    'errno' => 1054,
  ),
)

2017-09-26 10:54:40





array (
  0 => 
  array (
    'message' => 'MySQL Query Error',
  ),
  1 => 
  array (
    'sql' => 'select parent_user_id,parent_user_name,comment_id,user_id,user_name,head_pic,collect_count,add_time as time,content from `ylt_tp`.`ylt_works_comment` where works_id = UltRX0hbX1dWT1EUVFtOVl1XEklWWFNdSlpRUlg and parent_id = 27 order by add_time desc  LIMIT 870,10',
  ),
  2 => 
  array (
    'error' => 'Unknown column \'UltRX0hbX1dWT1EUVFtOVl1XEklWWFNdSlpRUlg\' in \'where clause\'',
  ),
  3 => 
  array (
    'errno' => 1054,
  ),
)

2017-09-26 10:55:31





array (
  0 => 
  array (
    'message' => 'MySQL Query Error',
  ),
  1 => 
  array (
    'sql' => 'select parent_user_id,parent_user_name,comment_id,user_id,user_name,head_pic,collect_count,add_time as time,content from `ylt_tp`.`ylt_works_comment` where works_id = UltRX0hbX1dWT1EUVFtOVl1XEklWWFNdSlpRUlg and parent_id = 26 order by add_time desc  LIMIT 580,10',
  ),
  2 => 
  array (
    'error' => 'Unknown column \'UltRX0hbX1dWT1EUVFtOVl1XEklWWFNdSlpRUlg\' in \'where clause\'',
  ),
  3 => 
  array (
    'errno' => 1054,
  ),
)

2017-09-26 10:56:16





array (
  0 => 
  array (
    'message' => 'MySQL Query Error',
  ),
  1 => 
  array (
    'sql' => 'select parent_user_id,parent_user_name,comment_id,user_id,user_name,head_pic,collect_count,add_time as time,content from `ylt_tp`.`ylt_works_comment` where works_id = UltRX0hbX1dWT1EUVFtOVl1XEklWWFNdSlpRUlg and parent_id = 26 order by add_time desc  LIMIT 720,10',
  ),
  2 => 
  array (
    'error' => 'Unknown column \'UltRX0hbX1dWT1EUVFtOVl1XEklWWFNdSlpRUlg\' in \'where clause\'',
  ),
  3 => 
  array (
    'errno' => 1054,
  ),
)

2017-09-26 10:57:45





array (
  0 => 
  array (
    'message' => 'MySQL Query Error',
  ),
  1 => 
  array (
    'sql' => 'select parent_user_id,parent_user_name,comment_id,user_id,user_name,head_pic,collect_count,add_time as time,content from `ylt_tp`.`ylt_works_comment` where works_id = UltRX0hbX1dWT1EUVFtOVl1XEklWWFNdSlpRUlg and parent_id = 27 order by add_time desc  LIMIT 870,10',
  ),
  2 => 
  array (
    'error' => 'Unknown column \'UltRX0hbX1dWT1EUVFtOVl1XEklWWFNdSlpRUlg\' in \'where clause\'',
  ),
  3 => 
  array (
    'errno' => 1054,
  ),
)

2017-09-26 10:58:03





array (
  0 => 
  array (
    'message' => 'MySQL Query Error',
  ),
  1 => 
  array (
    'sql' => 'select parent_user_id,parent_user_name,comment_id,user_id,user_name,head_pic,collect_count,add_time as time,content from `ylt_tp`.`ylt_works_comment` where works_id = UltRX0hbX1dWT1EUVFtOVl1XEklWWFNdSlpRUlg and parent_id = 26 order by add_time desc  LIMIT 580,10',
  ),
  2 => 
  array (
    'error' => 'Unknown column \'UltRX0hbX1dWT1EUVFtOVl1XEklWWFNdSlpRUlg\' in \'where clause\'',
  ),
  3 => 
  array (
    'errno' => 1054,
  ),
)

2017-09-26 11:29:29





array (
  0 => 
  array (
    'message' => 'MySQL Query Error',
  ),
  1 => 
  array (
    'sql' => 'select parent_user_id,parent_user_name,comment_id,user_id,user_name,head_pic,collect_count,add_time as time,content from `ylt_tp`.`ylt_works_comment` where works_id = UltRX0hbX1dWT1EUVFtOVl1XEklWWFNdSlpRUlg and parent_id = 26 order by add_time desc  LIMIT 580,10',
  ),
  2 => 
  array (
    'error' => 'Unknown column \'UltRX0hbX1dWT1EUVFtOVl1XEklWWFNdSlpRUlg\' in \'where clause\'',
  ),
  3 => 
  array (
    'errno' => 1054,
  ),
)

2017-09-26 11:33:36





array (
  0 => 
  array (
    'message' => 'MySQL Query Error',
  ),
  1 => 
  array (
    'sql' => 'select parent_user_id,parent_user_name,comment_id,user_id,user_name,head_pic,collect_count,add_time as time,content from `ylt_tp`.`ylt_works_comment` where works_id = UltRX0hbX1dWT1EUVFtOVl1XEklWWFNdSlpRUlg and parent_id = 27 order by add_time desc  LIMIT 870,10',
  ),
  2 => 
  array (
    'error' => 'Unknown column \'UltRX0hbX1dWT1EUVFtOVl1XEklWWFNdSlpRUlg\' in \'where clause\'',
  ),
  3 => 
  array (
    'errno' => 1054,
  ),
)

2017-09-26 11:39:49





array (
  0 => 
  array (
    'message' => 'MySQL Query Error',
  ),
  1 => 
  array (
    'sql' => 'select parent_user_id,parent_user_name,comment_id,user_id,user_name,head_pic,collect_count,add_time as time,content from `ylt_tp`.`ylt_works_comment` where works_id = UltRX0hbX1dWT1EUVFtOVl1XEklWWFNdSlpRUlg and parent_id = 26 order by add_time desc  LIMIT 720,10',
  ),
  2 => 
  array (
    'error' => 'Unknown column \'UltRX0hbX1dWT1EUVFtOVl1XEklWWFNdSlpRUlg\' in \'where clause\'',
  ),
  3 => 
  array (
    'errno' => 1054,
  ),
)

2017-09-26 11:40:20





array (
  0 => 
  array (
    'message' => 'MySQL Query Error',
  ),
  1 => 
  array (
    'sql' => 'select parent_user_id,parent_user_name,comment_id,user_id,user_name,head_pic,collect_count,add_time as time,content from `ylt_tp`.`ylt_works_comment` where works_id = UltRX0hbX1dWT1EUVFtOVl1XEklWWFNdSlpRUlg and parent_id = 26 order by add_time desc  LIMIT 720,10',
  ),
  2 => 
  array (
    'error' => 'Unknown column \'UltRX0hbX1dWT1EUVFtOVl1XEklWWFNdSlpRUlg\' in \'where clause\'',
  ),
  3 => 
  array (
    'errno' => 1054,
  ),
)

2017-09-26 11:43:09





array (
  0 => 
  array (
    'message' => 'MySQL Query Error',
  ),
  1 => 
  array (
    'sql' => 'select parent_user_id,parent_user_name,comment_id,user_id,user_name,head_pic,collect_count,add_time as time,content from `ylt_tp`.`ylt_works_comment` where works_id = UltRX0hbX1dWT1EUVFtOVl1XEklWWFNdSlpRUlg and parent_id = 26 order by add_time desc  LIMIT 720,10',
  ),
  2 => 
  array (
    'error' => 'Unknown column \'UltRX0hbX1dWT1EUVFtOVl1XEklWWFNdSlpRUlg\' in \'where clause\'',
  ),
  3 => 
  array (
    'errno' => 1054,
  ),
)

2017-09-26 11:43:40





array (
  0 => 
  array (
    'message' => 'MySQL Query Error',
  ),
  1 => 
  array (
    'sql' => 'select parent_user_id,parent_user_name,comment_id,user_id,user_name,head_pic,collect_count,add_time as time,content from `ylt_tp`.`ylt_works_comment` where works_id = UltRX0hbX1dWT1EUVFtOVl1XEklWWFNdSlpRUlg and parent_id = 26 order by add_time desc  LIMIT 720,10',
  ),
  2 => 
  array (
    'error' => 'Unknown column \'UltRX0hbX1dWT1EUVFtOVl1XEklWWFNdSlpRUlg\' in \'where clause\'',
  ),
  3 => 
  array (
    'errno' => 1054,
  ),
)

2017-09-26 11:45:31





array (
  0 => 
  array (
    'message' => 'MySQL Query Error',
  ),
  1 => 
  array (
    'sql' => 'select parent_user_id,parent_user_name,comment_id,user_id,user_name,head_pic,collect_count,add_time as time,content from `ylt_tp`.`ylt_works_comment` where works_id = UltRX0hbX1dWT1EUVFtOVl1XEklWWFNdSlpRUlg and parent_id = 27 order by add_time desc  LIMIT 880,10',
  ),
  2 => 
  array (
    'error' => 'Unknown column \'UltRX0hbX1dWT1EUVFtOVl1XEklWWFNdSlpRUlg\' in \'where clause\'',
  ),
  3 => 
  array (
    'errno' => 1054,
  ),
)

2017-09-26 11:45:56





array (
  0 => 
  array (
    'message' => 'MySQL Query Error',
  ),
  1 => 
  array (
    'sql' => 'select parent_user_id,parent_user_name,comment_id,user_id,user_name,head_pic,collect_count,add_time as time,content from `ylt_tp`.`ylt_works_comment` where works_id = UltRX0hbX1dWT1EUVFtOVl1XEklWWFNdSlpRUlg and parent_id = 27 order by add_time desc  LIMIT 880,10',
  ),
  2 => 
  array (
    'error' => 'Unknown column \'UltRX0hbX1dWT1EUVFtOVl1XEklWWFNdSlpRUlg\' in \'where clause\'',
  ),
  3 => 
  array (
    'errno' => 1054,
  ),
)

2017-09-26 11:52:58





array (
  0 => 
  array (
    'message' => 'MySQL Query Error',
  ),
  1 => 
  array (
    'sql' => 'select parent_user_id,parent_user_name,comment_id,user_id,user_name,head_pic,collect_count,add_time as time,content from `ylt_tp`.`ylt_works_comment` where works_id = UltRX0hbX1dWT1EUVFtOVl1XEklWWFNdSlpRUlg and parent_id = 27 order by add_time desc  LIMIT 1000,10',
  ),
  2 => 
  array (
    'error' => 'Unknown column \'UltRX0hbX1dWT1EUVFtOVl1XEklWWFNdSlpRUlg\' in \'where clause\'',
  ),
  3 => 
  array (
    'errno' => 1054,
  ),
)

2017-09-26 12:06:10





array (
  0 => 
  array (
    'message' => 'MySQL Query Error',
  ),
  1 => 
  array (
    'sql' => 'select parent_user_id,parent_user_name,comment_id,user_id,user_name,head_pic,collect_count,add_time as time,content from `ylt_tp`.`ylt_works_comment` where works_id = UltRX0hbX1dWT1EUVFtOVl1XEklWWFNdSlpRUlg and parent_id = 27 order by add_time desc  LIMIT 1000,10',
  ),
  2 => 
  array (
    'error' => 'Unknown column \'UltRX0hbX1dWT1EUVFtOVl1XEklWWFNdSlpRUlg\' in \'where clause\'',
  ),
  3 => 
  array (
    'errno' => 1054,
  ),
)

2017-09-26 12:06:48





array (
  0 => 
  array (
    'message' => 'MySQL Query Error',
  ),
  1 => 
  array (
    'sql' => 'select parent_user_id,parent_user_name,comment_id,user_id,user_name,head_pic,collect_count,add_time as time,content from `ylt_tp`.`ylt_works_comment` where works_id = UltRX0hbX1dWT1EUVFtOVl1XEklWWFNdSlpRUlg and parent_id = 27 order by add_time desc  LIMIT 1000,10',
  ),
  2 => 
  array (
    'error' => 'Unknown column \'UltRX0hbX1dWT1EUVFtOVl1XEklWWFNdSlpRUlg\' in \'where clause\'',
  ),
  3 => 
  array (
    'errno' => 1054,
  ),
)

2017-09-26 13:42:12





array (
  0 => 
  array (
    'message' => 'MySQL Query Error',
  ),
  1 => 
  array (
    'sql' => 'select parent_user_id,parent_user_name,comment_id,user_id,user_name,head_pic,collect_count,add_time as time,content from `ylt_tp`.`ylt_works_comment` where works_id = UltRX0hbX1dWT1EUVFtOVl1XEklWWFNdSlpRUlg and parent_id = 27 order by add_time desc  LIMIT 1000,10',
  ),
  2 => 
  array (
    'error' => 'Unknown column \'UltRX0hbX1dWT1EUVFtOVl1XEklWWFNdSlpRUlg\' in \'where clause\'',
  ),
  3 => 
  array (
    'errno' => 1054,
  ),
)

2017-09-26 13:46:58





array (
  0 => 
  array (
    'message' => 'MySQL Query Error',
  ),
  1 => 
  array (
    'sql' => 'select parent_user_id,parent_user_name,comment_id,user_id,user_name,head_pic,collect_count,add_time as time,content from `ylt_tp`.`ylt_works_comment` where works_id = UltRX0hbX1dWT1EUVFtOVl1XEklWWFNdSlpRUlg and parent_id = 26 order by add_time desc  LIMIT 720,10',
  ),
  2 => 
  array (
    'error' => 'Unknown column \'UltRX0hbX1dWT1EUVFtOVl1XEklWWFNdSlpRUlg\' in \'where clause\'',
  ),
  3 => 
  array (
    'errno' => 1054,
  ),
)

2017-09-26 15:39:48





array (
  0 => 
  array (
    'message' => 'MySQL Query Error',
  ),
  1 => 
  array (
    'sql' => 'update INTO `ylt_tp`.`ylt_works` set collect_count = collect_count + 1 where works_id = 24',
  ),
  2 => 
  array (
    'error' => 'You have an error in your SQL syntax; check the manual that corresponds to your MySQL server version for the right syntax to use near \'INTO `ylt_tp`.`ylt_works` set collect_count = collect_count + 1 where works_id =\' at line 1',
  ),
  3 => 
  array (
    'errno' => 1064,
  ),
)

2017-09-26 16:07:03





array (
  0 => 
  array (
    'message' => 'MySQL Query Error',
  ),
  1 => 
  array (
    'sql' => 'select * from `ylt_tp`.`ylt_Plugin` where code=\'weixin\' AND type = \'payment\' ',
  ),
  2 => 
  array (
    'error' => 'Table \'ylt_tp.ylt_Plugin\' doesn\'t exist',
  ),
  3 => 
  array (
    'errno' => 1146,
  ),
)

2017-09-26 16:21:41





array (
  0 => 
  array (
    'message' => 'MySQL Query Error',
  ),
  1 => 
  array (
    'sql' => 'select * from `ylt_tp`.`ylt_Plugin` where code=\'weixin\' AND type = \'payment\' ',
  ),
  2 => 
  array (
    'error' => 'Table \'ylt_tp.ylt_Plugin\' doesn\'t exist',
  ),
  3 => 
  array (
    'errno' => 1146,
  ),
)

2017-09-26 16:21:42





array (
  0 => 
  array (
    'message' => 'MySQL Query Error',
  ),
  1 => 
  array (
    'sql' => 'select * from `ylt_tp`.`ylt_Plugin` where code=\'weixin\' AND type = \'payment\' ',
  ),
  2 => 
  array (
    'error' => 'Table \'ylt_tp.ylt_Plugin\' doesn\'t exist',
  ),
  3 => 
  array (
    'errno' => 1146,
  ),
)

2017-09-26 16:21:53





array (
  0 => 
  array (
    'message' => 'MySQL Query Error',
  ),
  1 => 
  array (
    'sql' => 'select * from `ylt_tp`.`ylt_Plugin` where code=\'weixin\' AND type = \'payment\' ',
  ),
  2 => 
  array (
    'error' => 'Table \'ylt_tp.ylt_Plugin\' doesn\'t exist',
  ),
  3 => 
  array (
    'errno' => 1146,
  ),
)

2017-09-26 16:22:05





array (
  0 => 
  array (
    'message' => 'MySQL Query Error',
  ),
  1 => 
  array (
    'sql' => 'select * from `ylt_tp`.`ylt_Plugin` where code=\'weixin\' AND type = \'payment\' ',
  ),
  2 => 
  array (
    'error' => 'Table \'ylt_tp.ylt_Plugin\' doesn\'t exist',
  ),
  3 => 
  array (
    'errno' => 1146,
  ),
)

2017-09-26 17:45:29





array (
  0 => 
  array (
    'message' => 'MySQL Query Error',
  ),
  1 => 
  array (
    'sql' => 'select order_sn,order_amount from `ylt_tp`.`ylt_back_order` where order_id = ',
  ),
  2 => 
  array (
    'error' => 'You have an error in your SQL syntax; check the manual that corresponds to your MySQL server version for the right syntax to use near \'\' at line 1',
  ),
  3 => 
  array (
    'errno' => 1064,
  ),
)

2017-09-26 17:45:54





array (
  0 => 
  array (
    'message' => 'MySQL Query Error',
  ),
  1 => 
  array (
    'sql' => 'select order_sn,order_amount from `ylt_tp`.`ylt_back_order` where order_id = 5435',
  ),
  2 => 
  array (
    'error' => 'Unknown column \'order_amount\' in \'field list\'',
  ),
  3 => 
  array (
    'errno' => 1054,
  ),
)

2017-09-26 17:48:30





array (
  0 => 
  array (
    'message' => 'MySQL Query Error',
  ),
  1 => 
  array (
    'sql' => 'select order_sn,order_amount from `ylt_tp`.`ylt_back_order` where order_id = 5435',
  ),
  2 => 
  array (
    'error' => 'Unknown column \'order_amount\' in \'field list\'',
  ),
  3 => 
  array (
    'errno' => 1054,
  ),
)

2017-09-26 17:48:39





array (
  0 => 
  array (
    'message' => 'MySQL Query Error',
  ),
  1 => 
  array (
    'sql' => 'select order_sn,order_amount from `ylt_tp`.`ylt_back_order` where order_id = 5435',
  ),
  2 => 
  array (
    'error' => 'Unknown column \'order_amount\' in \'field list\'',
  ),
  3 => 
  array (
    'errno' => 1054,
  ),
)

2017-09-26 20:18:03





array (
  0 => 
  array (
    'message' => 'MySQL Query Error',
  ),
  1 => 
  array (
    'sql' => 'select parent_user_id,parent_user_name,comment_id,user_id,user_name,head_pic,collect_count,add_time as time,content from `ylt_tp`.`ylt_works_comment` where works_id = UltRX0hbX1dWT1EUVFtOVl1XEklWWFNdSlpRUlg and parent_id = 27 order by add_time desc  LIMIT 1300,10',
  ),
  2 => 
  array (
    'error' => 'Unknown column \'UltRX0hbX1dWT1EUVFtOVl1XEklWWFNdSlpRUlg\' in \'where clause\'',
  ),
  3 => 
  array (
    'errno' => 1054,
  ),
)

2017-09-26 20:19:31





array (
  0 => 
  array (
    'message' => 'MySQL Query Error',
  ),
  1 => 
  array (
    'sql' => 'select parent_user_id,parent_user_name,comment_id,user_id,user_name,head_pic,collect_count,add_time as time,content from `ylt_tp`.`ylt_works_comment` where works_id = UltRX0hbX1dWT1EUVFtOVl1XEklWWFNdSlpRUlg and parent_id = 27 order by add_time desc  LIMIT 1300,10',
  ),
  2 => 
  array (
    'error' => 'Unknown column \'UltRX0hbX1dWT1EUVFtOVl1XEklWWFNdSlpRUlg\' in \'where clause\'',
  ),
  3 => 
  array (
    'errno' => 1054,
  ),
)

2017-09-26 20:20:28





array (
  0 => 
  array (
    'message' => 'MySQL Query Error',
  ),
  1 => 
  array (
    'sql' => 'select parent_user_id,parent_user_name,comment_id,user_id,user_name,head_pic,collect_count,add_time as time,content from `ylt_tp`.`ylt_works_comment` where works_id = UltRX0hbX1dWT1EUVFtOVl1XEklWWFNdSlpRUlg and parent_id = 26 order by add_time desc  LIMIT 410,10',
  ),
  2 => 
  array (
    'error' => 'Unknown column \'UltRX0hbX1dWT1EUVFtOVl1XEklWWFNdSlpRUlg\' in \'where clause\'',
  ),
  3 => 
  array (
    'errno' => 1054,
  ),
)

2017-09-26 20:20:38





array (
  0 => 
  array (
    'message' => 'MySQL Query Error',
  ),
  1 => 
  array (
    'sql' => 'select parent_user_id,parent_user_name,comment_id,user_id,user_name,head_pic,collect_count,add_time as time,content from `ylt_tp`.`ylt_works_comment` where works_id = UltRX0hbX1dWT1EUVFtOVl1XEklWWFNdSlpRUlg and parent_id = 26 order by add_time desc  LIMIT 580,10',
  ),
  2 => 
  array (
    'error' => 'Unknown column \'UltRX0hbX1dWT1EUVFtOVl1XEklWWFNdSlpRUlg\' in \'where clause\'',
  ),
  3 => 
  array (
    'errno' => 1054,
  ),
)

2017-09-26 20:21:00





array (
  0 => 
  array (
    'message' => 'MySQL Query Error',
  ),
  1 => 
  array (
    'sql' => 'select parent_user_id,parent_user_name,comment_id,user_id,user_name,head_pic,collect_count,add_time as time,content from `ylt_tp`.`ylt_works_comment` where works_id = UltRX0hbX1dWT1EUVFtOVl1XEklWWFNdSlpRUlg and parent_id = 26 order by add_time desc  LIMIT 580,10',
  ),
  2 => 
  array (
    'error' => 'Unknown column \'UltRX0hbX1dWT1EUVFtOVl1XEklWWFNdSlpRUlg\' in \'where clause\'',
  ),
  3 => 
  array (
    'errno' => 1054,
  ),
)

2017-09-26 20:22:35





array (
  0 => 
  array (
    'message' => 'MySQL Query Error',
  ),
  1 => 
  array (
    'sql' => 'select parent_user_id,parent_user_name,comment_id,user_id,user_name,head_pic,collect_count,add_time as time,content from `ylt_tp`.`ylt_works_comment` where works_id = UltRX0hbX1dWT1EUVFtOVl1XEklWWFNdSlpRUlg and parent_id = 26 order by add_time desc  LIMIT 410,10',
  ),
  2 => 
  array (
    'error' => 'Unknown column \'UltRX0hbX1dWT1EUVFtOVl1XEklWWFNdSlpRUlg\' in \'where clause\'',
  ),
  3 => 
  array (
    'errno' => 1054,
  ),
)

2017-09-26 20:25:14





array (
  0 => 
  array (
    'message' => 'MySQL Query Error',
  ),
  1 => 
  array (
    'sql' => 'select parent_user_id,parent_user_name,comment_id,user_id,user_name,head_pic,collect_count,add_time as time,content from `ylt_tp`.`ylt_works_comment` where works_id = UltRX0hbX1dWT1EUVFtOVl1XEklWWFNdSlpRUlg and parent_id = 26 order by add_time desc  LIMIT 720,10',
  ),
  2 => 
  array (
    'error' => 'Unknown column \'UltRX0hbX1dWT1EUVFtOVl1XEklWWFNdSlpRUlg\' in \'where clause\'',
  ),
  3 => 
  array (
    'errno' => 1054,
  ),
)

2017-09-26 20:25:31





array (
  0 => 
  array (
    'message' => 'MySQL Query Error',
  ),
  1 => 
  array (
    'sql' => 'select parent_user_id,parent_user_name,comment_id,user_id,user_name,head_pic,collect_count,add_time as time,content from `ylt_tp`.`ylt_works_comment` where works_id = UltRX0hbX1dWT1EUVFtOVl1XEklWWFNdSlpRUlg and parent_id = 26 order by add_time desc  LIMIT 580,10',
  ),
  2 => 
  array (
    'error' => 'Unknown column \'UltRX0hbX1dWT1EUVFtOVl1XEklWWFNdSlpRUlg\' in \'where clause\'',
  ),
  3 => 
  array (
    'errno' => 1054,
  ),
)

2017-09-26 20:28:47





array (
  0 => 
  array (
    'message' => 'MySQL Query Error',
  ),
  1 => 
  array (
    'sql' => 'select shipping_name,invoice_no from `ylt_tp`.`ylt_shipping_order` where order = 5267',
  ),
  2 => 
  array (
    'error' => 'You have an error in your SQL syntax; check the manual that corresponds to your MySQL server version for the right syntax to use near \'order = 5267\' at line 1',
  ),
  3 => 
  array (
    'errno' => 1064,
  ),
)

2017-09-26 20:28:58





array (
  0 => 
  array (
    'message' => 'MySQL Query Error',
  ),
  1 => 
  array (
    'sql' => 'select shipping_name,invoice_no from `ylt_tp`.`ylt_shipping_order` where order = 5267',
  ),
  2 => 
  array (
    'error' => 'You have an error in your SQL syntax; check the manual that corresponds to your MySQL server version for the right syntax to use near \'order = 5267\' at line 1',
  ),
  3 => 
  array (
    'errno' => 1064,
  ),
)

2017-09-26 20:32:01





array (
  0 => 
  array (
    'message' => 'MySQL Query Error',
  ),
  1 => 
  array (
    'sql' => 'select parent_user_id,parent_user_name,comment_id,user_id,user_name,head_pic,collect_count,add_time as time,content from `ylt_tp`.`ylt_works_comment` where works_id = UltRX0hbX1dWT1EUVFtOVl1XEklWWFNdSlpRUlg and parent_id = 27 order by add_time desc  LIMIT 1300,10',
  ),
  2 => 
  array (
    'error' => 'Unknown column \'UltRX0hbX1dWT1EUVFtOVl1XEklWWFNdSlpRUlg\' in \'where clause\'',
  ),
  3 => 
  array (
    'errno' => 1054,
  ),
)

2017-09-26 20:43:47





array (
  0 => 
  array (
    'message' => 'MySQL Query Error',
  ),
  1 => 
  array (
    'sql' => 'select parent_user_id,parent_user_name,comment_id,user_id,user_name,head_pic,collect_count,add_time as time,content from `ylt_tp`.`ylt_works_comment` where works_id = UltRX0hbX1dWT1EUVFtOVl1XEklWWFNdSlpRUlg and parent_id = 27 order by add_time desc  LIMIT 870,10',
  ),
  2 => 
  array (
    'error' => 'Unknown column \'UltRX0hbX1dWT1EUVFtOVl1XEklWWFNdSlpRUlg\' in \'where clause\'',
  ),
  3 => 
  array (
    'errno' => 1054,
  ),
)

2017-09-26 20:44:06





array (
  0 => 
  array (
    'message' => 'MySQL Query Error',
  ),
  1 => 
  array (
    'sql' => 'select parent_user_id,parent_user_name,comment_id,user_id,user_name,head_pic,collect_count,add_time as time,content from `ylt_tp`.`ylt_works_comment` where works_id = UltRX0hbX1dWT1EUVFtOVl1XEklWWFNdSlpRUlg and parent_id = 27 order by add_time desc  LIMIT 450,10',
  ),
  2 => 
  array (
    'error' => 'Unknown column \'UltRX0hbX1dWT1EUVFtOVl1XEklWWFNdSlpRUlg\' in \'where clause\'',
  ),
  3 => 
  array (
    'errno' => 1054,
  ),
)

2017-09-26 20:53:43





array (
  0 => 
  array (
    'message' => 'MySQL Query Error',
  ),
  1 => 
  array (
    'sql' => 'select parent_user_id,parent_user_name,comment_id,user_id,user_name,head_pic,collect_count,add_time as time,content from `ylt_tp`.`ylt_works_comment` where works_id = UltRX0hbX1dWT1EUVFtOVl1XEklWWFNdSlpRUlg and parent_id = 27 order by add_time desc  LIMIT 870,10',
  ),
  2 => 
  array (
    'error' => 'Unknown column \'UltRX0hbX1dWT1EUVFtOVl1XEklWWFNdSlpRUlg\' in \'where clause\'',
  ),
  3 => 
  array (
    'errno' => 1054,
  ),
)

2017-09-26 20:53:54





array (
  0 => 
  array (
    'message' => 'MySQL Query Error',
  ),
  1 => 
  array (
    'sql' => 'select parent_user_id,parent_user_name,comment_id,user_id,user_name,head_pic,collect_count,add_time as time,content from `ylt_tp`.`ylt_works_comment` where works_id = UltRX0hbX1dWT1EUVFtOVl1XEklWWFNdSlpRUlg and parent_id = 27 order by add_time desc  LIMIT 450,10',
  ),
  2 => 
  array (
    'error' => 'Unknown column \'UltRX0hbX1dWT1EUVFtOVl1XEklWWFNdSlpRUlg\' in \'where clause\'',
  ),
  3 => 
  array (
    'errno' => 1054,
  ),
)

2017-09-26 20:55:09





array (
  0 => 
  array (
    'message' => 'MySQL Query Error',
  ),
  1 => 
  array (
    'sql' => 'select parent_user_id,parent_user_name,comment_id,user_id,user_name,head_pic,collect_count,add_time as time,content from `ylt_tp`.`ylt_works_comment` where works_id = UltRX0hbX1dWT1EUVFtOVl1XEklWWFNdSlpRUlg and parent_id = 26 order by add_time desc  LIMIT 720,10',
  ),
  2 => 
  array (
    'error' => 'Unknown column \'UltRX0hbX1dWT1EUVFtOVl1XEklWWFNdSlpRUlg\' in \'where clause\'',
  ),
  3 => 
  array (
    'errno' => 1054,
  ),
)

2017-09-26 20:55:15





array (
  0 => 
  array (
    'message' => 'MySQL Query Error',
  ),
  1 => 
  array (
    'sql' => 'select parent_user_id,parent_user_name,comment_id,user_id,user_name,head_pic,collect_count,add_time as time,content from `ylt_tp`.`ylt_works_comment` where works_id = UltRX0hbX1dWT1EUVFtOVl1XEklWWFNdSlpRUlg and parent_id = 26 order by add_time desc  LIMIT 580,10',
  ),
  2 => 
  array (
    'error' => 'Unknown column \'UltRX0hbX1dWT1EUVFtOVl1XEklWWFNdSlpRUlg\' in \'where clause\'',
  ),
  3 => 
  array (
    'errno' => 1054,
  ),
)

2017-09-26 20:55:28





array (
  0 => 
  array (
    'message' => 'MySQL Query Error',
  ),
  1 => 
  array (
    'sql' => 'select parent_user_id,parent_user_name,comment_id,user_id,user_name,head_pic,collect_count,add_time as time,content from `ylt_tp`.`ylt_works_comment` where works_id = UltRX0hbX1dWT1EUVFtOVl1XEklWWFNdSlpRUlg and parent_id = 26 order by add_time desc  LIMIT 580,10',
  ),
  2 => 
  array (
    'error' => 'Unknown column \'UltRX0hbX1dWT1EUVFtOVl1XEklWWFNdSlpRUlg\' in \'where clause\'',
  ),
  3 => 
  array (
    'errno' => 1054,
  ),
)

2017-09-26 21:01:30





array (
  0 => 
  array (
    'message' => 'MySQL Query Error',
  ),
  1 => 
  array (
    'sql' => 'select parent_user_id,parent_user_name,comment_id,user_id,user_name,head_pic,collect_count,add_time as time,content from `ylt_tp`.`ylt_works_comment` where works_id = UltRX0hbX1dWT1EUVFtOVl1XEklWWFNdSlpRUlg and parent_id = 27 order by add_time desc  LIMIT 880,10',
  ),
  2 => 
  array (
    'error' => 'Unknown column \'UltRX0hbX1dWT1EUVFtOVl1XEklWWFNdSlpRUlg\' in \'where clause\'',
  ),
  3 => 
  array (
    'errno' => 1054,
  ),
)

2017-09-26 21:01:37





array (
  0 => 
  array (
    'message' => 'MySQL Query Error',
  ),
  1 => 
  array (
    'sql' => 'select parent_user_id,parent_user_name,comment_id,user_id,user_name,head_pic,collect_count,add_time as time,content from `ylt_tp`.`ylt_works_comment` where works_id = UltRX0hbX1dWT1EUVFtOVl1XEklWWFNdSlpRUlg and parent_id = 27 order by add_time desc  LIMIT 870,10',
  ),
  2 => 
  array (
    'error' => 'Unknown column \'UltRX0hbX1dWT1EUVFtOVl1XEklWWFNdSlpRUlg\' in \'where clause\'',
  ),
  3 => 
  array (
    'errno' => 1054,
  ),
)

2017-09-26 21:01:48





array (
  0 => 
  array (
    'message' => 'MySQL Query Error',
  ),
  1 => 
  array (
    'sql' => 'select parent_user_id,parent_user_name,comment_id,user_id,user_name,head_pic,collect_count,add_time as time,content from `ylt_tp`.`ylt_works_comment` where works_id = UltRX0hbX1dWT1EUVFtOVl1XEklWWFNdSlpRUlg and parent_id = 27 order by add_time desc  LIMIT 590,10',
  ),
  2 => 
  array (
    'error' => 'Unknown column \'UltRX0hbX1dWT1EUVFtOVl1XEklWWFNdSlpRUlg\' in \'where clause\'',
  ),
  3 => 
  array (
    'errno' => 1054,
  ),
)

2017-09-26 21:13:01





array (
  0 => 
  array (
    'message' => 'MySQL Query Error',
  ),
  1 => 
  array (
    'sql' => 'select parent_user_id,parent_user_name,comment_id,user_id,user_name,head_pic,collect_count,add_time as time,content from `ylt_tp`.`ylt_works_comment` where works_id = UltRX0hbX1dWT1EUVFtOVl1XEklWWFNdSlpRUlg and parent_id = 27 order by add_time desc  LIMIT 1300,10',
  ),
  2 => 
  array (
    'error' => 'Unknown column \'UltRX0hbX1dWT1EUVFtOVl1XEklWWFNdSlpRUlg\' in \'where clause\'',
  ),
  3 => 
  array (
    'errno' => 1054,
  ),
)

2017-09-26 21:37:11





array (
  0 => 
  array (
    'message' => 'MySQL Query Error',
  ),
  1 => 
  array (
    'sql' => 'select parent_user_id,parent_user_name,comment_id,user_id,user_name,head_pic,collect_count,add_time as time,content from `ylt_tp`.`ylt_works_comment` where works_id = UltRX0hbX1dWT1EUVFtOVl1XEklWWFNdSlpRUlg and parent_id = 27 order by add_time desc  LIMIT 1260,10',
  ),
  2 => 
  array (
    'error' => 'Unknown column \'UltRX0hbX1dWT1EUVFtOVl1XEklWWFNdSlpRUlg\' in \'where clause\'',
  ),
  3 => 
  array (
    'errno' => 1054,
  ),
)

2017-09-26 21:38:34





array (
  0 => 
  array (
    'message' => 'MySQL Query Error',
  ),
  1 => 
  array (
    'sql' => 'select parent_user_id,parent_user_name,comment_id,user_id,user_name,head_pic,collect_count,add_time as time,content from `ylt_tp`.`ylt_works_comment` where works_id = UltRX0hbX1dWT1EUVFtOVl1XEklWWFNdSlpRUlg and parent_id = 27 order by add_time desc  LIMIT 1400,10',
  ),
  2 => 
  array (
    'error' => 'Unknown column \'UltRX0hbX1dWT1EUVFtOVl1XEklWWFNdSlpRUlg\' in \'where clause\'',
  ),
  3 => 
  array (
    'errno' => 1054,
  ),
)

2017-09-26 21:38:41





array (
  0 => 
  array (
    'message' => 'MySQL Query Error',
  ),
  1 => 
  array (
    'sql' => 'select parent_user_id,parent_user_name,comment_id,user_id,user_name,head_pic,collect_count,add_time as time,content from `ylt_tp`.`ylt_works_comment` where works_id = UltRX0hbX1dWT1EUVFtOVl1XEklWWFNdSlpRUlg and parent_id = 27 order by add_time desc  LIMIT 1300,10',
  ),
  2 => 
  array (
    'error' => 'Unknown column \'UltRX0hbX1dWT1EUVFtOVl1XEklWWFNdSlpRUlg\' in \'where clause\'',
  ),
  3 => 
  array (
    'errno' => 1054,
  ),
)

2017-09-26 21:38:45





array (
  0 => 
  array (
    'message' => 'MySQL Query Error',
  ),
  1 => 
  array (
    'sql' => 'select parent_user_id,parent_user_name,comment_id,user_id,user_name,head_pic,collect_count,add_time as time,content from `ylt_tp`.`ylt_works_comment` where works_id = UltRX0hbX1dWT1EUVFtOVl1XEklWWFNdSlpRUlg and parent_id = 27 order by add_time desc  LIMIT 1380,10',
  ),
  2 => 
  array (
    'error' => 'Unknown column \'UltRX0hbX1dWT1EUVFtOVl1XEklWWFNdSlpRUlg\' in \'where clause\'',
  ),
  3 => 
  array (
    'errno' => 1054,
  ),
)

2017-09-26 21:44:32





array (
  0 => 
  array (
    'message' => 'MySQL Query Error',
  ),
  1 => 
  array (
    'sql' => 'select parent_user_id,parent_user_name,comment_id,user_id,user_name,head_pic,collect_count,add_time as time,content from `ylt_tp`.`ylt_works_comment` where works_id = UltRX0hbX1dWT1EUVFtOVl1XEklWWFNdSlpRUlg and parent_id = 27 order by add_time desc  LIMIT 1380,10',
  ),
  2 => 
  array (
    'error' => 'Unknown column \'UltRX0hbX1dWT1EUVFtOVl1XEklWWFNdSlpRUlg\' in \'where clause\'',
  ),
  3 => 
  array (
    'errno' => 1054,
  ),
)

2017-09-26 22:01:27





array (
  0 => 
  array (
    'message' => 'MySQL Query Error',
  ),
  1 => 
  array (
    'sql' => 'select parent_user_id,parent_user_name,comment_id,user_id,user_name,head_pic,collect_count,add_time as time,content from `ylt_tp`.`ylt_works_comment` where works_id = UltRX0hbX1dWT1EUVFtOVl1XEklWWFNdSlpRUlg and parent_id = 27 order by add_time desc  LIMIT 1260,10',
  ),
  2 => 
  array (
    'error' => 'Unknown column \'UltRX0hbX1dWT1EUVFtOVl1XEklWWFNdSlpRUlg\' in \'where clause\'',
  ),
  3 => 
  array (
    'errno' => 1054,
  ),
)

2017-09-26 22:02:06





array (
  0 => 
  array (
    'message' => 'MySQL Query Error',
  ),
  1 => 
  array (
    'sql' => 'select parent_user_id,parent_user_name,comment_id,user_id,user_name,head_pic,collect_count,add_time as time,content from `ylt_tp`.`ylt_works_comment` where works_id = UltRX0hbX1dWT1EUVFtOVl1XEklWWFNdSlpRUlg and parent_id = 26 order by add_time desc  LIMIT 720,10',
  ),
  2 => 
  array (
    'error' => 'Unknown column \'UltRX0hbX1dWT1EUVFtOVl1XEklWWFNdSlpRUlg\' in \'where clause\'',
  ),
  3 => 
  array (
    'errno' => 1054,
  ),
)

2017-09-26 22:05:52





array (
  0 => 
  array (
    'message' => 'MySQL Query Error',
  ),
  1 => 
  array (
    'sql' => 'select parent_user_id,parent_user_name,comment_id,user_id,user_name,head_pic,collect_count,add_time as time,content from `ylt_tp`.`ylt_works_comment` where works_id = UltRX0hbX1dWT1EUVFtOVl1XEklWWFNdSlpRUlg and parent_id = 26 order by add_time desc  LIMIT 720,10',
  ),
  2 => 
  array (
    'error' => 'Unknown column \'UltRX0hbX1dWT1EUVFtOVl1XEklWWFNdSlpRUlg\' in \'where clause\'',
  ),
  3 => 
  array (
    'errno' => 1054,
  ),
)

2017-09-26 22:10:35





array (
  0 => 
  array (
    'message' => 'MySQL Query Error',
  ),
  1 => 
  array (
    'sql' => 'select parent_user_id,parent_user_name,comment_id,user_id,user_name,head_pic,collect_count,add_time as time,content from `ylt_tp`.`ylt_works_comment` where works_id = UltRX0hbX1dWT1EUVFtOVl1XEklWWFNdSlpRUlg and parent_id = 27 order by add_time desc  LIMIT 1380,10',
  ),
  2 => 
  array (
    'error' => 'Unknown column \'UltRX0hbX1dWT1EUVFtOVl1XEklWWFNdSlpRUlg\' in \'where clause\'',
  ),
  3 => 
  array (
    'errno' => 1054,
  ),
)

2017-09-26 22:10:51





array (
  0 => 
  array (
    'message' => 'MySQL Query Error',
  ),
  1 => 
  array (
    'sql' => 'select parent_user_id,parent_user_name,comment_id,user_id,user_name,head_pic,collect_count,add_time as time,content from `ylt_tp`.`ylt_works_comment` where works_id = UltRX0hbX1dWT1EUVFtOVl1XEklWWFNdSlpRUlg and parent_id = 27 order by add_time desc  LIMIT 1380,10',
  ),
  2 => 
  array (
    'error' => 'Unknown column \'UltRX0hbX1dWT1EUVFtOVl1XEklWWFNdSlpRUlg\' in \'where clause\'',
  ),
  3 => 
  array (
    'errno' => 1054,
  ),
)

2017-09-26 22:22:38





array (
  0 => 
  array (
    'message' => 'MySQL Query Error',
  ),
  1 => 
  array (
    'sql' => 'select parent_user_id,parent_user_name,comment_id,user_id,user_name,head_pic,collect_count,add_time as time,content from `ylt_tp`.`ylt_works_comment` where works_id = UltRX0hbX1dWT1EUVFtOVl1XEklWWFNdSlpRUlg and parent_id = 27 order by add_time desc  LIMIT 1400,10',
  ),
  2 => 
  array (
    'error' => 'Unknown column \'UltRX0hbX1dWT1EUVFtOVl1XEklWWFNdSlpRUlg\' in \'where clause\'',
  ),
  3 => 
  array (
    'errno' => 1054,
  ),
)

2017-09-26 22:39:43





array (
  0 => 
  array (
    'message' => 'MySQL Query Error',
  ),
  1 => 
  array (
    'sql' => 'select parent_user_id,parent_user_name,comment_id,user_id,user_name,head_pic,collect_count,add_time as time,content from `ylt_tp`.`ylt_works_comment` where works_id = UltRX0hbX1dWT1EUVFtOVl1XEklWWFNdSlpRUlg and parent_id = 26 order by add_time desc  LIMIT 720,10',
  ),
  2 => 
  array (
    'error' => 'Unknown column \'UltRX0hbX1dWT1EUVFtOVl1XEklWWFNdSlpRUlg\' in \'where clause\'',
  ),
  3 => 
  array (
    'errno' => 1054,
  ),
)

