2017-10-11 17:30:31





array (
  0 => 
  array (
    'message' => 'MySQL Query Error',
  ),
  1 => 
  array (
    'sql' => 'select * from `ylt_tp`.`ylt_goods_price` where key=\'123\' AND goods_id=1',
  ),
  2 => 
  array (
    'error' => 'You have an error in your SQL syntax; check the manual that corresponds to your MySQL server version for the right syntax to use near \'key=\'123\' AND goods_id=1\' at line 1',
  ),
  3 => 
  array (
    'errno' => 1064,
  ),
)

2017-10-11 17:59:43





array (
  0 => 
  array (
    'message' => 'MySQL Query Error',
  ),
  1 => 
  array (
    'sql' => 'select goods_id,key_name,price,store_count from `ylt_tp`.`ylt_goods_price` where (`key`=\'118_115\' or key = \'115_118\') AND goods_id=29',
  ),
  2 => 
  array (
    'error' => 'You have an error in your SQL syntax; check the manual that corresponds to your MySQL server version for the right syntax to use near \'key = \'115_118\') AND goods_id=29\' at line 1',
  ),
  3 => 
  array (
    'errno' => 1064,
  ),
)

