2017-12-30 09:43:21





array (
  0 => 
  array (
    'message' => 'MySQL Query Error',
  ),
  1 => 
  array (
    'sql' => 'select goods_id  from `ylt_tp`.`ylt_gifts_category`  where  is_show = 1 and id=',
  ),
  2 => 
  array (
    'error' => 'You have an error in your SQL syntax; check the manual that corresponds to your MySQL server version for the right syntax to use near \'\' at line 1',
  ),
  3 => 
  array (
    'errno' => 1064,
  ),
)

2017-12-30 10:59:30





array (
  0 => 
  array (
    'message' => 'MySQL Query Error',
  ),
  1 => 
  array (
    'sql' => 'INSERT INTO `ylt_tp`.`ylt_order_goods`( order_id, goods_id, goods_name, goods_sn, goods_num, market_price, goods_price,spec_key,spec_key_name,prom_type,prom_id,goods_amount,discount_price,coupon_id) values(\'6384\', 3425, \'简趣创意企鹅杯玻璃水杯便携男女花茶杯情侣学生随手杯子过滤带盖\', \'TP0003425\', 1, 9.90,3.60,\'\',\'\',\'\',\'\',\'3.60\',\'0\',\'0\')',
  ),
  2 => 
  array (
    'error' => 'Unknown column \'coupon_id\' in \'field list\'',
  ),
  3 => 
  array (
    'errno' => 1054,
  ),
)

