2017-10-31 14:13:08





array (
  0 => 
  array (
    'message' => 'MySQL Query Error',
  ),
  1 => 
  array (
    'sql' => 'SELECT A.order_id,A.id as oid,A.order_sn,A.goods_id,A.type,A.reason,A.addtime,A.status,A.spec_key,B.goods_name,B.goods_sn,B.send_number,B.is_real,B.money,A.supplier_id from `ylt_tp`.`ylt_back_order` as A left join `ylt_tp`.`ylt_back_goods` as B ON A.id=B.back_id where A.user_id=26  ORDER BY oid DESC  LIMIT 0,5',
  ),
  2 => 
  array (
    'error' => 'Unknown column \'B.goods_sn\' in \'field list\'',
  ),
  3 => 
  array (
    'errno' => 1054,
  ),
)

2017-10-31 14:13:08





array (
  0 => 
  array (
    'message' => 'MySQL Query Error',
  ),
  1 => 
  array (
    'sql' => 'SELECT A.order_id,A.id as oid,A.order_sn,A.goods_id,A.type,A.reason,A.addtime,A.status,A.spec_key,B.goods_name,B.goods_sn,B.send_number,B.is_real,B.money,A.supplier_id from `ylt_tp`.`ylt_back_order` as A left join `ylt_tp`.`ylt_back_goods` as B ON A.id=B.back_id where A.user_id=26  ORDER BY oid DESC  LIMIT 0,5',
  ),
  2 => 
  array (
    'error' => 'Unknown column \'B.goods_sn\' in \'field list\'',
  ),
  3 => 
  array (
    'errno' => 1054,
  ),
)

2017-10-31 14:13:13





array (
  0 => 
  array (
    'message' => 'MySQL Query Error',
  ),
  1 => 
  array (
    'sql' => 'SELECT A.order_id,A.id as oid,A.order_sn,A.goods_id,A.type,A.reason,A.addtime,A.status,A.spec_key,B.goods_name,B.goods_sn,B.send_number,B.is_real,B.money,A.supplier_id from `ylt_tp`.`ylt_back_order` as A left join `ylt_tp`.`ylt_back_goods` as B ON A.id=B.back_id where A.user_id=26  ORDER BY oid DESC  LIMIT 0,5',
  ),
  2 => 
  array (
    'error' => 'Unknown column \'B.goods_sn\' in \'field list\'',
  ),
  3 => 
  array (
    'errno' => 1054,
  ),
)

2017-10-31 14:13:13





array (
  0 => 
  array (
    'message' => 'MySQL Query Error',
  ),
  1 => 
  array (
    'sql' => 'SELECT A.order_id,A.id as oid,A.order_sn,A.goods_id,A.type,A.reason,A.addtime,A.status,A.spec_key,B.goods_name,B.goods_sn,B.send_number,B.is_real,B.money,A.supplier_id from `ylt_tp`.`ylt_back_order` as A left join `ylt_tp`.`ylt_back_goods` as B ON A.id=B.back_id where A.user_id=26  ORDER BY oid DESC  LIMIT 0,5',
  ),
  2 => 
  array (
    'error' => 'Unknown column \'B.goods_sn\' in \'field list\'',
  ),
  3 => 
  array (
    'errno' => 1054,
  ),
)

2017-10-31 14:13:14





array (
  0 => 
  array (
    'message' => 'MySQL Query Error',
  ),
  1 => 
  array (
    'sql' => 'SELECT A.order_id,A.id as oid,A.order_sn,A.goods_id,A.type,A.reason,A.addtime,A.status,A.spec_key,B.goods_name,B.goods_sn,B.send_number,B.is_real,B.money,A.supplier_id from `ylt_tp`.`ylt_back_order` as A left join `ylt_tp`.`ylt_back_goods` as B ON A.id=B.back_id where A.user_id=26  ORDER BY oid DESC  LIMIT 0,5',
  ),
  2 => 
  array (
    'error' => 'Unknown column \'B.goods_sn\' in \'field list\'',
  ),
  3 => 
  array (
    'errno' => 1054,
  ),
)

2017-10-31 14:13:18





array (
  0 => 
  array (
    'message' => 'MySQL Query Error',
  ),
  1 => 
  array (
    'sql' => 'SELECT A.order_id,A.id as oid,A.order_sn,A.goods_id,A.type,A.reason,A.addtime,A.status,A.spec_key,B.goods_name,B.goods_sn,B.send_number,B.is_real,B.money,A.supplier_id from `ylt_tp`.`ylt_back_order` as A left join `ylt_tp`.`ylt_back_goods` as B ON A.id=B.back_id where A.user_id=26  ORDER BY oid DESC  LIMIT 0,5',
  ),
  2 => 
  array (
    'error' => 'Unknown column \'B.goods_sn\' in \'field list\'',
  ),
  3 => 
  array (
    'errno' => 1054,
  ),
)

2017-10-31 14:13:18





array (
  0 => 
  array (
    'message' => 'MySQL Query Error',
  ),
  1 => 
  array (
    'sql' => 'SELECT A.order_id,A.id as oid,A.order_sn,A.goods_id,A.type,A.reason,A.addtime,A.status,A.spec_key,B.goods_name,B.goods_sn,B.send_number,B.is_real,B.money,A.supplier_id from `ylt_tp`.`ylt_back_order` as A left join `ylt_tp`.`ylt_back_goods` as B ON A.id=B.back_id where A.user_id=26  ORDER BY oid DESC  LIMIT 0,5',
  ),
  2 => 
  array (
    'error' => 'Unknown column \'B.goods_sn\' in \'field list\'',
  ),
  3 => 
  array (
    'errno' => 1054,
  ),
)

2017-10-31 14:13:28





array (
  0 => 
  array (
    'message' => 'MySQL Query Error',
  ),
  1 => 
  array (
    'sql' => 'SELECT A.order_id,A.id as oid,A.order_sn,A.goods_id,A.type,A.reason,A.addtime,A.status,A.spec_key,B.goods_name,B.goods_sn,B.send_number,B.is_real,B.money,A.supplier_id from `ylt_tp`.`ylt_back_order` as A left join `ylt_tp`.`ylt_back_goods` as B ON A.id=B.back_id where A.user_id=26  ORDER BY oid DESC  LIMIT 0,5',
  ),
  2 => 
  array (
    'error' => 'Unknown column \'B.goods_sn\' in \'field list\'',
  ),
  3 => 
  array (
    'errno' => 1054,
  ),
)

2017-10-31 14:13:28





array (
  0 => 
  array (
    'message' => 'MySQL Query Error',
  ),
  1 => 
  array (
    'sql' => 'SELECT A.order_id,A.id as oid,A.order_sn,A.goods_id,A.type,A.reason,A.addtime,A.status,A.spec_key,B.goods_name,B.goods_sn,B.send_number,B.is_real,B.money,A.supplier_id from `ylt_tp`.`ylt_back_order` as A left join `ylt_tp`.`ylt_back_goods` as B ON A.id=B.back_id where A.user_id=26  ORDER BY oid DESC  LIMIT 0,5',
  ),
  2 => 
  array (
    'error' => 'Unknown column \'B.goods_sn\' in \'field list\'',
  ),
  3 => 
  array (
    'errno' => 1054,
  ),
)

