2019-01-17 18:34:38





array (
  0 => 
  array (
    'message' => 'MySQL Query Error',
  ),
  1 => 
  array (
    'sql' => 'select goods_id,prom_id,commission_price,is_designer,prom_type,cat_id,goods_sn,goods_name,brand_id,store_count,market_price,shop_price,supplier_id,add_time,goods_type,spec_type,goods_content,goods_remark,attribute,original_img,examine,is_on_sale,sales_sum,prom_id from `ylt_tp`.`ylt_goods` where goods_id=http://www.yilitong.com/mobile/Goods/goodsInfo/id/5046.html',
  ),
  2 => 
  array (
    'error' => 'You have an error in your SQL syntax; check the manual that corresponds to your MySQL server version for the right syntax to use near \'://www.yilitong.com/mobile/Goods/goodsInfo/id/5046.html\' at line 1',
  ),
  3 => 
  array (
    'errno' => 1064,
  ),
)

2019-01-17 18:34:48





array (
  0 => 
  array (
    'message' => 'MySQL Query Error',
  ),
  1 => 
  array (
    'sql' => 'select goods_id,prom_id,commission_price,is_designer,prom_type,cat_id,goods_sn,goods_name,brand_id,store_count,market_price,shop_price,supplier_id,add_time,goods_type,spec_type,goods_content,goods_remark,attribute,original_img,examine,is_on_sale,sales_sum,prom_id from `ylt_tp`.`ylt_goods` where goods_id=http://www.yilitong.com/mobile/Goods/goodsInfo/id/5046.html',
  ),
  2 => 
  array (
    'error' => 'You have an error in your SQL syntax; check the manual that corresponds to your MySQL server version for the right syntax to use near \'://www.yilitong.com/mobile/Goods/goodsInfo/id/5046.html\' at line 1',
  ),
  3 => 
  array (
    'errno' => 1064,
  ),
)

2019-01-17 18:34:54





array (
  0 => 
  array (
    'message' => 'MySQL Query Error',
  ),
  1 => 
  array (
    'sql' => 'select goods_id,prom_id,commission_price,is_designer,prom_type,cat_id,goods_sn,goods_name,brand_id,store_count,market_price,shop_price,supplier_id,add_time,goods_type,spec_type,goods_content,goods_remark,attribute,original_img,examine,is_on_sale,sales_sum,prom_id from `ylt_tp`.`ylt_goods` where goods_id=http://www.yilitong.com/mobile/Activity/discount/id/1.html',
  ),
  2 => 
  array (
    'error' => 'You have an error in your SQL syntax; check the manual that corresponds to your MySQL server version for the right syntax to use near \'://www.yilitong.com/mobile/Activity/discount/id/1.html\' at line 1',
  ),
  3 => 
  array (
    'errno' => 1064,
  ),
)

2019-01-17 18:35:00





array (
  0 => 
  array (
    'message' => 'MySQL Query Error',
  ),
  1 => 
  array (
    'sql' => 'select goods_id,prom_id,commission_price,is_designer,prom_type,cat_id,goods_sn,goods_name,brand_id,store_count,market_price,shop_price,supplier_id,add_time,goods_type,spec_type,goods_content,goods_remark,attribute,original_img,examine,is_on_sale,sales_sum,prom_id from `ylt_tp`.`ylt_goods` where goods_id=http://www.yilitong.com/mobile/Activity/discount/id/1.html',
  ),
  2 => 
  array (
    'error' => 'You have an error in your SQL syntax; check the manual that corresponds to your MySQL server version for the right syntax to use near \'://www.yilitong.com/mobile/Activity/discount/id/1.html\' at line 1',
  ),
  3 => 
  array (
    'errno' => 1064,
  ),
)

2019-01-17 18:35:10





array (
  0 => 
  array (
    'message' => 'MySQL Query Error',
  ),
  1 => 
  array (
    'sql' => 'select goods_id,prom_id,commission_price,is_designer,prom_type,cat_id,goods_sn,goods_name,brand_id,store_count,market_price,shop_price,supplier_id,add_time,goods_type,spec_type,goods_content,goods_remark,attribute,original_img,examine,is_on_sale,sales_sum,prom_id from `ylt_tp`.`ylt_goods` where goods_id=http://www.yilitong.com/mobile/Goods/goodsInfo/id/4907.html',
  ),
  2 => 
  array (
    'error' => 'You have an error in your SQL syntax; check the manual that corresponds to your MySQL server version for the right syntax to use near \'://www.yilitong.com/mobile/Goods/goodsInfo/id/4907.html\' at line 1',
  ),
  3 => 
  array (
    'errno' => 1064,
  ),
)

2019-01-17 18:35:13





array (
  0 => 
  array (
    'message' => 'MySQL Query Error',
  ),
  1 => 
  array (
    'sql' => 'select goods_id,prom_id,commission_price,is_designer,prom_type,cat_id,goods_sn,goods_name,brand_id,store_count,market_price,shop_price,supplier_id,add_time,goods_type,spec_type,goods_content,goods_remark,attribute,original_img,examine,is_on_sale,sales_sum,prom_id from `ylt_tp`.`ylt_goods` where goods_id=http://www.yilitong.com/mobile/Goods/goodsInfo/id/4927.html',
  ),
  2 => 
  array (
    'error' => 'You have an error in your SQL syntax; check the manual that corresponds to your MySQL server version for the right syntax to use near \'://www.yilitong.com/mobile/Goods/goodsInfo/id/4927.html\' at line 1',
  ),
  3 => 
  array (
    'errno' => 1064,
  ),
)

2019-01-17 18:35:20





array (
  0 => 
  array (
    'message' => 'MySQL Query Error',
  ),
  1 => 
  array (
    'sql' => 'select goods_id,prom_id,commission_price,is_designer,prom_type,cat_id,goods_sn,goods_name,brand_id,store_count,market_price,shop_price,supplier_id,add_time,goods_type,spec_type,goods_content,goods_remark,attribute,original_img,examine,is_on_sale,sales_sum,prom_id from `ylt_tp`.`ylt_goods` where goods_id=http://www.yilitong.com/mobile/Goods/goodsInfo/id/4907.html',
  ),
  2 => 
  array (
    'error' => 'You have an error in your SQL syntax; check the manual that corresponds to your MySQL server version for the right syntax to use near \'://www.yilitong.com/mobile/Goods/goodsInfo/id/4907.html\' at line 1',
  ),
  3 => 
  array (
    'errno' => 1064,
  ),
)

2019-01-17 18:35:23





array (
  0 => 
  array (
    'message' => 'MySQL Query Error',
  ),
  1 => 
  array (
    'sql' => 'select goods_id,prom_id,commission_price,is_designer,prom_type,cat_id,goods_sn,goods_name,brand_id,store_count,market_price,shop_price,supplier_id,add_time,goods_type,spec_type,goods_content,goods_remark,attribute,original_img,examine,is_on_sale,sales_sum,prom_id from `ylt_tp`.`ylt_goods` where goods_id=http://www.yilitong.com/mobile/Goods/goodsInfo/id/4927.html',
  ),
  2 => 
  array (
    'error' => 'You have an error in your SQL syntax; check the manual that corresponds to your MySQL server version for the right syntax to use near \'://www.yilitong.com/mobile/Goods/goodsInfo/id/4927.html\' at line 1',
  ),
  3 => 
  array (
    'errno' => 1064,
  ),
)

2019-01-17 18:43:00





array (
  0 => 
  array (
    'message' => 'MySQL Query Error',
  ),
  1 => 
  array (
    'sql' => 'select goods_id,prom_id,commission_price,is_designer,prom_type,cat_id,goods_sn,goods_name,brand_id,store_count,market_price,shop_price,supplier_id,add_time,goods_type,spec_type,goods_content,goods_remark,attribute,original_img,examine,is_on_sale,sales_sum,prom_id from `ylt_tp`.`ylt_goods` where goods_id=http://www.yilitong.com/mobile/Activity/discount/id/1.html',
  ),
  2 => 
  array (
    'error' => 'You have an error in your SQL syntax; check the manual that corresponds to your MySQL server version for the right syntax to use near \'://www.yilitong.com/mobile/Activity/discount/id/1.html\' at line 1',
  ),
  3 => 
  array (
    'errno' => 1064,
  ),
)

2019-01-17 18:43:54





array (
  0 => 
  array (
    'message' => 'MySQL Query Error',
  ),
  1 => 
  array (
    'sql' => 'select goods_id,prom_id,commission_price,is_designer,prom_type,cat_id,goods_sn,goods_name,brand_id,store_count,market_price,shop_price,supplier_id,add_time,goods_type,spec_type,goods_content,goods_remark,attribute,original_img,examine,is_on_sale,sales_sum,prom_id from `ylt_tp`.`ylt_goods` where goods_id=http://www.yilitong.com/mobile/Activity/discount/id/1.html',
  ),
  2 => 
  array (
    'error' => 'You have an error in your SQL syntax; check the manual that corresponds to your MySQL server version for the right syntax to use near \'://www.yilitong.com/mobile/Activity/discount/id/1.html\' at line 1',
  ),
  3 => 
  array (
    'errno' => 1064,
  ),
)

2019-01-17 18:43:58





array (
  0 => 
  array (
    'message' => 'MySQL Query Error',
  ),
  1 => 
  array (
    'sql' => 'select goods_id,prom_id,commission_price,is_designer,prom_type,cat_id,goods_sn,goods_name,brand_id,store_count,market_price,shop_price,supplier_id,add_time,goods_type,spec_type,goods_content,goods_remark,attribute,original_img,examine,is_on_sale,sales_sum,prom_id from `ylt_tp`.`ylt_goods` where goods_id=http://www.yilitong.com/mobile/Goods/goodsInfo/id/5046.html',
  ),
  2 => 
  array (
    'error' => 'You have an error in your SQL syntax; check the manual that corresponds to your MySQL server version for the right syntax to use near \'://www.yilitong.com/mobile/Goods/goodsInfo/id/5046.html\' at line 1',
  ),
  3 => 
  array (
    'errno' => 1064,
  ),
)

2019-01-17 18:44:00





array (
  0 => 
  array (
    'message' => 'MySQL Query Error',
  ),
  1 => 
  array (
    'sql' => 'select goods_id,prom_id,commission_price,is_designer,prom_type,cat_id,goods_sn,goods_name,brand_id,store_count,market_price,shop_price,supplier_id,add_time,goods_type,spec_type,goods_content,goods_remark,attribute,original_img,examine,is_on_sale,sales_sum,prom_id from `ylt_tp`.`ylt_goods` where goods_id=http://www.yilitong.com/mobile/Activity/discount/id/1.html',
  ),
  2 => 
  array (
    'error' => 'You have an error in your SQL syntax; check the manual that corresponds to your MySQL server version for the right syntax to use near \'://www.yilitong.com/mobile/Activity/discount/id/1.html\' at line 1',
  ),
  3 => 
  array (
    'errno' => 1064,
  ),
)

2019-01-17 18:45:07





array (
  0 => 
  array (
    'message' => 'MySQL Query Error',
  ),
  1 => 
  array (
    'sql' => 'select goods_id,prom_id,commission_price,is_designer,prom_type,cat_id,goods_sn,goods_name,brand_id,store_count,market_price,shop_price,supplier_id,add_time,goods_type,spec_type,goods_content,goods_remark,attribute,original_img,examine,is_on_sale,sales_sum,prom_id from `ylt_tp`.`ylt_goods` where goods_id=http://www.yilitong.com/mobile/Goods/goodsInfo/id/5046.html',
  ),
  2 => 
  array (
    'error' => 'You have an error in your SQL syntax; check the manual that corresponds to your MySQL server version for the right syntax to use near \'://www.yilitong.com/mobile/Goods/goodsInfo/id/5046.html\' at line 1',
  ),
  3 => 
  array (
    'errno' => 1064,
  ),
)

2019-01-17 18:45:14





array (
  0 => 
  array (
    'message' => 'MySQL Query Error',
  ),
  1 => 
  array (
    'sql' => 'select goods_id,prom_id,commission_price,is_designer,prom_type,cat_id,goods_sn,goods_name,brand_id,store_count,market_price,shop_price,supplier_id,add_time,goods_type,spec_type,goods_content,goods_remark,attribute,original_img,examine,is_on_sale,sales_sum,prom_id from `ylt_tp`.`ylt_goods` where goods_id=http://www.yilitong.com/mobile/Activity/discount/id/1.html',
  ),
  2 => 
  array (
    'error' => 'You have an error in your SQL syntax; check the manual that corresponds to your MySQL server version for the right syntax to use near \'://www.yilitong.com/mobile/Activity/discount/id/1.html\' at line 1',
  ),
  3 => 
  array (
    'errno' => 1064,
  ),
)

2019-01-17 18:45:43





array (
  0 => 
  array (
    'message' => 'MySQL Query Error',
  ),
  1 => 
  array (
    'sql' => 'select goods_id,prom_id,commission_price,is_designer,prom_type,cat_id,goods_sn,goods_name,brand_id,store_count,market_price,shop_price,supplier_id,add_time,goods_type,spec_type,goods_content,goods_remark,attribute,original_img,examine,is_on_sale,sales_sum,prom_id from `ylt_tp`.`ylt_goods` where goods_id=http://www.yilitong.com/mobile/Goods/goodsInfo/id/4927.html',
  ),
  2 => 
  array (
    'error' => 'You have an error in your SQL syntax; check the manual that corresponds to your MySQL server version for the right syntax to use near \'://www.yilitong.com/mobile/Goods/goodsInfo/id/4927.html\' at line 1',
  ),
  3 => 
  array (
    'errno' => 1064,
  ),
)

2019-01-17 18:46:19





array (
  0 => 
  array (
    'message' => 'MySQL Query Error',
  ),
  1 => 
  array (
    'sql' => 'select goods_id,prom_id,commission_price,is_designer,prom_type,cat_id,goods_sn,goods_name,brand_id,store_count,market_price,shop_price,supplier_id,add_time,goods_type,spec_type,goods_content,goods_remark,attribute,original_img,examine,is_on_sale,sales_sum,prom_id from `ylt_tp`.`ylt_goods` where goods_id=http://www.yilitong.com/mobile/Goods/goodsInfo/id/4927.html',
  ),
  2 => 
  array (
    'error' => 'You have an error in your SQL syntax; check the manual that corresponds to your MySQL server version for the right syntax to use near \'://www.yilitong.com/mobile/Goods/goodsInfo/id/4927.html\' at line 1',
  ),
  3 => 
  array (
    'errno' => 1064,
  ),
)

2019-01-17 18:46:28





array (
  0 => 
  array (
    'message' => 'MySQL Query Error',
  ),
  1 => 
  array (
    'sql' => 'select goods_id,prom_id,commission_price,is_designer,prom_type,cat_id,goods_sn,goods_name,brand_id,store_count,market_price,shop_price,supplier_id,add_time,goods_type,spec_type,goods_content,goods_remark,attribute,original_img,examine,is_on_sale,sales_sum,prom_id from `ylt_tp`.`ylt_goods` where goods_id=http://www.yilitong.com/mobile/Goods/goodsInfo/id/5046.html',
  ),
  2 => 
  array (
    'error' => 'You have an error in your SQL syntax; check the manual that corresponds to your MySQL server version for the right syntax to use near \'://www.yilitong.com/mobile/Goods/goodsInfo/id/5046.html\' at line 1',
  ),
  3 => 
  array (
    'errno' => 1064,
  ),
)

2019-01-17 18:56:47





array (
  0 => 
  array (
    'message' => 'MySQL Query Error',
  ),
  1 => 
  array (
    'sql' => 'select goods_id,prom_id,commission_price,is_designer,prom_type,cat_id,goods_sn,goods_name,brand_id,store_count,market_price,shop_price,supplier_id,add_time,goods_type,spec_type,goods_content,goods_remark,attribute,original_img,examine,is_on_sale,sales_sum,prom_id from `ylt_tp`.`ylt_goods` where goods_id=http://www.yilitong.com/mobile/Goods/goodsInfo/id/5046.html',
  ),
  2 => 
  array (
    'error' => 'You have an error in your SQL syntax; check the manual that corresponds to your MySQL server version for the right syntax to use near \'://www.yilitong.com/mobile/Goods/goodsInfo/id/5046.html\' at line 1',
  ),
  3 => 
  array (
    'errno' => 1064,
  ),
)

2019-01-17 18:56:57





array (
  0 => 
  array (
    'message' => 'MySQL Query Error',
  ),
  1 => 
  array (
    'sql' => 'select goods_id,prom_id,commission_price,is_designer,prom_type,cat_id,goods_sn,goods_name,brand_id,store_count,market_price,shop_price,supplier_id,add_time,goods_type,spec_type,goods_content,goods_remark,attribute,original_img,examine,is_on_sale,sales_sum,prom_id from `ylt_tp`.`ylt_goods` where goods_id=http://www.yilitong.com/mobile/Goods/goodsInfo/id/5046.html',
  ),
  2 => 
  array (
    'error' => 'You have an error in your SQL syntax; check the manual that corresponds to your MySQL server version for the right syntax to use near \'://www.yilitong.com/mobile/Goods/goodsInfo/id/5046.html\' at line 1',
  ),
  3 => 
  array (
    'errno' => 1064,
  ),
)

2019-01-17 18:57:06





array (
  0 => 
  array (
    'message' => 'MySQL Query Error',
  ),
  1 => 
  array (
    'sql' => 'select goods_id,prom_id,commission_price,is_designer,prom_type,cat_id,goods_sn,goods_name,brand_id,store_count,market_price,shop_price,supplier_id,add_time,goods_type,spec_type,goods_content,goods_remark,attribute,original_img,examine,is_on_sale,sales_sum,prom_id from `ylt_tp`.`ylt_goods` where goods_id=http://www.yilitong.com/mobile/Activity/discount/id/1.html',
  ),
  2 => 
  array (
    'error' => 'You have an error in your SQL syntax; check the manual that corresponds to your MySQL server version for the right syntax to use near \'://www.yilitong.com/mobile/Activity/discount/id/1.html\' at line 1',
  ),
  3 => 
  array (
    'errno' => 1064,
  ),
)

2019-01-17 18:57:10





array (
  0 => 
  array (
    'message' => 'MySQL Query Error',
  ),
  1 => 
  array (
    'sql' => 'select goods_id,prom_id,commission_price,is_designer,prom_type,cat_id,goods_sn,goods_name,brand_id,store_count,market_price,shop_price,supplier_id,add_time,goods_type,spec_type,goods_content,goods_remark,attribute,original_img,examine,is_on_sale,sales_sum,prom_id from `ylt_tp`.`ylt_goods` where goods_id=http://www.yilitong.com/mobile/Goods/goodsInfo/id/5046.html',
  ),
  2 => 
  array (
    'error' => 'You have an error in your SQL syntax; check the manual that corresponds to your MySQL server version for the right syntax to use near \'://www.yilitong.com/mobile/Goods/goodsInfo/id/5046.html\' at line 1',
  ),
  3 => 
  array (
    'errno' => 1064,
  ),
)

2019-01-17 18:57:13





array (
  0 => 
  array (
    'message' => 'MySQL Query Error',
  ),
  1 => 
  array (
    'sql' => 'select goods_id,prom_id,commission_price,is_designer,prom_type,cat_id,goods_sn,goods_name,brand_id,store_count,market_price,shop_price,supplier_id,add_time,goods_type,spec_type,goods_content,goods_remark,attribute,original_img,examine,is_on_sale,sales_sum,prom_id from `ylt_tp`.`ylt_goods` where goods_id=http://www.yilitong.com/mobile/Activity/discount/id/1.html',
  ),
  2 => 
  array (
    'error' => 'You have an error in your SQL syntax; check the manual that corresponds to your MySQL server version for the right syntax to use near \'://www.yilitong.com/mobile/Activity/discount/id/1.html\' at line 1',
  ),
  3 => 
  array (
    'errno' => 1064,
  ),
)

2019-01-17 18:57:14





array (
  0 => 
  array (
    'message' => 'MySQL Query Error',
  ),
  1 => 
  array (
    'sql' => 'select goods_id,prom_id,commission_price,is_designer,prom_type,cat_id,goods_sn,goods_name,brand_id,store_count,market_price,shop_price,supplier_id,add_time,goods_type,spec_type,goods_content,goods_remark,attribute,original_img,examine,is_on_sale,sales_sum,prom_id from `ylt_tp`.`ylt_goods` where goods_id=http://www.yilitong.com/mobile/Activity/discount/id/1.html',
  ),
  2 => 
  array (
    'error' => 'You have an error in your SQL syntax; check the manual that corresponds to your MySQL server version for the right syntax to use near \'://www.yilitong.com/mobile/Activity/discount/id/1.html\' at line 1',
  ),
  3 => 
  array (
    'errno' => 1064,
  ),
)

2019-01-17 18:57:15





array (
  0 => 
  array (
    'message' => 'MySQL Query Error',
  ),
  1 => 
  array (
    'sql' => 'select goods_id,prom_id,commission_price,is_designer,prom_type,cat_id,goods_sn,goods_name,brand_id,store_count,market_price,shop_price,supplier_id,add_time,goods_type,spec_type,goods_content,goods_remark,attribute,original_img,examine,is_on_sale,sales_sum,prom_id from `ylt_tp`.`ylt_goods` where goods_id=http://www.yilitong.com/mobile/Activity/discount/id/1.html',
  ),
  2 => 
  array (
    'error' => 'You have an error in your SQL syntax; check the manual that corresponds to your MySQL server version for the right syntax to use near \'://www.yilitong.com/mobile/Activity/discount/id/1.html\' at line 1',
  ),
  3 => 
  array (
    'errno' => 1064,
  ),
)

2019-01-17 18:57:15





array (
  0 => 
  array (
    'message' => 'MySQL Query Error',
  ),
  1 => 
  array (
    'sql' => 'select goods_id,prom_id,commission_price,is_designer,prom_type,cat_id,goods_sn,goods_name,brand_id,store_count,market_price,shop_price,supplier_id,add_time,goods_type,spec_type,goods_content,goods_remark,attribute,original_img,examine,is_on_sale,sales_sum,prom_id from `ylt_tp`.`ylt_goods` where goods_id=http://www.yilitong.com/mobile/Activity/discount/id/1.html',
  ),
  2 => 
  array (
    'error' => 'You have an error in your SQL syntax; check the manual that corresponds to your MySQL server version for the right syntax to use near \'://www.yilitong.com/mobile/Activity/discount/id/1.html\' at line 1',
  ),
  3 => 
  array (
    'errno' => 1064,
  ),
)

2019-01-17 18:57:16





array (
  0 => 
  array (
    'message' => 'MySQL Query Error',
  ),
  1 => 
  array (
    'sql' => 'select goods_id,prom_id,commission_price,is_designer,prom_type,cat_id,goods_sn,goods_name,brand_id,store_count,market_price,shop_price,supplier_id,add_time,goods_type,spec_type,goods_content,goods_remark,attribute,original_img,examine,is_on_sale,sales_sum,prom_id from `ylt_tp`.`ylt_goods` where goods_id=http://www.yilitong.com/mobile/Activity/discount/id/1.html',
  ),
  2 => 
  array (
    'error' => 'You have an error in your SQL syntax; check the manual that corresponds to your MySQL server version for the right syntax to use near \'://www.yilitong.com/mobile/Activity/discount/id/1.html\' at line 1',
  ),
  3 => 
  array (
    'errno' => 1064,
  ),
)

2019-01-17 18:57:16





array (
  0 => 
  array (
    'message' => 'MySQL Query Error',
  ),
  1 => 
  array (
    'sql' => 'select goods_id,prom_id,commission_price,is_designer,prom_type,cat_id,goods_sn,goods_name,brand_id,store_count,market_price,shop_price,supplier_id,add_time,goods_type,spec_type,goods_content,goods_remark,attribute,original_img,examine,is_on_sale,sales_sum,prom_id from `ylt_tp`.`ylt_goods` where goods_id=http://www.yilitong.com/mobile/Activity/discount/id/1.html',
  ),
  2 => 
  array (
    'error' => 'You have an error in your SQL syntax; check the manual that corresponds to your MySQL server version for the right syntax to use near \'://www.yilitong.com/mobile/Activity/discount/id/1.html\' at line 1',
  ),
  3 => 
  array (
    'errno' => 1064,
  ),
)

2019-01-17 18:57:21





array (
  0 => 
  array (
    'message' => 'MySQL Query Error',
  ),
  1 => 
  array (
    'sql' => 'select goods_id,prom_id,commission_price,is_designer,prom_type,cat_id,goods_sn,goods_name,brand_id,store_count,market_price,shop_price,supplier_id,add_time,goods_type,spec_type,goods_content,goods_remark,attribute,original_img,examine,is_on_sale,sales_sum,prom_id from `ylt_tp`.`ylt_goods` where goods_id=http://www.yilitong.com/mobile/Goods/goodsInfo/id/5046.html',
  ),
  2 => 
  array (
    'error' => 'You have an error in your SQL syntax; check the manual that corresponds to your MySQL server version for the right syntax to use near \'://www.yilitong.com/mobile/Goods/goodsInfo/id/5046.html\' at line 1',
  ),
  3 => 
  array (
    'errno' => 1064,
  ),
)

2019-01-17 18:57:28





array (
  0 => 
  array (
    'message' => 'MySQL Query Error',
  ),
  1 => 
  array (
    'sql' => 'select goods_id,prom_id,commission_price,is_designer,prom_type,cat_id,goods_sn,goods_name,brand_id,store_count,market_price,shop_price,supplier_id,add_time,goods_type,spec_type,goods_content,goods_remark,attribute,original_img,examine,is_on_sale,sales_sum,prom_id from `ylt_tp`.`ylt_goods` where goods_id=http://www.yilitong.com/mobile/Activity/discount/id/1.html',
  ),
  2 => 
  array (
    'error' => 'You have an error in your SQL syntax; check the manual that corresponds to your MySQL server version for the right syntax to use near \'://www.yilitong.com/mobile/Activity/discount/id/1.html\' at line 1',
  ),
  3 => 
  array (
    'errno' => 1064,
  ),
)

2019-01-17 18:57:43





array (
  0 => 
  array (
    'message' => 'MySQL Query Error',
  ),
  1 => 
  array (
    'sql' => 'select goods_id,prom_id,commission_price,is_designer,prom_type,cat_id,goods_sn,goods_name,brand_id,store_count,market_price,shop_price,supplier_id,add_time,goods_type,spec_type,goods_content,goods_remark,attribute,original_img,examine,is_on_sale,sales_sum,prom_id from `ylt_tp`.`ylt_goods` where goods_id=http://www.yilitong.com/mobile/Activity/discount/id/1.html',
  ),
  2 => 
  array (
    'error' => 'You have an error in your SQL syntax; check the manual that corresponds to your MySQL server version for the right syntax to use near \'://www.yilitong.com/mobile/Activity/discount/id/1.html\' at line 1',
  ),
  3 => 
  array (
    'errno' => 1064,
  ),
)

2019-01-17 19:04:53





array (
  0 => 
  array (
    'message' => 'MySQL Query Error',
  ),
  1 => 
  array (
    'sql' => 'select goods_id,prom_id,commission_price,is_designer,prom_type,cat_id,goods_sn,goods_name,brand_id,store_count,market_price,shop_price,supplier_id,add_time,goods_type,spec_type,goods_content,goods_remark,attribute,original_img,examine,is_on_sale,sales_sum,prom_id from `ylt_tp`.`ylt_goods` where goods_id=http://www.yilitong.com/mobile/Activity/discount/id/1.html',
  ),
  2 => 
  array (
    'error' => 'You have an error in your SQL syntax; check the manual that corresponds to your MySQL server version for the right syntax to use near \'://www.yilitong.com/mobile/Activity/discount/id/1.html\' at line 1',
  ),
  3 => 
  array (
    'errno' => 1064,
  ),
)

2019-01-17 19:04:56





array (
  0 => 
  array (
    'message' => 'MySQL Query Error',
  ),
  1 => 
  array (
    'sql' => 'select goods_id,prom_id,commission_price,is_designer,prom_type,cat_id,goods_sn,goods_name,brand_id,store_count,market_price,shop_price,supplier_id,add_time,goods_type,spec_type,goods_content,goods_remark,attribute,original_img,examine,is_on_sale,sales_sum,prom_id from `ylt_tp`.`ylt_goods` where goods_id=http://www.yilitong.com/mobile/Goods/goodsInfo/id/5046.html',
  ),
  2 => 
  array (
    'error' => 'You have an error in your SQL syntax; check the manual that corresponds to your MySQL server version for the right syntax to use near \'://www.yilitong.com/mobile/Goods/goodsInfo/id/5046.html\' at line 1',
  ),
  3 => 
  array (
    'errno' => 1064,
  ),
)

2019-01-17 19:05:11





array (
  0 => 
  array (
    'message' => 'MySQL Query Error',
  ),
  1 => 
  array (
    'sql' => 'select goods_id,prom_id,commission_price,is_designer,prom_type,cat_id,goods_sn,goods_name,brand_id,store_count,market_price,shop_price,supplier_id,add_time,goods_type,spec_type,goods_content,goods_remark,attribute,original_img,examine,is_on_sale,sales_sum,prom_id from `ylt_tp`.`ylt_goods` where goods_id=http://www.yilitong.com/mobile/Goods/goodsInfo/id/5046.html',
  ),
  2 => 
  array (
    'error' => 'You have an error in your SQL syntax; check the manual that corresponds to your MySQL server version for the right syntax to use near \'://www.yilitong.com/mobile/Goods/goodsInfo/id/5046.html\' at line 1',
  ),
  3 => 
  array (
    'errno' => 1064,
  ),
)

2019-01-17 19:11:22





array (
  0 => 
  array (
    'message' => 'MySQL Query Error',
  ),
  1 => 
  array (
    'sql' => 'select goods_id,prom_id,commission_price,is_designer,prom_type,cat_id,goods_sn,goods_name,brand_id,store_count,market_price,shop_price,supplier_id,add_time,goods_type,spec_type,goods_content,goods_remark,attribute,original_img,examine,is_on_sale,sales_sum,prom_id from `ylt_tp`.`ylt_goods` where goods_id=http://www.yilitong.com/mobile/Goods/goodsInfo/id/5046.html',
  ),
  2 => 
  array (
    'error' => 'You have an error in your SQL syntax; check the manual that corresponds to your MySQL server version for the right syntax to use near \'://www.yilitong.com/mobile/Goods/goodsInfo/id/5046.html\' at line 1',
  ),
  3 => 
  array (
    'errno' => 1064,
  ),
)

2019-01-17 19:20:00





array (
  0 => 
  array (
    'message' => 'MySQL Query Error',
  ),
  1 => 
  array (
    'sql' => 'select goods_id,prom_id,commission_price,is_designer,prom_type,cat_id,goods_sn,goods_name,brand_id,store_count,market_price,shop_price,supplier_id,add_time,goods_type,spec_type,goods_content,goods_remark,attribute,original_img,examine,is_on_sale,sales_sum,prom_id from `ylt_tp`.`ylt_goods` where goods_id=http://www.yilitong.com/mobile/Activity/discount/id/1.html',
  ),
  2 => 
  array (
    'error' => 'You have an error in your SQL syntax; check the manual that corresponds to your MySQL server version for the right syntax to use near \'://www.yilitong.com/mobile/Activity/discount/id/1.html\' at line 1',
  ),
  3 => 
  array (
    'errno' => 1064,
  ),
)

2019-01-17 19:21:16





array (
  0 => 
  array (
    'message' => 'MySQL Query Error',
  ),
  1 => 
  array (
    'sql' => 'select goods_id,prom_id,commission_price,is_designer,prom_type,cat_id,goods_sn,goods_name,brand_id,store_count,market_price,shop_price,supplier_id,add_time,goods_type,spec_type,goods_content,goods_remark,attribute,original_img,examine,is_on_sale,sales_sum,prom_id from `ylt_tp`.`ylt_goods` where goods_id=http://www.yilitong.com/Home/Goods/brandList?brand_id=679',
  ),
  2 => 
  array (
    'error' => 'You have an error in your SQL syntax; check the manual that corresponds to your MySQL server version for the right syntax to use near \'://www.yilitong.com/Home/Goods/brandList?brand_id=679\' at line 1',
  ),
  3 => 
  array (
    'errno' => 1064,
  ),
)

2019-01-17 19:21:17





array (
  0 => 
  array (
    'message' => 'MySQL Query Error',
  ),
  1 => 
  array (
    'sql' => 'select goods_id,prom_id,commission_price,is_designer,prom_type,cat_id,goods_sn,goods_name,brand_id,store_count,market_price,shop_price,supplier_id,add_time,goods_type,spec_type,goods_content,goods_remark,attribute,original_img,examine,is_on_sale,sales_sum,prom_id from `ylt_tp`.`ylt_goods` where goods_id=http://www.yilitong.com/Home/Goods/brandList?brand_id=679',
  ),
  2 => 
  array (
    'error' => 'You have an error in your SQL syntax; check the manual that corresponds to your MySQL server version for the right syntax to use near \'://www.yilitong.com/Home/Goods/brandList?brand_id=679\' at line 1',
  ),
  3 => 
  array (
    'errno' => 1064,
  ),
)

2019-01-17 19:21:18





array (
  0 => 
  array (
    'message' => 'MySQL Query Error',
  ),
  1 => 
  array (
    'sql' => 'select goods_id,prom_id,commission_price,is_designer,prom_type,cat_id,goods_sn,goods_name,brand_id,store_count,market_price,shop_price,supplier_id,add_time,goods_type,spec_type,goods_content,goods_remark,attribute,original_img,examine,is_on_sale,sales_sum,prom_id from `ylt_tp`.`ylt_goods` where goods_id=http://www.yilitong.com/Home/Goods/brandList?brand_id=679',
  ),
  2 => 
  array (
    'error' => 'You have an error in your SQL syntax; check the manual that corresponds to your MySQL server version for the right syntax to use near \'://www.yilitong.com/Home/Goods/brandList?brand_id=679\' at line 1',
  ),
  3 => 
  array (
    'errno' => 1064,
  ),
)

2019-01-17 19:21:42





array (
  0 => 
  array (
    'message' => 'MySQL Query Error',
  ),
  1 => 
  array (
    'sql' => 'select goods_id,prom_id,commission_price,is_designer,prom_type,cat_id,goods_sn,goods_name,brand_id,store_count,market_price,shop_price,supplier_id,add_time,goods_type,spec_type,goods_content,goods_remark,attribute,original_img,examine,is_on_sale,sales_sum,prom_id from `ylt_tp`.`ylt_goods` where goods_id=http://www.yilitong.com/Home/Goods/brandList?brand_id=679',
  ),
  2 => 
  array (
    'error' => 'You have an error in your SQL syntax; check the manual that corresponds to your MySQL server version for the right syntax to use near \'://www.yilitong.com/Home/Goods/brandList?brand_id=679\' at line 1',
  ),
  3 => 
  array (
    'errno' => 1064,
  ),
)

2019-01-17 19:21:43





array (
  0 => 
  array (
    'message' => 'MySQL Query Error',
  ),
  1 => 
  array (
    'sql' => 'select goods_id,prom_id,commission_price,is_designer,prom_type,cat_id,goods_sn,goods_name,brand_id,store_count,market_price,shop_price,supplier_id,add_time,goods_type,spec_type,goods_content,goods_remark,attribute,original_img,examine,is_on_sale,sales_sum,prom_id from `ylt_tp`.`ylt_goods` where goods_id=http://www.yilitong.com/Home/Goods/brandList?brand_id=679',
  ),
  2 => 
  array (
    'error' => 'You have an error in your SQL syntax; check the manual that corresponds to your MySQL server version for the right syntax to use near \'://www.yilitong.com/Home/Goods/brandList?brand_id=679\' at line 1',
  ),
  3 => 
  array (
    'errno' => 1064,
  ),
)

2019-01-17 19:21:44





array (
  0 => 
  array (
    'message' => 'MySQL Query Error',
  ),
  1 => 
  array (
    'sql' => 'select goods_id,prom_id,commission_price,is_designer,prom_type,cat_id,goods_sn,goods_name,brand_id,store_count,market_price,shop_price,supplier_id,add_time,goods_type,spec_type,goods_content,goods_remark,attribute,original_img,examine,is_on_sale,sales_sum,prom_id from `ylt_tp`.`ylt_goods` where goods_id=http://www.yilitong.com/Home/Goods/brandList?brand_id=679',
  ),
  2 => 
  array (
    'error' => 'You have an error in your SQL syntax; check the manual that corresponds to your MySQL server version for the right syntax to use near \'://www.yilitong.com/Home/Goods/brandList?brand_id=679\' at line 1',
  ),
  3 => 
  array (
    'errno' => 1064,
  ),
)

2019-01-17 19:21:44





array (
  0 => 
  array (
    'message' => 'MySQL Query Error',
  ),
  1 => 
  array (
    'sql' => 'select goods_id,prom_id,commission_price,is_designer,prom_type,cat_id,goods_sn,goods_name,brand_id,store_count,market_price,shop_price,supplier_id,add_time,goods_type,spec_type,goods_content,goods_remark,attribute,original_img,examine,is_on_sale,sales_sum,prom_id from `ylt_tp`.`ylt_goods` where goods_id=http://www.yilitong.com/Home/Goods/brandList?brand_id=679',
  ),
  2 => 
  array (
    'error' => 'You have an error in your SQL syntax; check the manual that corresponds to your MySQL server version for the right syntax to use near \'://www.yilitong.com/Home/Goods/brandList?brand_id=679\' at line 1',
  ),
  3 => 
  array (
    'errno' => 1064,
  ),
)

2019-01-17 19:21:44





array (
  0 => 
  array (
    'message' => 'MySQL Query Error',
  ),
  1 => 
  array (
    'sql' => 'select goods_id,prom_id,commission_price,is_designer,prom_type,cat_id,goods_sn,goods_name,brand_id,store_count,market_price,shop_price,supplier_id,add_time,goods_type,spec_type,goods_content,goods_remark,attribute,original_img,examine,is_on_sale,sales_sum,prom_id from `ylt_tp`.`ylt_goods` where goods_id=http://www.yilitong.com/Home/Goods/brandList?brand_id=679',
  ),
  2 => 
  array (
    'error' => 'You have an error in your SQL syntax; check the manual that corresponds to your MySQL server version for the right syntax to use near \'://www.yilitong.com/Home/Goods/brandList?brand_id=679\' at line 1',
  ),
  3 => 
  array (
    'errno' => 1064,
  ),
)

2019-01-17 19:21:47





array (
  0 => 
  array (
    'message' => 'MySQL Query Error',
  ),
  1 => 
  array (
    'sql' => 'select goods_id,prom_id,commission_price,is_designer,prom_type,cat_id,goods_sn,goods_name,brand_id,store_count,market_price,shop_price,supplier_id,add_time,goods_type,spec_type,goods_content,goods_remark,attribute,original_img,examine,is_on_sale,sales_sum,prom_id from `ylt_tp`.`ylt_goods` where goods_id=http://www.yilitong.com/Home/Goods/brandList?brand_id=679',
  ),
  2 => 
  array (
    'error' => 'You have an error in your SQL syntax; check the manual that corresponds to your MySQL server version for the right syntax to use near \'://www.yilitong.com/Home/Goods/brandList?brand_id=679\' at line 1',
  ),
  3 => 
  array (
    'errno' => 1064,
  ),
)

2019-01-17 19:22:08





array (
  0 => 
  array (
    'message' => 'MySQL Query Error',
  ),
  1 => 
  array (
    'sql' => 'select goods_id,prom_id,commission_price,is_designer,prom_type,cat_id,goods_sn,goods_name,brand_id,store_count,market_price,shop_price,supplier_id,add_time,goods_type,spec_type,goods_content,goods_remark,attribute,original_img,examine,is_on_sale,sales_sum,prom_id from `ylt_tp`.`ylt_goods` where goods_id=http://www.yilitong.com/Home/Goods/brandList?brand_id=679',
  ),
  2 => 
  array (
    'error' => 'You have an error in your SQL syntax; check the manual that corresponds to your MySQL server version for the right syntax to use near \'://www.yilitong.com/Home/Goods/brandList?brand_id=679\' at line 1',
  ),
  3 => 
  array (
    'errno' => 1064,
  ),
)

2019-01-17 19:27:31





array (
  0 => 
  array (
    'message' => 'MySQL Query Error',
  ),
  1 => 
  array (
    'sql' => 'select goods_id,prom_id,commission_price,is_designer,prom_type,cat_id,goods_sn,goods_name,brand_id,store_count,market_price,shop_price,supplier_id,add_time,goods_type,spec_type,goods_content,goods_remark,attribute,original_img,examine,is_on_sale,sales_sum,prom_id from `ylt_tp`.`ylt_goods` where goods_id=http://www.yilitong.com/Home/Goods/brandList?brand_id=679',
  ),
  2 => 
  array (
    'error' => 'You have an error in your SQL syntax; check the manual that corresponds to your MySQL server version for the right syntax to use near \'://www.yilitong.com/Home/Goods/brandList?brand_id=679\' at line 1',
  ),
  3 => 
  array (
    'errno' => 1064,
  ),
)

2019-01-17 19:27:35





array (
  0 => 
  array (
    'message' => 'MySQL Query Error',
  ),
  1 => 
  array (
    'sql' => 'select goods_id,prom_id,commission_price,is_designer,prom_type,cat_id,goods_sn,goods_name,brand_id,store_count,market_price,shop_price,supplier_id,add_time,goods_type,spec_type,goods_content,goods_remark,attribute,original_img,examine,is_on_sale,sales_sum,prom_id from `ylt_tp`.`ylt_goods` where goods_id=http://www.yilitong.com/Home/Goods/brandList?brand_id=679',
  ),
  2 => 
  array (
    'error' => 'You have an error in your SQL syntax; check the manual that corresponds to your MySQL server version for the right syntax to use near \'://www.yilitong.com/Home/Goods/brandList?brand_id=679\' at line 1',
  ),
  3 => 
  array (
    'errno' => 1064,
  ),
)

2019-01-17 19:34:58





array (
  0 => 
  array (
    'message' => 'MySQL Query Error',
  ),
  1 => 
  array (
    'sql' => 'select goods_id,prom_id,commission_price,is_designer,prom_type,cat_id,goods_sn,goods_name,brand_id,store_count,market_price,shop_price,supplier_id,add_time,goods_type,spec_type,goods_content,goods_remark,attribute,original_img,examine,is_on_sale,sales_sum,prom_id from `ylt_tp`.`ylt_goods` where goods_id=http://www.yilitong.com/Home/Goods/brandList?brand_id=679',
  ),
  2 => 
  array (
    'error' => 'You have an error in your SQL syntax; check the manual that corresponds to your MySQL server version for the right syntax to use near \'://www.yilitong.com/Home/Goods/brandList?brand_id=679\' at line 1',
  ),
  3 => 
  array (
    'errno' => 1064,
  ),
)

2019-01-17 19:34:59





array (
  0 => 
  array (
    'message' => 'MySQL Query Error',
  ),
  1 => 
  array (
    'sql' => 'select goods_id,prom_id,commission_price,is_designer,prom_type,cat_id,goods_sn,goods_name,brand_id,store_count,market_price,shop_price,supplier_id,add_time,goods_type,spec_type,goods_content,goods_remark,attribute,original_img,examine,is_on_sale,sales_sum,prom_id from `ylt_tp`.`ylt_goods` where goods_id=http://www.yilitong.com/Home/Goods/brandList?brand_id=679',
  ),
  2 => 
  array (
    'error' => 'You have an error in your SQL syntax; check the manual that corresponds to your MySQL server version for the right syntax to use near \'://www.yilitong.com/Home/Goods/brandList?brand_id=679\' at line 1',
  ),
  3 => 
  array (
    'errno' => 1064,
  ),
)

2019-01-17 19:35:02





array (
  0 => 
  array (
    'message' => 'MySQL Query Error',
  ),
  1 => 
  array (
    'sql' => 'select goods_id,prom_id,commission_price,is_designer,prom_type,cat_id,goods_sn,goods_name,brand_id,store_count,market_price,shop_price,supplier_id,add_time,goods_type,spec_type,goods_content,goods_remark,attribute,original_img,examine,is_on_sale,sales_sum,prom_id from `ylt_tp`.`ylt_goods` where goods_id=http://www.yilitong.com/Home/Goods/brandList?brand_id=679',
  ),
  2 => 
  array (
    'error' => 'You have an error in your SQL syntax; check the manual that corresponds to your MySQL server version for the right syntax to use near \'://www.yilitong.com/Home/Goods/brandList?brand_id=679\' at line 1',
  ),
  3 => 
  array (
    'errno' => 1064,
  ),
)

2019-01-17 19:48:45





array (
  0 => 
  array (
    'message' => 'MySQL Query Error',
  ),
  1 => 
  array (
    'sql' => 'select goods_id,prom_id,commission_price,is_designer,prom_type,cat_id,goods_sn,goods_name,brand_id,store_count,market_price,shop_price,supplier_id,add_time,goods_type,spec_type,goods_content,goods_remark,attribute,original_img,examine,is_on_sale,sales_sum,prom_id from `ylt_tp`.`ylt_goods` where goods_id=http://www.yilitong.com/mobile/Goods/goodsInfo/id/5046.html',
  ),
  2 => 
  array (
    'error' => 'You have an error in your SQL syntax; check the manual that corresponds to your MySQL server version for the right syntax to use near \'://www.yilitong.com/mobile/Goods/goodsInfo/id/5046.html\' at line 1',
  ),
  3 => 
  array (
    'errno' => 1064,
  ),
)

2019-01-17 19:49:01





array (
  0 => 
  array (
    'message' => 'MySQL Query Error',
  ),
  1 => 
  array (
    'sql' => 'select goods_id,prom_id,commission_price,is_designer,prom_type,cat_id,goods_sn,goods_name,brand_id,store_count,market_price,shop_price,supplier_id,add_time,goods_type,spec_type,goods_content,goods_remark,attribute,original_img,examine,is_on_sale,sales_sum,prom_id from `ylt_tp`.`ylt_goods` where goods_id=http://www.yilitong.com/Home/Goods/brandList?brand_id=679',
  ),
  2 => 
  array (
    'error' => 'You have an error in your SQL syntax; check the manual that corresponds to your MySQL server version for the right syntax to use near \'://www.yilitong.com/Home/Goods/brandList?brand_id=679\' at line 1',
  ),
  3 => 
  array (
    'errno' => 1064,
  ),
)

2019-01-17 19:49:02





array (
  0 => 
  array (
    'message' => 'MySQL Query Error',
  ),
  1 => 
  array (
    'sql' => 'select goods_id,prom_id,commission_price,is_designer,prom_type,cat_id,goods_sn,goods_name,brand_id,store_count,market_price,shop_price,supplier_id,add_time,goods_type,spec_type,goods_content,goods_remark,attribute,original_img,examine,is_on_sale,sales_sum,prom_id from `ylt_tp`.`ylt_goods` where goods_id=http://www.yilitong.com/Home/Goods/brandList?brand_id=679',
  ),
  2 => 
  array (
    'error' => 'You have an error in your SQL syntax; check the manual that corresponds to your MySQL server version for the right syntax to use near \'://www.yilitong.com/Home/Goods/brandList?brand_id=679\' at line 1',
  ),
  3 => 
  array (
    'errno' => 1064,
  ),
)

2019-01-17 19:49:02





array (
  0 => 
  array (
    'message' => 'MySQL Query Error',
  ),
  1 => 
  array (
    'sql' => 'select goods_id,prom_id,commission_price,is_designer,prom_type,cat_id,goods_sn,goods_name,brand_id,store_count,market_price,shop_price,supplier_id,add_time,goods_type,spec_type,goods_content,goods_remark,attribute,original_img,examine,is_on_sale,sales_sum,prom_id from `ylt_tp`.`ylt_goods` where goods_id=http://www.yilitong.com/Home/Goods/brandList?brand_id=679',
  ),
  2 => 
  array (
    'error' => 'You have an error in your SQL syntax; check the manual that corresponds to your MySQL server version for the right syntax to use near \'://www.yilitong.com/Home/Goods/brandList?brand_id=679\' at line 1',
  ),
  3 => 
  array (
    'errno' => 1064,
  ),
)

2019-01-17 19:49:02





array (
  0 => 
  array (
    'message' => 'MySQL Query Error',
  ),
  1 => 
  array (
    'sql' => 'select goods_id,prom_id,commission_price,is_designer,prom_type,cat_id,goods_sn,goods_name,brand_id,store_count,market_price,shop_price,supplier_id,add_time,goods_type,spec_type,goods_content,goods_remark,attribute,original_img,examine,is_on_sale,sales_sum,prom_id from `ylt_tp`.`ylt_goods` where goods_id=http://www.yilitong.com/Home/Goods/brandList?brand_id=679',
  ),
  2 => 
  array (
    'error' => 'You have an error in your SQL syntax; check the manual that corresponds to your MySQL server version for the right syntax to use near \'://www.yilitong.com/Home/Goods/brandList?brand_id=679\' at line 1',
  ),
  3 => 
  array (
    'errno' => 1064,
  ),
)

2019-01-17 19:49:02





array (
  0 => 
  array (
    'message' => 'MySQL Query Error',
  ),
  1 => 
  array (
    'sql' => 'select goods_id,prom_id,commission_price,is_designer,prom_type,cat_id,goods_sn,goods_name,brand_id,store_count,market_price,shop_price,supplier_id,add_time,goods_type,spec_type,goods_content,goods_remark,attribute,original_img,examine,is_on_sale,sales_sum,prom_id from `ylt_tp`.`ylt_goods` where goods_id=http://www.yilitong.com/Home/Goods/brandList?brand_id=679',
  ),
  2 => 
  array (
    'error' => 'You have an error in your SQL syntax; check the manual that corresponds to your MySQL server version for the right syntax to use near \'://www.yilitong.com/Home/Goods/brandList?brand_id=679\' at line 1',
  ),
  3 => 
  array (
    'errno' => 1064,
  ),
)

