[ 2020-04-26T09:26:45+08:00 ] 127.0.0.1 127.0.0.1 GET /
[ log ] tp.cn/ [运行时间：2.265129s][吞吐率：0.44req/s] [内存消耗：29,735.55kb] [文件加载：56]
[ info ] [ LANG ] E:\phpStudy\WWW\tp510\thinkphp\lang\zh-cn.php
[ info ] [ ROUTE ] array (
  'type' => 'module',
  'module' => 
  array (
    0 => '',
    1 => NULL,
    2 => NULL,
  ),
)
[ info ] [ HEADER ] array (
  'host' => 'tp.cn',
  'connection' => 'keep-alive',
  'upgrade-insecure-requests' => '1',
  'user-agent' => 'Mozilla/5.0 (Windows NT 6.1; Win64; x64) AppleWebKit/537.36 (KHTML, like Gecko) Chrome/75.0.3770.100 Safari/537.36',
  'accept' => 'text/html,application/xhtml+xml,application/xml;q=0.9,image/webp,image/apng,*/*;q=0.8,application/signed-exchange;v=b3',
  'accept-encoding' => 'gzip, deflate',
  'accept-language' => 'zh-CN,zh;q=0.9',
  'cookie' => 'UM_distinctid=16f22b3601a1c4-0a409da02e1879-3f385804-1fa400-16f22b3601b131; CNZZDATA1264421531=1279961756-1583717239-http%253A%252F%252Ftp.cn%252F%7C1586400580; Hm_lvt_7fb90411d45975d31698b327c980e88b=1587437814,1587518731,1587604213,1587692931; CNZZDATA1275398921=894064726-1576833015-%7C1587696931; CNZZDATA1275443667=1812905443-1582515900-null%7C1587708192',
)
[ info ] [ PARAM ] array (
)
[ info ] [ DB ] INIT mysql
[ info ] [ CACHE ] INIT File
[ info ] [ RUN ] ylt\home\controller\Index->index[ E:\phpStudy\WWW\tp510\application\home\controller\Index.php ]
[ info ] [ VIEW ] ./application/home/view/index\index.html [ array (
  0 => 'action',
  1 => 'goods_category_tree',
  2 => 'scenario_category_tree',
  3 => 'controller',
  4 => 'search_url',
  5 => 'brand_list',
  6 => 'config',
  7 => 'arrry',
  8 => 'arr',
  9 => 'supplier',
  10 => 'images',
  11 => 'map_list',
  12 => 'purchase_count',
  13 => 'is_hot',
  14 => 'brands',
  15 => 'suppliers',
  16 => 'supplier_lists',
  17 => 'gifts',
  18 => 'supplier_id',
  19 => 'region_list',
) ]
[ info ] [ LOG ] INIT File

---------------------------------------------------------------
[ 2020-04-26T09:26:49+08:00 ] 127.0.0.1 127.0.0.1 GET /Admin/Admin/login
[ log ] tp.cn/Admin/Admin/login [运行时间：0.723042s][吞吐率：1.38req/s] [内存消耗：3,098.51kb] [文件加载：56]
[ info ] [ LANG ] E:\phpStudy\WWW\tp510\thinkphp\lang\zh-cn.php
[ info ] [ ROUTE ] array (
  'type' => 'module',
  'module' => 
  array (
    0 => 'Admin',
    1 => 'Admin',
    2 => 'login',
  ),
)
[ info ] [ HEADER ] array (
  'host' => 'tp.cn',
  'connection' => 'keep-alive',
  'upgrade-insecure-requests' => '1',
  'user-agent' => 'Mozilla/5.0 (Windows NT 6.1; Win64; x64) AppleWebKit/537.36 (KHTML, like Gecko) Chrome/75.0.3770.100 Safari/537.36',
  'accept' => 'text/html,application/xhtml+xml,application/xml;q=0.9,image/webp,image/apng,*/*;q=0.8,application/signed-exchange;v=b3',
  'accept-encoding' => 'gzip, deflate',
  'accept-language' => 'zh-CN,zh;q=0.9',
  'cookie' => 'UM_distinctid=16f22b3601a1c4-0a409da02e1879-3f385804-1fa400-16f22b3601b131; CNZZDATA1264421531=1279961756-1583717239-http%253A%252F%252Ftp.cn%252F%7C1586400580; CNZZDATA1275443667=1812905443-1582515900-null%7C1587708192; PHPSESSID=1356qoit01q5e88n80gk8dhhi2; is_mobile=0; Hm_lvt_7fb90411d45975d31698b327c980e88b=1587518731,1587604213,1587692931,1587864406; Hm_lpvt_7fb90411d45975d31698b327c980e88b=1587864406; CNZZDATA1275398921=894064726-1576833015-%7C1587863832; nb-referrer-hostname=tp.cn; nb-start-page-url=http%3A%2F%2Ftp.cn%2F',
)
[ info ] [ PARAM ] array (
)
[ info ] [ DB ] INIT mysql
[ info ] [ CACHE ] INIT File
[ info ] [ RUN ] ylt\admin\controller\Admin->login[ E:\phpStudy\WWW\tp510\application\admin\controller\Admin.php ]
[ info ] [ VIEW ] ./application/admin/view/admin\login.html [ array (
  0 => 'action',
  1 => 'config',
  2 => 'navigate_admin',
) ]
[ info ] [ LOG ] INIT File

---------------------------------------------------------------
[ 2020-04-26T09:26:49+08:00 ] 127.0.0.1 127.0.0.1 GET /admin/Admin/vertify.html
[ log ] tp.cn/admin/Admin/vertify.html [运行时间：0.119006s][吞吐率：8.40req/s] [内存消耗：2,898.38kb] [文件加载：53]
[ info ] [ LANG ] E:\phpStudy\WWW\tp510\thinkphp\lang\zh-cn.php
[ info ] [ ROUTE ] array (
  'type' => 'module',
  'module' => 
  array (
    0 => 'admin',
    1 => 'Admin',
    2 => 'vertify',
  ),
)
[ info ] [ HEADER ] array (
  'host' => 'tp.cn',
  'connection' => 'keep-alive',
  'user-agent' => 'Mozilla/5.0 (Windows NT 6.1; Win64; x64) AppleWebKit/537.36 (KHTML, like Gecko) Chrome/75.0.3770.100 Safari/537.36',
  'accept' => 'image/webp,image/apng,image/*,*/*;q=0.8',
  'referer' => 'http://tp.cn/Admin/Admin/login',
  'accept-encoding' => 'gzip, deflate',
  'accept-language' => 'zh-CN,zh;q=0.9',
  'cookie' => 'UM_distinctid=16f22b3601a1c4-0a409da02e1879-3f385804-1fa400-16f22b3601b131; CNZZDATA1264421531=1279961756-1583717239-http%253A%252F%252Ftp.cn%252F%7C1586400580; CNZZDATA1275443667=1812905443-1582515900-null%7C1587708192; PHPSESSID=1356qoit01q5e88n80gk8dhhi2; is_mobile=0; Hm_lvt_7fb90411d45975d31698b327c980e88b=1587518731,1587604213,1587692931,1587864406; Hm_lpvt_7fb90411d45975d31698b327c980e88b=1587864406; CNZZDATA1275398921=894064726-1576833015-%7C1587863832; nb-referrer-hostname=tp.cn; nb-start-page-url=http%3A%2F%2Ftp.cn%2F',
)
[ info ] [ PARAM ] array (
)
[ info ] [ DB ] INIT mysql
[ info ] [ CACHE ] INIT File
[ info ] [ RUN ] ylt\admin\controller\Admin->vertify[ E:\phpStudy\WWW\tp510\application\admin\controller\Admin.php ]
[ info ] [ LOG ] INIT File

---------------------------------------------------------------
[ 2020-04-26T09:26:55+08:00 ] 127.0.0.1 127.0.0.1 POST /index.php/Admin/Admin/login/0.10197220672340768
[ log ] tp.cn/index.php/Admin/Admin/login/0.10197220672340768 [运行时间：0.194011s][吞吐率：5.15req/s] [内存消耗：2,962.16kb] [文件加载：53]
[ info ] [ LANG ] E:\phpStudy\WWW\tp510\thinkphp\lang\zh-cn.php
[ info ] [ ROUTE ] array (
  'type' => 'module',
  'module' => 
  array (
    0 => 'Admin',
    1 => 'Admin',
    2 => 'login',
  ),
)
[ info ] [ HEADER ] array (
  'host' => 'tp.cn',
  'connection' => 'keep-alive',
  'content-length' => '57',
  'accept' => 'application/json, text/javascript, */*; q=0.01',
  'origin' => 'http://tp.cn',
  'x-requested-with' => 'XMLHttpRequest',
  'user-agent' => 'Mozilla/5.0 (Windows NT 6.1; Win64; x64) AppleWebKit/537.36 (KHTML, like Gecko) Chrome/75.0.3770.100 Safari/537.36',
  'content-type' => 'application/x-www-form-urlencoded; charset=UTF-8',
  'referer' => 'http://tp.cn/Admin/Admin/login',
  'accept-encoding' => 'gzip, deflate',
  'accept-language' => 'zh-CN,zh;q=0.9',
  'cookie' => 'UM_distinctid=16f22b3601a1c4-0a409da02e1879-3f385804-1fa400-16f22b3601b131; CNZZDATA1264421531=1279961756-1583717239-http%253A%252F%252Ftp.cn%252F%7C1586400580; CNZZDATA1275443667=1812905443-1582515900-null%7C1587708192; PHPSESSID=1356qoit01q5e88n80gk8dhhi2; is_mobile=0; Hm_lvt_7fb90411d45975d31698b327c980e88b=1587518731,1587604213,1587692931,1587864406; Hm_lpvt_7fb90411d45975d31698b327c980e88b=1587864406; CNZZDATA1275398921=894064726-1576833015-%7C1587863832; nb-referrer-hostname=tp.cn; nb-start-page-url=http%3A%2F%2Ftp.cn%2F; admin_type=1',
)
[ info ] [ PARAM ] array (
  'username' => 'zhuangyoulian',
  'password' => 'zhuang123456',
  'vertify' => 'dftv',
)
[ info ] [ DB ] INIT mysql
[ info ] [ CACHE ] INIT File
[ info ] [ RUN ] ylt\admin\controller\Admin->login[ E:\phpStudy\WWW\tp510\application\admin\controller\Admin.php ]
[ info ] [ LOG ] INIT File

---------------------------------------------------------------
[ 2020-04-26T09:26:55+08:00 ] 127.0.0.1 127.0.0.1 GET /index.php/Admin/Index/index.html
[ log ] tp.cn/index.php/Admin/Index/index.html [运行时间：0.147008s][吞吐率：6.80req/s] [内存消耗：3,210.88kb] [文件加载：56]
[ info ] [ LANG ] E:\phpStudy\WWW\tp510\thinkphp\lang\zh-cn.php
[ info ] [ ROUTE ] array (
  'type' => 'module',
  'module' => 
  array (
    0 => 'Admin',
    1 => 'Index',
    2 => 'index',
  ),
)
[ info ] [ HEADER ] array (
  'host' => 'tp.cn',
  'connection' => 'keep-alive',
  'upgrade-insecure-requests' => '1',
  'user-agent' => 'Mozilla/5.0 (Windows NT 6.1; Win64; x64) AppleWebKit/537.36 (KHTML, like Gecko) Chrome/75.0.3770.100 Safari/537.36',
  'accept' => 'text/html,application/xhtml+xml,application/xml;q=0.9,image/webp,image/apng,*/*;q=0.8,application/signed-exchange;v=b3',
  'referer' => 'http://tp.cn/Admin/Admin/login',
  'accept-encoding' => 'gzip, deflate',
  'accept-language' => 'zh-CN,zh;q=0.9',
  'cookie' => 'UM_distinctid=16f22b3601a1c4-0a409da02e1879-3f385804-1fa400-16f22b3601b131; CNZZDATA1264421531=1279961756-1583717239-http%253A%252F%252Ftp.cn%252F%7C1586400580; CNZZDATA1275443667=1812905443-1582515900-null%7C1587708192; PHPSESSID=1356qoit01q5e88n80gk8dhhi2; is_mobile=0; Hm_lvt_7fb90411d45975d31698b327c980e88b=1587518731,1587604213,1587692931,1587864406; Hm_lpvt_7fb90411d45975d31698b327c980e88b=1587864406; CNZZDATA1275398921=894064726-1576833015-%7C1587863832; nb-referrer-hostname=tp.cn; nb-start-page-url=http%3A%2F%2Ftp.cn%2F; admin_type=1',
)
[ info ] [ PARAM ] array (
)
[ info ] [ DB ] INIT mysql
[ info ] [ CACHE ] INIT File
[ info ] [ RUN ] ylt\admin\controller\Index->index[ E:\phpStudy\WWW\tp510\application\admin\controller\Index.php ]
[ info ] [ VIEW ] ./application/admin/view/index\index.html [ array (
  0 => 'action',
  1 => 'config',
  2 => 'navigate_admin',
  3 => 'menu_list',
  4 => 'order_amount',
  5 => 'admin_info',
  6 => 'menu',
) ]
[ info ] [ LOG ] INIT File

---------------------------------------------------------------
[ 2020-04-26T09:26:55+08:00 ] 127.0.0.1 127.0.0.1 GET /Admin/Index/welcome
[ log ] tp.cn/Admin/Index/welcome [运行时间：0.091005s][吞吐率：10.99req/s] [内存消耗：2,950.61kb] [文件加载：55]
[ info ] [ LANG ] E:\phpStudy\WWW\tp510\thinkphp\lang\zh-cn.php
[ info ] [ ROUTE ] array (
  'type' => 'module',
  'module' => 
  array (
    0 => 'Admin',
    1 => 'Index',
    2 => 'welcome',
  ),
)
[ info ] [ HEADER ] array (
  'host' => 'tp.cn',
  'connection' => 'keep-alive',
  'upgrade-insecure-requests' => '1',
  'user-agent' => 'Mozilla/5.0 (Windows NT 6.1; Win64; x64) AppleWebKit/537.36 (KHTML, like Gecko) Chrome/75.0.3770.100 Safari/537.36',
  'accept' => 'text/html,application/xhtml+xml,application/xml;q=0.9,image/webp,image/apng,*/*;q=0.8,application/signed-exchange;v=b3',
  'referer' => 'http://tp.cn/index.php/Admin/Index/index.html',
  'accept-encoding' => 'gzip, deflate',
  'accept-language' => 'zh-CN,zh;q=0.9',
  'cookie' => 'UM_distinctid=16f22b3601a1c4-0a409da02e1879-3f385804-1fa400-16f22b3601b131; CNZZDATA1264421531=1279961756-1583717239-http%253A%252F%252Ftp.cn%252F%7C1586400580; CNZZDATA1275443667=1812905443-1582515900-null%7C1587708192; PHPSESSID=1356qoit01q5e88n80gk8dhhi2; is_mobile=0; Hm_lvt_7fb90411d45975d31698b327c980e88b=1587518731,1587604213,1587692931,1587864406; Hm_lpvt_7fb90411d45975d31698b327c980e88b=1587864406; CNZZDATA1275398921=894064726-1576833015-%7C1587863832; nb-referrer-hostname=tp.cn; nb-start-page-url=http%3A%2F%2Ftp.cn%2F; admin_type=1; workspaceParam=welcome%7CIndex',
)
[ info ] [ PARAM ] array (
)
[ info ] [ DB ] INIT mysql
[ info ] [ CACHE ] INIT File
[ info ] [ RUN ] ylt\admin\controller\Index->welcome[ E:\phpStudy\WWW\tp510\application\admin\controller\Index.php ]
[ info ] [ VIEW ] ./application/admin/view/index\welcome.html [ array (
  0 => 'action',
  1 => 'config',
  2 => 'navigate_admin',
) ]
[ info ] [ LOG ] INIT File

---------------------------------------------------------------
[ 2020-04-26T09:26:56+08:00 ] 127.0.0.1 127.0.0.1 POST /index.php/Admin/System/login_task.html
[ log ] tp.cn/index.php/Admin/System/login_task.html [运行时间：0.431025s][吞吐率：2.32req/s] [内存消耗：3,111.75kb] [文件加载：52]
[ info ] [ LANG ] E:\phpStudy\WWW\tp510\thinkphp\lang\zh-cn.php
[ info ] [ ROUTE ] array (
  'type' => 'module',
  'module' => 
  array (
    0 => 'Admin',
    1 => 'System',
    2 => 'login_task',
  ),
)
[ info ] [ HEADER ] array (
  'host' => 'tp.cn',
  'connection' => 'keep-alive',
  'content-length' => '23',
  'accept' => '*/*',
  'origin' => 'http://tp.cn',
  'x-requested-with' => 'XMLHttpRequest',
  'user-agent' => 'Mozilla/5.0 (Windows NT 6.1; Win64; x64) AppleWebKit/537.36 (KHTML, like Gecko) Chrome/75.0.3770.100 Safari/537.36',
  'content-type' => 'application/x-www-form-urlencoded; charset=UTF-8',
  'referer' => 'http://tp.cn/index.php/Admin/Index/index.html',
  'accept-encoding' => 'gzip, deflate',
  'accept-language' => 'zh-CN,zh;q=0.9',
  'cookie' => 'UM_distinctid=16f22b3601a1c4-0a409da02e1879-3f385804-1fa400-16f22b3601b131; CNZZDATA1264421531=1279961756-1583717239-http%253A%252F%252Ftp.cn%252F%7C1586400580; CNZZDATA1275443667=1812905443-1582515900-null%7C1587708192; PHPSESSID=1356qoit01q5e88n80gk8dhhi2; is_mobile=0; Hm_lvt_7fb90411d45975d31698b327c980e88b=1587518731,1587604213,1587692931,1587864406; Hm_lpvt_7fb90411d45975d31698b327c980e88b=1587864406; CNZZDATA1275398921=894064726-1576833015-%7C1587863832; nb-referrer-hostname=tp.cn; nb-start-page-url=http%3A%2F%2Ftp.cn%2F; admin_type=1',
)
[ info ] [ PARAM ] array (
  'timestamp' => '1587864415000',
)
[ info ] [ DB ] INIT mysql
[ info ] [ CACHE ] INIT File
[ info ] [ RUN ] ylt\admin\controller\System->login_task[ E:\phpStudy\WWW\tp510\application\admin\controller\System.php ]
[ info ] [ LOG ] INIT File

---------------------------------------------------------------
[ 2020-04-26T09:26:58+08:00 ] 127.0.0.1 127.0.0.1 GET /index.php/admin/System/cleanCache.html
[ log ] tp.cn/index.php/admin/System/cleanCache.html [运行时间：0.245014s][吞吐率：4.08req/s] [内存消耗：3,309.47kb] [文件加载：57]
[ info ] [ LANG ] E:\phpStudy\WWW\tp510\thinkphp\lang\zh-cn.php
[ info ] [ ROUTE ] array (
  'type' => 'module',
  'module' => 
  array (
    0 => 'admin',
    1 => 'System',
    2 => 'cleanCache',
  ),
)
[ info ] [ HEADER ] array (
  'host' => 'tp.cn',
  'connection' => 'keep-alive',
  'upgrade-insecure-requests' => '1',
  'user-agent' => 'Mozilla/5.0 (Windows NT 6.1; Win64; x64) AppleWebKit/537.36 (KHTML, like Gecko) Chrome/75.0.3770.100 Safari/537.36',
  'accept' => 'text/html,application/xhtml+xml,application/xml;q=0.9,image/webp,image/apng,*/*;q=0.8,application/signed-exchange;v=b3',
  'referer' => 'http://tp.cn/index.php/Admin/Index/index.html',
  'accept-encoding' => 'gzip, deflate',
  'accept-language' => 'zh-CN,zh;q=0.9',
  'cookie' => 'UM_distinctid=16f22b3601a1c4-0a409da02e1879-3f385804-1fa400-16f22b3601b131; CNZZDATA1264421531=1279961756-1583717239-http%253A%252F%252Ftp.cn%252F%7C1586400580; CNZZDATA1275443667=1812905443-1582515900-null%7C1587708192; PHPSESSID=1356qoit01q5e88n80gk8dhhi2; is_mobile=0; Hm_lvt_7fb90411d45975d31698b327c980e88b=1587518731,1587604213,1587692931,1587864406; Hm_lpvt_7fb90411d45975d31698b327c980e88b=1587864406; CNZZDATA1275398921=894064726-1576833015-%7C1587863832; nb-referrer-hostname=tp.cn; nb-start-page-url=http%3A%2F%2Ftp.cn%2F; admin_type=1; workspaceParam=welcome%7CIndex',
)
[ info ] [ PARAM ] array (
)
[ info ] [ DB ] INIT mysql
[ info ] [ CACHE ] INIT File
[ info ] [ RUN ] ylt\admin\controller\System->cleanCache[ E:\phpStudy\WWW\tp510\application\admin\controller\System.php ]
[ info ] [ VIEW ] ./application/admin/view/public\dispatch_jump.html [ array (
  0 => 'action',
  1 => 'config',
  2 => 'navigate_admin',
  3 => 'code',
  4 => 'msg',
  5 => 'data',
  6 => 'url',
  7 => 'wait',
) ]
[ info ] [ LOG ] INIT File

---------------------------------------------------------------
[ 2020-04-26T09:26:59+08:00 ] 127.0.0.1 127.0.0.1 GET /Admin/System/index
[ log ] tp.cn/Admin/System/index [运行时间：0.358021s][吞吐率：2.79req/s] [内存消耗：3,391.63kb] [文件加载：56]
[ info ] [ LANG ] E:\phpStudy\WWW\tp510\thinkphp\lang\zh-cn.php
[ info ] [ ROUTE ] array (
  'type' => 'module',
  'module' => 
  array (
    0 => 'Admin',
    1 => 'System',
    2 => 'index',
  ),
)
[ info ] [ HEADER ] array (
  'host' => 'tp.cn',
  'connection' => 'keep-alive',
  'upgrade-insecure-requests' => '1',
  'user-agent' => 'Mozilla/5.0 (Windows NT 6.1; Win64; x64) AppleWebKit/537.36 (KHTML, like Gecko) Chrome/75.0.3770.100 Safari/537.36',
  'accept' => 'text/html,application/xhtml+xml,application/xml;q=0.9,image/webp,image/apng,*/*;q=0.8,application/signed-exchange;v=b3',
  'referer' => 'http://tp.cn/index.php/Admin/Index/index.html',
  'accept-encoding' => 'gzip, deflate',
  'accept-language' => 'zh-CN,zh;q=0.9',
  'cookie' => 'UM_distinctid=16f22b3601a1c4-0a409da02e1879-3f385804-1fa400-16f22b3601b131; CNZZDATA1264421531=1279961756-1583717239-http%253A%252F%252Ftp.cn%252F%7C1586400580; CNZZDATA1275443667=1812905443-1582515900-null%7C1587708192; PHPSESSID=1356qoit01q5e88n80gk8dhhi2; is_mobile=0; Hm_lvt_7fb90411d45975d31698b327c980e88b=1587518731,1587604213,1587692931,1587864406; Hm_lpvt_7fb90411d45975d31698b327c980e88b=1587864406; CNZZDATA1275398921=894064726-1576833015-%7C1587863832; nb-referrer-hostname=tp.cn; nb-start-page-url=http%3A%2F%2Ftp.cn%2F; admin_type=1; workspaceParam=index%7CSystem',
)
[ info ] [ PARAM ] array (
)
[ info ] [ DB ] INIT mysql
[ info ] [ CACHE ] INIT File
[ info ] [ RUN ] ylt\admin\controller\System->index[ E:\phpStudy\WWW\tp510\application\admin\controller\System.php ]
[ info ] [ VIEW ] ./application/admin/view/system\shop_info.html [ array (
  0 => 'action',
  1 => 'config',
  2 => 'navigate_admin',
  3 => 'group_list',
  4 => 'inc_type',
  5 => 'province',
  6 => 'city',
  7 => 'area',
) ]
[ info ] [ LOG ] INIT File

---------------------------------------------------------------
[ 2020-04-26T09:26:59+08:00 ] 127.0.0.1 127.0.0.1 GET /Admin/Supplier/BusinessList
[ log ] tp.cn/Admin/Supplier/BusinessList [运行时间：0.156009s][吞吐率：6.41req/s] [内存消耗：3,315.67kb] [文件加载：57]
[ info ] [ LANG ] E:\phpStudy\WWW\tp510\thinkphp\lang\zh-cn.php
[ info ] [ ROUTE ] array (
  'type' => 'module',
  'module' => 
  array (
    0 => 'Admin',
    1 => 'Supplier',
    2 => 'BusinessList',
  ),
)
[ info ] [ HEADER ] array (
  'host' => 'tp.cn',
  'connection' => 'keep-alive',
  'upgrade-insecure-requests' => '1',
  'user-agent' => 'Mozilla/5.0 (Windows NT 6.1; Win64; x64) AppleWebKit/537.36 (KHTML, like Gecko) Chrome/75.0.3770.100 Safari/537.36',
  'accept' => 'text/html,application/xhtml+xml,application/xml;q=0.9,image/webp,image/apng,*/*;q=0.8,application/signed-exchange;v=b3',
  'referer' => 'http://tp.cn/index.php/Admin/Index/index.html',
  'accept-encoding' => 'gzip, deflate',
  'accept-language' => 'zh-CN,zh;q=0.9',
  'cookie' => 'UM_distinctid=16f22b3601a1c4-0a409da02e1879-3f385804-1fa400-16f22b3601b131; CNZZDATA1264421531=1279961756-1583717239-http%253A%252F%252Ftp.cn%252F%7C1586400580; CNZZDATA1275443667=1812905443-1582515900-null%7C1587708192; PHPSESSID=1356qoit01q5e88n80gk8dhhi2; is_mobile=0; Hm_lvt_7fb90411d45975d31698b327c980e88b=1587518731,1587604213,1587692931,1587864406; Hm_lpvt_7fb90411d45975d31698b327c980e88b=1587864406; CNZZDATA1275398921=894064726-1576833015-%7C1587863832; nb-referrer-hostname=tp.cn; nb-start-page-url=http%3A%2F%2Ftp.cn%2F; admin_type=1; workspaceParam=BusinessList%7CSupplier',
)
[ info ] [ PARAM ] array (
)
[ info ] [ DB ] INIT mysql
[ info ] [ CACHE ] INIT File
[ info ] [ RUN ] ylt\admin\controller\Supplier->BusinessList[ E:\phpStudy\WWW\tp510\application\admin\controller\Supplier.php ]
[ info ] [ VIEW ] ./application/admin/view/supplier\BusinessList.html [ array (
  0 => 'action',
  1 => 'config',
  2 => 'navigate_admin',
  3 => 'pager',
  4 => 'page',
  5 => 'arr',
) ]
[ info ] [ LOG ] INIT File

---------------------------------------------------------------
[ 2020-04-26T09:27:00+08:00 ] 127.0.0.1 127.0.0.1 GET /Admin/Report/index
[ log ] tp.cn/Admin/Report/index [运行时间：0.649038s][吞吐率：1.54req/s] [内存消耗：3,137.06kb] [文件加载：56]
[ info ] [ LANG ] E:\phpStudy\WWW\tp510\thinkphp\lang\zh-cn.php
[ info ] [ ROUTE ] array (
  'type' => 'module',
  'module' => 
  array (
    0 => 'Admin',
    1 => 'Report',
    2 => 'index',
  ),
)
[ info ] [ HEADER ] array (
  'host' => 'tp.cn',
  'connection' => 'keep-alive',
  'upgrade-insecure-requests' => '1',
  'user-agent' => 'Mozilla/5.0 (Windows NT 6.1; Win64; x64) AppleWebKit/537.36 (KHTML, like Gecko) Chrome/75.0.3770.100 Safari/537.36',
  'accept' => 'text/html,application/xhtml+xml,application/xml;q=0.9,image/webp,image/apng,*/*;q=0.8,application/signed-exchange;v=b3',
  'referer' => 'http://tp.cn/index.php/Admin/Index/index.html',
  'accept-encoding' => 'gzip, deflate',
  'accept-language' => 'zh-CN,zh;q=0.9',
  'cookie' => 'UM_distinctid=16f22b3601a1c4-0a409da02e1879-3f385804-1fa400-16f22b3601b131; CNZZDATA1264421531=1279961756-1583717239-http%253A%252F%252Ftp.cn%252F%7C1586400580; CNZZDATA1275443667=1812905443-1582515900-null%7C1587708192; PHPSESSID=1356qoit01q5e88n80gk8dhhi2; is_mobile=0; Hm_lvt_7fb90411d45975d31698b327c980e88b=1587518731,1587604213,1587692931,1587864406; Hm_lpvt_7fb90411d45975d31698b327c980e88b=1587864406; CNZZDATA1275398921=894064726-1576833015-%7C1587863832; nb-referrer-hostname=tp.cn; nb-start-page-url=http%3A%2F%2Ftp.cn%2F; admin_type=1; workspaceParam=index%7CReport',
)
[ info ] [ PARAM ] array (
)
[ info ] [ DB ] INIT mysql
[ info ] [ CACHE ] INIT File
[ info ] [ RUN ] ylt\admin\controller\Report->index[ E:\phpStudy\WWW\tp510\application\admin\controller\Report.php ]
[ info ] [ VIEW ] ./application/admin/view/report\index.html [ array (
  0 => 'action',
  1 => 'config',
  2 => 'start_time',
  3 => 'end_time',
  4 => 'timegap',
  5 => 'navigate_admin',
  6 => 'today',
) ]
[ info ] [ LOG ] INIT File

---------------------------------------------------------------
[ 2020-04-26T09:27:01+08:00 ] 127.0.0.1 127.0.0.1 GET /Admin/Promotion/discount_list
[ log ] tp.cn/Admin/Promotion/discount_list [运行时间：0.163009s][吞吐率：6.13req/s] [内存消耗：3,325.55kb] [文件加载：57]
[ info ] [ LANG ] E:\phpStudy\WWW\tp510\thinkphp\lang\zh-cn.php
[ info ] [ ROUTE ] array (
  'type' => 'module',
  'module' => 
  array (
    0 => 'Admin',
    1 => 'Promotion',
    2 => 'discount_list',
  ),
)
[ info ] [ HEADER ] array (
  'host' => 'tp.cn',
  'connection' => 'keep-alive',
  'upgrade-insecure-requests' => '1',
  'user-agent' => 'Mozilla/5.0 (Windows NT 6.1; Win64; x64) AppleWebKit/537.36 (KHTML, like Gecko) Chrome/75.0.3770.100 Safari/537.36',
  'accept' => 'text/html,application/xhtml+xml,application/xml;q=0.9,image/webp,image/apng,*/*;q=0.8,application/signed-exchange;v=b3',
  'referer' => 'http://tp.cn/index.php/Admin/Index/index.html',
  'accept-encoding' => 'gzip, deflate',
  'accept-language' => 'zh-CN,zh;q=0.9',
  'cookie' => 'UM_distinctid=16f22b3601a1c4-0a409da02e1879-3f385804-1fa400-16f22b3601b131; CNZZDATA1264421531=1279961756-1583717239-http%253A%252F%252Ftp.cn%252F%7C1586400580; CNZZDATA1275443667=1812905443-1582515900-null%7C1587708192; PHPSESSID=1356qoit01q5e88n80gk8dhhi2; is_mobile=0; Hm_lvt_7fb90411d45975d31698b327c980e88b=1587518731,1587604213,1587692931,1587864406; Hm_lpvt_7fb90411d45975d31698b327c980e88b=1587864406; CNZZDATA1275398921=894064726-1576833015-%7C1587863832; nb-referrer-hostname=tp.cn; nb-start-page-url=http%3A%2F%2Ftp.cn%2F; admin_type=1; workspaceParam=discount_list%7CPromotion',
)
[ info ] [ PARAM ] array (
)
[ info ] [ DB ] INIT mysql
[ info ] [ CACHE ] INIT File
[ info ] [ RUN ] ylt\admin\controller\Promotion->discount_list[ E:\phpStudy\WWW\tp510\application\admin\controller\Promotion.php ]
[ info ] [ VIEW ] ./application/admin/view/promotion\discount_list.html [ array (
  0 => 'action',
  1 => 'config',
  2 => 'navigate_admin',
  3 => 'pager',
  4 => 'page',
  5 => 'discount_list',
) ]
[ info ] [ LOG ] INIT File

---------------------------------------------------------------
