[ 2020-04-26T09:26:45+08:00 ] [ sql ] [ DB ] CONNECT:[ UseTime:0.004000s ] mysql:dbname=ylt_tp;host=127.0.0.1;port=3306;charset=utf8
[ sql ] [ SQL ] SHOW COLUMNS FROM `ylt_gifts_category` [ RunTime:0.021001s ]
[ sql ] [ SQL ] SELECT * FROM `ylt_gifts_category` ORDER BY sort_order DESC [ RunTime:0.001000s ]
[ sql ] [ SQL ] SHOW COLUMNS FROM `ylt_purchase` [ RunTime:0.039002s ]
[ sql ] [ SQL ] SELECT * FROM `ylt_purchase` WHERE  `status` = 1  AND `dead_time` > 1587864403 ORDER BY id desc LIMIT 0,20 [ RunTime:0.007000s ]
[ sql ] [ SQL ] SHOW COLUMNS FROM `ylt_supplier` [ RunTime:0.029001s ]
[ sql ] [ SQL ] SELECT `supplier_id` FROM `ylt_supplier` WHERE  (  is_designer=0 and status=1 ) ORDER BY add_time desc [ RunTime:0.041003s ]
[ sql ] [ SQL ] SHOW COLUMNS FROM `ylt_goods` [ RunTime:0.010000s ]
[ sql ] [ SQL ] SELECT `supplier_id` FROM `ylt_goods` WHERE  (  supplier_id in (849,994,990,981,983,977,686,974,976,962,973,969,831,964,960,963,957,947,946,945,939,933,930,927,929,925,906,924,921,1,905,913,909,898,881,873,866,862,861,858,857,682,843,841,829,833,828,773,826,821,817,804,802,797,791,775,762,770,765,769,751,745,721,725,749,744,738,737,736,723,720,715,714,710,709,707,708,702,699,701,692,693,689,687,685,656,653,652,648,649,644,643,641,638,637,633,636,619,630,593,629,628,584,622,615,618,614,575,612,606,605,609,607,608,602,601,600,599,598,596,592,591,549,581,578,577,567,576,573,571,569,568,566,565,559,564,562,560,556,551,548,554,552,550,539,546,536,531,543,544,541,542,540,538,535,534,532,530,528,525,515,526,523,519,522,516,517,295,459,500,507,511,510,475,492,509,493,508,488,504,494,498,497,491,495,462,480,445,485,484,482,483,477,476,473,451,446,474,471,470,460,464,458,455,456,454,453,452,449,450,448,436,444,442,440,431,437,435,429,432,427,424,423,418,96,417,410,416,409,400,401,384,397,388,387,381,366,328,378,372,364,363,362,359,354,353,350,351,348,349,347,346,107,342,338,339,336,327,324,307,303,302,300,299,297,296,291,289,287,283,285,286,284,265,281,271,273,280,279,275,272,267,269,268,263,261,260,259,255,224,257,256,254,156,251,244,248,247,226,246,245,237,243,230,240,241,234,235,233,232,222,228,212,225,227,223,188,221,217,215,186,206,213,199,211,187,209,208,207,205,203,201,200,198,197,194,195,193,190,192,191,177,185,179,183,181,180,175,174,170,168,169,167,166,165,162,157,158,159,160,152,155,153,151,150,143,149,52,147,146,144,136,141,132,139,140,137,135,134,131,130,129,127,121,126,124,122,115,120,119,117,98,92,114,103,110,93,108,105,104,101,89,99,90,97,88,95,87,73,78,77,76,75,74,72,71,70,69,68,66,65,64,63,62,61,60,59,58,57,56,55,54,53,51,49,48,47,46,45,44,43,42,41,39,40,38,36,33,31,29,27,24) and is_on_sale=1 and examine=1 and is_recommend=1 ) GROUP BY supplier_id ORDER BY supplier_id desc [ RunTime:0.335020s ]
[ sql ] [ SQL ] SELECT `supplier_id`,`supplier_name`,`logo` FROM `ylt_supplier` WHERE  (  supplier_id in (929,913,905,881,873,858,857,773,770,762,749,745,723,720,715,709,708,707,699,686,656,653,652,649,638,637,636,630,629,628,619,618,615,614,612,608,607,606,605,601,600,596,593,592,591,578,577,573,571,569,568,567,564,562,560,559,556,552,551,548,546,542,540,539,536,534,532,526,525,523,519,517,516,510,508,507,500,498,497,494,493,491,488,484,483,482,480,477,476,475,474,464,462,460,456,453,452,450,449,444,440,437,435,429,423,418,416,410,409,401,400,397,387,381,372,366,364,363,359,351,350,348,346,342,338,336,324,307,302,300,299,297,295,286,285,281,275,273,272,271,265,263,261,259,257,255,254,248,246,245,243,240,235,234,233,230,227,223,222,213,212,209,207,206,205,200,199,197,195,194,191,186,185,183,180,177,167,165,162,159,158,157,149,147,146,143,140,139,136,135,134,130,127,122,120,119,115,114,110,107,105,104,103,95,93,90,89,88,87,74,69,65,48,47,46,45,43,41,27,24,1) )  AND (  is_designer=0 and status=1 and logo!='' ) ORDER BY add_time desc LIMIT 0,30 [ RunTime:0.004000s ]
[ sql ] [ SQL ] SELECT * FROM `ylt_supplier` WHERE  (  is_designer=0 and status=1 ) ORDER BY add_time desc LIMIT 0,30 [ RunTime:0.004000s ]
[ sql ] [ SQL ] SHOW COLUMNS FROM `ylt_brand` [ RunTime:0.042003s ]
[ sql ] [ SQL ] SELECT `b`.`id`,`b`.`name`,`b`.`logo` FROM `ylt_brand` `b` INNER JOIN `ylt_goods` `g` ON `b`.`id`=`g`.`brand_id` WHERE  (  b.logo != '' and b.is_hot = 1 and g.examine = 1 and is_on_sale = 1  ) GROUP BY b.id ORDER BY rand() LIMIT 30 [ RunTime:0.027001s ]
[ sql ] [ SQL ] SELECT `goods_id`,`goods_name`,`goods_thumb`,`sales_sum`,`prom_type`,`shop_price` FROM `ylt_goods` WHERE  (  examine = 1 and is_recommend =1 and is_on_sale = 1 and is_designer = 0 ) ORDER BY sort LIMIT 0,8 [ RunTime:0.002001s ]
[ sql ] [ SQL ] SELECT * FROM `ylt_purchase` WHERE  (  status=1 )  AND `dead_time` > 1587864404 ORDER BY id desc LIMIT 0,8 [ RunTime:0.002000s ]
[ sql ] [ SQL ] SHOW COLUMNS FROM `ylt_purchase_list` [ RunTime:0.017001s ]
[ sql ] [ SQL ] SELECT COUNT(*) AS tp_count FROM `ylt_purchase_list` WHERE  (  purchase_id = 369 ) LIMIT 1 [ RunTime:0.002001s ]
[ sql ] [ SQL ] SELECT * FROM `ylt_purchase_list` WHERE  (  purchase_id = 369 ) [ RunTime:0.002000s ]
[ sql ] [ SQL ] SELECT COUNT(*) AS tp_count FROM `ylt_purchase_list` WHERE  (  purchase_id = 368 ) LIMIT 1 [ RunTime:0.001000s ]
[ sql ] [ SQL ] SELECT * FROM `ylt_purchase_list` WHERE  (  purchase_id = 368 ) [ RunTime:0.001000s ]
[ sql ] [ SQL ] SELECT COUNT(*) AS tp_count FROM `ylt_purchase_list` WHERE  (  purchase_id = 367 ) LIMIT 1 [ RunTime:0.001000s ]
[ sql ] [ SQL ] SELECT * FROM `ylt_purchase_list` WHERE  (  purchase_id = 367 ) [ RunTime:0.001000s ]
[ sql ] [ SQL ] SELECT COUNT(*) AS tp_count FROM `ylt_purchase_list` WHERE  (  purchase_id = 362 ) LIMIT 1 [ RunTime:0.001000s ]
[ sql ] [ SQL ] SELECT * FROM `ylt_purchase_list` WHERE  (  purchase_id = 362 ) [ RunTime:0.001000s ]
[ sql ] [ SQL ] SELECT COUNT(*) AS tp_count FROM `ylt_purchase_list` WHERE  (  purchase_id = 361 ) LIMIT 1 [ RunTime:0.001000s ]
[ sql ] [ SQL ] SELECT * FROM `ylt_purchase_list` WHERE  (  purchase_id = 361 ) [ RunTime:0.001000s ]
[ sql ] [ SQL ] SELECT COUNT(*) AS tp_count FROM `ylt_purchase_list` WHERE  (  purchase_id = 360 ) LIMIT 1 [ RunTime:0.001000s ]
[ sql ] [ SQL ] SELECT * FROM `ylt_purchase_list` WHERE  (  purchase_id = 360 ) [ RunTime:0.001001s ]
[ sql ] [ SQL ] SELECT COUNT(*) AS tp_count FROM `ylt_purchase_list` WHERE  (  purchase_id = 358 ) LIMIT 1 [ RunTime:0.001000s ]
[ sql ] [ SQL ] SELECT * FROM `ylt_purchase_list` WHERE  (  purchase_id = 358 ) [ RunTime:0.001000s ]
[ sql ] [ SQL ] SELECT COUNT(*) AS tp_count FROM `ylt_purchase` WHERE  (  status=1 ) LIMIT 1 [ RunTime:0.001000s ]
[ sql ] [ SQL ] SHOW COLUMNS FROM `ylt_article` [ RunTime:0.052003s ]
[ sql ] [ SQL ] SELECT thumb as image,`title`,`article_id` FROM `ylt_article` WHERE  (  thumb != ' ' and is_open != 0 and is_ecommend != 0 ) ORDER BY publish_time desc LIMIT 2 [ RunTime:0.053003s ]
[ sql ] [ SQL ] SELECT publish_time as time,`title`,`article_id` FROM `ylt_article` WHERE  (  cat_id = 3 and is_open = 1 ) ORDER BY publish_time desc LIMIT 8 [ RunTime:0.002000s ]
[ sql ] [ SQL ] SHOW COLUMNS FROM `ylt_supplier_user` [ RunTime:0.030002s ]
[ sql ] [ SQL ] SELECT * FROM `ylt_supplier_user` `u` LEFT JOIN `ylt_supplier` `s` ON `s`.`supplier_id`=`u`.`supplier_id` WHERE  `u`.`admin_id` IS NULL LIMIT 1 [ RunTime:0.002000s ]
[ sql ] [ SQL ] SHOW COLUMNS FROM `ylt_ad_position` [ RunTime:0.052003s ]
[ sql ] [ SQL ] SELECT `position_id`,`position_name`,`ad_width`,`ad_height` FROM `ylt_ad_position` [ RunTime:0.002000s ]
[ sql ] [ SQL ] SHOW COLUMNS FROM `ylt_ad` [ RunTime:0.044003s ]
[ sql ] [ SQL ] SELECT * FROM `ylt_ad` WHERE  (  pid =  43 and enabled = 1   ) ORDER BY orderby desc LIMIT 1 [ RunTime:0.011001s ]
[ sql ] [ SQL ] SELECT * FROM `ylt_ad` WHERE  (  pid =  43 and enabled = 1   ) ORDER BY orderby desc LIMIT 5 [ RunTime:0.001000s ]
[ sql ] [ SQL ] SELECT * FROM `ylt_ad` WHERE  (  ad_id = 179 and enabled = 1   ) ORDER BY orderby desc LIMIT 1 [ RunTime:0.001000s ]
[ sql ] [ SQL ] SELECT * FROM `ylt_ad` WHERE  (  ad_id = 178 and enabled = 1   ) ORDER BY orderby desc LIMIT 1 [ RunTime:0.001000s ]
[ sql ] [ SQL ] SELECT * FROM `ylt_ad` WHERE  (  ad_id = 180 and enabled = 1   ) ORDER BY orderby desc LIMIT 1 [ RunTime:0.001000s ]
[ sql ] [ SQL ] select * from `ylt_article_cat` where parent_id = 2 [ RunTime:0.010001s ]
[ sql ] [ SQL ] select * from `ylt_article` where cat_id = 1 and is_open=1 [ RunTime:0.002000s ]
[ sql ] [ SQL ] select * from `ylt_article` where cat_id = 7 and is_open=1 [ RunTime:0.001000s ]
[ sql ] [ SQL ] select * from `ylt_article` where cat_id = 87 and is_open=1 [ RunTime:0.001000s ]
[ sql ] [ SQL ] select * from `ylt_article` where cat_id = 89 and is_open=1 [ RunTime:0.002000s ]
[ sql ] [ SQL ] select * from `ylt_article` where cat_id = 90 and is_open=1 [ RunTime:0.002000s ]
[ sql ] [ SQL ] select * from `ylt_friend_link` where is_show = 1 order by orderby asc [ RunTime:0.026001s ]

---------------------------------------------------------------
[ 2020-04-26T09:26:49+08:00 ] [ sql ] [ DB ] CONNECT:[ UseTime:0.003001s ] mysql:dbname=ylt_tp;host=127.0.0.1;port=3306;charset=utf8
[ sql ] [ SQL ] SHOW COLUMNS FROM `ylt_admin_user` [ RunTime:0.024001s ]
[ sql ] [ SQL ] SELECT `r`.`act_list`,`r`.`role_name`,`r`.`is_three`,`a`.`admin_id` FROM `ylt_admin_user` `a` INNER JOIN `ylt_admin_role` `r` ON `a`.`role_id`=`r`.`role_id` WHERE  `a`.`admin_id` IS NULL LIMIT 1 [ RunTime:0.035002s ]
[ sql ] [ SQL ] SHOW COLUMNS FROM `ylt_order` [ RunTime:0.078005s ]
[ sql ] [ SQL ] SELECT `order_id` FROM `ylt_order` WHERE  (  order_status = 3 and shipping_status = 0 and pay_status = 0 and add_time <1587259608 ) [ RunTime:0.033001s ]
[ sql ] [ SQL ] SHOW COLUMNS FROM `ylt_order_goods` [ RunTime:0.069004s ]
[ sql ] [ SQL ] DELETE FROM `ylt_order_goods`    WHERE  (  is_send = 0 and order_id =9832 ) [ RunTime:0.032002s ]
[ sql ] [ SQL ] DELETE FROM `ylt_order_goods`    WHERE  (  is_send = 0 and order_id =9834 ) [ RunTime:0.029002s ]
[ sql ] [ SQL ] DELETE FROM `ylt_order_goods`    WHERE  (  is_send = 0 and order_id =9835 ) [ RunTime:0.031002s ]
[ sql ] [ SQL ] DELETE FROM `ylt_order_goods`    WHERE  (  is_send = 0 and order_id =9837 ) [ RunTime:0.025001s ]
[ sql ] [ SQL ] DELETE FROM `ylt_order_goods`    WHERE  (  is_send = 0 and order_id =9843 ) [ RunTime:0.029002s ]
[ sql ] [ SQL ] DELETE FROM `ylt_order_goods`    WHERE  (  is_send = 0 and order_id =9844 ) [ RunTime:0.029002s ]
[ sql ] [ SQL ] DELETE FROM `ylt_order_goods`    WHERE  (  is_send = 0 and order_id =9845 ) [ RunTime:0.029001s ]
[ sql ] [ SQL ] DELETE FROM `ylt_order_goods`    WHERE  (  is_send = 0 and order_id =9846 ) [ RunTime:0.029002s ]
[ sql ] [ SQL ] DELETE FROM `ylt_order_goods`    WHERE  (  is_send = 0 and order_id =9847 ) [ RunTime:0.028002s ]
[ sql ] [ SQL ] DELETE FROM `ylt_order`    WHERE  (  order_status = 3 and shipping_status = 0 and pay_status = 0 and add_time <1587259608 ) [ RunTime:0.037002s ]
[ sql ] [ SQL ] SELECT `p`.`name`,`p`.`id`,`a`.`role_id` FROM `ylt_admin_user` `a` INNER JOIN `ylt_plate_menu` `p` ON `a`.`plate_id`=`p`.`id` WHERE  `a`.`admin_id` IS NULL LIMIT 1 [ RunTime:0.011000s ]

---------------------------------------------------------------
[ 2020-04-26T09:26:49+08:00 ] [ sql ] [ DB ] CONNECT:[ UseTime:0.004000s ] mysql:dbname=ylt_tp;host=127.0.0.1;port=3306;charset=utf8
[ sql ] [ SQL ] SHOW COLUMNS FROM `ylt_admin_user` [ RunTime:0.007000s ]
[ sql ] [ SQL ] SELECT `r`.`act_list`,`r`.`role_name`,`r`.`is_three`,`a`.`admin_id` FROM `ylt_admin_user` `a` INNER JOIN `ylt_admin_role` `r` ON `a`.`role_id`=`r`.`role_id` WHERE  `a`.`admin_id` IS NULL LIMIT 1 [ RunTime:0.002000s ]
[ sql ] [ SQL ] SHOW COLUMNS FROM `ylt_order` [ RunTime:0.010000s ]
[ sql ] [ SQL ] SELECT `order_id` FROM `ylt_order` WHERE  (  order_status = 3 and shipping_status = 0 and pay_status = 0 and add_time <1587259609 ) [ RunTime:0.005001s ]
[ sql ] [ SQL ] DELETE FROM `ylt_order`    WHERE  (  order_status = 3 and shipping_status = 0 and pay_status = 0 and add_time <1587259609 ) [ RunTime:0.012000s ]
[ sql ] [ SQL ] SELECT `p`.`name`,`p`.`id`,`a`.`role_id` FROM `ylt_admin_user` `a` INNER JOIN `ylt_plate_menu` `p` ON `a`.`plate_id`=`p`.`id` WHERE  `a`.`admin_id` IS NULL LIMIT 1 [ RunTime:0.002001s ]

---------------------------------------------------------------
[ 2020-04-26T09:26:55+08:00 ] [ sql ] [ DB ] CONNECT:[ UseTime:0.003000s ] mysql:dbname=ylt_tp;host=127.0.0.1;port=3306;charset=utf8
[ sql ] [ SQL ] SHOW COLUMNS FROM `ylt_admin_user` [ RunTime:0.006001s ]
[ sql ] [ SQL ] SELECT `r`.`act_list`,`r`.`role_name`,`r`.`is_three`,`a`.`admin_id` FROM `ylt_admin_user` `a` INNER JOIN `ylt_admin_role` `r` ON `a`.`role_id`=`r`.`role_id` WHERE  `a`.`admin_id` IS NULL LIMIT 1 [ RunTime:0.001000s ]
[ sql ] [ SQL ] SHOW COLUMNS FROM `ylt_order` [ RunTime:0.007000s ]
[ sql ] [ SQL ] SELECT `order_id` FROM `ylt_order` WHERE  (  order_status = 3 and shipping_status = 0 and pay_status = 0 and add_time <1587259615 ) [ RunTime:0.003000s ]
[ sql ] [ SQL ] DELETE FROM `ylt_order`    WHERE  (  order_status = 3 and shipping_status = 0 and pay_status = 0 and add_time <1587259615 ) [ RunTime:0.009001s ]
[ sql ] [ SQL ] SELECT `p`.`name`,`p`.`id`,`a`.`role_id` FROM `ylt_admin_user` `a` INNER JOIN `ylt_plate_menu` `p` ON `a`.`plate_id`=`p`.`id` WHERE  `a`.`admin_id` IS NULL LIMIT 1 [ RunTime:0.001000s ]
[ sql ] [ SQL ] SELECT * FROM `ylt_admin_user` INNER JOIN `ylt_admin_role` `ylt_admin_role` ON `ylt_admin_user`.`role_id`=`ylt_admin_role`.`role_id` WHERE  `user_name` = 'zhuangyoulian'  AND `password` = '688192b0b1c71ebd5bfb0bae525184c3b92cd1a4' LIMIT 1 [ RunTime:0.023001s ]
[ sql ] [ SQL ] UPDATE `ylt_admin_user`  SET `last_login`=1587864415,`last_ip`='127.0.0.1'  WHERE  (  admin_id = 46 ) [ RunTime:0.001001s ]
[ sql ] [ SQL ] SHOW COLUMNS FROM `ylt_admin_log` [ RunTime:0.017001s ]
[ sql ] [ SQL ] INSERT INTO `ylt_admin_log` (`log_time` , `admin_id` , `log_info` , `log_ip` , `log_url`) VALUES (1587864415 , 46 , '后台登录' , '127.0.0.1' , '/index.php/Admin/Admin/login/0.10197220672340768') [ RunTime:0.076004s ]

---------------------------------------------------------------
[ 2020-04-26T09:26:55+08:00 ] [ sql ] [ DB ] CONNECT:[ UseTime:0.011001s ] mysql:dbname=ylt_tp;host=127.0.0.1;port=3306;charset=utf8
[ sql ] [ SQL ] SHOW COLUMNS FROM `ylt_admin_user` [ RunTime:0.007000s ]
[ sql ] [ SQL ] SELECT `r`.`act_list`,`r`.`role_name`,`r`.`is_three`,`a`.`admin_id` FROM `ylt_admin_user` `a` INNER JOIN `ylt_admin_role` `r` ON `a`.`role_id`=`r`.`role_id` WHERE  `a`.`admin_id` = 46 LIMIT 1 [ RunTime:0.001000s ]
[ sql ] [ SQL ] SHOW COLUMNS FROM `ylt_order` [ RunTime:0.008001s ]
[ sql ] [ SQL ] SELECT `order_id` FROM `ylt_order` WHERE  (  order_status = 3 and shipping_status = 0 and pay_status = 0 and add_time <1587259615 ) [ RunTime:0.003000s ]
[ sql ] [ SQL ] DELETE FROM `ylt_order`    WHERE  (  order_status = 3 and shipping_status = 0 and pay_status = 0 and add_time <1587259615 ) [ RunTime:0.009001s ]
[ sql ] [ SQL ] SELECT * FROM `ylt_admin_user` WHERE  `admin_id` = 46 LIMIT 1 [ RunTime:0.000000s ]
[ sql ] [ SQL ] SELECT COUNT(*) AS tp_count FROM `ylt_order` WHERE  (  order_status=0 and pay_status=1 and supplier_id = 0 ) LIMIT 1 [ RunTime:0.001000s ]

---------------------------------------------------------------
[ 2020-04-26T09:26:55+08:00 ] [ sql ] [ DB ] CONNECT:[ UseTime:0.004000s ] mysql:dbname=ylt_tp;host=127.0.0.1;port=3306;charset=utf8
[ sql ] [ SQL ] SHOW COLUMNS FROM `ylt_admin_user` [ RunTime:0.006000s ]
[ sql ] [ SQL ] SELECT `r`.`act_list`,`r`.`role_name`,`r`.`is_three`,`a`.`admin_id` FROM `ylt_admin_user` `a` INNER JOIN `ylt_admin_role` `r` ON `a`.`role_id`=`r`.`role_id` WHERE  `a`.`admin_id` = 46 LIMIT 1 [ RunTime:0.000000s ]
[ sql ] [ SQL ] SHOW COLUMNS FROM `ylt_order` [ RunTime:0.007001s ]
[ sql ] [ SQL ] SELECT `order_id` FROM `ylt_order` WHERE  (  order_status = 3 and shipping_status = 0 and pay_status = 0 and add_time <1587259615 ) [ RunTime:0.003000s ]
[ sql ] [ SQL ] DELETE FROM `ylt_order`    WHERE  (  order_status = 3 and shipping_status = 0 and pay_status = 0 and add_time <1587259615 ) [ RunTime:0.009001s ]

---------------------------------------------------------------
[ 2020-04-26T09:26:56+08:00 ] [ sql ] [ DB ] CONNECT:[ UseTime:0.004000s ] mysql:dbname=ylt_tp;host=127.0.0.1;port=3306;charset=utf8
[ sql ] [ SQL ] SHOW COLUMNS FROM `ylt_admin_user` [ RunTime:0.007000s ]
[ sql ] [ SQL ] SELECT `r`.`act_list`,`r`.`role_name`,`r`.`is_three`,`a`.`admin_id` FROM `ylt_admin_user` `a` INNER JOIN `ylt_admin_role` `r` ON `a`.`role_id`=`r`.`role_id` WHERE  `a`.`admin_id` = 46 LIMIT 1 [ RunTime:0.002000s ]
[ sql ] [ SQL ] SHOW COLUMNS FROM `ylt_order` [ RunTime:0.007001s ]
[ sql ] [ SQL ] SELECT `order_id` FROM `ylt_order` WHERE  (  order_status = 3 and shipping_status = 0 and pay_status = 0 and add_time <1587259615 ) [ RunTime:0.005000s ]
[ sql ] [ SQL ] DELETE FROM `ylt_order`    WHERE  (  order_status = 3 and shipping_status = 0 and pay_status = 0 and add_time <1587259615 ) [ RunTime:0.010001s ]
[ sql ] [ SQL ] SELECT * FROM `ylt_admin_user` WHERE  `admin_id` = 46 LIMIT 1 [ RunTime:0.002000s ]
[ sql ] [ SQL ] SELECT `p`.`name`,`p`.`id` FROM `ylt_admin_user` `a` INNER JOIN `ylt_plate_menu` `p` ON `a`.`plate_id`=`p`.`id` WHERE  `a`.`admin_id` = 46 LIMIT 1 [ RunTime:0.001000s ]
[ sql ] [ SQL ] SHOW COLUMNS FROM `ylt_cart` [ RunTime:0.188011s ]
[ sql ] [ SQL ] DELETE FROM `ylt_cart`    WHERE  (  user_id = 0 and  add_time < 1587860815 ) [ RunTime:0.001000s ]
[ sql ] [ SQL ] SELECT `order_id` FROM `ylt_order` WHERE  (  order_status = 1 and shipping_status = 1 and pay_status = 1 and (1587864416 - shipping_time) >  604800 ) [ RunTime:0.004001s ]
[ sql ] [ SQL ] SELECT `order_id` FROM `ylt_order` WHERE  (  order_status = 2 and shipping_status = 1 and pay_status = 1 and (1587864416 - confirm_time) >  604800 ) [ RunTime:0.005000s ]
[ sql ] [ SQL ] UPDATE `ylt_order`  SET `order_status`=3  WHERE  (  add_time < '1587691616' and order_status = '0' and pay_status = '0' ) [ RunTime:0.011001s ]
[ sql ] [ SQL ] SELECT `order_id` FROM `ylt_order` WHERE  (  add_time < 1587862616 and order_status ='0' and pay_status ='0' and order_prom_id > 0  ) [ RunTime:0.004000s ]
[ sql ] [ SQL ] SHOW COLUMNS FROM `ylt_distribution_id` [ RunTime:0.028002s ]
[ sql ] [ SQL ] SELECT * FROM `ylt_distribution_id` WHERE  `id` = 1 LIMIT 1 [ RunTime:0.002000s ]

---------------------------------------------------------------
[ 2020-04-26T09:26:58+08:00 ] [ sql ] [ DB ] CONNECT:[ UseTime:0.013001s ] mysql:dbname=ylt_tp;host=127.0.0.1;port=3306;charset=utf8
[ sql ] [ SQL ] SHOW COLUMNS FROM `ylt_admin_user` [ RunTime:0.007000s ]
[ sql ] [ SQL ] SELECT `r`.`act_list`,`r`.`role_name`,`r`.`is_three`,`a`.`admin_id` FROM `ylt_admin_user` `a` INNER JOIN `ylt_admin_role` `r` ON `a`.`role_id`=`r`.`role_id` WHERE  `a`.`admin_id` = 46 LIMIT 1 [ RunTime:0.001000s ]
[ sql ] [ SQL ] SHOW COLUMNS FROM `ylt_order` [ RunTime:0.010000s ]
[ sql ] [ SQL ] SELECT `order_id` FROM `ylt_order` WHERE  (  order_status = 3 and shipping_status = 0 and pay_status = 0 and add_time <1587259618 ) [ RunTime:0.004000s ]
[ sql ] [ SQL ] DELETE FROM `ylt_order`    WHERE  (  order_status = 3 and shipping_status = 0 and pay_status = 0 and add_time <1587259618 ) [ RunTime:0.011000s ]
[ sql ] [ SQL ] SELECT * FROM `ylt_admin_user` WHERE  `admin_id` = 46 LIMIT 1 [ RunTime:0.000000s ]
[ sql ] [ SQL ] SELECT `p`.`name`,`p`.`id` FROM `ylt_admin_user` `a` INNER JOIN `ylt_plate_menu` `p` ON `a`.`plate_id`=`p`.`id` WHERE  `a`.`admin_id` = 46 LIMIT 1 [ RunTime:0.001000s ]

---------------------------------------------------------------
[ 2020-04-26T09:26:59+08:00 ] [ sql ] [ DB ] CONNECT:[ UseTime:0.004001s ] mysql:dbname=ylt_tp;host=127.0.0.1;port=3306;charset=utf8
[ sql ] [ SQL ] SHOW COLUMNS FROM `ylt_admin_user` [ RunTime:0.007000s ]
[ sql ] [ SQL ] SELECT `r`.`act_list`,`r`.`role_name`,`r`.`is_three`,`a`.`admin_id` FROM `ylt_admin_user` `a` INNER JOIN `ylt_admin_role` `r` ON `a`.`role_id`=`r`.`role_id` WHERE  `a`.`admin_id` = 46 LIMIT 1 [ RunTime:0.001000s ]
[ sql ] [ SQL ] SHOW COLUMNS FROM `ylt_config` [ RunTime:0.075004s ]
[ sql ] [ SQL ] SELECT * FROM `ylt_config` [ RunTime:0.010000s ]
[ sql ] [ SQL ] SHOW COLUMNS FROM `ylt_order` [ RunTime:0.007001s ]
[ sql ] [ SQL ] SELECT `order_id` FROM `ylt_order` WHERE  (  order_status = 3 and shipping_status = 0 and pay_status = 0 and add_time <1587259619 ) [ RunTime:0.003000s ]
[ sql ] [ SQL ] DELETE FROM `ylt_order`    WHERE  (  order_status = 3 and shipping_status = 0 and pay_status = 0 and add_time <1587259619 ) [ RunTime:0.009000s ]
[ sql ] [ SQL ] SELECT * FROM `ylt_admin_user` WHERE  `admin_id` = 46 LIMIT 1 [ RunTime:0.001000s ]
[ sql ] [ SQL ] SELECT `p`.`name`,`p`.`id` FROM `ylt_admin_user` `a` INNER JOIN `ylt_plate_menu` `p` ON `a`.`plate_id`=`p`.`id` WHERE  `a`.`admin_id` = 46 LIMIT 1 [ RunTime:0.000000s ]
[ sql ] [ SQL ] SELECT * FROM `ylt_config` WHERE  `inc_type` = 'shop_info' [ RunTime:0.000000s ]
[ sql ] [ SQL ] SHOW COLUMNS FROM `ylt_region` [ RunTime:0.109006s ]
[ sql ] [ SQL ] SELECT * FROM `ylt_region` WHERE  `parent_id` = 0 [ RunTime:0.013001s ]
[ sql ] [ SQL ] SELECT * FROM `ylt_region` WHERE  `parent_id` = 28240 [ RunTime:0.002000s ]
[ sql ] [ SQL ] SELECT * FROM `ylt_region` WHERE  `parent_id` = 28558 [ RunTime:0.000000s ]

---------------------------------------------------------------
[ 2020-04-26T09:26:59+08:00 ] [ sql ] [ DB ] CONNECT:[ UseTime:0.005001s ] mysql:dbname=ylt_tp;host=127.0.0.1;port=3306;charset=utf8
[ sql ] [ SQL ] SHOW COLUMNS FROM `ylt_admin_user` [ RunTime:0.007000s ]
[ sql ] [ SQL ] SELECT `r`.`act_list`,`r`.`role_name`,`r`.`is_three`,`a`.`admin_id` FROM `ylt_admin_user` `a` INNER JOIN `ylt_admin_role` `r` ON `a`.`role_id`=`r`.`role_id` WHERE  `a`.`admin_id` = 46 LIMIT 1 [ RunTime:0.001000s ]
[ sql ] [ SQL ] SHOW COLUMNS FROM `ylt_order` [ RunTime:0.010001s ]
[ sql ] [ SQL ] SELECT `order_id` FROM `ylt_order` WHERE  (  order_status = 3 and shipping_status = 0 and pay_status = 0 and add_time <1587259619 ) [ RunTime:0.005000s ]
[ sql ] [ SQL ] DELETE FROM `ylt_order`    WHERE  (  order_status = 3 and shipping_status = 0 and pay_status = 0 and add_time <1587259619 ) [ RunTime:0.009001s ]
[ sql ] [ SQL ] SHOW COLUMNS FROM `ylt_supplier` [ RunTime:0.008000s ]
[ sql ] [ SQL ] SELECT `supplier_id`,`company_name`,`supplier_name`,`address`,`company_type`,`guimo`,`contacts_name`,`contacts_phone`,`email`,`business_sphere`,`add_time`,`status` FROM `ylt_supplier` WHERE  (  status=1 and is_designer = 0 ) ORDER BY supplier_id desc LIMIT 0,20 [ RunTime:0.001000s ]
[ sql ] [ SQL ] SELECT COUNT(*) AS tp_count FROM `ylt_supplier` WHERE  (  status=1 and is_designer = 0 ) LIMIT 1 [ RunTime:0.002000s ]

---------------------------------------------------------------
[ 2020-04-26T09:27:00+08:00 ] [ sql ] [ DB ] CONNECT:[ UseTime:0.004000s ] mysql:dbname=ylt_tp;host=127.0.0.1;port=3306;charset=utf8
[ sql ] [ SQL ] SHOW COLUMNS FROM `ylt_admin_user` [ RunTime:0.007000s ]
[ sql ] [ SQL ] SELECT `r`.`act_list`,`r`.`role_name`,`r`.`is_three`,`a`.`admin_id` FROM `ylt_admin_user` `a` INNER JOIN `ylt_admin_role` `r` ON `a`.`role_id`=`r`.`role_id` WHERE  `a`.`admin_id` = 46 LIMIT 1 [ RunTime:0.000000s ]
[ sql ] [ SQL ] SHOW COLUMNS FROM `ylt_order` [ RunTime:0.007001s ]
[ sql ] [ SQL ] SELECT `order_id` FROM `ylt_order` WHERE  (  order_status = 3 and shipping_status = 0 and pay_status = 0 and add_time <1587259620 ) [ RunTime:0.004000s ]
[ sql ] [ SQL ] DELETE FROM `ylt_order`    WHERE  (  order_status = 3 and shipping_status = 0 and pay_status = 0 and add_time <1587259620 ) [ RunTime:0.009001s ]
[ sql ] [ SQL ] SELECT SUM(order_amount) AS tp_sum FROM `ylt_order` WHERE  (  pay_status=1  and order_status in(0,1,2,4) )  AND `pay_time` BETWEEN 1585152000 AND 1587916799 LIMIT 1 [ RunTime:0.004000s ]
[ sql ] [ SQL ] SHOW COLUMNS FROM `ylt_red_order` [ RunTime:0.014001s ]
[ sql ] [ SQL ] SELECT SUM(order_amount) AS tp_sum FROM `ylt_red_order` WHERE  (  pay_status=1  and order_status in(2,3) )  AND `pay_time` BETWEEN 1585152000 AND 1587916799 LIMIT 1 [ RunTime:0.001000s ]
[ sql ] [ SQL ] SELECT SUM(order_amount) AS tp_sum FROM `ylt_order` WHERE  (  pay_status=1  and order_status in(0,1,2,4) )  AND `pay_time` BETWEEN 1585152000 AND 1587916799  AND `plate` = '礼至礼品' LIMIT 1 [ RunTime:0.004000s ]
[ sql ] [ SQL ] SELECT SUM(order_amount) AS tp_sum FROM `ylt_order` WHERE  (  pay_status=1  and order_status in(0,1,2,4) )  AND `pay_time` BETWEEN 1585152000 AND 1587916799  AND `plate` = '一礼通' LIMIT 1 [ RunTime:0.004000s ]

---------------------------------------------------------------
[ 2020-04-26T09:27:01+08:00 ] [ sql ] [ DB ] CONNECT:[ UseTime:0.004000s ] mysql:dbname=ylt_tp;host=127.0.0.1;port=3306;charset=utf8
[ sql ] [ SQL ] SHOW COLUMNS FROM `ylt_admin_user` [ RunTime:0.008001s ]
[ sql ] [ SQL ] SELECT `r`.`act_list`,`r`.`role_name`,`r`.`is_three`,`a`.`admin_id` FROM `ylt_admin_user` `a` INNER JOIN `ylt_admin_role` `r` ON `a`.`role_id`=`r`.`role_id` WHERE  `a`.`admin_id` = 46 LIMIT 1 [ RunTime:0.002000s ]
[ sql ] [ SQL ] SHOW COLUMNS FROM `ylt_order` [ RunTime:0.009001s ]
[ sql ] [ SQL ] SELECT `order_id` FROM `ylt_order` WHERE  (  order_status = 3 and shipping_status = 0 and pay_status = 0 and add_time <1587259621 ) [ RunTime:0.004000s ]
[ sql ] [ SQL ] DELETE FROM `ylt_order`    WHERE  (  order_status = 3 and shipping_status = 0 and pay_status = 0 and add_time <1587259621 ) [ RunTime:0.009001s ]
[ sql ] [ SQL ] SHOW COLUMNS FROM `ylt_discount_buy` [ RunTime:0.032001s ]
[ sql ] [ SQL ] SELECT COUNT(*) AS tp_count FROM `ylt_discount_buy` WHERE  (  buy_type = 1 || buy_type = 2 ) LIMIT 1 [ RunTime:0.001001s ]
[ sql ] [ SQL ] SELECT * FROM `ylt_discount_buy` WHERE  (  buy_type = 1 || buy_type = 2 ) LIMIT 0,10 [ RunTime:0.001000s ]

---------------------------------------------------------------
